{"/home/runner/work/previso-fe/previso-fe/src/App.jsx": {"path":"/home/runner/work/previso-fe/previso-fe/src/App.jsx","statementMap":{"0":{"start":{"line":30,"column":2},"end":{"line":30,"column":50}},"1":{"start":{"line":31,"column":38},"end":{"line":31,"column":47}},"2":{"start":{"line":33,"column":2},"end":{"line":37,"column":5}},"3":{"start":{"line":39,"column":2},"end":{"line":49,"column":3}},"4":{"start":{"line":40,"column":4},"end":{"line":40,"column":60}},"5":{"start":{"line":41,"column":4},"end":{"line":48,"column":6}},"6":{"start":{"line":51,"column":2},"end":{"line":51,"column":47}},"7":{"start":{"line":53,"column":2},"end":{"line":149,"column":4}}},"fnMap":{"0":{"name":"App","decl":{"start":{"line":29,"column":9},"end":{"line":29,"column":12}},"loc":{"start":{"line":29,"column":15},"end":{"line":150,"column":1}},"line":29}},"branchMap":{"0":{"loc":{"start":{"line":34,"column":10},"end":{"line":34,"column":54}},"type":"cond-expr","locations":[{"start":{"line":34,"column":17},"end":{"line":34,"column":32}},{"start":{"line":34,"column":35},"end":{"line":34,"column":54}}],"line":34},"1":{"loc":{"start":{"line":35,"column":14},"end":{"line":35,"column":40}},"type":"binary-expr","locations":[{"start":{"line":35,"column":14},"end":{"line":35,"column":22}},{"start":{"line":35,"column":26},"end":{"line":35,"column":40}}],"line":35},"2":{"loc":{"start":{"line":39,"column":2},"end":{"line":49,"column":3}},"type":"if","locations":[{"start":{"line":39,"column":2},"end":{"line":49,"column":3}},{"start":{},"end":{}}],"line":39},"3":{"loc":{"start":{"line":58,"column":17},"end":{"line":58,"column":69}},"type":"cond-expr","locations":[{"start":{"line":58,"column":25},"end":{"line":58,"column":38}},{"start":{"line":58,"column":41},"end":{"line":58,"column":69}}],"line":58},"4":{"loc":{"start":{"line":62,"column":17},"end":{"line":62,"column":70}},"type":"cond-expr","locations":[{"start":{"line":62,"column":25},"end":{"line":62,"column":39}},{"start":{"line":62,"column":42},"end":{"line":62,"column":70}}],"line":62},"5":{"loc":{"start":{"line":66,"column":17},"end":{"line":66,"column":79}},"type":"cond-expr","locations":[{"start":{"line":66,"column":25},"end":{"line":66,"column":48}},{"start":{"line":66,"column":51},"end":{"line":66,"column":79}}],"line":66},"6":{"loc":{"start":{"line":79,"column":19},"end":{"line":79,"column":91}},"type":"cond-expr","locations":[{"start":{"line":79,"column":46},"end":{"line":79,"column":68}},{"start":{"line":79,"column":71},"end":{"line":79,"column":91}}],"line":79},"7":{"loc":{"start":{"line":108,"column":14},"end":{"line":110,"column":34}},"type":"cond-expr","locations":[{"start":{"line":109,"column":18},"end":{"line":109,"column":63}},{"start":{"line":110,"column":18},"end":{"line":110,"column":34}}],"line":108},"8":{"loc":{"start":{"line":143,"column":33},"end":{"line":143,"column":63}},"type":"cond-expr","locations":[{"start":{"line":143,"column":40},"end":{"line":143,"column":52}},{"start":{"line":143,"column":55},"end":{"line":143,"column":63}}],"line":143}},"s":{"0":0,"1":0,"2":0,"3":0,"4":0,"5":0,"6":0,"7":0},"f":{"0":0},"b":{"0":[0,0],"1":[0,0],"2":[0,0],"3":[0,0],"4":[0,0],"5":[0,0],"6":[0,0],"7":[0,0],"8":[0,0]}}
,"/home/runner/work/previso-fe/previso-fe/src/api/apiClient.js": {"path":"/home/runner/work/previso-fe/previso-fe/src/api/apiClient.js","statementMap":{"0":{"start":{"line":11,"column":4},"end":{"line":11,"column":19}},"1":{"start":{"line":12,"column":4},"end":{"line":12,"column":27}},"2":{"start":{"line":13,"column":4},"end":{"line":13,"column":25}},"3":{"start":{"line":14,"column":4},"end":{"line":14,"column":27}},"4":{"start":{"line":18,"column":23},"end":{"line":18,"column":28}},"5":{"start":{"line":21,"column":22},"end":{"line":24,"column":2}},"6":{"start":{"line":27,"column":0},"end":{"line":33,"column":3}},"7":{"start":{"line":28,"column":32},"end":{"line":28,"column":64}},"8":{"start":{"line":29,"column":2},"end":{"line":31,"column":3}},"9":{"start":{"line":30,"column":4},"end":{"line":30,"column":68}},"10":{"start":{"line":32,"column":2},"end":{"line":32,"column":16}},"11":{"start":{"line":36,"column":0},"end":{"line":47,"column":2}},"12":{"start":{"line":37,"column":11},"end":{"line":37,"column":14}},"13":{"start":{"line":39,"column":19},"end":{"line":39,"column":40}},"14":{"start":{"line":40,"column":4},"end":{"line":44,"column":5}},"15":{"start":{"line":41,"column":6},"end":{"line":41,"column":30}},"16":{"start":{"line":43,"column":6},"end":{"line":43,"column":38}},"17":{"start":{"line":45,"column":4},"end":{"line":45,"column":31}},"18":{"start":{"line":53,"column":45},"end":{"line":53,"column":52}},"19":{"start":{"line":54,"column":17},"end":{"line":54,"column":18}},"20":{"start":{"line":58,"column":2},"end":{"line":60,"column":3}},"21":{"start":{"line":59,"column":4},"end":{"line":59,"column":42}},"22":{"start":{"line":62,"column":2},"end":{"line":98,"column":3}},"23":{"start":{"line":63,"column":4},"end":{"line":97,"column":5}},"24":{"start":{"line":64,"column":21},"end":{"line":69,"column":7}},"25":{"start":{"line":71,"column":23},"end":{"line":71,"column":50}},"26":{"start":{"line":72,"column":6},"end":{"line":72,"column":27}},"27":{"start":{"line":76,"column":26},"end":{"line":76,"column":106}},"28":{"start":{"line":78,"column":6},"end":{"line":89,"column":7}},"29":{"start":{"line":80,"column":23},"end":{"line":80,"column":50}},"30":{"start":{"line":82,"column":24},"end":{"line":85,"column":39}},"31":{"start":{"line":86,"column":24},"end":{"line":86,"column":52}},"32":{"start":{"line":88,"column":8},"end":{"line":88,"column":53}},"33":{"start":{"line":91,"column":6},"end":{"line":91,"column":17}},"34":{"start":{"line":92,"column":6},"end":{"line":92,"column":84}},"35":{"start":{"line":95,"column":20},"end":{"line":95,"column":52}},"36":{"start":{"line":96,"column":6},"end":{"line":96,"column":63}},"37":{"start":{"line":96,"column":35},"end":{"line":96,"column":61}},"38":{"start":{"line":102,"column":19},"end":{"line":109,"column":1}},"39":{"start":{"line":103,"column":25},"end":{"line":103,"column":68}},"40":{"start":{"line":104,"column":32},"end":{"line":104,"column":76}},"41":{"start":{"line":105,"column":31},"end":{"line":105,"column":74}},"42":{"start":{"line":106,"column":28},"end":{"line":106,"column":74}}},"fnMap":{"0":{"name":"(anonymous_0)","decl":{"start":{"line":10,"column":2},"end":{"line":10,"column":3}},"loc":{"start":{"line":10,"column":47},"end":{"line":15,"column":3}},"line":10},"1":{"name":"(anonymous_1)","decl":{"start":{"line":27,"column":39},"end":{"line":27,"column":40}},"loc":{"start":{"line":27,"column":57},"end":{"line":33,"column":1}},"line":27},"2":{"name":"(anonymous_2)","decl":{"start":{"line":37,"column":2},"end":{"line":37,"column":3}},"loc":{"start":{"line":37,"column":11},"end":{"line":37,"column":14}},"line":37},"3":{"name":"(anonymous_3)","decl":{"start":{"line":38,"column":2},"end":{"line":38,"column":3}},"loc":{"start":{"line":38,"column":11},"end":{"line":46,"column":3}},"line":38},"4":{"name":"requestWithRetry","decl":{"start":{"line":52,"column":15},"end":{"line":52,"column":31}},"loc":{"start":{"line":52,"column":72},"end":{"line":99,"column":1}},"line":52},"5":{"name":"(anonymous_5)","decl":{"start":{"line":96,"column":24},"end":{"line":96,"column":25}},"loc":{"start":{"line":96,"column":35},"end":{"line":96,"column":61}},"line":96},"6":{"name":"(anonymous_6)","decl":{"start":{"line":103,"column":7},"end":{"line":103,"column":8}},"loc":{"start":{"line":103,"column":25},"end":{"line":103,"column":68}},"line":103},"7":{"name":"(anonymous_7)","decl":{"start":{"line":104,"column":8},"end":{"line":104,"column":9}},"loc":{"start":{"line":104,"column":32},"end":{"line":104,"column":76}},"line":104},"8":{"name":"(anonymous_8)","decl":{"start":{"line":105,"column":7},"end":{"line":105,"column":8}},"loc":{"start":{"line":105,"column":31},"end":{"line":105,"column":74}},"line":105},"9":{"name":"(anonymous_9)","decl":{"start":{"line":106,"column":10},"end":{"line":106,"column":11}},"loc":{"start":{"line":106,"column":28},"end":{"line":106,"column":74}},"line":106}},"branchMap":{"0":{"loc":{"start":{"line":10,"column":31},"end":{"line":10,"column":45}},"type":"default-arg","locations":[{"start":{"line":10,"column":41},"end":{"line":10,"column":45}}],"line":10},"1":{"loc":{"start":{"line":29,"column":2},"end":{"line":31,"column":3}},"type":"if","locations":[{"start":{"line":29,"column":2},"end":{"line":31,"column":3}},{"start":{},"end":{}}],"line":29},"2":{"loc":{"start":{"line":40,"column":4},"end":{"line":44,"column":5}},"type":"if","locations":[{"start":{"line":40,"column":4},"end":{"line":44,"column":5}},{"start":{},"end":{}}],"line":40},"3":{"loc":{"start":{"line":40,"column":8},"end":{"line":40,"column":43}},"type":"binary-expr","locations":[{"start":{"line":40,"column":8},"end":{"line":40,"column":22}},{"start":{"line":40,"column":26},"end":{"line":40,"column":43}}],"line":40},"4":{"loc":{"start":{"line":52,"column":45},"end":{"line":52,"column":56}},"type":"default-arg","locations":[{"start":{"line":52,"column":52},"end":{"line":52,"column":56}}],"line":52},"5":{"loc":{"start":{"line":52,"column":58},"end":{"line":52,"column":70}},"type":"default-arg","locations":[{"start":{"line":52,"column":68},"end":{"line":52,"column":70}}],"line":52},"6":{"loc":{"start":{"line":53,"column":10},"end":{"line":53,"column":24}},"type":"default-arg","locations":[{"start":{"line":53,"column":23},"end":{"line":53,"column":24}}],"line":53},"7":{"loc":{"start":{"line":58,"column":2},"end":{"line":60,"column":3}},"type":"if","locations":[{"start":{"line":58,"column":2},"end":{"line":60,"column":3}},{"start":{},"end":{}}],"line":58},"8":{"loc":{"start":{"line":76,"column":26},"end":{"line":76,"column":106}},"type":"binary-expr","locations":[{"start":{"line":76,"column":26},"end":{"line":76,"column":41}},{"start":{"line":76,"column":46},"end":{"line":76,"column":74}},{"start":{"line":76,"column":78},"end":{"line":76,"column":105}}],"line":76},"9":{"loc":{"start":{"line":78,"column":6},"end":{"line":89,"column":7}},"type":"if","locations":[{"start":{"line":78,"column":6},"end":{"line":89,"column":7}},{"start":{},"end":{}}],"line":78},"10":{"loc":{"start":{"line":78,"column":10},"end":{"line":78,"column":48}},"type":"binary-expr","locations":[{"start":{"line":78,"column":10},"end":{"line":78,"column":32}},{"start":{"line":78,"column":36},"end":{"line":78,"column":48}}],"line":78},"11":{"loc":{"start":{"line":80,"column":23},"end":{"line":80,"column":50}},"type":"binary-expr","locations":[{"start":{"line":80,"column":23},"end":{"line":80,"column":45}},{"start":{"line":80,"column":49},"end":{"line":80,"column":50}}],"line":80},"12":{"loc":{"start":{"line":82,"column":24},"end":{"line":85,"column":39}},"type":"binary-expr","locations":[{"start":{"line":82,"column":24},"end":{"line":82,"column":52}},{"start":{"line":83,"column":24},"end":{"line":83,"column":53}},{"start":{"line":84,"column":24},"end":{"line":84,"column":37}},{"start":{"line":85,"column":24},"end":{"line":85,"column":39}}],"line":82},"13":{"loc":{"start":{"line":86,"column":24},"end":{"line":86,"column":52}},"type":"binary-expr","locations":[{"start":{"line":86,"column":24},"end":{"line":86,"column":44}},{"start":{"line":86,"column":48},"end":{"line":86,"column":52}}],"line":86}},"s":{"0":4,"1":4,"2":4,"3":4,"4":3,"5":3,"6":3,"7":0,"8":0,"9":0,"10":0,"11":3,"12":0,"13":0,"14":0,"15":0,"16":0,"17":0,"18":6,"19":6,"20":6,"21":0,"22":6,"23":9,"24":9,"25":9,"26":2,"27":7,"28":7,"29":4,"30":4,"31":4,"32":4,"33":3,"34":3,"35":3,"36":3,"37":3,"38":3,"39":6,"40":0,"41":0,"42":0},"f":{"0":4,"1":0,"2":0,"3":0,"4":6,"5":3,"6":6,"7":0,"8":0,"9":0},"b":{"0":[0],"1":[0,0],"2":[0,0],"3":[0,0],"4":[0],"5":[3],"6":[3],"7":[0,6],"8":[7,6,4],"9":[4,3],"10":[7,4],"11":[4,1],"12":[4,1,1,0],"13":[4,1]},"_coverageSchema":"1a1c01bbd47fc00a2c39e90264f33305004495a9","hash":"50195d3b7791187184a5a6f46fb0898562f8e6b7"}
,"/home/runner/work/previso-fe/previso-fe/src/api/supabaseClient.js": {"path":"/home/runner/work/previso-fe/previso-fe/src/api/supabaseClient.js","statementMap":{"0":{"start":{"line":5,"column":21},"end":{"line":5,"column":54}},"1":{"start":{"line":6,"column":26},"end":{"line":6,"column":64}},"2":{"start":{"line":8,"column":0},"end":{"line":8,"column":63}},"3":{"start":{"line":9,"column":0},"end":{"line":9,"column":93}},"4":{"start":{"line":10,"column":0},"end":{"line":10,"column":103}},"5":{"start":{"line":12,"column":0},"end":{"line":37,"column":1}},"6":{"start":{"line":13,"column":19},"end":{"line":31,"column":3}},"7":{"start":{"line":33,"column":2},"end":{"line":33,"column":26}},"8":{"start":{"line":36,"column":2},"end":{"line":36,"column":134}},"9":{"start":{"line":42,"column":0},"end":{"line":48,"column":1}},"10":{"start":{"line":43,"column":2},"end":{"line":43,"column":84}},"11":{"start":{"line":44,"column":2},"end":{"line":44,"column":70}},"12":{"start":{"line":45,"column":7},"end":{"line":48,"column":1}},"13":{"start":{"line":46,"column":2},"end":{"line":46,"column":115}},"14":{"start":{"line":47,"column":2},"end":{"line":47,"column":112}},"15":{"start":{"line":52,"column":28},"end":{"line":52,"column":31}},"16":{"start":{"line":54,"column":0},"end":{"line":58,"column":1}},"17":{"start":{"line":55,"column":2},"end":{"line":55,"column":112}},"18":{"start":{"line":56,"column":2},"end":{"line":56,"column":107}},"19":{"start":{"line":57,"column":2},"end":{"line":57,"column":103}},"20":{"start":{"line":63,"column":0},"end":{"line":68,"column":1}},"21":{"start":{"line":64,"column":2},"end":{"line":64,"column":96}},"22":{"start":{"line":65,"column":2},"end":{"line":65,"column":71}},"23":{"start":{"line":66,"column":2},"end":{"line":66,"column":74}},"24":{"start":{"line":67,"column":2},"end":{"line":67,"column":106}},"25":{"start":{"line":71,"column":24},"end":{"line":71,"column":69}},"26":{"start":{"line":73,"column":0},"end":{"line":73,"column":60}},"27":{"start":{"line":74,"column":0},"end":{"line":74,"column":45}},"28":{"start":{"line":75,"column":0},"end":{"line":75,"column":72}}},"fnMap":{},"branchMap":{"0":{"loc":{"start":{"line":9,"column":45},"end":{"line":9,"column":91}},"type":"cond-expr","locations":[{"start":{"line":9,"column":60},"end":{"line":9,"column":72}},{"start":{"line":9,"column":75},"end":{"line":9,"column":91}}],"line":9},"1":{"loc":{"start":{"line":10,"column":50},"end":{"line":10,"column":101}},"type":"cond-expr","locations":[{"start":{"line":10,"column":70},"end":{"line":10,"column":82}},{"start":{"line":10,"column":85},"end":{"line":10,"column":101}}],"line":10},"2":{"loc":{"start":{"line":12,"column":0},"end":{"line":37,"column":1}},"type":"if","locations":[{"start":{"line":12,"column":0},"end":{"line":37,"column":1}},{"start":{},"end":{}}],"line":12},"3":{"loc":{"start":{"line":12,"column":4},"end":{"line":12,"column":39}},"type":"binary-expr","locations":[{"start":{"line":12,"column":4},"end":{"line":12,"column":17}},{"start":{"line":12,"column":21},"end":{"line":12,"column":39}}],"line":12},"4":{"loc":{"start":{"line":16,"column":25},"end":{"line":16,"column":55}},"type":"binary-expr","locations":[{"start":{"line":16,"column":25},"end":{"line":16,"column":37}},{"start":{"line":16,"column":41},"end":{"line":16,"column":55}}],"line":16},"5":{"loc":{"start":{"line":17,"column":30},"end":{"line":17,"column":65}},"type":"binary-expr","locations":[{"start":{"line":17,"column":30},"end":{"line":17,"column":47}},{"start":{"line":17,"column":51},"end":{"line":17,"column":65}}],"line":17},"6":{"loc":{"start":{"line":42,"column":0},"end":{"line":48,"column":1}},"type":"if","locations":[{"start":{"line":42,"column":0},"end":{"line":48,"column":1}},{"start":{"line":45,"column":7},"end":{"line":48,"column":1}}],"line":42},"7":{"loc":{"start":{"line":45,"column":7},"end":{"line":48,"column":1}},"type":"if","locations":[{"start":{"line":45,"column":7},"end":{"line":48,"column":1}},{"start":{},"end":{}}],"line":45},"8":{"loc":{"start":{"line":54,"column":0},"end":{"line":58,"column":1}},"type":"if","locations":[{"start":{"line":54,"column":0},"end":{"line":58,"column":1}},{"start":{},"end":{}}],"line":54},"9":{"loc":{"start":{"line":63,"column":0},"end":{"line":68,"column":1}},"type":"if","locations":[{"start":{"line":63,"column":0},"end":{"line":68,"column":1}},{"start":{},"end":{}}],"line":63},"10":{"loc":{"start":{"line":63,"column":4},"end":{"line":63,"column":81}},"type":"binary-expr","locations":[{"start":{"line":63,"column":4},"end":{"line":63,"column":41}},{"start":{"line":63,"column":45},"end":{"line":63,"column":81}}],"line":63}},"s":{"0":0,"1":0,"2":0,"3":0,"4":0,"5":0,"6":0,"7":0,"8":0,"9":0,"10":0,"11":0,"12":0,"13":0,"14":0,"15":0,"16":0,"17":0,"18":0,"19":0,"20":0,"21":0,"22":0,"23":0,"24":0,"25":0,"26":0,"27":0,"28":0},"f":{},"b":{"0":[0,0],"1":[0,0],"2":[0,0],"3":[0,0],"4":[0,0],"5":[0,0],"6":[0,0],"7":[0,0],"8":[0,0],"9":[0,0],"10":[0,0]}}
,"/home/runner/work/previso-fe/previso-fe/src/components/AccessDenied.jsx": {"path":"/home/runner/work/previso-fe/previso-fe/src/components/AccessDenied.jsx","statementMap":{"0":{"start":{"line":8,"column":21},"end":{"line":54,"column":1}},"1":{"start":{"line":9,"column":19},"end":{"line":9,"column":32}},"2":{"start":{"line":12,"column":4},"end":{"line":13,"column":80}},"3":{"start":{"line":15,"column":2},"end":{"line":53,"column":4}},"4":{"start":{"line":35,"column":29},"end":{"line":35,"column":41}},"5":{"start":{"line":44,"column":27},"end":{"line":44,"column":49}}},"fnMap":{"0":{"name":"(anonymous_0)","decl":{"start":{"line":8,"column":21},"end":{"line":8,"column":22}},"loc":{"start":{"line":8,"column":61},"end":{"line":54,"column":1}},"line":8},"1":{"name":"(anonymous_1)","decl":{"start":{"line":35,"column":23},"end":{"line":35,"column":24}},"loc":{"start":{"line":35,"column":29},"end":{"line":35,"column":41}},"line":35},"2":{"name":"(anonymous_2)","decl":{"start":{"line":44,"column":21},"end":{"line":44,"column":22}},"loc":{"start":{"line":44,"column":27},"end":{"line":44,"column":49}},"line":44}},"branchMap":{"0":{"loc":{"start":{"line":8,"column":33},"end":{"line":8,"column":54}},"type":"default-arg","locations":[{"start":{"line":8,"column":50},"end":{"line":8,"column":54}}],"line":8},"1":{"loc":{"start":{"line":29,"column":11},"end":{"line":29,"column":36}},"type":"binary-expr","locations":[{"start":{"line":29,"column":11},"end":{"line":29,"column":18}},{"start":{"line":29,"column":22},"end":{"line":29,"column":36}}],"line":29},"2":{"loc":{"start":{"line":33,"column":11},"end":{"line":41,"column":11}},"type":"binary-expr","locations":[{"start":{"line":33,"column":11},"end":{"line":33,"column":25}},{"start":{"line":34,"column":12},"end":{"line":40,"column":21}}],"line":33}},"s":{"0":1,"1":8,"2":8,"3":8,"4":1,"5":1},"f":{"0":8,"1":1,"2":1},"b":{"0":[7],"1":[8,7],"2":[8,7]},"_coverageSchema":"1a1c01bbd47fc00a2c39e90264f33305004495a9","hash":"eac49661f0f5175c0242aaa05509f4428974d2ed"}
,"/home/runner/work/previso-fe/previso-fe/src/components/AdminRoute.jsx": {"path":"/home/runner/work/previso-fe/previso-fe/src/components/AdminRoute.jsx","statementMap":{"0":{"start":{"line":7,"column":19},"end":{"line":35,"column":1}},"1":{"start":{"line":8,"column":19},"end":{"line":8,"column":32}},"2":{"start":{"line":9,"column":47},"end":{"line":9,"column":56}},"3":{"start":{"line":12,"column":2},"end":{"line":14,"column":3}},"4":{"start":{"line":13,"column":4},"end":{"line":13,"column":41}},"5":{"start":{"line":17,"column":2},"end":{"line":19,"column":3}},"6":{"start":{"line":18,"column":4},"end":{"line":18,"column":71}},"7":{"start":{"line":23,"column":2},"end":{"line":25,"column":3}},"8":{"start":{"line":24,"column":4},"end":{"line":24,"column":41}},"9":{"start":{"line":29,"column":2},"end":{"line":31,"column":3}},"10":{"start":{"line":30,"column":4},"end":{"line":30,"column":96}},"11":{"start":{"line":34,"column":2},"end":{"line":34,"column":18}}},"fnMap":{"0":{"name":"(anonymous_0)","decl":{"start":{"line":7,"column":19},"end":{"line":7,"column":20}},"loc":{"start":{"line":7,"column":37},"end":{"line":35,"column":1}},"line":7}},"branchMap":{"0":{"loc":{"start":{"line":12,"column":2},"end":{"line":14,"column":3}},"type":"if","locations":[{"start":{"line":12,"column":2},"end":{"line":14,"column":3}},{"start":{},"end":{}}],"line":12},"1":{"loc":{"start":{"line":17,"column":2},"end":{"line":19,"column":3}},"type":"if","locations":[{"start":{"line":17,"column":2},"end":{"line":19,"column":3}},{"start":{},"end":{}}],"line":17},"2":{"loc":{"start":{"line":23,"column":2},"end":{"line":25,"column":3}},"type":"if","locations":[{"start":{"line":23,"column":2},"end":{"line":25,"column":3}},{"start":{},"end":{}}],"line":23},"3":{"loc":{"start":{"line":29,"column":2},"end":{"line":31,"column":3}},"type":"if","locations":[{"start":{"line":29,"column":2},"end":{"line":31,"column":3}},{"start":{},"end":{}}],"line":29}},"s":{"0":1,"1":6,"2":6,"3":6,"4":1,"5":5,"6":1,"7":4,"8":1,"9":3,"10":2,"11":1},"f":{"0":6},"b":{"0":[1,5],"1":[1,4],"2":[1,3],"3":[2,1]},"_coverageSchema":"1a1c01bbd47fc00a2c39e90264f33305004495a9","hash":"d627827ad8d60baa041f4953aec37514081170f2"}
,"/home/runner/work/previso-fe/previso-fe/src/components/DailyPredictionCard.jsx": {"path":"/home/runner/work/previso-fe/previso-fe/src/components/DailyPredictionCard.jsx","statementMap":{"0":{"start":{"line":5,"column":23},"end":{"line":12,"column":1}},"1":{"start":{"line":6,"column":2},"end":{"line":11,"column":8}},"2":{"start":{"line":14,"column":22},"end":{"line":28,"column":1}},"3":{"start":{"line":15,"column":2},"end":{"line":27,"column":8}},"4":{"start":{"line":30,"column":21},"end":{"line":40,"column":1}},"5":{"start":{"line":31,"column":2},"end":{"line":39,"column":8}},"6":{"start":{"line":46,"column":28},"end":{"line":85,"column":1}},"7":{"start":{"line":48,"column":19},"end":{"line":53,"column":10}},"8":{"start":{"line":55,"column":39},"end":{"line":55,"column":75}},"9":{"start":{"line":58,"column":2},"end":{"line":58,"column":53}},"10":{"start":{"line":58,"column":27},"end":{"line":58,"column":53}},"11":{"start":{"line":59,"column":2},"end":{"line":59,"column":52}},"12":{"start":{"line":59,"column":27},"end":{"line":59,"column":52}},"13":{"start":{"line":60,"column":2},"end":{"line":60,"column":63}},"14":{"start":{"line":60,"column":25},"end":{"line":60,"column":63}},"15":{"start":{"line":61,"column":2},"end":{"line":61,"column":44}},"16":{"start":{"line":61,"column":19},"end":{"line":61,"column":44}},"17":{"start":{"line":63,"column":51},"end":{"line":63,"column":61}},"18":{"start":{"line":64,"column":26},"end":{"line":64,"column":87}},"19":{"start":{"line":65,"column":20},"end":{"line":65,"column":73}},"20":{"start":{"line":67,"column":2},"end":{"line":84,"column":4}}},"fnMap":{"0":{"name":"(anonymous_0)","decl":{"start":{"line":5,"column":23},"end":{"line":5,"column":24}},"loc":{"start":{"line":6,"column":2},"end":{"line":11,"column":8}},"line":6},"1":{"name":"(anonymous_1)","decl":{"start":{"line":14,"column":22},"end":{"line":14,"column":23}},"loc":{"start":{"line":15,"column":2},"end":{"line":27,"column":8}},"line":15},"2":{"name":"(anonymous_2)","decl":{"start":{"line":30,"column":21},"end":{"line":30,"column":22}},"loc":{"start":{"line":31,"column":2},"end":{"line":39,"column":8}},"line":31},"3":{"name":"(anonymous_3)","decl":{"start":{"line":46,"column":28},"end":{"line":46,"column":29}},"loc":{"start":{"line":46,"column":59},"end":{"line":85,"column":1}},"line":46}},"branchMap":{"0":{"loc":{"start":{"line":36,"column":37},"end":{"line":36,"column":94}},"type":"binary-expr","locations":[{"start":{"line":36,"column":37},"end":{"line":36,"column":55}},{"start":{"line":36,"column":59},"end":{"line":36,"column":94}}],"line":36},"1":{"loc":{"start":{"line":48,"column":19},"end":{"line":53,"column":10}},"type":"cond-expr","locations":[{"start":{"line":48,"column":35},"end":{"line":53,"column":3}},{"start":{"line":53,"column":6},"end":{"line":53,"column":10}}],"line":48},"2":{"loc":{"start":{"line":49,"column":17},"end":{"line":49,"column":58}},"type":"binary-expr","locations":[{"start":{"line":49,"column":17},"end":{"line":49,"column":53}},{"start":{"line":49,"column":57},"end":{"line":49,"column":58}}],"line":49},"3":{"loc":{"start":{"line":50,"column":19},"end":{"line":50,"column":62}},"type":"binary-expr","locations":[{"start":{"line":50,"column":19},"end":{"line":50,"column":57}},{"start":{"line":50,"column":61},"end":{"line":50,"column":62}}],"line":50},"4":{"loc":{"start":{"line":51,"column":16},"end":{"line":51,"column":56}},"type":"binary-expr","locations":[{"start":{"line":51,"column":16},"end":{"line":51,"column":51}},{"start":{"line":51,"column":55},"end":{"line":51,"column":56}}],"line":51},"5":{"loc":{"start":{"line":52,"column":16},"end":{"line":52,"column":57}},"type":"binary-expr","locations":[{"start":{"line":52,"column":16},"end":{"line":52,"column":52}},{"start":{"line":52,"column":56},"end":{"line":52,"column":57}}],"line":52},"6":{"loc":{"start":{"line":58,"column":2},"end":{"line":58,"column":53}},"type":"if","locations":[{"start":{"line":58,"column":2},"end":{"line":58,"column":53}},{"start":{},"end":{}}],"line":58},"7":{"loc":{"start":{"line":59,"column":2},"end":{"line":59,"column":52}},"type":"if","locations":[{"start":{"line":59,"column":2},"end":{"line":59,"column":52}},{"start":{},"end":{}}],"line":59},"8":{"loc":{"start":{"line":60,"column":2},"end":{"line":60,"column":63}},"type":"if","locations":[{"start":{"line":60,"column":2},"end":{"line":60,"column":63}},{"start":{},"end":{}}],"line":60},"9":{"loc":{"start":{"line":61,"column":2},"end":{"line":61,"column":44}},"type":"if","locations":[{"start":{"line":61,"column":2},"end":{"line":61,"column":44}},{"start":{},"end":{}}],"line":61},"10":{"loc":{"start":{"line":64,"column":38},"end":{"line":64,"column":79}},"type":"binary-expr","locations":[{"start":{"line":64,"column":38},"end":{"line":64,"column":74}},{"start":{"line":64,"column":78},"end":{"line":64,"column":79}}],"line":64},"11":{"loc":{"start":{"line":65,"column":20},"end":{"line":65,"column":73}},"type":"cond-expr","locations":[{"start":{"line":65,"column":58},"end":{"line":65,"column":65}},{"start":{"line":65,"column":68},"end":{"line":65,"column":73}}],"line":65}},"s":{"0":0,"1":0,"2":0,"3":0,"4":0,"5":0,"6":0,"7":0,"8":0,"9":0,"10":0,"11":0,"12":0,"13":0,"14":0,"15":0,"16":0,"17":0,"18":0,"19":0,"20":0},"f":{"0":0,"1":0,"2":0,"3":0},"b":{"0":[0,0],"1":[0,0],"2":[0,0],"3":[0,0],"4":[0,0],"5":[0,0],"6":[0,0],"7":[0,0],"8":[0,0],"9":[0,0],"10":[0,0],"11":[0,0]}}
,"/home/runner/work/previso-fe/previso-fe/src/components/DataGenerator.jsx": {"path":"/home/runner/work/previso-fe/previso-fe/src/components/DataGenerator.jsx","statementMap":{"0":{"start":{"line":12,"column":22},"end":{"line":369,"column":1}},"1":{"start":{"line":13,"column":23},"end":{"line":13,"column":32}},"2":{"start":{"line":14,"column":74},"end":{"line":25,"column":4}},"3":{"start":{"line":27,"column":32},"end":{"line":27,"column":47}},"4":{"start":{"line":28,"column":28},"end":{"line":28,"column":42}},"5":{"start":{"line":29,"column":34},"end":{"line":29,"column":48}},"6":{"start":{"line":30,"column":28},"end":{"line":30,"column":42}},"7":{"start":{"line":33,"column":19},"end":{"line":33,"column":36}},"8":{"start":{"line":36,"column":2},"end":{"line":38,"column":3}},"9":{"start":{"line":37,"column":4},"end":{"line":37,"column":16}},"10":{"start":{"line":40,"column":21},"end":{"line":128,"column":3}},"11":{"start":{"line":41,"column":4},"end":{"line":41,"column":21}},"12":{"start":{"line":42,"column":4},"end":{"line":42,"column":19}},"13":{"start":{"line":43,"column":4},"end":{"line":43,"column":22}},"14":{"start":{"line":44,"column":4},"end":{"line":44,"column":19}},"15":{"start":{"line":45,"column":22},"end":{"line":45,"column":39}},"16":{"start":{"line":47,"column":4},"end":{"line":127,"column":5}},"17":{"start":{"line":52,"column":33},"end":{"line":54,"column":11}},"18":{"start":{"line":55,"column":35},"end":{"line":57,"column":11}},"19":{"start":{"line":58,"column":35},"end":{"line":60,"column":12}},"20":{"start":{"line":62,"column":22},"end":{"line":71,"column":7}},"21":{"start":{"line":74,"column":6},"end":{"line":74,"column":47}},"22":{"start":{"line":76,"column":6},"end":{"line":78,"column":7}},"23":{"start":{"line":77,"column":8},"end":{"line":77,"column":80}},"24":{"start":{"line":80,"column":21},"end":{"line":80,"column":72}},"25":{"start":{"line":83,"column":6},"end":{"line":91,"column":7}},"26":{"start":{"line":84,"column":8},"end":{"line":84,"column":74}},"27":{"start":{"line":85,"column":8},"end":{"line":90,"column":10}},"28":{"start":{"line":93,"column":6},"end":{"line":93,"column":26}},"29":{"start":{"line":96,"column":23},"end":{"line":96,"column":52}},"30":{"start":{"line":97,"column":6},"end":{"line":100,"column":7}},"31":{"start":{"line":98,"column":8},"end":{"line":98,"column":78}},"32":{"start":{"line":99,"column":8},"end":{"line":99,"column":72}},"33":{"start":{"line":103,"column":6},"end":{"line":103,"column":14}},"34":{"start":{"line":105,"column":30},"end":{"line":105,"column":51}},"35":{"start":{"line":106,"column":6},"end":{"line":106,"column":49}},"36":{"start":{"line":108,"column":25},"end":{"line":108,"column":52}},"37":{"start":{"line":109,"column":22},"end":{"line":109,"column":27}},"38":{"start":{"line":112,"column":6},"end":{"line":114,"column":7}},"39":{"start":{"line":113,"column":8},"end":{"line":113,"column":25}},"40":{"start":{"line":116,"column":6},"end":{"line":116,"column":29}},"41":{"start":{"line":119,"column":6},"end":{"line":124,"column":7}},"42":{"start":{"line":120,"column":8},"end":{"line":123,"column":11}},"43":{"start":{"line":126,"column":6},"end":{"line":126,"column":24}},"44":{"start":{"line":130,"column":2},"end":{"line":368,"column":4}},"45":{"start":{"line":364,"column":25},"end":{"line":364,"column":39}}},"fnMap":{"0":{"name":"(anonymous_0)","decl":{"start":{"line":12,"column":22},"end":{"line":12,"column":23}},"loc":{"start":{"line":12,"column":28},"end":{"line":369,"column":1}},"line":12},"1":{"name":"(anonymous_1)","decl":{"start":{"line":40,"column":21},"end":{"line":40,"column":22}},"loc":{"start":{"line":40,"column":37},"end":{"line":128,"column":3}},"line":40},"2":{"name":"(anonymous_2)","decl":{"start":{"line":364,"column":19},"end":{"line":364,"column":20}},"loc":{"start":{"line":364,"column":25},"end":{"line":364,"column":39}},"line":364}},"branchMap":{"0":{"loc":{"start":{"line":36,"column":2},"end":{"line":38,"column":3}},"type":"if","locations":[{"start":{"line":36,"column":2},"end":{"line":38,"column":3}},{"start":{},"end":{}}],"line":36},"1":{"loc":{"start":{"line":52,"column":33},"end":{"line":54,"column":11}},"type":"cond-expr","locations":[{"start":{"line":53,"column":10},"end":{"line":53,"column":37}},{"start":{"line":54,"column":10},"end":{"line":54,"column":11}}],"line":52},"2":{"loc":{"start":{"line":52,"column":33},"end":{"line":52,"column":96}},"type":"binary-expr","locations":[{"start":{"line":52,"column":33},"end":{"line":52,"column":66}},{"start":{"line":52,"column":70},"end":{"line":52,"column":96}}],"line":52},"3":{"loc":{"start":{"line":55,"column":35},"end":{"line":57,"column":11}},"type":"cond-expr","locations":[{"start":{"line":56,"column":10},"end":{"line":56,"column":39}},{"start":{"line":57,"column":10},"end":{"line":57,"column":11}}],"line":55},"4":{"loc":{"start":{"line":55,"column":35},"end":{"line":55,"column":102}},"type":"binary-expr","locations":[{"start":{"line":55,"column":35},"end":{"line":55,"column":70}},{"start":{"line":55,"column":74},"end":{"line":55,"column":102}}],"line":55},"5":{"loc":{"start":{"line":58,"column":35},"end":{"line":60,"column":12}},"type":"cond-expr","locations":[{"start":{"line":59,"column":10},"end":{"line":59,"column":40}},{"start":{"line":60,"column":10},"end":{"line":60,"column":12}}],"line":58},"6":{"loc":{"start":{"line":58,"column":35},"end":{"line":58,"column":104}},"type":"binary-expr","locations":[{"start":{"line":58,"column":35},"end":{"line":58,"column":71}},{"start":{"line":58,"column":75},"end":{"line":58,"column":104}}],"line":58},"7":{"loc":{"start":{"line":76,"column":6},"end":{"line":78,"column":7}},"type":"if","locations":[{"start":{"line":76,"column":6},"end":{"line":78,"column":7}},{"start":{},"end":{}}],"line":76},"8":{"loc":{"start":{"line":83,"column":6},"end":{"line":91,"column":7}},"type":"if","locations":[{"start":{"line":83,"column":6},"end":{"line":91,"column":7}},{"start":{},"end":{}}],"line":83},"9":{"loc":{"start":{"line":97,"column":6},"end":{"line":100,"column":7}},"type":"if","locations":[{"start":{"line":97,"column":6},"end":{"line":100,"column":7}},{"start":{},"end":{}}],"line":97},"10":{"loc":{"start":{"line":112,"column":6},"end":{"line":114,"column":7}},"type":"if","locations":[{"start":{"line":112,"column":6},"end":{"line":114,"column":7}},{"start":{},"end":{}}],"line":112},"11":{"loc":{"start":{"line":112,"column":10},"end":{"line":112,"column":86}},"type":"binary-expr","locations":[{"start":{"line":112,"column":10},"end":{"line":112,"column":43}},{"start":{"line":112,"column":47},"end":{"line":112,"column":86}}],"line":112},"12":{"loc":{"start":{"line":119,"column":6},"end":{"line":124,"column":7}},"type":"if","locations":[{"start":{"line":119,"column":6},"end":{"line":124,"column":7}},{"start":{},"end":{}}],"line":119},"13":{"loc":{"start":{"line":166,"column":11},"end":{"line":168,"column":11}},"type":"binary-expr","locations":[{"start":{"line":166,"column":11},"end":{"line":166,"column":26}},{"start":{"line":167,"column":12},"end":{"line":167,"column":82}}],"line":166},"14":{"loc":{"start":{"line":175,"column":9},"end":{"line":197,"column":9}},"type":"binary-expr","locations":[{"start":{"line":175,"column":10},"end":{"line":175,"column":32}},{"start":{"line":175,"column":36},"end":{"line":175,"column":55}},{"start":{"line":176,"column":10},"end":{"line":196,"column":16}}],"line":175},"15":{"loc":{"start":{"line":190,"column":13},"end":{"line":192,"column":13}},"type":"binary-expr","locations":[{"start":{"line":190,"column":13},"end":{"line":190,"column":34}},{"start":{"line":191,"column":14},"end":{"line":191,"column":90}}],"line":190},"16":{"loc":{"start":{"line":200,"column":9},"end":{"line":222,"column":9}},"type":"binary-expr","locations":[{"start":{"line":200,"column":10},"end":{"line":200,"column":34}},{"start":{"line":200,"column":38},"end":{"line":200,"column":57}},{"start":{"line":201,"column":10},"end":{"line":221,"column":16}}],"line":200},"17":{"loc":{"start":{"line":215,"column":13},"end":{"line":217,"column":13}},"type":"binary-expr","locations":[{"start":{"line":215,"column":13},"end":{"line":215,"column":36}},{"start":{"line":216,"column":14},"end":{"line":216,"column":92}}],"line":215},"18":{"loc":{"start":{"line":239,"column":11},"end":{"line":241,"column":11}},"type":"binary-expr","locations":[{"start":{"line":239,"column":11},"end":{"line":239,"column":35}},{"start":{"line":240,"column":12},"end":{"line":240,"column":91}}],"line":239},"19":{"loc":{"start":{"line":261,"column":11},"end":{"line":263,"column":11}},"type":"binary-expr","locations":[{"start":{"line":261,"column":11},"end":{"line":261,"column":30}},{"start":{"line":262,"column":12},"end":{"line":262,"column":86}}],"line":261},"20":{"loc":{"start":{"line":309,"column":9},"end":{"line":314,"column":9}},"type":"binary-expr","locations":[{"start":{"line":309,"column":9},"end":{"line":309,"column":14}},{"start":{"line":310,"column":10},"end":{"line":313,"column":16}}],"line":309},"21":{"loc":{"start":{"line":317,"column":9},"end":{"line":336,"column":9}},"type":"binary-expr","locations":[{"start":{"line":317,"column":9},"end":{"line":317,"column":17}},{"start":{"line":318,"column":10},"end":{"line":335,"column":16}}],"line":317},"22":{"loc":{"start":{"line":321,"column":35},"end":{"line":321,"column":83}},"type":"binary-expr","locations":[{"start":{"line":321,"column":35},"end":{"line":321,"column":51}},{"start":{"line":321,"column":55},"end":{"line":321,"column":83}}],"line":321},"23":{"loc":{"start":{"line":322,"column":15},"end":{"line":333,"column":15}},"type":"binary-expr","locations":[{"start":{"line":322,"column":15},"end":{"line":322,"column":34}},{"start":{"line":323,"column":16},"end":{"line":332,"column":21}}],"line":322},"24":{"loc":{"start":{"line":324,"column":42},"end":{"line":324,"column":83}},"type":"binary-expr","locations":[{"start":{"line":324,"column":42},"end":{"line":324,"column":78}},{"start":{"line":324,"column":82},"end":{"line":324,"column":83}}],"line":324},"25":{"loc":{"start":{"line":325,"column":43},"end":{"line":325,"column":86}},"type":"binary-expr","locations":[{"start":{"line":325,"column":43},"end":{"line":325,"column":81}},{"start":{"line":325,"column":85},"end":{"line":325,"column":86}}],"line":325},"26":{"loc":{"start":{"line":326,"column":41},"end":{"line":326,"column":80}},"type":"binary-expr","locations":[{"start":{"line":326,"column":41},"end":{"line":326,"column":75}},{"start":{"line":326,"column":79},"end":{"line":326,"column":80}}],"line":326},"27":{"loc":{"start":{"line":327,"column":19},"end":{"line":331,"column":19}},"type":"binary-expr","locations":[{"start":{"line":327,"column":19},"end":{"line":327,"column":47}},{"start":{"line":327,"column":51},"end":{"line":327,"column":90}},{"start":{"line":328,"column":20},"end":{"line":330,"column":25}}],"line":327},"28":{"loc":{"start":{"line":329,"column":23},"end":{"line":329,"column":117}},"type":"binary-expr","locations":[{"start":{"line":329,"column":23},"end":{"line":329,"column":62}},{"start":{"line":329,"column":66},"end":{"line":329,"column":117}}],"line":329},"29":{"loc":{"start":{"line":345,"column":11},"end":{"line":355,"column":11}},"type":"cond-expr","locations":[{"start":{"line":346,"column":12},"end":{"line":349,"column":15}},{"start":{"line":351,"column":12},"end":{"line":354,"column":15}}],"line":345},"30":{"loc":{"start":{"line":360,"column":7},"end":{"line":366,"column":7}},"type":"binary-expr","locations":[{"start":{"line":360,"column":7},"end":{"line":360,"column":12}},{"start":{"line":361,"column":8},"end":{"line":365,"column":10}}],"line":360}},"s":{"0":1,"1":52,"2":52,"3":52,"4":52,"5":52,"6":52,"7":52,"8":52,"9":2,"10":50,"11":13,"12":13,"13":13,"14":13,"15":13,"16":13,"17":13,"18":13,"19":13,"20":13,"21":13,"22":13,"23":0,"24":13,"25":6,"26":0,"27":0,"28":6,"29":6,"30":6,"31":0,"32":0,"33":6,"34":6,"35":6,"36":6,"37":6,"38":6,"39":0,"40":6,"41":6,"42":0,"43":12,"44":50,"45":0},"f":{"0":52,"1":13,"2":0},"b":{"0":[2,50],"1":[13,0],"2":[13,13],"3":[13,0],"4":[13,13],"5":[13,0],"6":[13,13],"7":[0,13],"8":[0,6],"9":[0,6],"10":[0,6],"11":[6,6],"12":[0,6],"13":[50,0],"14":[50,4,48],"15":[48,1],"16":[50,48,4],"17":[4,0],"18":[50,0],"19":[50,0],"20":[50,7],"21":[50,6],"22":[6,0],"23":[6,6],"24":[6,2],"25":[6,5],"26":[6,1],"27":[6,6,2],"28":[2,1],"29":[2,48],"30":[50,0]},"_coverageSchema":"1a1c01bbd47fc00a2c39e90264f33305004495a9","hash":"137226cef6809ada1e0f0a7cf31ca5d839ecb08d"}
,"/home/runner/work/previso-fe/previso-fe/src/components/ErrorBoundary.jsx": {"path":"/home/runner/work/previso-fe/previso-fe/src/components/ErrorBoundary.jsx","statementMap":{"0":{"start":{"line":4,"column":14},"end":{"line":4,"column":33}},"1":{"start":{"line":8,"column":4},"end":{"line":8,"column":17}},"2":{"start":{"line":9,"column":4},"end":{"line":9,"column":67}},"3":{"start":{"line":14,"column":4},"end":{"line":14,"column":30}},"4":{"start":{"line":19,"column":4},"end":{"line":19,"column":60}},"5":{"start":{"line":20,"column":4},"end":{"line":20,"column":69}},"6":{"start":{"line":22,"column":4},"end":{"line":25,"column":7}},"7":{"start":{"line":29,"column":4},"end":{"line":124,"column":5}},"8":{"start":{"line":31,"column":6},"end":{"line":123,"column":8}},"9":{"start":{"line":106,"column":29},"end":{"line":106,"column":53}},"10":{"start":{"line":126,"column":4},"end":{"line":126,"column":31}}},"fnMap":{"0":{"name":"(anonymous_0)","decl":{"start":{"line":7,"column":2},"end":{"line":7,"column":3}},"loc":{"start":{"line":7,"column":21},"end":{"line":10,"column":3}},"line":7},"1":{"name":"(anonymous_1)","decl":{"start":{"line":12,"column":2},"end":{"line":12,"column":3}},"loc":{"start":{"line":12,"column":42},"end":{"line":15,"column":3}},"line":12},"2":{"name":"(anonymous_2)","decl":{"start":{"line":17,"column":2},"end":{"line":17,"column":3}},"loc":{"start":{"line":17,"column":38},"end":{"line":26,"column":3}},"line":17},"3":{"name":"(anonymous_3)","decl":{"start":{"line":28,"column":2},"end":{"line":28,"column":3}},"loc":{"start":{"line":28,"column":11},"end":{"line":127,"column":3}},"line":28},"4":{"name":"(anonymous_4)","decl":{"start":{"line":106,"column":23},"end":{"line":106,"column":24}},"loc":{"start":{"line":106,"column":29},"end":{"line":106,"column":53}},"line":106}},"branchMap":{"0":{"loc":{"start":{"line":29,"column":4},"end":{"line":124,"column":5}},"type":"if","locations":[{"start":{"line":29,"column":4},"end":{"line":124,"column":5}},{"start":{},"end":{}}],"line":29},"1":{"loc":{"start":{"line":75,"column":13},"end":{"line":103,"column":13}},"type":"binary-expr","locations":[{"start":{"line":75,"column":13},"end":{"line":75,"column":18}},{"start":{"line":75,"column":22},"end":{"line":75,"column":38}},{"start":{"line":76,"column":14},"end":{"line":102,"column":24}}],"line":75}},"s":{"0":0,"1":0,"2":0,"3":0,"4":0,"5":0,"6":0,"7":0,"8":0,"9":0,"10":0},"f":{"0":0,"1":0,"2":0,"3":0,"4":0},"b":{"0":[0,0],"1":[0,0,0]}}
,"/home/runner/work/previso-fe/previso-fe/src/components/Header.jsx": {"path":"/home/runner/work/previso-fe/previso-fe/src/components/Header.jsx","statementMap":{"0":{"start":{"line":7,"column":15},"end":{"line":122,"column":1}},"1":{"start":{"line":8,"column":21},"end":{"line":8,"column":30}},"2":{"start":{"line":9,"column":19},"end":{"line":9,"column":32}},"3":{"start":{"line":10,"column":42},"end":{"line":10,"column":57}},"4":{"start":{"line":12,"column":23},"end":{"line":19,"column":3}},"5":{"start":{"line":13,"column":4},"end":{"line":18,"column":5}},"6":{"start":{"line":14,"column":6},"end":{"line":14,"column":21}},"7":{"start":{"line":15,"column":6},"end":{"line":15,"column":25}},"8":{"start":{"line":17,"column":6},"end":{"line":17,"column":61}},"9":{"start":{"line":21,"column":2},"end":{"line":121,"column":4}},"10":{"start":{"line":31,"column":27},"end":{"line":31,"column":48}},"11":{"start":{"line":57,"column":31},"end":{"line":57,"column":53}},"12":{"start":{"line":111,"column":31},"end":{"line":111,"column":53}}},"fnMap":{"0":{"name":"(anonymous_0)","decl":{"start":{"line":7,"column":15},"end":{"line":7,"column":16}},"loc":{"start":{"line":7,"column":21},"end":{"line":122,"column":1}},"line":7},"1":{"name":"(anonymous_1)","decl":{"start":{"line":12,"column":23},"end":{"line":12,"column":24}},"loc":{"start":{"line":12,"column":35},"end":{"line":19,"column":3}},"line":12},"2":{"name":"(anonymous_2)","decl":{"start":{"line":31,"column":21},"end":{"line":31,"column":22}},"loc":{"start":{"line":31,"column":27},"end":{"line":31,"column":48}},"line":31},"3":{"name":"(anonymous_3)","decl":{"start":{"line":57,"column":25},"end":{"line":57,"column":26}},"loc":{"start":{"line":57,"column":31},"end":{"line":57,"column":53}},"line":57},"4":{"name":"(anonymous_4)","decl":{"start":{"line":111,"column":25},"end":{"line":111,"column":26}},"loc":{"start":{"line":111,"column":31},"end":{"line":111,"column":53}},"line":111}},"branchMap":{"0":{"loc":{"start":{"line":48,"column":7},"end":{"line":119,"column":7}},"type":"binary-expr","locations":[{"start":{"line":48,"column":7},"end":{"line":48,"column":19}},{"start":{"line":49,"column":8},"end":{"line":118,"column":14}}],"line":48}},"s":{"0":0,"1":0,"2":0,"3":0,"4":0,"5":0,"6":0,"7":0,"8":0,"9":0,"10":0,"11":0,"12":0},"f":{"0":0,"1":0,"2":0,"3":0,"4":0},"b":{"0":[0,0]}}
,"/home/runner/work/previso-fe/previso-fe/src/components/Layout.jsx": {"path":"/home/runner/work/previso-fe/previso-fe/src/components/Layout.jsx","statementMap":{"0":{"start":{"line":7,"column":15},"end":{"line":94,"column":1}},"1":{"start":{"line":8,"column":42},"end":{"line":8,"column":57}},"2":{"start":{"line":10,"column":2},"end":{"line":93,"column":4}},"3":{"start":{"line":24,"column":29},"end":{"line":24,"column":50}},"4":{"start":{"line":45,"column":29},"end":{"line":45,"column":51}},"5":{"start":{"line":84,"column":29},"end":{"line":84,"column":51}}},"fnMap":{"0":{"name":"(anonymous_0)","decl":{"start":{"line":7,"column":15},"end":{"line":7,"column":16}},"loc":{"start":{"line":7,"column":21},"end":{"line":94,"column":1}},"line":7},"1":{"name":"(anonymous_1)","decl":{"start":{"line":24,"column":23},"end":{"line":24,"column":24}},"loc":{"start":{"line":24,"column":29},"end":{"line":24,"column":50}},"line":24},"2":{"name":"(anonymous_2)","decl":{"start":{"line":45,"column":23},"end":{"line":45,"column":24}},"loc":{"start":{"line":45,"column":29},"end":{"line":45,"column":51}},"line":45},"3":{"name":"(anonymous_3)","decl":{"start":{"line":84,"column":23},"end":{"line":84,"column":24}},"loc":{"start":{"line":84,"column":29},"end":{"line":84,"column":51}},"line":84}},"branchMap":{"0":{"loc":{"start":{"line":41,"column":7},"end":{"line":91,"column":7}},"type":"binary-expr","locations":[{"start":{"line":41,"column":7},"end":{"line":41,"column":19}},{"start":{"line":42,"column":8},"end":{"line":90,"column":14}}],"line":41}},"s":{"0":0,"1":0,"2":0,"3":0,"4":0,"5":0},"f":{"0":0,"1":0,"2":0,"3":0},"b":{"0":[0,0]}}
,"/home/runner/work/previso-fe/previso-fe/src/components/LogoutButton.jsx": {"path":"/home/runner/work/previso-fe/previso-fe/src/components/LogoutButton.jsx","statementMap":{"0":{"start":{"line":6,"column":21},"end":{"line":33,"column":1}},"1":{"start":{"line":7,"column":30},"end":{"line":7,"column":39}},"2":{"start":{"line":8,"column":21},"end":{"line":8,"column":34}},"3":{"start":{"line":10,"column":25},"end":{"line":19,"column":5}},"4":{"start":{"line":11,"column":8},"end":{"line":18,"column":9}},"5":{"start":{"line":12,"column":12},"end":{"line":12,"column":28}},"6":{"start":{"line":14,"column":12},"end":{"line":14,"column":57}},"7":{"start":{"line":17,"column":12},"end":{"line":17,"column":31}},"8":{"start":{"line":22,"column":4},"end":{"line":22,"column":27}},"9":{"start":{"line":22,"column":15},"end":{"line":22,"column":27}},"10":{"start":{"line":24,"column":4},"end":{"line":32,"column":6}}},"fnMap":{"0":{"name":"(anonymous_0)","decl":{"start":{"line":6,"column":21},"end":{"line":6,"column":22}},"loc":{"start":{"line":6,"column":27},"end":{"line":33,"column":1}},"line":6},"1":{"name":"(anonymous_1)","decl":{"start":{"line":10,"column":25},"end":{"line":10,"column":26}},"loc":{"start":{"line":10,"column":37},"end":{"line":19,"column":5}},"line":10}},"branchMap":{"0":{"loc":{"start":{"line":22,"column":4},"end":{"line":22,"column":27}},"type":"if","locations":[{"start":{"line":22,"column":4},"end":{"line":22,"column":27}},{"start":{},"end":{}}],"line":22}},"s":{"0":0,"1":0,"2":0,"3":0,"4":0,"5":0,"6":0,"7":0,"8":0,"9":0,"10":0},"f":{"0":0,"1":0},"b":{"0":[0,0]}}
,"/home/runner/work/previso-fe/previso-fe/src/components/PredictionCard.jsx": {"path":"/home/runner/work/previso-fe/previso-fe/src/components/PredictionCard.jsx","statementMap":{"0":{"start":{"line":9,"column":26},"end":{"line":36,"column":1}},"1":{"start":{"line":56,"column":23},"end":{"line":186,"column":1}},"2":{"start":{"line":65,"column":25},"end":{"line":73,"column":3}},"3":{"start":{"line":83,"column":6},"end":{"line":83,"column":20}},"4":{"start":{"line":85,"column":17},"end":{"line":89,"column":3}},"5":{"start":{"line":91,"column":18},"end":{"line":91,"column":75}},"6":{"start":{"line":92,"column":22},"end":{"line":92,"column":51}},"7":{"start":{"line":93,"column":15},"end":{"line":93,"column":48}},"8":{"start":{"line":95,"column":2},"end":{"line":185,"column":4}},"9":{"start":{"line":161,"column":20},"end":{"line":163,"column":25}}},"fnMap":{"0":{"name":"(anonymous_0)","decl":{"start":{"line":56,"column":23},"end":{"line":56,"column":24}},"loc":{"start":{"line":63,"column":6},"end":{"line":186,"column":1}},"line":63},"1":{"name":"(anonymous_1)","decl":{"start":{"line":160,"column":49},"end":{"line":160,"column":50}},"loc":{"start":{"line":161,"column":20},"end":{"line":163,"column":25}},"line":161}},"branchMap":{"0":{"loc":{"start":{"line":62,"column":2},"end":{"line":62,"column":17}},"type":"default-arg","locations":[{"start":{"line":62,"column":16},"end":{"line":62,"column":17}}],"line":62},"1":{"loc":{"start":{"line":65,"column":25},"end":{"line":73,"column":3}},"type":"binary-expr","locations":[{"start":{"line":65,"column":25},"end":{"line":65,"column":35}},{"start":{"line":65,"column":39},"end":{"line":73,"column":3}}],"line":65},"2":{"loc":{"start":{"line":85,"column":17},"end":{"line":89,"column":3}},"type":"binary-expr","locations":[{"start":{"line":85,"column":17},"end":{"line":85,"column":44}},{"start":{"line":85,"column":48},"end":{"line":89,"column":3}}],"line":85},"3":{"loc":{"start":{"line":91,"column":18},"end":{"line":91,"column":75}},"type":"binary-expr","locations":[{"start":{"line":91,"column":18},"end":{"line":91,"column":42}},{"start":{"line":91,"column":46},"end":{"line":91,"column":75}}],"line":91},"4":{"loc":{"start":{"line":92,"column":22},"end":{"line":92,"column":51}},"type":"binary-expr","locations":[{"start":{"line":92,"column":22},"end":{"line":92,"column":31}},{"start":{"line":92,"column":35},"end":{"line":92,"column":51}}],"line":92},"5":{"loc":{"start":{"line":102,"column":13},"end":{"line":104,"column":13}},"type":"binary-expr","locations":[{"start":{"line":102,"column":13},"end":{"line":102,"column":24}},{"start":{"line":103,"column":14},"end":{"line":103,"column":84}}],"line":102},"6":{"loc":{"start":{"line":111,"column":7},"end":{"line":183,"column":7}},"type":"cond-expr","locations":[{"start":{"line":112,"column":8},"end":{"line":175,"column":11}},{"start":{"line":177,"column":8},"end":{"line":182,"column":14}}],"line":111},"7":{"loc":{"start":{"line":125,"column":11},"end":{"line":132,"column":11}},"type":"binary-expr","locations":[{"start":{"line":125,"column":11},"end":{"line":125,"column":26}},{"start":{"line":126,"column":12},"end":{"line":131,"column":18}}],"line":125},"8":{"loc":{"start":{"line":135,"column":11},"end":{"line":168,"column":11}},"type":"binary-expr","locations":[{"start":{"line":135,"column":11},"end":{"line":135,"column":22}},{"start":{"line":136,"column":12},"end":{"line":167,"column":18}}],"line":135},"9":{"loc":{"start":{"line":139,"column":17},"end":{"line":155,"column":17}},"type":"cond-expr","locations":[{"start":{"line":140,"column":18},"end":{"line":140,"column":44}},{"start":{"line":142,"column":18},"end":{"line":154,"column":25}}],"line":139},"10":{"loc":{"start":{"line":158,"column":15},"end":{"line":166,"column":15}},"type":"binary-expr","locations":[{"start":{"line":158,"column":15},"end":{"line":158,"column":24}},{"start":{"line":158,"column":28},"end":{"line":158,"column":57}},{"start":{"line":158,"column":61},"end":{"line":158,"column":94}},{"start":{"line":159,"column":16},"end":{"line":165,"column":21}}],"line":158},"11":{"loc":{"start":{"line":172,"column":50},"end":{"line":172,"column":84}},"type":"cond-expr","locations":[{"start":{"line":172,"column":70},"end":{"line":172,"column":75}},{"start":{"line":172,"column":78},"end":{"line":172,"column":84}}],"line":172},"12":{"loc":{"start":{"line":173,"column":13},"end":{"line":173,"column":67}},"type":"binary-expr","locations":[{"start":{"line":173,"column":13},"end":{"line":173,"column":29}},{"start":{"line":173,"column":33},"end":{"line":173,"column":67}}],"line":173}},"s":{"0":3,"1":3,"2":24,"3":24,"4":24,"5":24,"6":24,"7":24,"8":24,"9":14},"f":{"0":24,"1":14},"b":{"0":[0],"1":[24,13],"2":[24,0],"3":[24,23],"4":[24,13],"5":[24,16],"6":[23,1],"7":[23,23],"8":[23,16],"9":[11,5],"10":[16,7,7,6],"11":[0,23],"12":[23,23]},"_coverageSchema":"1a1c01bbd47fc00a2c39e90264f33305004495a9","hash":"abca07fea16e90203b705ffbf6143ccbf1d5e6f1"}
,"/home/runner/work/previso-fe/previso-fe/src/components/PredictionsGrid.jsx": {"path":"/home/runner/work/previso-fe/previso-fe/src/components/PredictionsGrid.jsx","statementMap":{"0":{"start":{"line":9,"column":23},"end":{"line":14,"column":1}},"1":{"start":{"line":19,"column":25},"end":{"line":25,"column":1}},"2":{"start":{"line":33,"column":24},"end":{"line":157,"column":1}},"3":{"start":{"line":34,"column":38},"end":{"line":34,"column":49}},"4":{"start":{"line":41,"column":6},"end":{"line":41,"column":58}},"5":{"start":{"line":43,"column":29},"end":{"line":45,"column":3}},"6":{"start":{"line":44,"column":4},"end":{"line":44,"column":29}},"7":{"start":{"line":47,"column":24},"end":{"line":49,"column":3}},"8":{"start":{"line":48,"column":4},"end":{"line":48,"column":12}},"9":{"start":{"line":51,"column":2},"end":{"line":68,"column":3}},"10":{"start":{"line":52,"column":4},"end":{"line":67,"column":6}},"11":{"start":{"line":59,"column":12},"end":{"line":63,"column":18}},"12":{"start":{"line":70,"column":2},"end":{"line":82,"column":3}},"13":{"start":{"line":71,"column":4},"end":{"line":81,"column":6}},"14":{"start":{"line":85,"column":29},"end":{"line":85,"column":74}},"15":{"start":{"line":87,"column":2},"end":{"line":156,"column":4}},"16":{"start":{"line":110,"column":31},"end":{"line":110,"column":73}},"17":{"start":{"line":114,"column":16},"end":{"line":116,"column":25}},"18":{"start":{"line":136,"column":12},"end":{"line":143,"column":14}}},"fnMap":{"0":{"name":"(anonymous_0)","decl":{"start":{"line":33,"column":24},"end":{"line":33,"column":25}},"loc":{"start":{"line":33,"column":40},"end":{"line":157,"column":1}},"line":33},"1":{"name":"(anonymous_1)","decl":{"start":{"line":43,"column":29},"end":{"line":43,"column":30}},"loc":{"start":{"line":43,"column":44},"end":{"line":45,"column":3}},"line":43},"2":{"name":"(anonymous_2)","decl":{"start":{"line":47,"column":24},"end":{"line":47,"column":25}},"loc":{"start":{"line":47,"column":30},"end":{"line":49,"column":3}},"line":47},"3":{"name":"(anonymous_3)","decl":{"start":{"line":58,"column":31},"end":{"line":58,"column":32}},"loc":{"start":{"line":59,"column":12},"end":{"line":63,"column":18}},"line":59},"4":{"name":"(anonymous_4)","decl":{"start":{"line":110,"column":24},"end":{"line":110,"column":25}},"loc":{"start":{"line":110,"column":31},"end":{"line":110,"column":73}},"line":110},"5":{"name":"(anonymous_5)","decl":{"start":{"line":113,"column":34},"end":{"line":113,"column":35}},"loc":{"start":{"line":114,"column":16},"end":{"line":116,"column":25}},"line":114},"6":{"name":"(anonymous_6)","decl":{"start":{"line":135,"column":34},"end":{"line":135,"column":35}},"loc":{"start":{"line":136,"column":12},"end":{"line":143,"column":14}},"line":136}},"branchMap":{"0":{"loc":{"start":{"line":51,"column":2},"end":{"line":68,"column":3}},"type":"if","locations":[{"start":{"line":51,"column":2},"end":{"line":68,"column":3}},{"start":{},"end":{}}],"line":51},"1":{"loc":{"start":{"line":51,"column":6},"end":{"line":51,"column":29}},"type":"binary-expr","locations":[{"start":{"line":51,"column":6},"end":{"line":51,"column":13}},{"start":{"line":51,"column":17},"end":{"line":51,"column":29}}],"line":51},"2":{"loc":{"start":{"line":70,"column":2},"end":{"line":82,"column":3}},"type":"if","locations":[{"start":{"line":70,"column":2},"end":{"line":82,"column":3}},{"start":{},"end":{}}],"line":70},"3":{"loc":{"start":{"line":70,"column":6},"end":{"line":70,"column":27}},"type":"binary-expr","locations":[{"start":{"line":70,"column":6},"end":{"line":70,"column":11}},{"start":{"line":70,"column":15},"end":{"line":70,"column":27}}],"line":70},"4":{"loc":{"start":{"line":85,"column":29},"end":{"line":85,"column":74}},"type":"cond-expr","locations":[{"start":{"line":85,"column":58},"end":{"line":85,"column":69}},{"start":{"line":85,"column":72},"end":{"line":85,"column":74}}],"line":85},"5":{"loc":{"start":{"line":127,"column":45},"end":{"line":127,"column":74}},"type":"cond-expr","locations":[{"start":{"line":127,"column":55},"end":{"line":127,"column":69}},{"start":{"line":127,"column":72},"end":{"line":127,"column":74}}],"line":127},"6":{"loc":{"start":{"line":133,"column":7},"end":{"line":154,"column":7}},"type":"cond-expr","locations":[{"start":{"line":134,"column":8},"end":{"line":145,"column":14}},{"start":{"line":147,"column":8},"end":{"line":153,"column":14}}],"line":133}},"s":{"0":1,"1":1,"2":1,"3":6,"4":6,"5":6,"6":0,"7":6,"8":0,"9":6,"10":1,"11":5,"12":5,"13":1,"14":4,"15":4,"16":0,"17":16,"18":2},"f":{"0":6,"1":0,"2":0,"3":5,"4":0,"5":16,"6":2},"b":{"0":[1,5],"1":[6,1],"2":[1,4],"3":[5,1],"4":[2,2],"5":[0,4],"6":[1,3]},"_coverageSchema":"1a1c01bbd47fc00a2c39e90264f33305004495a9","hash":"5c506b6bc4ad80e209192e54dffa4288d5a75a33"}
,"/home/runner/work/previso-fe/previso-fe/src/components/ProtectedRoute.jsx": {"path":"/home/runner/work/previso-fe/previso-fe/src/components/ProtectedRoute.jsx","statementMap":{"0":{"start":{"line":7,"column":23},"end":{"line":31,"column":1}},"1":{"start":{"line":8,"column":38},"end":{"line":8,"column":47}},"2":{"start":{"line":9,"column":19},"end":{"line":9,"column":32}},"3":{"start":{"line":11,"column":2},"end":{"line":17,"column":3}},"4":{"start":{"line":12,"column":4},"end":{"line":16,"column":6}},"5":{"start":{"line":20,"column":2},"end":{"line":22,"column":3}},"6":{"start":{"line":21,"column":4},"end":{"line":21,"column":71}},"7":{"start":{"line":25,"column":2},"end":{"line":27,"column":3}},"8":{"start":{"line":26,"column":4},"end":{"line":26,"column":120}},"9":{"start":{"line":30,"column":2},"end":{"line":30,"column":18}}},"fnMap":{"0":{"name":"(anonymous_0)","decl":{"start":{"line":7,"column":23},"end":{"line":7,"column":24}},"loc":{"start":{"line":7,"column":55},"end":{"line":31,"column":1}},"line":7}},"branchMap":{"0":{"loc":{"start":{"line":11,"column":2},"end":{"line":17,"column":3}},"type":"if","locations":[{"start":{"line":11,"column":2},"end":{"line":17,"column":3}},{"start":{},"end":{}}],"line":11},"1":{"loc":{"start":{"line":20,"column":2},"end":{"line":22,"column":3}},"type":"if","locations":[{"start":{"line":20,"column":2},"end":{"line":22,"column":3}},{"start":{},"end":{}}],"line":20},"2":{"loc":{"start":{"line":25,"column":2},"end":{"line":27,"column":3}},"type":"if","locations":[{"start":{"line":25,"column":2},"end":{"line":27,"column":3}},{"start":{},"end":{}}],"line":25},"3":{"loc":{"start":{"line":25,"column":6},"end":{"line":25,"column":54}},"type":"binary-expr","locations":[{"start":{"line":25,"column":6},"end":{"line":25,"column":18}},{"start":{"line":25,"column":22},"end":{"line":25,"column":54}}],"line":25}},"s":{"0":0,"1":0,"2":0,"3":0,"4":0,"5":0,"6":0,"7":0,"8":0,"9":0},"f":{"0":0},"b":{"0":[0,0],"1":[0,0],"2":[0,0],"3":[0,0]}}
,"/home/runner/work/previso-fe/previso-fe/src/components/Sidebar.jsx": {"path":"/home/runner/work/previso-fe/previso-fe/src/components/Sidebar.jsx","statementMap":{"0":{"start":{"line":6,"column":16},"end":{"line":193,"column":1}},"1":{"start":{"line":10,"column":46},"end":{"line":10,"column":55}},"2":{"start":{"line":11,"column":19},"end":{"line":11,"column":32}},"3":{"start":{"line":15,"column":24},"end":{"line":15,"column":57}},"4":{"start":{"line":18,"column":19},"end":{"line":19,"column":65}},"5":{"start":{"line":22,"column":23},"end":{"line":28,"column":3}},"6":{"start":{"line":23,"column":4},"end":{"line":23,"column":41}},"7":{"start":{"line":23,"column":24},"end":{"line":23,"column":41}},"8":{"start":{"line":24,"column":4},"end":{"line":24,"column":50}},"9":{"start":{"line":24,"column":35},"end":{"line":24,"column":50}},"10":{"start":{"line":25,"column":4},"end":{"line":25,"column":58}},"11":{"start":{"line":25,"column":39},"end":{"line":25,"column":58}},"12":{"start":{"line":26,"column":4},"end":{"line":26,"column":55}},"13":{"start":{"line":26,"column":37},"end":{"line":26,"column":55}},"14":{"start":{"line":27,"column":4},"end":{"line":27,"column":25}},"15":{"start":{"line":30,"column":23},"end":{"line":39,"column":3}},"16":{"start":{"line":31,"column":4},"end":{"line":38,"column":5}},"17":{"start":{"line":32,"column":6},"end":{"line":32,"column":21}},"18":{"start":{"line":34,"column":6},"end":{"line":34,"column":52}},"19":{"start":{"line":37,"column":6},"end":{"line":37,"column":25}},"20":{"start":{"line":41,"column":2},"end":{"line":192,"column":4}},"21":{"start":{"line":54,"column":16},"end":{"line":58,"column":18}},"22":{"start":{"line":70,"column":18},"end":{"line":74,"column":20}},"23":{"start":{"line":87,"column":18},"end":{"line":91,"column":20}},"24":{"start":{"line":104,"column":18},"end":{"line":108,"column":20}},"25":{"start":{"line":120,"column":16},"end":{"line":124,"column":18}},"26":{"start":{"line":136,"column":18},"end":{"line":140,"column":20}},"27":{"start":{"line":152,"column":16},"end":{"line":156,"column":18}}},"fnMap":{"0":{"name":"(anonymous_0)","decl":{"start":{"line":6,"column":16},"end":{"line":6,"column":17}},"loc":{"start":{"line":6,"column":22},"end":{"line":193,"column":1}},"line":6},"1":{"name":"(anonymous_1)","decl":{"start":{"line":22,"column":23},"end":{"line":22,"column":24}},"loc":{"start":{"line":22,"column":29},"end":{"line":28,"column":3}},"line":22},"2":{"name":"(anonymous_2)","decl":{"start":{"line":30,"column":23},"end":{"line":30,"column":24}},"loc":{"start":{"line":30,"column":35},"end":{"line":39,"column":3}},"line":30},"3":{"name":"(anonymous_3)","decl":{"start":{"line":53,"column":25},"end":{"line":53,"column":26}},"loc":{"start":{"line":54,"column":16},"end":{"line":58,"column":18}},"line":54},"4":{"name":"(anonymous_4)","decl":{"start":{"line":69,"column":27},"end":{"line":69,"column":28}},"loc":{"start":{"line":70,"column":18},"end":{"line":74,"column":20}},"line":70},"5":{"name":"(anonymous_5)","decl":{"start":{"line":86,"column":27},"end":{"line":86,"column":28}},"loc":{"start":{"line":87,"column":18},"end":{"line":91,"column":20}},"line":87},"6":{"name":"(anonymous_6)","decl":{"start":{"line":103,"column":27},"end":{"line":103,"column":28}},"loc":{"start":{"line":104,"column":18},"end":{"line":108,"column":20}},"line":104},"7":{"name":"(anonymous_7)","decl":{"start":{"line":119,"column":25},"end":{"line":119,"column":26}},"loc":{"start":{"line":120,"column":16},"end":{"line":124,"column":18}},"line":120},"8":{"name":"(anonymous_8)","decl":{"start":{"line":135,"column":27},"end":{"line":135,"column":28}},"loc":{"start":{"line":136,"column":18},"end":{"line":140,"column":20}},"line":136},"9":{"name":"(anonymous_9)","decl":{"start":{"line":151,"column":25},"end":{"line":151,"column":26}},"loc":{"start":{"line":152,"column":16},"end":{"line":156,"column":18}},"line":152}},"branchMap":{"0":{"loc":{"start":{"line":15,"column":24},"end":{"line":15,"column":57}},"type":"binary-expr","locations":[{"start":{"line":15,"column":24},"end":{"line":15,"column":32}},{"start":{"line":15,"column":36},"end":{"line":15,"column":49}},{"start":{"line":15,"column":53},"end":{"line":15,"column":57}}],"line":15},"1":{"loc":{"start":{"line":18,"column":19},"end":{"line":19,"column":65}},"type":"cond-expr","locations":[{"start":{"line":18,"column":47},"end":{"line":18,"column":53}},{"start":{"line":19,"column":19},"end":{"line":19,"column":65}}],"line":18},"2":{"loc":{"start":{"line":19,"column":19},"end":{"line":19,"column":65}},"type":"cond-expr","locations":[{"start":{"line":19,"column":51},"end":{"line":19,"column":58}},{"start":{"line":19,"column":61},"end":{"line":19,"column":65}}],"line":19},"3":{"loc":{"start":{"line":23,"column":4},"end":{"line":23,"column":41}},"type":"if","locations":[{"start":{"line":23,"column":4},"end":{"line":23,"column":41}},{"start":{},"end":{}}],"line":23},"4":{"loc":{"start":{"line":24,"column":4},"end":{"line":24,"column":50}},"type":"if","locations":[{"start":{"line":24,"column":4},"end":{"line":24,"column":50}},{"start":{},"end":{}}],"line":24},"5":{"loc":{"start":{"line":25,"column":4},"end":{"line":25,"column":58}},"type":"if","locations":[{"start":{"line":25,"column":4},"end":{"line":25,"column":58}},{"start":{},"end":{}}],"line":25},"6":{"loc":{"start":{"line":26,"column":4},"end":{"line":26,"column":55}},"type":"if","locations":[{"start":{"line":26,"column":4},"end":{"line":26,"column":55}},{"start":{},"end":{}}],"line":26},"7":{"loc":{"start":{"line":55,"column":18},"end":{"line":57,"column":82}},"type":"cond-expr","locations":[{"start":{"line":56,"column":22},"end":{"line":56,"column":58}},{"start":{"line":57,"column":22},"end":{"line":57,"column":82}}],"line":55},"8":{"loc":{"start":{"line":65,"column":11},"end":{"line":81,"column":11}},"type":"binary-expr","locations":[{"start":{"line":65,"column":11},"end":{"line":65,"column":38}},{"start":{"line":66,"column":12},"end":{"line":80,"column":17}}],"line":65},"9":{"loc":{"start":{"line":71,"column":20},"end":{"line":73,"column":84}},"type":"cond-expr","locations":[{"start":{"line":72,"column":24},"end":{"line":72,"column":60}},{"start":{"line":73,"column":24},"end":{"line":73,"column":84}}],"line":71},"10":{"loc":{"start":{"line":82,"column":11},"end":{"line":98,"column":11}},"type":"binary-expr","locations":[{"start":{"line":82,"column":12},"end":{"line":82,"column":39}},{"start":{"line":82,"column":43},"end":{"line":82,"column":72}},{"start":{"line":83,"column":12},"end":{"line":97,"column":17}}],"line":82},"11":{"loc":{"start":{"line":88,"column":20},"end":{"line":90,"column":84}},"type":"cond-expr","locations":[{"start":{"line":89,"column":24},"end":{"line":89,"column":60}},{"start":{"line":90,"column":24},"end":{"line":90,"column":84}}],"line":88},"12":{"loc":{"start":{"line":99,"column":11},"end":{"line":115,"column":11}},"type":"binary-expr","locations":[{"start":{"line":99,"column":11},"end":{"line":99,"column":40}},{"start":{"line":100,"column":12},"end":{"line":114,"column":17}}],"line":99},"13":{"loc":{"start":{"line":105,"column":20},"end":{"line":107,"column":84}},"type":"cond-expr","locations":[{"start":{"line":106,"column":24},"end":{"line":106,"column":60}},{"start":{"line":107,"column":24},"end":{"line":107,"column":84}}],"line":105},"14":{"loc":{"start":{"line":121,"column":18},"end":{"line":123,"column":82}},"type":"cond-expr","locations":[{"start":{"line":122,"column":22},"end":{"line":122,"column":58}},{"start":{"line":123,"column":22},"end":{"line":123,"column":82}}],"line":121},"15":{"loc":{"start":{"line":131,"column":11},"end":{"line":147,"column":11}},"type":"binary-expr","locations":[{"start":{"line":131,"column":11},"end":{"line":131,"column":36}},{"start":{"line":132,"column":12},"end":{"line":146,"column":17}}],"line":131},"16":{"loc":{"start":{"line":137,"column":20},"end":{"line":139,"column":84}},"type":"cond-expr","locations":[{"start":{"line":138,"column":24},"end":{"line":138,"column":60}},{"start":{"line":139,"column":24},"end":{"line":139,"column":84}}],"line":137},"17":{"loc":{"start":{"line":153,"column":18},"end":{"line":155,"column":82}},"type":"cond-expr","locations":[{"start":{"line":154,"column":22},"end":{"line":154,"column":58}},{"start":{"line":155,"column":22},"end":{"line":155,"column":82}}],"line":153},"18":{"loc":{"start":{"line":174,"column":15},"end":{"line":174,"column":39}},"type":"binary-expr","locations":[{"start":{"line":174,"column":15},"end":{"line":174,"column":26}},{"start":{"line":174,"column":30},"end":{"line":174,"column":39}}],"line":174}},"s":{"0":2,"1":25,"2":25,"3":25,"4":25,"5":25,"6":25,"7":5,"8":20,"9":7,"10":13,"11":5,"12":8,"13":8,"14":0,"15":25,"16":0,"17":0,"18":0,"19":0,"20":25,"21":25,"22":8,"23":13,"24":5,"25":25,"26":7,"27":25},"f":{"0":25,"1":25,"2":0,"3":25,"4":8,"5":13,"6":5,"7":25,"8":7,"9":25},"b":{"0":[25,10,5],"1":[7,18],"2":[5,13],"3":[5,20],"4":[7,13],"5":[5,8],"6":[8,0],"7":[0,25],"8":[25,8],"9":[0,8],"10":[25,17,13],"11":[0,13],"12":[25,5],"13":[0,5],"14":[0,25],"15":[25,7],"16":[0,7],"17":[0,25],"18":[25,0]},"_coverageSchema":"1a1c01bbd47fc00a2c39e90264f33305004495a9","hash":"003616361c18270c7a22c8898cd0f8ceaf8074cb"}
,"/home/runner/work/previso-fe/previso-fe/src/components/ThemeToggle.jsx": {"path":"/home/runner/work/previso-fe/previso-fe/src/components/ThemeToggle.jsx","statementMap":{"0":{"start":{"line":5,"column":20},"end":{"line":38,"column":1}},"1":{"start":{"line":6,"column":30},"end":{"line":6,"column":40}},"2":{"start":{"line":8,"column":17},"end":{"line":12,"column":3}},"3":{"start":{"line":14,"column":2},"end":{"line":37,"column":4}},"4":{"start":{"line":18,"column":8},"end":{"line":34,"column":17}},"5":{"start":{"line":20,"column":25},"end":{"line":20,"column":40}}},"fnMap":{"0":{"name":"(anonymous_0)","decl":{"start":{"line":5,"column":20},"end":{"line":5,"column":21}},"loc":{"start":{"line":5,"column":26},"end":{"line":38,"column":1}},"line":5},"1":{"name":"(anonymous_1)","decl":{"start":{"line":17,"column":18},"end":{"line":17,"column":19}},"loc":{"start":{"line":18,"column":8},"end":{"line":34,"column":17}},"line":18},"2":{"name":"(anonymous_2)","decl":{"start":{"line":20,"column":19},"end":{"line":20,"column":20}},"loc":{"start":{"line":20,"column":25},"end":{"line":20,"column":40}},"line":20}},"branchMap":{"0":{"loc":{"start":{"line":24,"column":14},"end":{"line":26,"column":63}},"type":"cond-expr","locations":[{"start":{"line":25,"column":18},"end":{"line":25,"column":59}},{"start":{"line":26,"column":18},"end":{"line":26,"column":63}}],"line":24}},"s":{"0":0,"1":0,"2":0,"3":0,"4":0,"5":0},"f":{"0":0,"1":0,"2":0},"b":{"0":[0,0]}}
,"/home/runner/work/previso-fe/previso-fe/src/components/Admin/DangerZone.jsx": {"path":"/home/runner/work/previso-fe/previso-fe/src/components/Admin/DangerZone.jsx","statementMap":{"0":{"start":{"line":10,"column":19},"end":{"line":281,"column":1}},"1":{"start":{"line":11,"column":23},"end":{"line":11,"column":32}},"2":{"start":{"line":12,"column":30},"end":{"line":12,"column":62}},"3":{"start":{"line":13,"column":34},"end":{"line":13,"column":46}},"4":{"start":{"line":14,"column":40},"end":{"line":14,"column":58}},"5":{"start":{"line":15,"column":38},"end":{"line":15,"column":50}},"6":{"start":{"line":16,"column":36},"end":{"line":16,"column":51}},"7":{"start":{"line":17,"column":32},"end":{"line":17,"column":47}},"8":{"start":{"line":18,"column":28},"end":{"line":18,"column":42}},"9":{"start":{"line":19,"column":32},"end":{"line":19,"column":46}},"10":{"start":{"line":20,"column":28},"end":{"line":20,"column":42}},"11":{"start":{"line":23,"column":2},"end":{"line":25,"column":3}},"12":{"start":{"line":24,"column":4},"end":{"line":24,"column":16}},"13":{"start":{"line":27,"column":31},"end":{"line":111,"column":3}},"14":{"start":{"line":28,"column":4},"end":{"line":28,"column":23}},"15":{"start":{"line":30,"column":4},"end":{"line":34,"column":5}},"16":{"start":{"line":31,"column":23},"end":{"line":31,"column":85}},"17":{"start":{"line":32,"column":6},"end":{"line":32,"column":25}},"18":{"start":{"line":33,"column":6},"end":{"line":33,"column":13}},"19":{"start":{"line":36,"column":4},"end":{"line":36,"column":19}},"20":{"start":{"line":37,"column":4},"end":{"line":37,"column":21}},"21":{"start":{"line":38,"column":4},"end":{"line":38,"column":19}},"22":{"start":{"line":39,"column":4},"end":{"line":39,"column":21}},"23":{"start":{"line":41,"column":4},"end":{"line":110,"column":5}},"24":{"start":{"line":43,"column":22},"end":{"line":43,"column":32}},"25":{"start":{"line":46,"column":6},"end":{"line":51,"column":7}},"26":{"start":{"line":47,"column":31},"end":{"line":47,"column":53}},"27":{"start":{"line":48,"column":8},"end":{"line":50,"column":9}},"28":{"start":{"line":49,"column":10},"end":{"line":49,"column":44}},"29":{"start":{"line":54,"column":6},"end":{"line":56,"column":7}},"30":{"start":{"line":55,"column":8},"end":{"line":55,"column":43}},"31":{"start":{"line":59,"column":6},"end":{"line":61,"column":7}},"32":{"start":{"line":60,"column":8},"end":{"line":60,"column":41}},"33":{"start":{"line":63,"column":21},"end":{"line":63,"column":78}},"34":{"start":{"line":65,"column":25},"end":{"line":65,"column":76}},"35":{"start":{"line":66,"column":6},"end":{"line":66,"column":29}},"36":{"start":{"line":69,"column":6},"end":{"line":69,"column":40}},"37":{"start":{"line":70,"column":6},"end":{"line":70,"column":22}},"38":{"start":{"line":71,"column":6},"end":{"line":71,"column":31}},"39":{"start":{"line":72,"column":6},"end":{"line":72,"column":24}},"40":{"start":{"line":73,"column":6},"end":{"line":73,"column":26}},"41":{"start":{"line":76,"column":6},"end":{"line":78,"column":7}},"42":{"start":{"line":77,"column":8},"end":{"line":77,"column":27}},"43":{"start":{"line":80,"column":6},"end":{"line":80,"column":54}},"44":{"start":{"line":82,"column":25},"end":{"line":82,"column":93}},"45":{"start":{"line":83,"column":22},"end":{"line":83,"column":27}},"46":{"start":{"line":85,"column":6},"end":{"line":97,"column":7}},"47":{"start":{"line":87,"column":8},"end":{"line":96,"column":9}},"48":{"start":{"line":88,"column":10},"end":{"line":88,"column":133}},"49":{"start":{"line":89,"column":10},"end":{"line":89,"column":27}},"50":{"start":{"line":90,"column":15},"end":{"line":96,"column":9}},"51":{"start":{"line":91,"column":10},"end":{"line":91,"column":77}},"52":{"start":{"line":92,"column":15},"end":{"line":96,"column":9}},"53":{"start":{"line":93,"column":10},"end":{"line":93,"column":75}},"54":{"start":{"line":95,"column":10},"end":{"line":95,"column":37}},"55":{"start":{"line":99,"column":6},"end":{"line":99,"column":29}},"56":{"start":{"line":102,"column":6},"end":{"line":107,"column":7}},"57":{"start":{"line":103,"column":8},"end":{"line":106,"column":11}},"58":{"start":{"line":109,"column":6},"end":{"line":109,"column":24}},"59":{"start":{"line":113,"column":24},"end":{"line":113,"column":50}},"60":{"start":{"line":114,"column":27},"end":{"line":114,"column":54}},"61":{"start":{"line":115,"column":20},"end":{"line":115,"column":51}},"62":{"start":{"line":117,"column":2},"end":{"line":280,"column":4}},"63":{"start":{"line":146,"column":29},"end":{"line":146,"column":54}},"64":{"start":{"line":167,"column":31},"end":{"line":167,"column":58}},"65":{"start":{"line":188,"column":31},"end":{"line":188,"column":61}},"66":{"start":{"line":209,"column":31},"end":{"line":209,"column":60}},"67":{"start":{"line":225,"column":29},"end":{"line":225,"column":59}},"68":{"start":{"line":276,"column":25},"end":{"line":276,"column":39}}},"fnMap":{"0":{"name":"(anonymous_0)","decl":{"start":{"line":10,"column":19},"end":{"line":10,"column":20}},"loc":{"start":{"line":10,"column":45},"end":{"line":281,"column":1}},"line":10},"1":{"name":"(anonymous_1)","decl":{"start":{"line":27,"column":31},"end":{"line":27,"column":32}},"loc":{"start":{"line":27,"column":44},"end":{"line":111,"column":3}},"line":27},"2":{"name":"(anonymous_2)","decl":{"start":{"line":146,"column":22},"end":{"line":146,"column":23}},"loc":{"start":{"line":146,"column":29},"end":{"line":146,"column":54}},"line":146},"3":{"name":"(anonymous_3)","decl":{"start":{"line":167,"column":24},"end":{"line":167,"column":25}},"loc":{"start":{"line":167,"column":31},"end":{"line":167,"column":58}},"line":167},"4":{"name":"(anonymous_4)","decl":{"start":{"line":188,"column":24},"end":{"line":188,"column":25}},"loc":{"start":{"line":188,"column":31},"end":{"line":188,"column":61}},"line":188},"5":{"name":"(anonymous_5)","decl":{"start":{"line":209,"column":24},"end":{"line":209,"column":25}},"loc":{"start":{"line":209,"column":31},"end":{"line":209,"column":60}},"line":209},"6":{"name":"(anonymous_6)","decl":{"start":{"line":225,"column":22},"end":{"line":225,"column":23}},"loc":{"start":{"line":225,"column":29},"end":{"line":225,"column":59}},"line":225},"7":{"name":"(anonymous_7)","decl":{"start":{"line":276,"column":19},"end":{"line":276,"column":20}},"loc":{"start":{"line":276,"column":25},"end":{"line":276,"column":39}},"line":276}},"branchMap":{"0":{"loc":{"start":{"line":23,"column":2},"end":{"line":25,"column":3}},"type":"if","locations":[{"start":{"line":23,"column":2},"end":{"line":25,"column":3}},{"start":{},"end":{}}],"line":23},"1":{"loc":{"start":{"line":30,"column":4},"end":{"line":34,"column":5}},"type":"if","locations":[{"start":{"line":30,"column":4},"end":{"line":34,"column":5}},{"start":{},"end":{}}],"line":30},"2":{"loc":{"start":{"line":46,"column":6},"end":{"line":51,"column":7}},"type":"if","locations":[{"start":{"line":46,"column":6},"end":{"line":51,"column":7}},{"start":{},"end":{}}],"line":46},"3":{"loc":{"start":{"line":46,"column":10},"end":{"line":46,"column":35}},"type":"binary-expr","locations":[{"start":{"line":46,"column":10},"end":{"line":46,"column":23}},{"start":{"line":46,"column":27},"end":{"line":46,"column":35}}],"line":46},"4":{"loc":{"start":{"line":48,"column":8},"end":{"line":50,"column":9}},"type":"if","locations":[{"start":{"line":48,"column":8},"end":{"line":50,"column":9}},{"start":{},"end":{}}],"line":48},"5":{"loc":{"start":{"line":54,"column":6},"end":{"line":56,"column":7}},"type":"if","locations":[{"start":{"line":54,"column":6},"end":{"line":56,"column":7}},{"start":{},"end":{}}],"line":54},"6":{"loc":{"start":{"line":54,"column":10},"end":{"line":54,"column":41}},"type":"binary-expr","locations":[{"start":{"line":54,"column":10},"end":{"line":54,"column":26}},{"start":{"line":54,"column":30},"end":{"line":54,"column":41}}],"line":54},"7":{"loc":{"start":{"line":59,"column":6},"end":{"line":61,"column":7}},"type":"if","locations":[{"start":{"line":59,"column":6},"end":{"line":61,"column":7}},{"start":{},"end":{}}],"line":59},"8":{"loc":{"start":{"line":59,"column":10},"end":{"line":59,"column":33}},"type":"binary-expr","locations":[{"start":{"line":59,"column":10},"end":{"line":59,"column":19}},{"start":{"line":59,"column":23},"end":{"line":59,"column":33}}],"line":59},"9":{"loc":{"start":{"line":65,"column":25},"end":{"line":65,"column":76}},"type":"binary-expr","locations":[{"start":{"line":65,"column":25},"end":{"line":65,"column":39}},{"start":{"line":65,"column":43},"end":{"line":65,"column":76}}],"line":65},"10":{"loc":{"start":{"line":76,"column":6},"end":{"line":78,"column":7}},"type":"if","locations":[{"start":{"line":76,"column":6},"end":{"line":78,"column":7}},{"start":{},"end":{}}],"line":76},"11":{"loc":{"start":{"line":76,"column":10},"end":{"line":76,"column":68}},"type":"binary-expr","locations":[{"start":{"line":76,"column":10},"end":{"line":76,"column":26}},{"start":{"line":76,"column":30},"end":{"line":76,"column":68}}],"line":76},"12":{"loc":{"start":{"line":85,"column":6},"end":{"line":97,"column":7}},"type":"if","locations":[{"start":{"line":85,"column":6},"end":{"line":97,"column":7}},{"start":{},"end":{}}],"line":85},"13":{"loc":{"start":{"line":87,"column":8},"end":{"line":96,"column":9}},"type":"if","locations":[{"start":{"line":87,"column":8},"end":{"line":96,"column":9}},{"start":{"line":90,"column":15},"end":{"line":96,"column":9}}],"line":87},"14":{"loc":{"start":{"line":87,"column":12},"end":{"line":87,"column":73}},"type":"binary-expr","locations":[{"start":{"line":87,"column":12},"end":{"line":87,"column":30}},{"start":{"line":87,"column":34},"end":{"line":87,"column":73}}],"line":87},"15":{"loc":{"start":{"line":90,"column":15},"end":{"line":96,"column":9}},"type":"if","locations":[{"start":{"line":90,"column":15},"end":{"line":96,"column":9}},{"start":{"line":92,"column":15},"end":{"line":96,"column":9}}],"line":90},"16":{"loc":{"start":{"line":92,"column":15},"end":{"line":96,"column":9}},"type":"if","locations":[{"start":{"line":92,"column":15},"end":{"line":96,"column":9}},{"start":{"line":94,"column":15},"end":{"line":96,"column":9}}],"line":92},"17":{"loc":{"start":{"line":102,"column":6},"end":{"line":107,"column":7}},"type":"if","locations":[{"start":{"line":102,"column":6},"end":{"line":107,"column":7}},{"start":{},"end":{}}],"line":102},"18":{"loc":{"start":{"line":158,"column":9},"end":{"line":177,"column":9}},"type":"binary-expr","locations":[{"start":{"line
[...]
,"/home/runner/work/previso-fe/previso-fe/src/utils/apiConfig.js": {"path":"/home/runner/work/previso-fe/previso-fe/src/utils/apiConfig.js","statementMap":{"0":{"start":{"line":4,"column":25},"end":{"line":6,"column":1}},"1":{"start":{"line":5,"column":2},"end":{"line":5,"column":79}}},"fnMap":{"0":{"name":"(anonymous_0)","decl":{"start":{"line":4,"column":25},"end":{"line":4,"column":26}},"loc":{"start":{"line":4,"column":31},"end":{"line":6,"column":1}},"line":4}},"branchMap":{"0":{"loc":{"start":{"line":5,"column":9},"end":{"line":5,"column":78}},"type":"binary-expr","locations":[{"start":{"line":5,"column":9},"end":{"line":5,"column":37}},{"start":{"line":5,"column":41},"end":{"line":5,"column":78}}],"line":5}},"s":{"0":0,"1":0},"f":{"0":0},"b":{"0":[0,0]}}
,"/home/runner/work/previso-fe/previso-fe/src/utils/apiErrorClassifier.js": {"path":"/home/runner/work/previso-fe/previso-fe/src/utils/apiErrorClassifier.js","statementMap":{"0":{"start":{"line":32,"column":25},"end":{"line":38,"column":3}},"1":{"start":{"line":41,"column":2},"end":{"line":63,"column":3}},"2":{"start":{"line":48,"column":4},"end":{"line":60,"column":5}},"3":{"start":{"line":49,"column":6},"end":{"line":49,"column":35}},"4":{"start":{"line":50,"column":6},"end":{"line":50,"column":67}},"5":{"start":{"line":51,"column":6},"end":{"line":51,"column":110}},"6":{"start":{"line":53,"column":6},"end":{"line":55,"column":7}},"7":{"start":{"line":54,"column":8},"end":{"line":54,"column":81}},"8":{"start":{"line":57,"column":6},"end":{"line":57,"column":38}},"9":{"start":{"line":58,"column":6},"end":{"line":58,"column":56}},"10":{"start":{"line":59,"column":6},"end":{"line":59,"column":96}},"11":{"start":{"line":62,"column":4},"end":{"line":62,"column":26}},"12":{"start":{"line":66,"column":17},"end":{"line":66,"column":56}},"13":{"start":{"line":67,"column":2},"end":{"line":67,"column":33}},"14":{"start":{"line":70,"column":17},"end":{"line":74,"column":36}},"15":{"start":{"line":76,"column":2},"end":{"line":76,"column":33}},"16":{"start":{"line":79,"column":2},"end":{"line":125,"column":3}},"17":{"start":{"line":81,"column":6},"end":{"line":81,"column":37}},"18":{"start":{"line":82,"column":6},"end":{"line":82,"column":87}},"19":{"start":{"line":83,"column":6},"end":{"line":83,"column":12}},"20":{"start":{"line":86,"column":6},"end":{"line":86,"column":40}},"21":{"start":{"line":87,"column":6},"end":{"line":87,"column":85}},"22":{"start":{"line":88,"column":6},"end":{"line":88,"column":12}},"23":{"start":{"line":91,"column":6},"end":{"line":91,"column":40}},"24":{"start":{"line":92,"column":6},"end":{"line":92,"column":61}},"25":{"start":{"line":93,"column":6},"end":{"line":93,"column":12}},"26":{"start":{"line":96,"column":6},"end":{"line":96,"column":41}},"27":{"start":{"line":97,"column":6},"end":{"line":97,"column":103}},"28":{"start":{"line":98,"column":6},"end":{"line":98,"column":12}},"29":{"start":{"line":104,"column":6},"end":{"line":104,"column":37}},"30":{"start":{"line":107,"column":6},"end":{"line":113,"column":7}},"31":{"start":{"line":108,"column":8},"end":{"line":108,"column":97}},"32":{"start":{"line":109,"column":13},"end":{"line":113,"column":7}},"33":{"start":{"line":110,"column":8},"end":{"line":110,"column":70}},"34":{"start":{"line":112,"column":8},"end":{"line":112,"column":85}},"35":{"start":{"line":114,"column":6},"end":{"line":114,"column":12}},"36":{"start":{"line":118,"column":6},"end":{"line":118,"column":38}},"37":{"start":{"line":119,"column":6},"end":{"line":119,"column":96}},"38":{"start":{"line":120,"column":6},"end":{"line":120,"column":12}},"39":{"start":{"line":123,"column":6},"end":{"line":123,"column":38}},"40":{"start":{"line":124,"column":6},"end":{"line":124,"column":81}},"41":{"start":{"line":127,"column":2},"end":{"line":127,"column":24}},"42":{"start":{"line":137,"column":19},"end":{"line":146,"column":3}},"43":{"start":{"line":148,"column":2},"end":{"line":148,"column":44}},"44":{"start":{"line":158,"column":2},"end":{"line":160,"column":41}},"45":{"start":{"line":170,"column":17},"end":{"line":170,"column":31}},"46":{"start":{"line":172,"column":2},"end":{"line":184,"column":3}},"47":{"start":{"line":173,"column":4},"end":{"line":173,"column":45}},"48":{"start":{"line":174,"column":4},"end":{"line":174,"column":51}},"49":{"start":{"line":175,"column":4},"end":{"line":175,"column":55}},"50":{"start":{"line":176,"column":4},"end":{"line":176,"column":55}},"51":{"start":{"line":177,"column":4},"end":{"line":177,"column":66}},"52":{"start":{"line":178,"column":4},"end":{"line":180,"column":5}},"53":{"start":{"line":179,"column":6},"end":{"line":179,"column":70}},"54":{"start":{"line":181,"column":4},"end":{"line":181,"column":23}},"55":{"start":{"line":183,"column":4},"end":{"line":183,"column":80}}},"fnMap":{"0":{"name":"classifyApiError","decl":{"start":{"line":30,"column":16},"end":{"line":30,"column":32}},"loc":{"start":{"line":30,"column":38},"end":{"line":128,"column":1}},"line":30},"1":{"name":"getUserMessage","decl":{"start":{"line":136,"column":16},"end":{"line":136,"column":30}},"loc":{"start":{"line":136,"column":37},"end":{"line":149,"column":1}},"line":136},"2":{"name":"isRetryable","decl":{"start":{"line":157,"column":16},"end":{"line":157,"column":27}},"loc":{"start":{"line":157,"column":45},"end":{"line":161,"column":1}},"line":157},"3":{"name":"logError","decl":{"start":{"line":169,"column":16},"end":{"line":169,"column":24}},"loc":{"start":{"line":169,"column":51},"end":{"line":185,"column":1}},"line":169}},"branchMap":{"0":{"loc":{"start":{"line":41,"column":2},"end":{"line":63,"column":3}},"type":"if","locations":[{"start":{"line":41,"column":2},"end":{"line":63,"column":3}},{"start":{},"end":{}}],"line":41},"1":{"loc":{"start":{"line":41,"column":6},"end":{"line":44,"column":46}},"type":"binary-expr","locations":[{"start":{"line":41,"column":6},"end":{"line":41,"column":30}},{"start":{"line":42,"column":6},"end":{"line":42,"column":37}},{"start":{"line":43,"column":6},"end":{"line":43,"column":32}},{"start":{"line":44,"column":6},"end":{"line":44,"column":46}}],"line":41},"2":{"loc":{"start":{"line":48,"column":4},"end":{"line":60,"column":5}},"type":"if","locations":[{"start":{"line":48,"column":4},"end":{"line":60,"column":5}},{"start":{"line":56,"column":11},"end":{"line":60,"column":5}}],"line":48},"3":{"loc":{"start":{"line":48,"column":8},"end":{"line":48,"column":36}},"type":"binary-expr","locations":[{"start":{"line":48,"column":8},"end":{"line":48,"column":21}},{"start":{"line":48,"column":25},"end":{"line":48,"column":36}}],"line":48},"4":{"loc":{"start":{"line":53,"column":6},"end":{"line":55,"column":7}},"type":"if","locations":[{"start":{"line":53,"column":6},"end":{"line":55,"column":7}},{"start":{},"end":{}}],"line":53},"5":{"loc":{"start":{"line":66,"column":17},"end":{"line":66,"column":56}},"type":"binary-expr","locations":[{"start":{"line":66,"column":17},"end":{"line":66,"column":37}},{"start":{"line":66,"column":41},"end":{"line":66,"column":51}},{"start":{"line":66,"column":55},"end":{"line":66,"column":56}}],"line":66},"6":{"loc":{"start":{"line":70,"column":17},"end":{"line":74,"column":36}},"type":"binary-expr","locations":[{"start":{"line":70,"column":17},"end":{"line":70,"column":43}},{"start":{"line":71,"column":17},"end":{"line":71,"column":44}},{"start":{"line":72,"column":17},"end":{"line":72,"column":37}},{"start":{"line":73,"column":17},"end":{"line":73,"column":28}},{"start":{"line":74,"column":17},"end":{"line":74,"column":36}}],"line":70},"7":{"loc":{"start":{"line":79,"column":2},"end":{"line":125,"column":3}},"type":"switch","locations":[{"start":{"line":80,"column":4},"end":{"line":83,"column":12}},{"start":{"line":85,"column":4},"end":{"line":88,"column":12}},{"start":{"line":90,"column":4},"end":{"line":93,"column":12}},{"start":{"line":95,"column":4},"end":{"line":98,"column":12}},{"start":{"line":100,"column":4},"end":{"line":100,"column":13}},{"start":{"line":101,"column":4},"end":{"line":101,"column":13}},{"start":{"line":102,"column":4},"end":{"line":102,"column":13}},{"start":{"line":103,"column":4},"end":{"line":114,"column":12}},{"start":{"line":116,"column":4},"end":{"line":120,"column":12}},{"start":{"line":122,"column":4},"end":{"line":124,"column":81}}],"line":79},"8":{"loc":{"start":{"line":97,"column":35},"end":{"line":97,"column":102}},"type":"binary-expr","locations":[{"start":{"line":97,"column":35},"end":{"line":97,"column":41}},{"start":{"line":97,"column":45},"end":{"line":97,"column":102}}],"line":97},"9":{"loc":{"start":{"line":107,"column":6},"end":{"line":113,"column":7}},"type":"if","locations":[{"start":{"line":107,"column":6},"end":{"line":113,"column":7}},{"start":{"line":109,"column":13},"end":{"line":113,"column":7}}],"line":107},"10":{"loc":{"start":{"line":109,"column":13},"end":{"line":113,"column":7}},"type":"if","locations":[{"start":{"line":109,"column":13},"end":{"line":113,"column":7}},{"start":{"line":111,"column":13},"end":{"line":113,"column":7}}],"line":109},"11":{"loc":{"start":{"line":124,"column":35},"end":{"line":124,"column":80}},"type":"binary-expr","locations":[{"start":{"line":124,"column":35},"end":{"line":124,"column":41}},{"start":{"line":124,"column":45},"end":{"line":124,"column":80}}],"line":124},"12":{"loc":{"start":{"line":148,"column":9},"end":{"line":148,"column":43}},"type":"binary-expr","locations":[{"start":{"line":148,"column":9},"end":{"line":148,"column":23}},{"start":{"line":148,"column":27},"end":{"line":148,"column":43}}],"line":148},"13":{"loc":{"start":{"line":158,"column":9},"end":{"line":160,"column":40}},"type":"binary-expr","locations":[{"start":{"line":158,"column":9},"end":{"line":158,"column":43}},{"start":{"line":159,"column":9},"end":{"line":159,"column":42}},{"start":{"line":160,"column":9},"end":{"line":160,"column":40}}],"line":158},"14":{"loc":{"start":{"line":172,"column":2},"end":{"line":184,"column":3}},"type":"if","locations":[{"start":{"line":172,"column":2},"end":{"line":184,"column":3}},{"start":{"line":182,"column":9},"end":{"line":184,"column":3}}],"line":172},"15":{"loc":{"start":{"line":178,"column":4},"end":{"line":180,"column":5}},"type":"if","locations":[{"start":{"line":178,"column":4},"end":{"line":180,"column":5}},{"start":{},"end":{}}],"line":178}},"s":{"0":38,"1":38,"2":8,"3":4,"4":4,"5":4,"6":4,"7":0,"8":4,"9":4,"10":4,"11":8,"12":30,"13":30,"14":30,"15":30,"16":30,"17":4,"18":4,"19":4,"20":3,"21":3,"22":3,"23":1,"24":1,"25":1,"26":2,"27":2,"28":2,"29":15,"30":15,"31":1,"32":14,"33":2,"34":12,"35":15,"36":4,"37":4,"38":4,"39":1,"40":1,"41":30,"42":7,"43":7,"44":11,"45":26,"46":26,"47":0,"48":0,"49":0,"50":0,"51":0,"52":0,"53":0,"54":0,"55":26},"f":{"0":38,"1":7,"2":11,"3":26},"b":{"0":[8,30],"1":[38,36,30,30],"2":[4,4],"3":[8,8],"4":[0,4],"5":[30,29,4],"6":[30,28,28,28,0],"7":[4,3,1,2,15,15,15,15,4,1],"8":[2,0],"9":[1,14],"10":[2,12],"11":[1,0],"12":[7,1],"13":[11,6,5],"14":[0,26],"15":[0,0]},"_coverageSchema":"1a1c01bbd47fc00a2c39e90264f33305004495a9","hash":"f8a0b7705c207276b49da8c49ce82e29dfb38163"}
,"/home/runner/work/previso-fe/previso-fe/src/utils/downloadHelper.js": {"path":"/home/runner/work/previso-fe/previso-fe/src/utils/downloadHelper.js","statementMap":{"0":{"start":{"line":10,"column":28},"end":{"line":20,"column":1}},"1":{"start":{"line":11,"column":15},"end":{"line":11,"column":84}},"2":{"start":{"line":12,"column":14},"end":{"line":12,"column":46}},"3":{"start":{"line":13,"column":15},"end":{"line":13,"column":42}},"4":{"start":{"line":14,"column":2},"end":{"line":14,"column":18}},"5":{"start":{"line":15,"column":2},"end":{"line":15,"column":27}},"6":{"start":{"line":16,"column":2},"end":{"line":16,"column":34}},"7":{"start":{"line":17,"column":2},"end":{"line":17,"column":15}},"8":{"start":{"line":18,"column":2},"end":{"line":18,"column":34}},"9":{"start":{"line":19,"column":2},"end":{"line":19,"column":34}},"10":{"start":{"line":27,"column":30},"end":{"line":39,"column":1}},"11":{"start":{"line":28,"column":23},"end":{"line":36,"column":3}},"12":{"start":{"line":38,"column":2},"end":{"line":38,"column":74}}},"fnMap":{"0":{"name":"(anonymous_0)","decl":{"start":{"line":10,"column":28},"end":{"line":10,"column":29}},"loc":{"start":{"line":10,"column":61},"end":{"line":20,"column":1}},"line":10},"1":{"name":"(anonymous_1)","decl":{"start":{"line":27,"column":30},"end":{"line":27,"column":31}},"loc":{"start":{"line":27,"column":42},"end":{"line":39,"column":1}},"line":27}},"branchMap":{"0":{"loc":{"start":{"line":11,"column":15},"end":{"line":11,"column":84}},"type":"cond-expr","locations":[{"start":{"line":11,"column":38},"end":{"line":11,"column":42}},{"start":{"line":11,"column":45},"end":{"line":11,"column":84}}],"line":11},"1":{"loc":{"start":{"line":38,"column":9},"end":{"line":38,"column":73}},"type":"binary-expr","locations":[{"start":{"line":38,"column":9},"end":{"line":38,"column":43}},{"start":{"line":38,"column":47},"end":{"line":38,"column":73}}],"line":38}},"s":{"0":0,"1":0,"2":0,"3":0,"4":0,"5":0,"6":0,"7":0,"8":0,"9":0,"10":0,"11":0,"12":0},"f":{"0":0,"1":0},"b":{"0":[0,0],"1":[0,0]}}
,"/home/runner/work/previso-fe/previso-fe/src/utils/errorUtils.js": {"path":"/home/runner/work/previso-fe/previso-fe/src/utils/errorUtils.js","statementMap":{"0":{"start":{"line":8,"column":2},"end":{"line":10,"column":3}},"1":{"start":{"line":9,"column":4},"end":{"line":9,"column":21}},"2":{"start":{"line":12,"column":17},"end":{"line":12,"column":53}},"3":{"start":{"line":14,"column":2},"end":{"line":14,"column":38}},"4":{"start":{"line":14,"column":22},"end":{"line":14,"column":38}},"5":{"start":{"line":15,"column":2},"end":{"line":15,"column":41}},"6":{"start":{"line":15,"column":22},"end":{"line":15,"column":41}},"7":{"start":{"line":17,"column":2},"end":{"line":17,"column":19}},"8":{"start":{"line":27,"column":2},"end":{"line":37,"column":3}},"9":{"start":{"line":29,"column":6},"end":{"line":29,"column":50}},"10":{"start":{"line":31,"column":6},"end":{"line":31,"column":54}},"11":{"start":{"line":33,"column":6},"end":{"line":33,"column":38}},"12":{"start":{"line":36,"column":6},"end":{"line":36,"column":32}}},"fnMap":{"0":{"name":"classifyError","decl":{"start":{"line":7,"column":16},"end":{"line":7,"column":29}},"loc":{"start":{"line":7,"column":35},"end":{"line":18,"column":1}},"line":7},"1":{"name":"getErrorMessage","decl":{"start":{"line":26,"column":16},"end":{"line":26,"column":31}},"loc":{"start":{"line":26,"column":42},"end":{"line":38,"column":1}},"line":26}},"branchMap":{"0":{"loc":{"start":{"line":8,"column":2},"end":{"line":10,"column":3}},"type":"if","locations":[{"start":{"line":8,"column":2},"end":{"line":10,"column":3}},{"start":{},"end":{}}],"line":8},"1":{"loc":{"start":{"line":8,"column":6},"end":{"line":8,"column":95}},"type":"binary-expr","locations":[{"start":{"line":8,"column":6},"end":{"line":8,"column":30}},{"start":{"line":8,"column":34},"end":{"line":8,"column":65}},{"start":{"line":8,"column":69},"end":{"line":8,"column":95}}],"line":8},"2":{"loc":{"start":{"line":12,"column":17},"end":{"line":12,"column":53}},"type":"binary-expr","locations":[{"start":{"line":12,"column":17},"end":{"line":12,"column":38}},{"start":{"line":12,"column":42},"end":{"line":12,"column":53}}],"line":12},"3":{"loc":{"start":{"line":14,"column":2},"end":{"line":14,"column":38}},"type":"if","locations":[{"start":{"line":14,"column":2},"end":{"line":14,"column":38}},{"start":{},"end":{}}],"line":14},"4":{"loc":{"start":{"line":15,"column":2},"end":{"line":15,"column":41}},"type":"if","locations":[{"start":{"line":15,"column":2},"end":{"line":15,"column":41}},{"start":{},"end":{}}],"line":15},"5":{"loc":{"start":{"line":27,"column":2},"end":{"line":37,"column":3}},"type":"switch","locations":[{"start":{"line":28,"column":4},"end":{"line":29,"column":50}},{"start":{"line":30,"column":4},"end":{"line":31,"column":54}},{"start":{"line":32,"column":4},"end":{"line":33,"column":38}},{"start":{"line":34,"column":4},"end":{"line":34,"column":19}},{"start":{"line":35,"column":4},"end":{"line":36,"column":32}}],"line":27}},"s":{"0":0,"1":0,"2":0,"3":0,"4":0,"5":0,"6":0,"7":0,"8":0,"9":0,"10":0,"11":0,"12":0},"f":{"0":0,"1":0},"b":{"0":[0,0],"1":[0,0,0],"2":[0,0],"3":[0,0],"4":[0,0],"5":[0,0,0,0,0]}}
,"/home/runner/work/previso-fe/previso-fe/src/utils/probability.js": {"path":"/home/runner/work/previso-fe/previso-fe/src/utils/probability.js","statementMap":{"0":{"start":{"line":8,"column":2},"end":{"line":8,"column":65}},"1":{"start":{"line":8,"column":56},"end":{"line":8,"column":65}},"2":{"start":{"line":9,"column":12},"end":{"line":9,"column":21}},"3":{"start":{"line":10,"column":2},"end":{"line":10,"column":29}},"4":{"start":{"line":10,"column":20},"end":{"line":10,"column":29}},"5":{"start":{"line":11,"column":2},"end":{"line":11,"column":35}},"6":{"start":{"line":11,"column":26},"end":{"line":11,"column":35}},"7":{"start":{"line":12,"column":2},"end":{"line":12,"column":37}},"8":{"start":{"line":22,"column":14},"end":{"line":22,"column":51}},"9":{"start":{"line":23,"column":2},"end":{"line":23,"column":35}}},"fnMap":{"0":{"name":"clampProbability","decl":{"start":{"line":7,"column":16},"end":{"line":7,"column":32}},"loc":{"start":{"line":7,"column":36},"end":{"line":13,"column":1}},"line":7},"1":{"name":"formatProbabilityPct","decl":{"start":{"line":21,"column":16},"end":{"line":21,"column":36}},"loc":{"start":{"line":21,"column":52},"end":{"line":24,"column":1}},"line":21}},"branchMap":{"0":{"loc":{"start":{"line":8,"column":2},"end":{"line":8,"column":65}},"type":"if","locations":[{"start":{"line":8,"column":2},"end":{"line":8,"column":65}},{"start":{},"end":{}}],"line":8},"1":{"loc":{"start":{"line":8,"column":6},"end":{"line":8,"column":54}},"type":"binary-expr","locations":[{"start":{"line":8,"column":6},"end":{"line":8,"column":16}},{"start":{"line":8,"column":20},"end":{"line":8,"column":35}},{"start":{"line":8,"column":39},"end":{"line":8,"column":54}}],"line":8},"2":{"loc":{"start":{"line":10,"column":2},"end":{"line":10,"column":29}},"type":"if","locations":[{"start":{"line":10,"column":2},"end":{"line":10,"column":29}},{"start":{},"end":{}}],"line":10},"3":{"loc":{"start":{"line":11,"column":2},"end":{"line":11,"column":35}},"type":"if","locations":[{"start":{"line":11,"column":2},"end":{"line":11,"column":35}},{"start":{},"end":{}}],"line":11},"4":{"loc":{"start":{"line":21,"column":40},"end":{"line":21,"column":50}},"type":"default-arg","locations":[{"start":{"line":21,"column":49},"end":{"line":21,"column":50}}],"line":21}},"s":{"0":84,"1":7,"2":77,"3":77,"4":2,"5":75,"6":9,"7":66,"8":11,"9":11},"f":{"0":84,"1":11},"b":{"0":[7,77],"1":[84,80,78],"2":[2,75],"3":[9,66],"4":[8]},"_coverageSchema":"1a1c01bbd47fc00a2c39e90264f33305004495a9","hash":"4947aae13dfaad3984e5d6bfe12b8951bea81958"}
}
