{"/home/runner/work/previso-fe/previso-fe/src/App.jsx": {"path":"/home/runner/work/previso-fe/previso-fe/src/App.jsx","statementMap":{"0":{"start":{"line":22,"column":38},"end":{"line":22,"column":47}},"1":{"start":{"line":24,"column":2},"end":{"line":26,"column":3}},"2":{"start":{"line":25,"column":4},"end":{"line":25,"column":138}},"3":{"start":{"line":28,"column":2},"end":{"line":87,"column":4}}},"fnMap":{"0":{"name":"App","decl":{"start":{"line":21,"column":9},"end":{"line":21,"column":12}},"loc":{"start":{"line":21,"column":15},"end":{"line":88,"column":1}},"line":21}},"branchMap":{"0":{"loc":{"start":{"line":24,"column":2},"end":{"line":26,"column":3}},"type":"if","locations":[{"start":{"line":24,"column":2},"end":{"line":26,"column":3}},{"start":{},"end":{}}],"line":24},"1":{"loc":{"start":{"line":33,"column":17},"end":{"line":33,"column":69}},"type":"cond-expr","locations":[{"start":{"line":33,"column":25},"end":{"line":33,"column":38}},{"start":{"line":33,"column":41},"end":{"line":33,"column":69}}],"line":33},"2":{"loc":{"start":{"line":37,"column":17},"end":{"line":37,"column":70}},"type":"cond-expr","locations":[{"start":{"line":37,"column":25},"end":{"line":37,"column":39}},{"start":{"line":37,"column":42},"end":{"line":37,"column":70}}],"line":37},"3":{"loc":{"start":{"line":41,"column":17},"end":{"line":41,"column":79}},"type":"cond-expr","locations":[{"start":{"line":41,"column":25},"end":{"line":41,"column":48}},{"start":{"line":41,"column":51},"end":{"line":41,"column":79}}],"line":41},"4":{"loc":{"start":{"line":54,"column":19},"end":{"line":54,"column":91}},"type":"cond-expr","locations":[{"start":{"line":54,"column":46},"end":{"line":54,"column":68}},{"start":{"line":54,"column":71},"end":{"line":54,"column":91}}],"line":54},"5":{"loc":{"start":{"line":81,"column":33},"end":{"line":81,"column":63}},"type":"cond-expr","locations":[{"start":{"line":81,"column":40},"end":{"line":81,"column":52}},{"start":{"line":81,"column":55},"end":{"line":81,"column":63}}],"line":81}},"s":{"0":0,"1":0,"2":0,"3":0},"f":{"0":0},"b":{"0":[0,0],"1":[0,0],"2":[0,0],"3":[0,0],"4":[0,0],"5":[0,0]}}
,"/home/runner/work/previso-fe/previso-fe/src/api/supabaseClient.js": {"path":"/home/runner/work/previso-fe/previso-fe/src/api/supabaseClient.js","statementMap":{"0":{"start":{"line":5,"column":21},"end":{"line":5,"column":54}},"1":{"start":{"line":6,"column":26},"end":{"line":6,"column":64}},"2":{"start":{"line":8,"column":0},"end":{"line":12,"column":1}},"3":{"start":{"line":9,"column":2},"end":{"line":11,"column":4}},"4":{"start":{"line":14,"column":24},"end":{"line":14,"column":69}},"5":{"start":{"line":16,"column":0},"end":{"line":16,"column":69}}},"fnMap":{},"branchMap":{"0":{"loc":{"start":{"line":8,"column":0},"end":{"line":12,"column":1}},"type":"if","locations":[{"start":{"line":8,"column":0},"end":{"line":12,"column":1}},{"start":{},"end":{}}],"line":8},"1":{"loc":{"start":{"line":8,"column":4},"end":{"line":8,"column":39}},"type":"binary-expr","locations":[{"start":{"line":8,"column":4},"end":{"line":8,"column":17}},{"start":{"line":8,"column":21},"end":{"line":8,"column":39}}],"line":8}},"s":{"0":0,"1":0,"2":0,"3":0,"4":0,"5":0},"f":{},"b":{"0":[0,0],"1":[0,0]}}
,"/home/runner/work/previso-fe/previso-fe/src/components/DailyPredictionCard.jsx": {"path":"/home/runner/work/previso-fe/previso-fe/src/components/DailyPredictionCard.jsx","statementMap":{"0":{"start":{"line":5,"column":23},"end":{"line":9,"column":1}},"1":{"start":{"line":6,"column":2},"end":{"line":8,"column":8}},"2":{"start":{"line":15,"column":28},"end":{"line":83,"column":1}},"3":{"start":{"line":16,"column":38},"end":{"line":16,"column":52}},"4":{"start":{"line":17,"column":36},"end":{"line":17,"column":50}},"5":{"start":{"line":18,"column":28},"end":{"line":18,"column":42}},"6":{"start":{"line":20,"column":2},"end":{"line":58,"column":30}},"7":{"start":{"line":21,"column":28},"end":{"line":55,"column":5}},"8":{"start":{"line":22,"column":6},"end":{"line":26,"column":7}},"9":{"start":{"line":23,"column":8},"end":{"line":23,"column":71}},"10":{"start":{"line":24,"column":8},"end":{"line":24,"column":28}},"11":{"start":{"line":25,"column":8},"end":{"line":25,"column":15}},"12":{"start":{"line":30,"column":23},"end":{"line":37,"column":7}},"13":{"start":{"line":39,"column":6},"end":{"line":54,"column":7}},"14":{"start":{"line":40,"column":8},"end":{"line":40,"column":27}},"15":{"start":{"line":41,"column":8},"end":{"line":41,"column":23}},"16":{"start":{"line":42,"column":23},"end":{"line":42,"column":67}},"17":{"start":{"line":44,"column":8},"end":{"line":48,"column":9}},"18":{"start":{"line":45,"column":10},"end":{"line":45,"column":32}},"19":{"start":{"line":47,"column":10},"end":{"line":47,"column":74}},"20":{"start":{"line":50,"column":8},"end":{"line":50,"column":67}},"21":{"start":{"line":51,"column":8},"end":{"line":51,"column":25}},"22":{"start":{"line":53,"column":8},"end":{"line":53,"column":28}},"23":{"start":{"line":57,"column":4},"end":{"line":57,"column":22}},"24":{"start":{"line":60,"column":2},"end":{"line":60,"column":43}},"25":{"start":{"line":60,"column":17},"end":{"line":60,"column":43}},"26":{"start":{"line":61,"column":2},"end":{"line":61,"column":183}},"27":{"start":{"line":61,"column":28},"end":{"line":61,"column":183}},"28":{"start":{"line":63,"column":51},"end":{"line":63,"column":61}},"29":{"start":{"line":64,"column":26},"end":{"line":64,"column":87}},"30":{"start":{"line":65,"column":20},"end":{"line":65,"column":73}},"31":{"start":{"line":67,"column":2},"end":{"line":82,"column":4}}},"fnMap":{"0":{"name":"(anonymous_0)","decl":{"start":{"line":5,"column":23},"end":{"line":5,"column":24}},"loc":{"start":{"line":6,"column":2},"end":{"line":8,"column":8}},"line":6},"1":{"name":"(anonymous_1)","decl":{"start":{"line":15,"column":28},"end":{"line":15,"column":29}},"loc":{"start":{"line":15,"column":59},"end":{"line":83,"column":1}},"line":15},"2":{"name":"(anonymous_2)","decl":{"start":{"line":20,"column":12},"end":{"line":20,"column":13}},"loc":{"start":{"line":20,"column":18},"end":{"line":58,"column":3}},"line":20},"3":{"name":"(anonymous_3)","decl":{"start":{"line":21,"column":28},"end":{"line":21,"column":29}},"loc":{"start":{"line":21,"column":40},"end":{"line":55,"column":5}},"line":21}},"branchMap":{"0":{"loc":{"start":{"line":22,"column":6},"end":{"line":26,"column":7}},"type":"if","locations":[{"start":{"line":22,"column":6},"end":{"line":26,"column":7}},{"start":{},"end":{}}],"line":22},"1":{"loc":{"start":{"line":22,"column":10},"end":{"line":22,"column":35}},"type":"binary-expr","locations":[{"start":{"line":22,"column":10},"end":{"line":22,"column":24}},{"start":{"line":22,"column":28},"end":{"line":22,"column":35}}],"line":22},"2":{"loc":{"start":{"line":31,"column":21},"end":{"line":31,"column":62}},"type":"binary-expr","locations":[{"start":{"line":31,"column":21},"end":{"line":31,"column":57}},{"start":{"line":31,"column":61},"end":{"line":31,"column":62}}],"line":31},"3":{"loc":{"start":{"line":32,"column":23},"end":{"line":32,"column":66}},"type":"binary-expr","locations":[{"start":{"line":32,"column":23},"end":{"line":32,"column":61}},{"start":{"line":32,"column":65},"end":{"line":32,"column":66}}],"line":32},"4":{"loc":{"start":{"line":33,"column":20},"end":{"line":33,"column":60}},"type":"binary-expr","locations":[{"start":{"line":33,"column":20},"end":{"line":33,"column":55}},{"start":{"line":33,"column":59},"end":{"line":33,"column":60}}],"line":33},"5":{"loc":{"start":{"line":34,"column":20},"end":{"line":34,"column":61}},"type":"binary-expr","locations":[{"start":{"line":34,"column":20},"end":{"line":34,"column":56}},{"start":{"line":34,"column":60},"end":{"line":34,"column":61}}],"line":34},"6":{"loc":{"start":{"line":44,"column":8},"end":{"line":48,"column":9}},"type":"if","locations":[{"start":{"line":44,"column":8},"end":{"line":48,"column":9}},{"start":{"line":46,"column":15},"end":{"line":48,"column":9}}],"line":44},"7":{"loc":{"start":{"line":50,"column":17},"end":{"line":50,"column":65}},"type":"binary-expr","locations":[{"start":{"line":50,"column":17},"end":{"line":50,"column":26}},{"start":{"line":50,"column":30},"end":{"line":50,"column":65}}],"line":50},"8":{"loc":{"start":{"line":60,"column":2},"end":{"line":60,"column":43}},"type":"if","locations":[{"start":{"line":60,"column":2},"end":{"line":60,"column":43}},{"start":{},"end":{}}],"line":60},"9":{"loc":{"start":{"line":61,"column":2},"end":{"line":61,"column":183}},"type":"if","locations":[{"start":{"line":61,"column":2},"end":{"line":61,"column":183}},{"start":{},"end":{}}],"line":61},"10":{"loc":{"start":{"line":61,"column":6},"end":{"line":61,"column":26}},"type":"binary-expr","locations":[{"start":{"line":61,"column":6},"end":{"line":61,"column":11}},{"start":{"line":61,"column":15},"end":{"line":61,"column":26}}],"line":61},"11":{"loc":{"start":{"line":61,"column":143},"end":{"line":61,"column":175}},"type":"binary-expr","locations":[{"start":{"line":61,"column":143},"end":{"line":61,"column":148}},{"start":{"line":61,"column":152},"end":{"line":61,"column":175}}],"line":61},"12":{"loc":{"start":{"line":64,"column":38},"end":{"line":64,"column":79}},"type":"binary-expr","locations":[{"start":{"line":64,"column":38},"end":{"line":64,"column":74}},{"start":{"line":64,"column":78},"end":{"line":64,"column":79}}],"line":64},"13":{"loc":{"start":{"line":65,"column":20},"end":{"line":65,"column":73}},"type":"cond-expr","locations":[{"start":{"line":65,"column":58},"end":{"line":65,"column":65}},{"start":{"line":65,"column":68},"end":{"line":65,"column":73}}],"line":65}},"s":{"0":0,"1":0,"2":0,"3":0,"4":0,"5":0,"6":0,"7":0,"8":0,"9":0,"10":0,"11":0,"12":0,"13":0,"14":0,"15":0,"16":0,"17":0,"18":0,"19":0,"20":0,"21":0,"22":0,"23":0,"24":0,"25":0,"26":0,"27":0,"28":0,"29":0,"30":0,"31":0},"f":{"0":0,"1":0,"2":0,"3":0},"b":{"0":[0,0],"1":[0,0],"2":[0,0],"3":[0,0],"4":[0,0],"5":[0,0],"6":[0,0],"7":[0,0],"8":[0,0],"9":[0,0],"10":[0,0],"11":[0,0],"12":[0,0],"13":[0,0]}}
,"/home/runner/work/previso-fe/previso-fe/src/components/Header.jsx": {"path":"/home/runner/work/previso-fe/previso-fe/src/components/Header.jsx","statementMap":{"0":{"start":{"line":7,"column":15},"end":{"line":122,"column":1}},"1":{"start":{"line":8,"column":21},"end":{"line":8,"column":30}},"2":{"start":{"line":9,"column":19},"end":{"line":9,"column":32}},"3":{"start":{"line":10,"column":42},"end":{"line":10,"column":57}},"4":{"start":{"line":12,"column":23},"end":{"line":19,"column":3}},"5":{"start":{"line":13,"column":4},"end":{"line":18,"column":5}},"6":{"start":{"line":14,"column":6},"end":{"line":14,"column":21}},"7":{"start":{"line":15,"column":6},"end":{"line":15,"column":25}},"8":{"start":{"line":17,"column":6},"end":{"line":17,"column":61}},"9":{"start":{"line":21,"column":2},"end":{"line":121,"column":4}},"10":{"start":{"line":31,"column":27},"end":{"line":31,"column":48}},"11":{"start":{"line":57,"column":31},"end":{"line":57,"column":53}},"12":{"start":{"line":111,"column":31},"end":{"line":111,"column":53}}},"fnMap":{"0":{"name":"(anonymous_0)","decl":{"start":{"line":7,"column":15},"end":{"line":7,"column":16}},"loc":{"start":{"line":7,"column":21},"end":{"line":122,"column":1}},"line":7},"1":{"name":"(anonymous_1)","decl":{"start":{"line":12,"column":23},"end":{"line":12,"column":24}},"loc":{"start":{"line":12,"column":35},"end":{"line":19,"column":3}},"line":12},"2":{"name":"(anonymous_2)","decl":{"start":{"line":31,"column":21},"end":{"line":31,"column":22}},"loc":{"start":{"line":31,"column":27},"end":{"line":31,"column":48}},"line":31},"3":{"name":"(anonymous_3)","decl":{"start":{"line":57,"column":25},"end":{"line":57,"column":26}},"loc":{"start":{"line":57,"column":31},"end":{"line":57,"column":53}},"line":57},"4":{"name":"(anonymous_4)","decl":{"start":{"line":111,"column":25},"end":{"line":111,"column":26}},"loc":{"start":{"line":111,"column":31},"end":{"line":111,"column":53}},"line":111}},"branchMap":{"0":{"loc":{"start":{"line":48,"column":7},"end":{"line":119,"column":7}},"type":"binary-expr","locations":[{"start":{"line":48,"column":7},"end":{"line":48,"column":19}},{"start":{"line":49,"column":8},"end":{"line":118,"column":14}}],"line":48}},"s":{"0":0,"1":0,"2":0,"3":0,"4":0,"5":0,"6":0,"7":0,"8":0,"9":0,"10":0,"11":0,"12":0},"f":{"0":0,"1":0,"2":0,"3":0,"4":0},"b":{"0":[0,0]}}
,"/home/runner/work/previso-fe/previso-fe/src/components/Layout.jsx": {"path":"/home/runner/work/previso-fe/previso-fe/src/components/Layout.jsx","statementMap":{"0":{"start":{"line":7,"column":15},"end":{"line":94,"column":1}},"1":{"start":{"line":8,"column":42},"end":{"line":8,"column":57}},"2":{"start":{"line":10,"column":2},"end":{"line":93,"column":4}},"3":{"start":{"line":24,"column":29},"end":{"line":24,"column":50}},"4":{"start":{"line":45,"column":29},"end":{"line":45,"column":51}},"5":{"start":{"line":84,"column":29},"end":{"line":84,"column":51}}},"fnMap":{"0":{"name":"(anonymous_0)","decl":{"start":{"line":7,"column":15},"end":{"line":7,"column":16}},"loc":{"start":{"line":7,"column":21},"end":{"line":94,"column":1}},"line":7},"1":{"name":"(anonymous_1)","decl":{"start":{"line":24,"column":23},"end":{"line":24,"column":24}},"loc":{"start":{"line":24,"column":29},"end":{"line":24,"column":50}},"line":24},"2":{"name":"(anonymous_2)","decl":{"start":{"line":45,"column":23},"end":{"line":45,"column":24}},"loc":{"start":{"line":45,"column":29},"end":{"line":45,"column":51}},"line":45},"3":{"name":"(anonymous_3)","decl":{"start":{"line":84,"column":23},"end":{"line":84,"column":24}},"loc":{"start":{"line":84,"column":29},"end":{"line":84,"column":51}},"line":84}},"branchMap":{"0":{"loc":{"start":{"line":41,"column":7},"end":{"line":91,"column":7}},"type":"binary-expr","locations":[{"start":{"line":41,"column":7},"end":{"line":41,"column":19}},{"start":{"line":42,"column":8},"end":{"line":90,"column":14}}],"line":41}},"s":{"0":0,"1":0,"2":0,"3":0,"4":0,"5":0},"f":{"0":0,"1":0,"2":0,"3":0},"b":{"0":[0,0]}}
,"/home/runner/work/previso-fe/previso-fe/src/components/LogoutButton.jsx": {"path":"/home/runner/work/previso-fe/previso-fe/src/components/LogoutButton.jsx","statementMap":{"0":{"start":{"line":6,"column":21},"end":{"line":33,"column":1}},"1":{"start":{"line":7,"column":30},"end":{"line":7,"column":39}},"2":{"start":{"line":8,"column":21},"end":{"line":8,"column":34}},"3":{"start":{"line":10,"column":25},"end":{"line":19,"column":5}},"4":{"start":{"line":11,"column":8},"end":{"line":18,"column":9}},"5":{"start":{"line":12,"column":12},"end":{"line":12,"column":28}},"6":{"start":{"line":14,"column":12},"end":{"line":14,"column":57}},"7":{"start":{"line":17,"column":12},"end":{"line":17,"column":31}},"8":{"start":{"line":22,"column":4},"end":{"line":22,"column":27}},"9":{"start":{"line":22,"column":15},"end":{"line":22,"column":27}},"10":{"start":{"line":24,"column":4},"end":{"line":32,"column":6}}},"fnMap":{"0":{"name":"(anonymous_0)","decl":{"start":{"line":6,"column":21},"end":{"line":6,"column":22}},"loc":{"start":{"line":6,"column":27},"end":{"line":33,"column":1}},"line":6},"1":{"name":"(anonymous_1)","decl":{"start":{"line":10,"column":25},"end":{"line":10,"column":26}},"loc":{"start":{"line":10,"column":37},"end":{"line":19,"column":5}},"line":10}},"branchMap":{"0":{"loc":{"start":{"line":22,"column":4},"end":{"line":22,"column":27}},"type":"if","locations":[{"start":{"line":22,"column":4},"end":{"line":22,"column":27}},{"start":{},"end":{}}],"line":22}},"s":{"0":0,"1":0,"2":0,"3":0,"4":0,"5":0,"6":0,"7":0,"8":0,"9":0,"10":0},"f":{"0":0,"1":0},"b":{"0":[0,0]}}
,"/home/runner/work/previso-fe/previso-fe/src/components/PredictionCard.jsx": {"path":"/home/runner/work/previso-fe/previso-fe/src/components/PredictionCard.jsx","statementMap":{"0":{"start":{"line":9,"column":26},"end":{"line":36,"column":1}},"1":{"start":{"line":56,"column":23},"end":{"line":186,"column":1}},"2":{"start":{"line":65,"column":25},"end":{"line":73,"column":3}},"3":{"start":{"line":83,"column":6},"end":{"line":83,"column":20}},"4":{"start":{"line":85,"column":17},"end":{"line":89,"column":3}},"5":{"start":{"line":91,"column":18},"end":{"line":91,"column":75}},"6":{"start":{"line":92,"column":22},"end":{"line":92,"column":51}},"7":{"start":{"line":93,"column":15},"end":{"line":93,"column":48}},"8":{"start":{"line":95,"column":2},"end":{"line":185,"column":4}},"9":{"start":{"line":161,"column":20},"end":{"line":163,"column":25}}},"fnMap":{"0":{"name":"(anonymous_0)","decl":{"start":{"line":56,"column":23},"end":{"line":56,"column":24}},"loc":{"start":{"line":63,"column":6},"end":{"line":186,"column":1}},"line":63},"1":{"name":"(anonymous_1)","decl":{"start":{"line":160,"column":49},"end":{"line":160,"column":50}},"loc":{"start":{"line":161,"column":20},"end":{"line":163,"column":25}},"line":161}},"branchMap":{"0":{"loc":{"start":{"line":62,"column":2},"end":{"line":62,"column":17}},"type":"default-arg","locations":[{"start":{"line":62,"column":16},"end":{"line":62,"column":17}}],"line":62},"1":{"loc":{"start":{"line":65,"column":25},"end":{"line":73,"column":3}},"type":"binary-expr","locations":[{"start":{"line":65,"column":25},"end":{"line":65,"column":35}},{"start":{"line":65,"column":39},"end":{"line":73,"column":3}}],"line":65},"2":{"loc":{"start":{"line":85,"column":17},"end":{"line":89,"column":3}},"type":"binary-expr","locations":[{"start":{"line":85,"column":17},"end":{"line":85,"column":44}},{"start":{"line":85,"column":48},"end":{"line":89,"column":3}}],"line":85},"3":{"loc":{"start":{"line":91,"column":18},"end":{"line":91,"column":75}},"type":"binary-expr","locations":[{"start":{"line":91,"column":18},"end":{"line":91,"column":42}},{"start":{"line":91,"column":46},"end":{"line":91,"column":75}}],"line":91},"4":{"loc":{"start":{"line":92,"column":22},"end":{"line":92,"column":51}},"type":"binary-expr","locations":[{"start":{"line":92,"column":22},"end":{"line":92,"column":31}},{"start":{"line":92,"column":35},"end":{"line":92,"column":51}}],"line":92},"5":{"loc":{"start":{"line":102,"column":13},"end":{"line":104,"column":13}},"type":"binary-expr","locations":[{"start":{"line":102,"column":13},"end":{"line":102,"column":24}},{"start":{"line":103,"column":14},"end":{"line":103,"column":84}}],"line":102},"6":{"loc":{"start":{"line":111,"column":7},"end":{"line":183,"column":7}},"type":"cond-expr","locations":[{"start":{"line":112,"column":8},"end":{"line":175,"column":11}},{"start":{"line":177,"column":8},"end":{"line":182,"column":14}}],"line":111},"7":{"loc":{"start":{"line":125,"column":11},"end":{"line":132,"column":11}},"type":"binary-expr","locations":[{"start":{"line":125,"column":11},"end":{"line":125,"column":26}},{"start":{"line":126,"column":12},"end":{"line":131,"column":18}}],"line":125},"8":{"loc":{"start":{"line":135,"column":11},"end":{"line":168,"column":11}},"type":"binary-expr","locations":[{"start":{"line":135,"column":11},"end":{"line":135,"column":22}},{"start":{"line":136,"column":12},"end":{"line":167,"column":18}}],"line":135},"9":{"loc":{"start":{"line":139,"column":17},"end":{"line":155,"column":17}},"type":"cond-expr","locations":[{"start":{"line":140,"column":18},"end":{"line":140,"column":44}},{"start":{"line":142,"column":18},"end":{"line":154,"column":25}}],"line":139},"10":{"loc":{"start":{"line":158,"column":15},"end":{"line":166,"column":15}},"type":"binary-expr","locations":[{"start":{"line":158,"column":15},"end":{"line":158,"column":24}},{"start":{"line":159,"column":16},"end":{"line":165,"column":21}}],"line":158},"11":{"loc":{"start":{"line":172,"column":50},"end":{"line":172,"column":84}},"type":"cond-expr","locations":[{"start":{"line":172,"column":70},"end":{"line":172,"column":75}},{"start":{"line":172,"column":78},"end":{"line":172,"column":84}}],"line":172},"12":{"loc":{"start":{"line":173,"column":13},"end":{"line":173,"column":67}},"type":"binary-expr","locations":[{"start":{"line":173,"column":13},"end":{"line":173,"column":29}},{"start":{"line":173,"column":33},"end":{"line":173,"column":67}}],"line":173}},"s":{"0":2,"1":2,"2":22,"3":22,"4":22,"5":22,"6":22,"7":22,"8":22,"9":14},"f":{"0":22,"1":14},"b":{"0":[0],"1":[22,11],"2":[22,0],"3":[22,21],"4":[22,11],"5":[22,16],"6":[21,1],"7":[21,21],"8":[21,16],"9":[11,5],"10":[16,7],"11":[0,21],"12":[21,21]},"_coverageSchema":"1a1c01bbd47fc00a2c39e90264f33305004495a9","hash":"ff50db5cbc9b878985588fa2a6c283567e97b2e8"}
,"/home/runner/work/previso-fe/previso-fe/src/components/PredictionsGrid.jsx": {"path":"/home/runner/work/previso-fe/previso-fe/src/components/PredictionsGrid.jsx","statementMap":{"0":{"start":{"line":9,"column":23},"end":{"line":14,"column":1}},"1":{"start":{"line":19,"column":25},"end":{"line":25,"column":1}},"2":{"start":{"line":33,"column":24},"end":{"line":186,"column":1}},"3":{"start":{"line":34,"column":40},"end":{"line":34,"column":52}},"4":{"start":{"line":35,"column":38},"end":{"line":35,"column":49}},"5":{"start":{"line":36,"column":32},"end":{"line":36,"column":46}},"6":{"start":{"line":37,"column":28},"end":{"line":37,"column":42}},"7":{"start":{"line":38,"column":38},"end":{"line":38,"column":49}},"8":{"start":{"line":40,"column":2},"end":{"line":75,"column":39}},"9":{"start":{"line":41,"column":4},"end":{"line":44,"column":5}},"10":{"start":{"line":42,"column":6},"end":{"line":42,"column":24}},"11":{"start":{"line":43,"column":6},"end":{"line":43,"column":13}},"12":{"start":{"line":46,"column":28},"end":{"line":72,"column":5}},"13":{"start":{"line":47,"column":6},"end":{"line":71,"column":7}},"14":{"start":{"line":48,"column":8},"end":{"line":48,"column":25}},"15":{"start":{"line":49,"column":8},"end":{"line":49,"column":23}},"16":{"start":{"line":51,"column":23},"end":{"line":54,"column":10}},"17":{"start":{"line":56,"column":8},"end":{"line":58,"column":9}},"18":{"start":{"line":57,"column":10},"end":{"line":57,"column":29}},"19":{"start":{"line":61,"column":8},"end":{"line":65,"column":9}},"20":{"start":{"line":62,"column":10},"end":{"line":62,"column":38}},"21":{"start":{"line":64,"column":10},"end":{"line":64,"column":29}},"22":{"start":{"line":67,"column":8},"end":{"line":67,"column":57}},"23":{"start":{"line":68,"column":8},"end":{"line":68,"column":88}},"24":{"start":{"line":70,"column":8},"end":{"line":70,"column":26}},"25":{"start":{"line":74,"column":4},"end":{"line":74,"column":22}},"26":{"start":{"line":77,"column":29},"end":{"line":79,"column":3}},"27":{"start":{"line":78,"column":4},"end":{"line":78,"column":29}},"28":{"start":{"line":81,"column":24},"end":{"line":84,"column":3}},"29":{"start":{"line":83,"column":4},"end":{"line":83,"column":36}},"30":{"start":{"line":83,"column":26},"end":{"line":83,"column":34}},"31":{"start":{"line":86,"column":2},"end":{"line":103,"column":3}},"32":{"start":{"line":87,"column":4},"end":{"line":102,"column":6}},"33":{"start":{"line":94,"column":12},"end":{"line":98,"column":18}},"34":{"start":{"line":105,"column":2},"end":{"line":111,"column":3}},"35":{"start":{"line":106,"column":4},"end":{"line":110,"column":6}},"36":{"start":{"line":114,"column":29},"end":{"line":114,"column":74}},"37":{"start":{"line":116,"column":2},"end":{"line":185,"column":4}},"38":{"start":{"line":139,"column":31},"end":{"line":139,"column":73}},"39":{"start":{"line":143,"column":16},"end":{"line":145,"column":25}},"40":{"start":{"line":165,"column":12},"end":{"line":172,"column":14}}},"fnMap":{"0":{"name":"(anonymous_0)","decl":{"start":{"line":33,"column":24},"end":{"line":33,"column":25}},"loc":{"start":{"line":33,"column":40},"end":{"line":186,"column":1}},"line":33},"1":{"name":"(anonymous_1)","decl":{"start":{"line":40,"column":12},"end":{"line":40,"column":13}},"loc":{"start":{"line":40,"column":18},"end":{"line":75,"column":3}},"line":40},"2":{"name":"(anonymous_2)","decl":{"start":{"line":46,"column":28},"end":{"line":46,"column":29}},"loc":{"start":{"line":46,"column":40},"end":{"line":72,"column":5}},"line":46},"3":{"name":"(anonymous_3)","decl":{"start":{"line":77,"column":29},"end":{"line":77,"column":30}},"loc":{"start":{"line":77,"column":44},"end":{"line":79,"column":3}},"line":77},"4":{"name":"(anonymous_4)","decl":{"start":{"line":81,"column":24},"end":{"line":81,"column":25}},"loc":{"start":{"line":81,"column":30},"end":{"line":84,"column":3}},"line":81},"5":{"name":"(anonymous_5)","decl":{"start":{"line":83,"column":18},"end":{"line":83,"column":19}},"loc":{"start":{"line":83,"column":26},"end":{"line":83,"column":34}},"line":83},"6":{"name":"(anonymous_6)","decl":{"start":{"line":93,"column":31},"end":{"line":93,"column":32}},"loc":{"start":{"line":94,"column":12},"end":{"line":98,"column":18}},"line":94},"7":{"name":"(anonymous_7)","decl":{"start":{"line":139,"column":24},"end":{"line":139,"column":25}},"loc":{"start":{"line":139,"column":31},"end":{"line":139,"column":73}},"line":139},"8":{"name":"(anonymous_8)","decl":{"start":{"line":142,"column":34},"end":{"line":142,"column":35}},"loc":{"start":{"line":143,"column":16},"end":{"line":145,"column":25}},"line":143},"9":{"name":"(anonymous_9)","decl":{"start":{"line":164,"column":34},"end":{"line":164,"column":35}},"loc":{"start":{"line":165,"column":12},"end":{"line":172,"column":14}},"line":165}},"branchMap":{"0":{"loc":{"start":{"line":41,"column":4},"end":{"line":44,"column":5}},"type":"if","locations":[{"start":{"line":41,"column":4},"end":{"line":44,"column":5}},{"start":{},"end":{}}],"line":41},"1":{"loc":{"start":{"line":56,"column":8},"end":{"line":58,"column":9}},"type":"if","locations":[{"start":{"line":56,"column":8},"end":{"line":58,"column":9}},{"start":{},"end":{}}],"line":56},"2":{"loc":{"start":{"line":61,"column":8},"end":{"line":65,"column":9}},"type":"if","locations":[{"start":{"line":61,"column":8},"end":{"line":65,"column":9}},{"start":{"line":63,"column":15},"end":{"line":65,"column":9}}],"line":61},"3":{"loc":{"start":{"line":86,"column":2},"end":{"line":103,"column":3}},"type":"if","locations":[{"start":{"line":86,"column":2},"end":{"line":103,"column":3}},{"start":{},"end":{}}],"line":86},"4":{"loc":{"start":{"line":105,"column":2},"end":{"line":111,"column":3}},"type":"if","locations":[{"start":{"line":105,"column":2},"end":{"line":111,"column":3}},{"start":{},"end":{}}],"line":105},"5":{"loc":{"start":{"line":114,"column":29},"end":{"line":114,"column":74}},"type":"cond-expr","locations":[{"start":{"line":114,"column":58},"end":{"line":114,"column":69}},{"start":{"line":114,"column":72},"end":{"line":114,"column":74}}],"line":114},"6":{"loc":{"start":{"line":162,"column":7},"end":{"line":183,"column":7}},"type":"cond-expr","locations":[{"start":{"line":163,"column":8},"end":{"line":174,"column":14}},{"start":{"line":176,"column":8},"end":{"line":182,"column":14}}],"line":162}},"s":{"0":0,"1":0,"2":0,"3":0,"4":0,"5":0,"6":0,"7":0,"8":0,"9":0,"10":0,"11":0,"12":0,"13":0,"14":0,"15":0,"16":0,"17":0,"18":0,"19":0,"20":0,"21":0,"22":0,"23":0,"24":0,"25":0,"26":0,"27":0,"28":0,"29":0,"30":0,"31":0,"32":0,"33":0,"34":0,"35":0,"36":0,"37":0,"38":0,"39":0,"40":0},"f":{"0":0,"1":0,"2":0,"3":0,"4":0,"5":0,"6":0,"7":0,"8":0,"9":0},"b":{"0":[0,0],"1":[0,0],"2":[0,0],"3":[0,0],"4":[0,0],"5":[0,0],"6":[0,0]}}
,"/home/runner/work/previso-fe/previso-fe/src/components/ProtectedRoute.jsx": {"path":"/home/runner/work/previso-fe/previso-fe/src/components/ProtectedRoute.jsx","statementMap":{"0":{"start":{"line":6,"column":23},"end":{"line":29,"column":1}},"1":{"start":{"line":7,"column":38},"end":{"line":7,"column":47}},"2":{"start":{"line":8,"column":19},"end":{"line":8,"column":32}},"3":{"start":{"line":10,"column":2},"end":{"line":16,"column":3}},"4":{"start":{"line":11,"column":4},"end":{"line":15,"column":6}},"5":{"start":{"line":18,"column":2},"end":{"line":20,"column":3}},"6":{"start":{"line":19,"column":4},"end":{"line":19,"column":71}},"7":{"start":{"line":22,"column":2},"end":{"line":25,"column":3}},"8":{"start":{"line":24,"column":4},"end":{"line":24,"column":48}},"9":{"start":{"line":28,"column":2},"end":{"line":28,"column":18}}},"fnMap":{"0":{"name":"(anonymous_0)","decl":{"start":{"line":6,"column":23},"end":{"line":6,"column":24}},"loc":{"start":{"line":6,"column":55},"end":{"line":29,"column":1}},"line":6}},"branchMap":{"0":{"loc":{"start":{"line":10,"column":2},"end":{"line":16,"column":3}},"type":"if","locations":[{"start":{"line":10,"column":2},"end":{"line":16,"column":3}},{"start":{},"end":{}}],"line":10},"1":{"loc":{"start":{"line":18,"column":2},"end":{"line":20,"column":3}},"type":"if","locations":[{"start":{"line":18,"column":2},"end":{"line":20,"column":3}},{"start":{},"end":{}}],"line":18},"2":{"loc":{"start":{"line":22,"column":2},"end":{"line":25,"column":3}},"type":"if","locations":[{"start":{"line":22,"column":2},"end":{"line":25,"column":3}},{"start":{},"end":{}}],"line":22},"3":{"loc":{"start":{"line":22,"column":6},"end":{"line":22,"column":54}},"type":"binary-expr","locations":[{"start":{"line":22,"column":6},"end":{"line":22,"column":18}},{"start":{"line":22,"column":22},"end":{"line":22,"column":54}}],"line":22}},"s":{"0":0,"1":0,"2":0,"3":0,"4":0,"5":0,"6":0,"7":0,"8":0,"9":0},"f":{"0":0},"b":{"0":[0,0],"1":[0,0],"2":[0,0],"3":[0,0]}}
,"/home/runner/work/previso-fe/previso-fe/src/components/Sidebar.jsx": {"path":"/home/runner/work/previso-fe/previso-fe/src/components/Sidebar.jsx","statementMap":{"0":{"start":{"line":6,"column":16},"end":{"line":135,"column":1}},"1":{"start":{"line":7,"column":37},"end":{"line":7,"column":46}},"2":{"start":{"line":8,"column":19},"end":{"line":8,"column":32}},"3":{"start":{"line":11,"column":19},"end":{"line":11,"column":60}},"4":{"start":{"line":14,"column":23},"end":{"line":19,"column":3}},"5":{"start":{"line":15,"column":4},"end":{"line":15,"column":36}},"6":{"start":{"line":15,"column":19},"end":{"line":15,"column":36}},"7":{"start":{"line":16,"column":4},"end":{"line":16,"column":53}},"8":{"start":{"line":16,"column":34},"end":{"line":16,"column":53}},"9":{"start":{"line":17,"column":4},"end":{"line":17,"column":50}},"10":{"start":{"line":17,"column":32},"end":{"line":17,"column":50}},"11":{"start":{"line":18,"column":4},"end":{"line":18,"column":20}},"12":{"start":{"line":21,"column":23},"end":{"line":30,"column":3}},"13":{"start":{"line":22,"column":4},"end":{"line":29,"column":5}},"14":{"start":{"line":23,"column":6},"end":{"line":23,"column":21}},"15":{"start":{"line":25,"column":6},"end":{"line":25,"column":52}},"16":{"start":{"line":28,"column":6},"end":{"line":28,"column":25}},"17":{"start":{"line":32,"column":2},"end":{"line":134,"column":4}},"18":{"start":{"line":45,"column":16},"end":{"line":49,"column":18}},"19":{"start":{"line":61,"column":18},"end":{"line":65,"column":20}},"20":{"start":{"line":78,"column":18},"end":{"line":82,"column":20}},"21":{"start":{"line":94,"column":16},"end":{"line":98,"column":18}}},"fnMap":{"0":{"name":"(anonymous_0)","decl":{"start":{"line":6,"column":16},"end":{"line":6,"column":17}},"loc":{"start":{"line":6,"column":22},"end":{"line":135,"column":1}},"line":6},"1":{"name":"(anonymous_1)","decl":{"start":{"line":14,"column":23},"end":{"line":14,"column":24}},"loc":{"start":{"line":14,"column":29},"end":{"line":19,"column":3}},"line":14},"2":{"name":"(anonymous_2)","decl":{"start":{"line":21,"column":23},"end":{"line":21,"column":24}},"loc":{"start":{"line":21,"column":35},"end":{"line":30,"column":3}},"line":21},"3":{"name":"(anonymous_3)","decl":{"start":{"line":44,"column":25},"end":{"line":44,"column":26}},"loc":{"start":{"line":45,"column":16},"end":{"line":49,"column":18}},"line":45},"4":{"name":"(anonymous_4)","decl":{"start":{"line":60,"column":27},"end":{"line":60,"column":28}},"loc":{"start":{"line":61,"column":18},"end":{"line":65,"column":20}},"line":61},"5":{"name":"(anonymous_5)","decl":{"start":{"line":77,"column":27},"end":{"line":77,"column":28}},"loc":{"start":{"line":78,"column":18},"end":{"line":82,"column":20}},"line":78},"6":{"name":"(anonymous_6)","decl":{"start":{"line":93,"column":25},"end":{"line":93,"column":26}},"loc":{"start":{"line":94,"column":16},"end":{"line":98,"column":18}},"line":94}},"branchMap":{"0":{"loc":{"start":{"line":11,"column":19},"end":{"line":11,"column":60}},"type":"cond-expr","locations":[{"start":{"line":11,"column":46},"end":{"line":11,"column":53}},{"start":{"line":11,"column":56},"end":{"line":11,"column":60}}],"line":11},"1":{"loc":{"start":{"line":15,"column":4},"end":{"line":15,"column":36}},"type":"if","locations":[{"start":{"line":15,"column":4},"end":{"line":15,"column":36}},{"start":{},"end":{}}],"line":15},"2":{"loc":{"start":{"line":16,"column":4},"end":{"line":16,"column":53}},"type":"if","locations":[{"start":{"line":16,"column":4},"end":{"line":16,"column":53}},{"start":{},"end":{}}],"line":16},"3":{"loc":{"start":{"line":17,"column":4},"end":{"line":17,"column":50}},"type":"if","locations":[{"start":{"line":17,"column":4},"end":{"line":17,"column":50}},{"start":{},"end":{}}],"line":17},"4":{"loc":{"start":{"line":46,"column":18},"end":{"line":48,"column":82}},"type":"cond-expr","locations":[{"start":{"line":47,"column":22},"end":{"line":47,"column":58}},{"start":{"line":48,"column":22},"end":{"line":48,"column":82}}],"line":46},"5":{"loc":{"start":{"line":56,"column":11},"end":{"line":72,"column":11}},"type":"binary-expr","locations":[{"start":{"line":56,"column":11},"end":{"line":56,"column":33}},{"start":{"line":57,"column":12},"end":{"line":71,"column":17}}],"line":56},"6":{"loc":{"start":{"line":62,"column":20},"end":{"line":64,"column":84}},"type":"cond-expr","locations":[{"start":{"line":63,"column":24},"end":{"line":63,"column":60}},{"start":{"line":64,"column":24},"end":{"line":64,"column":84}}],"line":62},"7":{"loc":{"start":{"line":73,"column":11},"end":{"line":89,"column":11}},"type":"binary-expr","locations":[{"start":{"line":73,"column":11},"end":{"line":73,"column":35}},{"start":{"line":74,"column":12},"end":{"line":88,"column":17}}],"line":73},"8":{"loc":{"start":{"line":79,"column":20},"end":{"line":81,"column":84}},"type":"cond-expr","locations":[{"start":{"line":80,"column":24},"end":{"line":80,"column":60}},{"start":{"line":81,"column":24},"end":{"line":81,"column":84}}],"line":79},"9":{"loc":{"start":{"line":95,"column":18},"end":{"line":97,"column":82}},"type":"cond-expr","locations":[{"start":{"line":96,"column":22},"end":{"line":96,"column":58}},{"start":{"line":97,"column":22},"end":{"line":97,"column":82}}],"line":95},"10":{"loc":{"start":{"line":116,"column":15},"end":{"line":116,"column":39}},"type":"binary-expr","locations":[{"start":{"line":116,"column":15},"end":{"line":116,"column":26}},{"start":{"line":116,"column":30},"end":{"line":116,"column":39}}],"line":116}},"s":{"0":0,"1":0,"2":0,"3":0,"4":0,"5":0,"6":0,"7":0,"8":0,"9":0,"10":0,"11":0,"12":0,"13":0,"14":0,"15":0,"16":0,"17":0,"18":0,"19":0,"20":0,"21":0},"f":{"0":0,"1":0,"2":0,"3":0,"4":0,"5":0,"6":0},"b":{"0":[0,0],"1":[0,0],"2":[0,0],"3":[0,0],"4":[0,0],"5":[0,0],"6":[0,0],"7":[0,0],"8":[0,0],"9":[0,0],"10":[0,0]}}
,"/home/runner/work/previso-fe/previso-fe/src/components/ThemeToggle.jsx": {"path":"/home/runner/work/previso-fe/previso-fe/src/components/ThemeToggle.jsx","statementMap":{"0":{"start":{"line":5,"column":20},"end":{"line":38,"column":1}},"1":{"start":{"line":6,"column":30},"end":{"line":6,"column":40}},"2":{"start":{"line":8,"column":17},"end":{"line":12,"column":3}},"3":{"start":{"line":14,"column":2},"end":{"line":37,"column":4}},"4":{"start":{"line":18,"column":8},"end":{"line":34,"column":17}},"5":{"start":{"line":20,"column":25},"end":{"line":20,"column":40}}},"fnMap":{"0":{"name":"(anonymous_0)","decl":{"start":{"line":5,"column":20},"end":{"line":5,"column":21}},"loc":{"start":{"line":5,"column":26},"end":{"line":38,"column":1}},"line":5},"1":{"name":"(anonymous_1)","decl":{"start":{"line":17,"column":18},"end":{"line":17,"column":19}},"loc":{"start":{"line":18,"column":8},"end":{"line":34,"column":17}},"line":18},"2":{"name":"(anonymous_2)","decl":{"start":{"line":20,"column":19},"end":{"line":20,"column":20}},"loc":{"start":{"line":20,"column":25},"end":{"line":20,"column":40}},"line":20}},"branchMap":{"0":{"loc":{"start":{"line":24,"column":14},"end":{"line":26,"column":63}},"type":"cond-expr","locations":[{"start":{"line":25,"column":18},"end":{"line":25,"column":59}},{"start":{"line":26,"column":18},"end":{"line":26,"column":63}}],"line":24}},"s":{"0":0,"1":0,"2":0,"3":0,"4":0,"5":0},"f":{"0":0,"1":0,"2":0},"b":{"0":[0,0]}}
,"/home/runner/work/previso-fe/previso-fe/src/components/Charts/AreaTrendChart.jsx": {"path":"/home/runner/work/previso-fe/previso-fe/src/components/Charts/AreaTrendChart.jsx","statementMap":{"0":{"start":{"line":17,"column":23},"end":{"line":21,"column":1}},"1":{"start":{"line":18,"column":2},"end":{"line":18,"column":29}},"2":{"start":{"line":18,"column":19},"end":{"line":18,"column":29}},"3":{"start":{"line":19,"column":16},"end":{"line":19,"column":37}},"4":{"start":{"line":20,"column":2},"end":{"line":20,"column":35}},"5":{"start":{"line":31,"column":23},"end":{"line":154,"column":1}},"6":{"start":{"line":39,"column":37},"end":{"line":59,"column":21}},"7":{"start":{"line":40,"column":4},"end":{"line":40,"column":77}},"8":{"start":{"line":40,"column":36},"end":{"line":40,"column":77}},"9":{"start":{"line":42,"column":34},"end":{"line":42,"column":52}},"10":{"start":{"line":44,"column":22},"end":{"line":49,"column":16}},"11":{"start":{"line":45,"column":6},"end":{"line":48,"column":8}},"12":{"start":{"line":52,"column":24},"end":{"line":52,"column":80}},"13":{"start":{"line":52,"column":46},"end":{"line":52,"column":61}},"14":{"start":{"line":52,"column":72},"end":{"line":52,"column":79}},"15":{"start":{"line":53,"column":16},"end":{"line":55,"column":9}},"16":{"start":{"line":54,"column":41},"end":{"line":54,"column":50}},"17":{"start":{"line":57,"column":4},"end":{"line":57,"column":54}},"18":{"start":{"line":61,"column":24},"end":{"line":80,"column":3}},"19":{"start":{"line":62,"column":39},"end":{"line":62,"column":44}},"20":{"start":{"line":63,"column":4},"end":{"line":78,"column":5}},"21":{"start":{"line":64,"column":20},"end":{"line":64,"column":36}},"22":{"start":{"line":65,"column":6},"end":{"line":77,"column":8}},"23":{"start":{"line":79,"column":4},"end":{"line":79,"column":16}},"24":{"start":{"line":82,"column":2},"end":{"line":153,"column":4}}},"fnMap":{"0":{"name":"(anonymous_0)","decl":{"start":{"line":17,"column":23},"end":{"line":17,"column":24}},"loc":{"start":{"line":17,"column":39},"end":{"line":21,"column":1}},"line":17},"1":{"name":"(anonymous_1)","decl":{"start":{"line":31,"column":23},"end":{"line":31,"column":24}},"loc":{"start":{"line":37,"column":6},"end":{"line":154,"column":1}},"line":37},"2":{"name":"(anonymous_2)","decl":{"start":{"line":39,"column":45},"end":{"line":39,"column":46}},"loc":{"start":{"line":39,"column":51},"end":{"line":59,"column":3}},"line":39},"3":{"name":"(anonymous_3)","decl":{"start":{"line":44,"column":31},"end":{"line":44,"column":32}},"loc":{"start":{"line":44,"column":42},"end":{"line":49,"column":5}},"line":44},"4":{"name":"(anonymous_4)","decl":{"start":{"line":52,"column":41},"end":{"line":52,"column":42}},"loc":{"start":{"line":52,"column":46},"end":{"line":52,"column":61}},"line":52},"5":{"name":"(anonymous_5)","decl":{"start":{"line":52,"column":67},"end":{"line":52,"column":68}},"loc":{"start":{"line":52,"column":72},"end":{"line":52,"column":79}},"line":52},"6":{"name":"(anonymous_6)","decl":{"start":{"line":54,"column":27},"end":{"line":54,"column":28}},"loc":{"start":{"line":54,"column":41},"end":{"line":54,"column":50}},"line":54},"7":{"name":"(anonymous_7)","decl":{"start":{"line":61,"column":24},"end":{"line":61,"column":25}},"loc":{"start":{"line":61,"column":35},"end":{"line":80,"column":3}},"line":61}},"branchMap":{"0":{"loc":{"start":{"line":18,"column":2},"end":{"line":18,"column":29}},"type":"if","locations":[{"start":{"line":18,"column":2},"end":{"line":18,"column":29}},{"start":{},"end":{}}],"line":18},"1":{"loc":{"start":{"line":35,"column":2},"end":{"line":35,"column":36}},"type":"default-arg","locations":[{"start":{"line":35,"column":15},"end":{"line":35,"column":36}}],"line":35},"2":{"loc":{"start":{"line":36,"column":2},"end":{"line":36,"column":20}},"type":"default-arg","locations":[{"start":{"line":36,"column":16},"end":{"line":36,"column":20}}],"line":36},"3":{"loc":{"start":{"line":40,"column":4},"end":{"line":40,"column":77}},"type":"if","locations":[{"start":{"line":40,"column":4},"end":{"line":40,"column":77}},{"start":{},"end":{}}],"line":40},"4":{"loc":{"start":{"line":40,"column":8},"end":{"line":40,"column":34}},"type":"binary-expr","locations":[{"start":{"line":40,"column":8},"end":{"line":40,"column":13}},{"start":{"line":40,"column":17},"end":{"line":40,"column":34}}],"line":40},"5":{"loc":{"start":{"line":47,"column":15},"end":{"line":47,"column":70}},"type":"cond-expr","locations":[{"start":{"line":47,"column":35},"end":{"line":47,"column":63}},{"start":{"line":47,"column":66},"end":{"line":47,"column":70}}],"line":47},"6":{"loc":{"start":{"line":53,"column":16},"end":{"line":55,"column":9}},"type":"cond-expr","locations":[{"start":{"line":54,"column":8},"end":{"line":54,"column":75}},{"start":{"line":55,"column":8},"end":{"line":55,"column":9}}],"line":53},"7":{"loc":{"start":{"line":63,"column":4},"end":{"line":78,"column":5}},"type":"if","locations":[{"start":{"line":63,"column":4},"end":{"line":78,"column":5}},{"start":{},"end":{}}],"line":63},"8":{"loc":{"start":{"line":63,"column":8},"end":{"line":63,"column":43}},"type":"binary-expr","locations":[{"start":{"line":63,"column":8},"end":{"line":63,"column":14}},{"start":{"line":63,"column":18},"end":{"line":63,"column":25}},{"start":{"line":63,"column":29},"end":{"line":63,"column":43}}],"line":63},"9":{"loc":{"start":{"line":69,"column":20},"end":{"line":69,"column":60}},"type":"cond-expr","locations":[{"start":{"line":69,"column":36},"end":{"line":69,"column":52}},{"start":{"line":69,"column":55},"end":{"line":69,"column":60}}],"line":69},"10":{"loc":{"start":{"line":71,"column":11},"end":{"line":75,"column":11}},"type":"binary-expr","locations":[{"start":{"line":71,"column":11},"end":{"line":71,"column":22}},{"start":{"line":72,"column":12},"end":{"line":74,"column":16}}],"line":71},"11":{"loc":{"start":{"line":126,"column":11},"end":{"line":138,"column":11}},"type":"binary-expr","locations":[{"start":{"line":126,"column":11},"end":{"line":126,"column":22}},{"start":{"line":126,"column":26},"end":{"line":126,"column":37}},{"start":{"line":127,"column":12},"end":{"line":137,"column":14}}],"line":126}},"s":{"0":0,"1":0,"2":0,"3":0,"4":0,"5":0,"6":0,"7":0,"8":0,"9":0,"10":0,"11":0,"12":0,"13":0,"14":0,"15":0,"16":0,"17":0,"18":0,"19":0,"20":0,"21":0,"22":0,"23":0,"24":0},"f":{"0":0,"1":0,"2":0,"3":0,"4":0,"5":0,"6":0,"7":0},"b":{"0":[0,0],"1":[0],"2":[0],"3":[0,0],"4":[0,0],"5":[0,0],"6":[0,0],"7":[0,0],"8":[0,0,0],"9":[0,0],"10":[0,0],"11":[0,0,0]}}
,"/home/runner/work/previso-fe/previso-fe/src/components/Charts/BarComparisonChart.jsx": {"path":"/home/runner/work/previso-fe/previso-fe/src/components/Charts/BarComparisonChart.jsx","statementMap":{"0":{"start":{"line":17,"column":23},"end":{"line":21,"column":1}},"1":{"start":{"line":18,"column":2},"end":{"line":18,"column":29}},"2":{"start":{"line":18,"column":19},"end":{"line":18,"column":29}},"3":{"start":{"line":19,"column":16},"end":{"line":19,"column":37}},"4":{"start":{"line":20,"column":2},"end":{"line":20,"column":35}},"5":{"start":{"line":30,"column":27},"end":{"line":130,"column":1}},"6":{"start":{"line":32,"column":24},"end":{"line":51,"column":21}},"7":{"start":{"line":33,"column":4},"end":{"line":33,"column":70}},"8":{"start":{"line":33,"column":60},"end":{"line":33,"column":70}},"9":{"start":{"line":35,"column":4},"end":{"line":49,"column":7}},"10":{"start":{"line":36,"column":20},"end":{"line":39,"column":7}},"11":{"start":{"line":42,"column":6},"end":{"line":46,"column":9}},"12":{"start":{"line":43,"column":38},"end":{"line":43,"column":63}},"13":{"start":{"line":44,"column":22},"end":{"line":44,"column":74}},"14":{"start":{"line":45,"column":8},"end":{"line":45,"column":43}},"15":{"start":{"line":48,"column":6},"end":{"line":48,"column":19}},"16":{"start":{"line":53,"column":24},"end":{"line":68,"column":3}},"17":{"start":{"line":54,"column":39},"end":{"line":54,"column":44}},"18":{"start":{"line":55,"column":4},"end":{"line":66,"column":5}},"19":{"start":{"line":56,"column":6},"end":{"line":65,"column":8}},"20":{"start":{"line":60,"column":12},"end":{"line":62,"column":16}},"21":{"start":{"line":67,"column":4},"end":{"line":67,"column":16}},"22":{"start":{"line":70,"column":2},"end":{"line":129,"column":4}},"23":{"start":{"line":117,"column":14},"end":{"line":123,"column":16}}},"fnMap":{"0":{"name":"(anonymous_0)","decl":{"start":{"line":17,"column":23},"end":{"line":17,"column":24}},"loc":{"start":{"line":17,"column":39},"end":{"line":21,"column":1}},"line":17},"1":{"name":"(anonymous_1)","decl":{"start":{"line":30,"column":27},"end":{"line":30,"column":28}},"loc":{"start":{"line":30,"column":62},"end":{"line":130,"column":1}},"line":30},"2":{"name":"(anonymous_2)","decl":{"start":{"line":32,"column":32},"end":{"line":32,"column":33}},"loc":{"start":{"line":32,"column":38},"end":{"line":51,"column":3}},"line":32},"3":{"name":"(anonymous_3)","decl":{"start":{"line":35,"column":20},"end":{"line":35,"column":21}},"loc":{"start":{"line":35,"column":31},"end":{"line":49,"column":5}},"line":35},"4":{"name":"(anonymous_4)","decl":{"start":{"line":42,"column":22},"end":{"line":42,"column":23}},"loc":{"start":{"line":42,"column":32},"end":{"line":46,"column":7}},"line":42},"5":{"name":"(anonymous_5)","decl":{"start":{"line":53,"column":24},"end":{"line":53,"column":25}},"loc":{"start":{"line":53,"column":35},"end":{"line":68,"column":3}},"line":53},"6":{"name":"(anonymous_6)","decl":{"start":{"line":59,"column":23},"end":{"line":59,"column":24}},"loc":{"start":{"line":60,"column":12},"end":{"line":62,"column":16}},"line":60},"7":{"name":"(anonymous_7)","decl":{"start":{"line":116,"column":25},"end":{"line":116,"column":26}},"loc":{"start":{"line":117,"column":14},"end":{"line":123,"column":16}},"line":117}},"branchMap":{"0":{"loc":{"start":{"line":18,"column":2},"end":{"line":18,"column":29}},"type":"if","locations":[{"start":{"line":18,"column":2},"end":{"line":18,"column":29}},{"start":{},"end":{}}],"line":18},"1":{"loc":{"start":{"line":30,"column":43},"end":{"line":30,"column":55}},"type":"default-arg","locations":[{"start":{"line":30,"column":53},"end":{"line":30,"column":55}}],"line":30},"2":{"loc":{"start":{"line":33,"column":4},"end":{"line":33,"column":70}},"type":"if","locations":[{"start":{"line":33,"column":4},"end":{"line":33,"column":70}},{"start":{},"end":{}}],"line":33},"3":{"loc":{"start":{"line":33,"column":8},"end":{"line":33,"column":58}},"type":"binary-expr","locations":[{"start":{"line":33,"column":8},"end":{"line":33,"column":13}},{"start":{"line":33,"column":17},"end":{"line":33,"column":34}},{"start":{"line":33,"column":38},"end":{"line":33,"column":58}}],"line":33},"4":{"loc":{"start":{"line":44,"column":22},"end":{"line":44,"column":74}},"type":"cond-expr","locations":[{"start":{"line":44,"column":42},"end":{"line":44,"column":70}},{"start":{"line":44,"column":73},"end":{"line":44,"column":74}}],"line":44},"5":{"loc":{"start":{"line":45,"column":32},"end":{"line":45,"column":42}},"type":"binary-expr","locations":[{"start":{"line":45,"column":32},"end":{"line":45,"column":37}},{"start":{"line":45,"column":41},"end":{"line":45,"column":42}}],"line":45},"6":{"loc":{"start":{"line":55,"column":4},"end":{"line":66,"column":5}},"type":"if","locations":[{"start":{"line":55,"column":4},"end":{"line":66,"column":5}},{"start":{},"end":{}}],"line":55},"7":{"loc":{"start":{"line":55,"column":8},"end":{"line":55,"column":43}},"type":"binary-expr","locations":[{"start":{"line":55,"column":8},"end":{"line":55,"column":14}},{"start":{"line":55,"column":18},"end":{"line":55,"column":25}},{"start":{"line":55,"column":29},"end":{"line":55,"column":43}}],"line":55},"8":{"loc":{"start":{"line":74,"column":7},"end":{"line":127,"column":7}},"type":"cond-expr","locations":[{"start":{"line":75,"column":8},"end":{"line":77,"column":14}},{"start":{"line":79,"column":8},"end":{"line":126,"column":30}}],"line":74}},"s":{"0":0,"1":0,"2":0,"3":0,"4":0,"5":0,"6":0,"7":0,"8":0,"9":0,"10":0,"11":0,"12":0,"13":0,"14":0,"15":0,"16":0,"17":0,"18":0,"19":0,"20":0,"21":0,"22":0,"23":0},"f":{"0":0,"1":0,"2":0,"3":0,"4":0,"5":0,"6":0,"7":0},"b":{"0":[0,0],"1":[0],"2":[0,0],"3":[0,0,0],"4":[0,0],"5":[0,0],"6":[0,0],"7":[0,0,0],"8":[0,0]}}
,"/home/runner/work/previso-fe/previso-fe/src/components/Charts/CircadianRhythmChart.jsx": {"path":"/home/runner/work/previso-fe/previso-fe/src/components/Charts/CircadianRhythmChart.jsx","statementMap":{"0":{"start":{"line":4,"column":24},"end":{"line":8,"column":1}},"1":{"start":{"line":5,"column":2},"end":{"line":5,"column":29}},"2":{"start":{"line":5,"column":19},"end":{"line":5,"column":29}},"3":{"start":{"line":6,"column":16},"end":{"line":6,"column":37}},"4":{"start":{"line":7,"column":2},"end":{"line":7,"column":35}},"5":{"start":{"line":9,"column":22},"end":{"line":13,"column":1}},"6":{"start":{"line":10,"column":2},"end":{"line":10,"column":51}},"7":{"start":{"line":10,"column":42},"end":{"line":10,"column":51}},"8":{"start":{"line":11,"column":27},"end":{"line":11,"column":57}},"9":{"start":{"line":12,"column":2},"end":{"line":12,"column":30}},"10":{"start":{"line":14,"column":28},"end":{"line":21,"column":1}},"11":{"start":{"line":15,"column":29},"end":{"line":15,"column":36}},"12":{"start":{"line":16,"column":32},"end":{"line":16,"column":60}},"13":{"start":{"line":17,"column":2},"end":{"line":19,"column":3}},"14":{"start":{"line":18,"column":4},"end":{"line":18,"column":36}},"15":{"start":{"line":20,"column":2},"end":{"line":20,"column":48}},"16":{"start":{"line":22,"column":24},"end":{"line":38,"column":1}},"17":{"start":{"line":23,"column":2},"end":{"line":25,"column":3}},"18":{"start":{"line":24,"column":4},"end":{"line":24,"column":55}},"19":{"start":{"line":26,"column":25},"end":{"line":26,"column":50}},"20":{"start":{"line":27,"column":26},"end":{"line":27,"column":52}},"21":{"start":{"line":28,"column":24},"end":{"line":30,"column":47}},"22":{"start":{"line":31,"column":24},"end":{"line":31,"column":63}},"23":{"start":{"line":32,"column":23},"end":{"line":32,"column":58}},"24":{"start":{"line":33,"column":21},"end":{"line":33,"column":57}},"25":{"start":{"line":34,"column":14},"end":{"line":36,"column":39}},"26":{"start":{"line":37,"column":2},"end":{"line":37,"column":54}},"27":{"start":{"line":41,"column":29},"end":{"line":109,"column":1}},"28":{"start":{"line":42,"column":24},"end":{"line":64,"column":16}},"29":{"start":{"line":43,"column":4},"end":{"line":43,"column":54}},"30":{"start":{"line":43,"column":44},"end":{"line":43,"column":54}},"31":{"start":{"line":46,"column":26},"end":{"line":48,"column":5}},"32":{"start":{"line":47,"column":6},"end":{"line":47,"column":85}},"33":{"start":{"line":51,"column":4},"end":{"line":62,"column":18}},"34":{"start":{"line":52,"column":36},"end":{"line":52,"column":54}},"35":{"start":{"line":53,"column":45},"end":{"line":53,"column":79}},"36":{"start":{"line":54,"column":6},"end":{"line":61,"column":8}},"37":{"start":{"line":67,"column":21},"end":{"line":67,"column":93}},"38":{"start":{"line":68,"column":2},"end":{"line":70,"column":3}},"39":{"start":{"line":69,"column":4},"end":{"line":69,"column":104}},"40":{"start":{"line":71,"column":2},"end":{"line":108,"column":4}},"41":{"start":{"line":77,"column":12},"end":{"line":77,"column":127}},"42":{"start":{"line":83,"column":14},"end":{"line":89,"column":20}},"43":{"start":{"line":95,"column":39},"end":{"line":95,"column":79}},"44":{"start":{"line":96,"column":14},"end":{"line":101,"column":16}}},"fnMap":{"0":{"name":"(anonymous_0)","decl":{"start":{"line":4,"column":24},"end":{"line":4,"column":25}},"loc":{"start":{"line":4,"column":40},"end":{"line":8,"column":1}},"line":4},"1":{"name":"(anonymous_1)","decl":{"start":{"line":9,"column":22},"end":{"line":9,"column":23}},"loc":{"start":{"line":9,"column":35},"end":{"line":13,"column":1}},"line":9},"2":{"name":"(anonymous_2)","decl":{"start":{"line":14,"column":28},"end":{"line":14,"column":29}},"loc":{"start":{"line":14,"column":41},"end":{"line":21,"column":1}},"line":14},"3":{"name":"(anonymous_3)","decl":{"start":{"line":22,"column":24},"end":{"line":22,"column":25}},"loc":{"start":{"line":22,"column":53},"end":{"line":38,"column":1}},"line":22},"4":{"name":"(anonymous_4)","decl":{"start":{"line":41,"column":29},"end":{"line":41,"column":30}},"loc":{"start":{"line":41,"column":47},"end":{"line":109,"column":1}},"line":41},"5":{"name":"(anonymous_5)","decl":{"start":{"line":42,"column":32},"end":{"line":42,"column":33}},"loc":{"start":{"line":42,"column":38},"end":{"line":64,"column":3}},"line":42},"6":{"name":"(anonymous_6)","decl":{"start":{"line":46,"column":42},"end":{"line":46,"column":43}},"loc":{"start":{"line":47,"column":6},"end":{"line":47,"column":85}},"line":47},"7":{"name":"(anonymous_7)","decl":{"start":{"line":51,"column":29},"end":{"line":51,"column":30}},"loc":{"start":{"line":51,"column":40},"end":{"line":62,"column":5}},"line":51},"8":{"name":"(anonymous_8)","decl":{"start":{"line":76,"column":29},"end":{"line":76,"column":30}},"loc":{"start":{"line":77,"column":12},"end":{"line":77,"column":127}},"line":77},"9":{"name":"(anonymous_9)","decl":{"start":{"line":82,"column":31},"end":{"line":82,"column":32}},"loc":{"start":{"line":83,"column":14},"end":{"line":89,"column":20}},"line":83},"10":{"name":"(anonymous_10)","decl":{"start":{"line":94,"column":28},"end":{"line":94,"column":29}},"loc":{"start":{"line":94,"column":38},"end":{"line":102,"column":13}},"line":94}},"branchMap":{"0":{"loc":{"start":{"line":5,"column":2},"end":{"line":5,"column":29}},"type":"if","locations":[{"start":{"line":5,"column":2},"end":{"line":5,"column":29}},{"start":{},"end":{}}],"line":5},"1":{"loc":{"start":{"line":10,"column":2},"end":{"line":10,"column":51}},"type":"if","locations":[{"start":{"line":10,"column":2},"end":{"line":10,"column":51}},{"start":{},"end":{}}],"line":10},"2":{"loc":{"start":{"line":10,"column":6},"end":{"line":10,"column":40}},"type":"binary-expr","locations":[{"start":{"line":10,"column":6},"end":{"line":10,"column":14}},{"start":{"line":10,"column":18},"end":{"line":10,"column":40}}],"line":10},"3":{"loc":{"start":{"line":17,"column":2},"end":{"line":19,"column":3}},"type":"if","locations":[{"start":{"line":17,"column":2},"end":{"line":19,"column":3}},{"start":{},"end":{}}],"line":17},"4":{"loc":{"start":{"line":23,"column":2},"end":{"line":25,"column":3}},"type":"if","locations":[{"start":{"line":23,"column":2},"end":{"line":25,"column":3}},{"start":{},"end":{}}],"line":23},"5":{"loc":{"start":{"line":23,"column":6},"end":{"line":23,"column":33}},"type":"binary-expr","locations":[{"start":{"line":23,"column":6},"end":{"line":23,"column":17}},{"start":{"line":23,"column":21},"end":{"line":23,"column":33}}],"line":23},"6":{"loc":{"start":{"line":28,"column":24},"end":{"line":30,"column":47}},"type":"cond-expr","locations":[{"start":{"line":29,"column":6},"end":{"line":29,"column":38}},{"start":{"line":30,"column":6},"end":{"line":30,"column":47}}],"line":28},"7":{"loc":{"start":{"line":34,"column":14},"end":{"line":36,"column":39}},"type":"cond-expr","locations":[{"start":{"line":35,"column":6},"end":{"line":35,"column":31}},{"start":{"line":36,"column":6},"end":{"line":36,"column":39}}],"line":34},"8":{"loc":{"start":{"line":43,"column":4},"end":{"line":43,"column":54}},"type":"if","locations":[{"start":{"line":43,"column":4},"end":{"line":43,"column":54}},{"start":{},"end":{}}],"line":43},"9":{"loc":{"start":{"line":43,"column":8},"end":{"line":43,"column":42}},"type":"binary-expr","locations":[{"start":{"line":43,"column":8},"end":{"line":43,"column":17}},{"start":{"line":43,"column":21},"end":{"line":43,"column":42}}],"line":43},"10":{"loc":{"start":{"line":47,"column":6},"end":{"line":47,"column":85}},"type":"binary-expr","locations":[{"start":{"line":47,"column":6},"end":{"line":47,"column":20}},{"start":{"line":47,"column":24},"end":{"line":47,"column":36}},{"start":{"line":47,"column":40},"end":{"line":47,"column":60}},{"start":{"line":47,"column":64},"end":{"line":47,"column":85}}],"line":47},"11":{"loc":{"start":{"line":68,"column":2},"end":{"line":70,"column":3}},"type":"if","locations":[{"start":{"line":68,"column":2},"end":{"line":70,"column":3}},{"start":{},"end":{}}],"line":68}},"s":{"0":0,"1":0,"2":0,"3":0,"4":0,"5":0,"6":0,"7":0,"8":0,"9":0,"10":0,"11":0,"12":0,"13":0,"14":0,"15":0,"16":0,"17":0,"18":0,"19":0,"20":0,"21":0,"22":0,"23":0,"24":0,"25":0,"26":0,"27":0,"28":0,"29":0,"30":0,"31":0,"32":0,"33":0,"34":0,"35":0,"36":0,"37":0,"38":0,"39":0,"40":0,"41":0,"42":0,"43":0,"44":0},"f":{"0":0,"1":0,"2":0,"3":0,"4":0,"5":0,"6":0,"7":0,"8":0,"9":0,"10":0},"b":{"0":[0,0],"1":[0,0],"2":[0,0],"3":[0,0],"4":[0,0],"5":[0,0],"6":[0,0],"7":[0,0],"8":[0,0],"9":[0,0],"10":[0,0,0,0],"11":[0,0]}}
,"/home/runner/work/previso-fe/previso-fe/src/components/Charts/CorrelationScatterChart.jsx": {"path":"/home/runner/work/previso-fe/previso-fe/src/components/Charts/CorrelationScatterChart.jsx","statementMap":{"0":{"start":{"line":27,"column":32},"end":{"line":195,"column":1}},"1":{"start":{"line":37,"column":41},"end":{"line":76,"column":32}},"2":{"start":{"line":38,"column":4},"end":{"line":38,"column":84}},"3":{"start":{"line":38,"column":36},"end":{"line":38,"column":84}},"4":{"start":{"line":40,"column":36},"end":{"line":40,"column":55}},"5":{"start":{"line":41,"column":36},"end":{"line":41,"column":55}},"6":{"start":{"line":43,"column":22},"end":{"line":54,"column":58}},"7":{"start":{"line":45,"column":23},"end":{"line":45,"column":81}},"8":{"start":{"line":46,"column":23},"end":{"line":46,"column":81}},"9":{"start":{"line":48,"column":8},"end":{"line":52,"column":10}},"10":{"start":{"line":54,"column":23},"end":{"line":54,"column":57}},"11":{"start":{"line":57,"column":15},"end":{"line":57,"column":19}},"12":{"start":{"line":58,"column":4},"end":{"line":72,"column":5}},"13":{"start":{"line":59,"column":16},"end":{"line":59,"column":32}},"14":{"start":{"line":60,"column":19},"end":{"line":60,"column":61}},"15":{"start":{"line":60,"column":48},"end":{"line":60,"column":57}},"16":{"start":{"line":61,"column":19},"end":{"line":61,"column":61}},"17":{"start":{"line":61,"column":48},"end":{"line":61,"column":57}},"18":{"start":{"line":62,"column":20},"end":{"line":62,"column":70}},"19":{"start":{"line":62,"column":49},"end":{"line":62,"column":66}},"20":{"start":{"line":63,"column":20},"end":{"line":63,"column":70}},"21":{"start":{"line":63,"column":49},"end":{"line":63,"column":66}},"22":{"start":{"line":64,"column":20},"end":{"line":64,"column":70}},"23":{"start":{"line":64,"column":49},"end":{"line":64,"column":66}},"24":{"start":{"line":66,"column":24},"end":{"line":66,"column":47}},"25":{"start":{"line":67,"column":26},"end":{"line":67,"column":90}},"26":{"start":{"line":69,"column":6},"end":{"line":71,"column":7}},"27":{"start":{"line":70,"column":8},"end":{"line":70,"column":39}},"28":{"start":{"line":74,"column":4},"end":{"line":74,"column":59}},"29":{"start":{"line":78,"column":29},"end":{"line":85,"column":3}},"30":{"start":{"line":79,"column":4},"end":{"line":79,"column":40}},"31":{"start":{"line":79,"column":30},"end":{"line":79,"column":40}},"32":{"start":{"line":80,"column":4},"end":{"line":80,"column":63}},"33":{"start":{"line":80,"column":28},"end":{"line":80,"column":63}},"34":{"start":{"line":81,"column":4},"end":{"line":81,"column":66}},"35":{"start":{"line":81,"column":28},"end":{"line":81,"column":66}},"36":{"start":{"line":82,"column":4},"end":{"line":82,"column":54}},"37":{"start":{"line":82,"column":28},"end":{"line":82,"column":54}},"38":{"start":{"line":83,"column":4},"end":{"line":83,"column":66}},"39":{"start":{"line":83,"column":28},"end":{"line":83,"column":66}},"40":{"start":{"line":84,"column":4},"end":{"line":84,"column":39}},"41":{"start":{"line":87,"column":24},"end":{"line":106,"column":3}},"42":{"start":{"line":88,"column":32},"end":{"line":88,"column":37}},"43":{"start":{"line":89,"column":4},"end":{"line":104,"column":5}},"44":{"start":{"line":90,"column":20},"end":{"line":90,"column":38}},"45":{"start":{"line":91,"column":6},"end":{"line":103,"column":8}},"46":{"start":{"line":105,"column":4},"end":{"line":105,"column":16}},"47":{"start":{"line":108,"column":2},"end":{"line":194,"column":4}}},"fnMap":{"0":{"name":"(anonymous_0)","decl":{"start":{"line":27,"column":32},"end":{"line":27,"column":33}},"loc":{"start":{"line":35,"column":6},"end":{"line":195,"column":1}},"line":35},"1":{"name":"(anonymous_1)","decl":{"start":{"line":37,"column":49},"end":{"line":37,"column":50}},"loc":{"start":{"line":37,"column":55},"end":{"line":76,"column":3}},"line":37},"2":{"name":"(anonymous_2)","decl":{"start":{"line":44,"column":11},"end":{"line":44,"column":12}},"loc":{"start":{"line":44,"column":22},"end":{"line":53,"column":7}},"line":44},"3":{"name":"(anonymous_3)","decl":{"start":{"line":54,"column":14},"end":{"line":54,"column":15}},"loc":{"start":{"line":54,"column":23},"end":{"line":54,"column":57}},"line":54},"4":{"name":"(anonymous_4)","decl":{"start":{"line":60,"column":36},"end":{"line":60,"column":37}},"loc":{"start":{"line":60,"column":48},"end":{"line":60,"column":57}},"line":60},"5":{"name":"(anonymous_5)","decl":{"start":{"line":61,"column":36},"end":{"line":61,"column":37}},"loc":{"start":{"line":61,"column":48},"end":{"line":61,"column":57}},"line":61},"6":{"name":"(anonymous_6)","decl":{"start":{"line":62,"column":37},"end":{"line":62,"column":38}},"loc":{"start":{"line":62,"column":49},"end":{"line":62,"column":66}},"line":62},"7":{"name":"(anonymous_7)","decl":{"start":{"line":63,"column":37},"end":{"line":63,"column":38}},"loc":{"start":{"line":63,"column":49},"end":{"line":63,"column":66}},"line":63},"8":{"name":"(anonymous_8)","decl":{"start":{"line":64,"column":37},"end":{"line":64,"column":38}},"loc":{"start":{"line":64,"column":49},"end":{"line":64,"column":66}},"line":64},"9":{"name":"(anonymous_9)","decl":{"start":{"line":78,"column":29},"end":{"line":78,"column":30}},"loc":{"start":{"line":78,"column":35},"end":{"line":85,"column":3}},"line":78},"10":{"name":"(anonymous_10)","decl":{"start":{"line":87,"column":24},"end":{"line":87,"column":25}},"loc":{"start":{"line":87,"column":35},"end":{"line":106,"column":3}},"line":87}},"branchMap":{"0":{"loc":{"start":{"line":32,"column":2},"end":{"line":32,"column":21}},"type":"default-arg","locations":[{"start":{"line":32,"column":11},"end":{"line":32,"column":21}}],"line":32},"1":{"loc":{"start":{"line":33,"column":2},"end":{"line":33,"column":21}},"type":"default-arg","locations":[{"start":{"line":33,"column":11},"end":{"line":33,"column":21}}],"line":33},"2":{"loc":{"start":{"line":34,"column":2},"end":{"line":34,"column":36}},"type":"default-arg","locations":[{"start":{"line":34,"column":15},"end":{"line":34,"column":36}}],"line":34},"3":{"loc":{"start":{"line":38,"column":4},"end":{"line":38,"column":84}},"type":"if","locations":[{"start":{"line":38,"column":4},"end":{"line":38,"column":84}},{"start":{},"end":{}}],"line":38},"4":{"loc":{"start":{"line":38,"column":8},"end":{"line":38,"column":34}},"type":"binary-expr","locations":[{"start":{"line":38,"column":8},"end":{"line":38,"column":13}},{"start":{"line":38,"column":17},"end":{"line":38,"column":34}}],"line":38},"5":{"loc":{"start":{"line":45,"column":23},"end":{"line":45,"column":81}},"type":"cond-expr","locations":[{"start":{"line":45,"column":44},"end":{"line":45,"column":74}},{"start":{"line":45,"column":77},"end":{"line":45,"column":81}}],"line":45},"6":{"loc":{"start":{"line":46,"column":23},"end":{"line":46,"column":81}},"type":"cond-expr","locations":[{"start":{"line":46,"column":44},"end":{"line":46,"column":74}},{"start":{"line":46,"column":77},"end":{"line":46,"column":81}}],"line":46},"7":{"loc":{"start":{"line":54,"column":23},"end":{"line":54,"column":57}},"type":"binary-expr","locations":[{"start":{"line":54,"column":23},"end":{"line":54,"column":38}},{"start":{"line":54,"column":42},"end":{"line":54,"column":57}}],"line":54},"8":{"loc":{"start":{"line":58,"column":4},"end":{"line":72,"column":5}},"type":"if","locations":[{"start":{"line":58,"column":4},"end":{"line":72,"column":5}},{"start":{},"end":{}}],"line":58},"9":{"loc":{"start":{"line":69,"column":6},"end":{"line":71,"column":7}},"type":"if","locations":[{"start":{"line":69,"column":6},"end":{"line":71,"column":7}},{"start":{},"end":{}}],"line":69},"10":{"loc":{"start":{"line":79,"column":4},"end":{"line":79,"column":40}},"type":"if","locations":[{"start":{"line":79,"column":4},"end":{"line":79,"column":40}},{"start":{},"end":{}}],"line":79},"11":{"loc":{"start":{"line":80,"column":4},"end":{"line":80,"column":63}},"type":"if","locations":[{"start":{"line":80,"column":4},"end":{"line":80,"column":63}},{"start":{},"end":{}}],"line":80},"12":{"loc":{"start":{"line":81,"column":4},"end":{"line":81,"column":66}},"type":"if","locations":[{"start":{"line":81,"column":4},"end":{"line":81,"column":66}},{"start":{},"end":{}}],"line":81},"13":{"loc":{"start":{"line":82,"column":4},"end":{"line":82,"column":54}},"type":"if","locations":[{"start":{"line":82,"column":4},"end":{"line":82,"column":54}},{"start":{},"end":{}}],"line":82},"14":{"loc":{"start":{"line":83,"column":4},"end":{"line":83,"column":66}},"type":"if","locations":[{"start":{"line":83,"column":4},"end":{"line":83,"column":66}},{"start":{},"end":{}}],"line":83},"15":{"loc":{"start":{"line":89,"column":4},"end":{"line":104,"column":5}},"type":"if","locations":[{"start":{"line":89,"column":4},"end":{"line":104,"column":5}},{"start":{},"end":{}}],"line":89},"16":{"loc":{"start":{"line":89,"column":8},"end":{"line":89,"column":43}},"type":"binary-expr","locations":[{"start":{"line":89,"column":8},"end":{"line":89,"column":14}},{"start":{"line":89,"column":18},"end":{"line":89,"column":25}},{"start":{"line":89,"column":29},"end":{"line":89,"column":43}}],"line":89},"17":{"loc":{"start":{"line":94,"column":13},"end":{"line":94,"column":79}},"type":"cond-expr","locations":[{"start":{"line":94,"column":26},"end":{"line":94,"column":74}},{"start":{"line":94,"column":77},"end":{"line":94,"column":79}}],"line":94},"18":{"loc":{"start":{"line":112,"column":9},"end":{"line":117,"column":9}},"type":"binary-expr","locations":[{"start":{"line":112,"column":9},"end":{"line":112,"column":29}},{"start":{"line":113,"column":10},"end":{"line":116,"column":16}}],"line":112}},"s":{"0":0,"1":0,"2":0,"3":0,"4":0,"5":0,"6":0,"7":0,"8":0,"9":0,"10":0,"11":0,"12":0,"13":0,"14":0,"15":0,"16":0,"17":0,"18":0,"19":0,"20":0,"21":0,"22":0,"23":0,"24":0,"25":0,"26":0,"27":0,"28":0,"29":0,"30":0,"31":0,"32":0,"33":0,"34":0,"35":0,"36":0,"37":0,"38":0,"39":0,"40":0,"41":0,"42":0,"43":0,"44":0,"45":0,"46":0,"47":0},"f":{"0":0,"1":0,"2":0,"3":0,"4":0,"5":0,"6":0,"7":0,"8":0,"9":0,"10":0},"b":{"0":[0],"1":[0],"2":[0],"3":[0,0],"4":[0,0],"5":[0,0],"6":[0,0],"7":[0,0],"8":[0,0],"9":[0,0],"10":[0,0],"11":[0,0],"12":[0,0],"13":[0,0],"14":[0,0],"15":[0,0],"16":[0,0,0],"17":[0,0],"18":[0,0]}}
,"/home/runner/work/previso-fe/previso-fe/src/components/Charts/HistoryChart.jsx": {"path":"/home/runner/work/previso-fe/previso-fe/src/components/Charts/HistoryChart.jsx","statementMap":{"0":{"start":{"line":14,"column":23},"end":{"line":18,"column":1}},"1":{"start":{"line":15,"column":2},"end":{"line":15,"column":29}},"2":{"start":{"line":15,"column":19},"end":{"line":15,"column":29}},"3":{"start":{"line":16,"column":25},"end":{"line":16,"column":46}},"4":{"start":{"line":17,"column":2},"end":{"line":17,"column":27}},"5":{"start":{"line":24,"column":21},"end":{"line":112,"column":1}},"6":{"start":{"line":26,"column":24},"end":{"line":41,"column":16}},"7":{"start":{"line":27,"column":4},"end":{"line":27,"column":54}},"8":{"start":{"line":27,"column":44},"end":{"line":27,"column":54}},"9":{"start":{"line":31,"column":4},"end":{"line":39,"column":68}},"10":{"start":{"line":32,"column":6},"end":{"line":38,"column":8}},"11":{"start":{"line":39,"column":22},"end":{"line":39,"column":66}},"12":{"start":{"line":43,"column":2},"end":{"line":45,"column":3}},"13":{"start":{"line":44,"column":4},"end":{"line":44,"column":142}},"14":{"start":{"line":47,"column":2},"end":{"line":111,"column":4}}},"fnMap":{"0":{"name":"(anonymous_0)","decl":{"start":{"line":14,"column":23},"end":{"line":14,"column":24}},"loc":{"start":{"line":14,"column":39},"end":{"line":18,"column":1}},"line":14},"1":{"name":"(anonymous_1)","decl":{"start":{"line":24,"column":21},"end":{"line":24,"column":22}},"loc":{"start":{"line":24,"column":39},"end":{"line":112,"column":1}},"line":24},"2":{"name":"(anonymous_2)","decl":{"start":{"line":26,"column":32},"end":{"line":26,"column":33}},"loc":{"start":{"line":26,"column":38},"end":{"line":41,"column":3}},"line":26},"3":{"name":"(anonymous_3)","decl":{"start":{"line":31,"column":24},"end":{"line":31,"column":25}},"loc":{"start":{"line":31,"column":35},"end":{"line":39,"column":5}},"line":31},"4":{"name":"(anonymous_4)","decl":{"start":{"line":39,"column":14},"end":{"line":39,"column":15}},"loc":{"start":{"line":39,"column":22},"end":{"line":39,"column":66}},"line":39}},"branchMap":{"0":{"loc":{"start":{"line":15,"column":2},"end":{"line":15,"column":29}},"type":"if","locations":[{"start":{"line":15,"column":2},"end":{"line":15,"column":29}},{"start":{},"end":{}}],"line":15},"1":{"loc":{"start":{"line":27,"column":4},"end":{"line":27,"column":54}},"type":"if","locations":[{"start":{"line":27,"column":4},"end":{"line":27,"column":54}},{"start":{},"end":{}}],"line":27},"2":{"loc":{"start":{"line":27,"column":8},"end":{"line":27,"column":42}},"type":"binary-expr","locations":[{"start":{"line":27,"column":8},"end":{"line":27,"column":17}},{"start":{"line":27,"column":21},"end":{"line":27,"column":42}}],"line":27},"3":{"loc":{"start":{"line":36,"column":15},"end":{"line":36,"column":51}},"type":"binary-expr","locations":[{"start":{"line":36,"column":15},"end":{"line":36,"column":43}},{"start":{"line":36,"column":47},"end":{"line":36,"column":51}}],"line":36},"4":{"loc":{"start":{"line":37,"column":17},"end":{"line":37,"column":59}},"type":"binary-expr","locations":[{"start":{"line":37,"column":17},"end":{"line":37,"column":51}},{"start":{"line":37,"column":55},"end":{"line":37,"column":59}}],"line":37},"5":{"loc":{"start":{"line":39,"column":22},"end":{"line":39,"column":66}},"type":"binary-expr","locations":[{"start":{"line":39,"column":22},"end":{"line":39,"column":41}},{"start":{"line":39,"column":45},"end":{"line":39,"column":66}}],"line":39},"6":{"loc":{"start":{"line":43,"column":2},"end":{"line":45,"column":3}},"type":"if","locations":[{"start":{"line":43,"column":2},"end":{"line":45,"column":3}},{"start":{},"end":{}}],"line":43}},"s":{"0":0,"1":0,"2":0,"3":0,"4":0,"5":0,"6":0,"7":0,"8":0,"9":0,"10":0,"11":0,"12":0,"13":0,"14":0},"f":{"0":0,"1":0,"2":0,"3":0,"4":0},"b":{"0":[0,0],"1":[0,0],"2":[0,0],"3":[0,0],"4":[0,0],"5":[0,0],"6":[0,0]}}
,"/home/runner/work/previso-fe/previso-fe/src/components/Charts/MultiMetricChart.jsx": {"path":"/home/runner/work/previso-fe/previso-fe/src/components/Charts/MultiMetricChart.jsx","statementMap":{"0":{"start":{"line":17,"column":23},"end":{"line":21,"column":1}},"1":{"start":{"line":18,"column":2},"end":{"line":18,"column":29}},"2":{"start":{"line":18,"column":19},"end":{"line":18,"column":29}},"3":{"start":{"line":19,"column":16},"end":{"line":19,"column":37}},"4":{"start":{"line":20,"column":2},"end":{"line":20,"column":35}},"5":{"start":{"line":30,"column":25},"end":{"line":137,"column":1}},"6":{"start":{"line":32,"column":24},"end":{"line":52,"column":21}},"7":{"start":{"line":33,"column":4},"end":{"line":33,"column":70}},"8":{"start":{"line":33,"column":60},"end":{"line":33,"column":70}},"9":{"start":{"line":36,"column":4},"end":{"line":50,"column":7}},"10":{"start":{"line":37,"column":20},"end":{"line":40,"column":7}},"11":{"start":{"line":43,"column":6},"end":{"line":47,"column":9}},"12":{"start":{"line":44,"column":38},"end":{"line":44,"column":63}},"13":{"start":{"line":45,"column":22},"end":{"line":45,"column":77}},"14":{"start":{"line":46,"column":8},"end":{"line":46,"column":38}},"15":{"start":{"line":49,"column":6},"end":{"line":49,"column":19}},"16":{"start":{"line":54,"column":24},"end":{"line":69,"column":3}},"17":{"start":{"line":55,"column":39},"end":{"line":55,"column":44}},"18":{"start":{"line":56,"column":4},"end":{"line":67,"column":5}},"19":{"start":{"line":57,"column":6},"end":{"line":66,"column":8}},"20":{"start":{"line":61,"column":12},"end":{"line":63,"column":16}},"21":{"start":{"line":68,"column":4},"end":{"line":68,"column":16}},"22":{"start":{"line":71,"column":2},"end":{"line":136,"column":4}},"23":{"start":{"line":120,"column":14},"end":{"line":130,"column":16}}},"fnMap":{"0":{"name":"(anonymous_0)","decl":{"start":{"line":17,"column":23},"end":{"line":17,"column":24}},"loc":{"start":{"line":17,"column":39},"end":{"line":21,"column":1}},"line":17},"1":{"name":"(anonymous_1)","decl":{"start":{"line":30,"column":25},"end":{"line":30,"column":26}},"loc":{"start":{"line":30,"column":60},"end":{"line":137,"column":1}},"line":30},"2":{"name":"(anonymous_2)","decl":{"start":{"line":32,"column":32},"end":{"line":32,"column":33}},"loc":{"start":{"line":32,"column":38},"end":{"line":52,"column":3}},"line":32},"3":{"name":"(anonymous_3)","decl":{"start":{"line":36,"column":20},"end":{"line":36,"column":21}},"loc":{"start":{"line":36,"column":31},"end":{"line":50,"column":5}},"line":36},"4":{"name":"(anonymous_4)","decl":{"start":{"line":43,"column":22},"end":{"line":43,"column":23}},"loc":{"start":{"line":43,"column":32},"end":{"line":47,"column":7}},"line":43},"5":{"name":"(anonymous_5)","decl":{"start":{"line":54,"column":24},"end":{"line":54,"column":25}},"loc":{"start":{"line":54,"column":35},"end":{"line":69,"column":3}},"line":54},"6":{"name":"(anonymous_6)","decl":{"start":{"line":60,"column":23},"end":{"line":60,"column":24}},"loc":{"start":{"line":61,"column":12},"end":{"line":63,"column":16}},"line":61},"7":{"name":"(anonymous_7)","decl":{"start":{"line":119,"column":25},"end":{"line":119,"column":26}},"loc":{"start":{"line":120,"column":14},"end":{"line":130,"column":16}},"line":120}},"branchMap":{"0":{"loc":{"start":{"line":18,"column":2},"end":{"line":18,"column":29}},"type":"if","locations":[{"start":{"line":18,"column":2},"end":{"line":18,"column":29}},{"start":{},"end":{}}],"line":18},"1":{"loc":{"start":{"line":30,"column":41},"end":{"line":30,"column":53}},"type":"default-arg","locations":[{"start":{"line":30,"column":51},"end":{"line":30,"column":53}}],"line":30},"2":{"loc":{"start":{"line":33,"column":4},"end":{"line":33,"column":70}},"type":"if","locations":[{"start":{"line":33,"column":4},"end":{"line":33,"column":70}},{"start":{},"end":{}}],"line":33},"3":{"loc":{"start":{"line":33,"column":8},"end":{"line":33,"column":58}},"type":"binary-expr","locations":[{"start":{"line":33,"column":8},"end":{"line":33,"column":13}},{"start":{"line":33,"column":17},"end":{"line":33,"column":34}},{"start":{"line":33,"column":38},"end":{"line":33,"column":58}}],"line":33},"4":{"loc":{"start":{"line":45,"column":22},"end":{"line":45,"column":77}},"type":"cond-expr","locations":[{"start":{"line":45,"column":42},"end":{"line":45,"column":70}},{"start":{"line":45,"column":73},"end":{"line":45,"column":77}}],"line":45},"5":{"loc":{"start":{"line":56,"column":4},"end":{"line":67,"column":5}},"type":"if","locations":[{"start":{"line":56,"column":4},"end":{"line":67,"column":5}},{"start":{},"end":{}}],"line":56},"6":{"loc":{"start":{"line":56,"column":8},"end":{"line":56,"column":43}},"type":"binary-expr","locations":[{"start":{"line":56,"column":8},"end":{"line":56,"column":14}},{"start":{"line":56,"column":18},"end":{"line":56,"column":25}},{"start":{"line":56,"column":29},"end":{"line":56,"column":43}}],"line":56},"7":{"loc":{"start":{"line":62,"column":29},"end":{"line":62,"column":70}},"type":"cond-expr","locations":[{"start":{"line":62,"column":51},"end":{"line":62,"column":62}},{"start":{"line":62,"column":65},"end":{"line":62,"column":70}}],"line":62},"8":{"loc":{"start":{"line":75,"column":7},"end":{"line":134,"column":7}},"type":"cond-expr","locations":[{"start":{"line":76,"column":8},"end":{"line":78,"column":14}},{"start":{"line":80,"column":8},"end":{"line":133,"column":30}}],"line":75}},"s":{"0":0,"1":0,"2":0,"3":0,"4":0,"5":0,"6":0,"7":0,"8":0,"9":0,"10":0,"11":0,"12":0,"13":0,"14":0,"15":0,"16":0,"17":0,"18":0,"19":0,"20":0,"21":0,"22":0,"23":0},"f":{"0":0,"1":0,"2":0,"3":0,"4":0,"5":0,"6":0,"7":0},"b":{"0":[0,0],"1":[0],"2":[0,0],"3":[0,0,0],"4":[0,0],"5":[0,0],"6":[0,0,0],"7":[0,0],"8":[0,0]}}
,"/home/runner/work/previso-fe/previso-fe/src/components/Charts/WellnessRadarChart.jsx": {"path":"/home/runner/work/previso-fe/previso-fe/src/components/Charts/WellnessRadarChart.jsx","statementMap":{"0":{"start":{"line":21,"column":27},"end":{"line":194,"column":1}},"1":{"start":{"line":23,"column":20},"end":{"line":115,"column":12}},"2":{"start":{"line":24,"column":4},"end":{"line":24,"column":46}},"3":{"start":{"line":24,"column":36},"end":{"line":24,"column":46}},"4":{"start":{"line":27,"column":23},"end":{"line":27,"column":39}},"5":{"start":{"line":28,"column":25},"end":{"line":28,"column":42}},"6":{"start":{"line":30,"column":29},"end":{"line":37,"column":5}},"7":{"start":{"line":31,"column":21},"end":{"line":33,"column":31}},"8":{"start":{"line":32,"column":18},"end":{"line":32,"column":61}},"9":{"start":{"line":33,"column":21},"end":{"line":33,"column":30}},"10":{"start":{"line":34,"column":6},"end":{"line":36,"column":12}},"11":{"start":{"line":35,"column":38},"end":{"line":35,"column":47}},"12":{"start":{"line":40,"column":23},"end":{"line":111,"column":5}},"13":{"start":{"line":57,"column":26},"end":{"line":57,"column":91}},"14":{"start":{"line":58,"column":31},"end":{"line":60,"column":74}},"15":{"start":{"line":59,"column":22},"end":{"line":59,"column":74}},"16":{"start":{"line":60,"column":34},"end":{"line":60,"column":43}},"17":{"start":{"line":62,"column":10},"end":{"line":62,"column":67}},"18":{"start":{"line":65,"column":26},"end":{"line":65,"column":93}},"19":{"start":{"line":66,"column":31},"end":{"line":68,"column":76}},"20":{"start":{"line":67,"column":22},"end":{"line":67,"column":74}},"21":{"start":{"line":68,"column":34},"end":{"line":68,"column":43}},"22":{"start":{"line":69,"column":10},"end":{"line":69,"column":67}},"23":{"start":{"line":77,"column":31},"end":{"line":77,"column":92}},"24":{"start":{"line":78,"column":24},"end":{"line":78,"column":92}},"25":{"start":{"line":79,"column":10},"end":{"line":79,"column":44}},"26":{"start":{"line":82,"column":31},"end":{"line":82,"column":94}},"27":{"start":{"line":83,"column":24},"end":{"line":83,"column":94}},"28":{"start":{"line":84,"column":10},"end":{"line":84,"column":44}},"29":{"start":{"line":92,"column":28},"end":{"line":92,"column":82}},"30":{"start":{"line":93,"column":29},"end":{"line":93,"column":91}},"31":{"start":{"line":95,"column":10},"end":{"line":95,"column":70}},"32":{"start":{"line":98,"column":28},"end":{"line":98,"column":84}},"33":{"start":{"line":99,"column":29},"end":{"line":99,"column":93}},"34":{"start":{"line":100,"column":10},"end":{"line":100,"column":70}},"35":{"start":{"line":113,"column":4},"end":{"line":113,"column":22}},"36":{"start":{"line":117,"column":24},"end":{"line":134,"column":3}},"37":{"start":{"line":118,"column":32},"end":{"line":118
[...]
90,"column":103},"end":{"line":132,"column":1}},"line":90},"4":{"name":"(anonymous_4)","decl":{"start":{"line":116,"column":52},"end":{"line":116,"column":53}},"loc":{"start":{"line":116,"column":59},"end":{"line":116,"column":61}},"line":116},"5":{"name":"(anonymous_5)","decl":{"start":{"line":139,"column":34},"end":{"line":139,"column":35}},"loc":{"start":{"line":139,"column":48},"end":{"line":191,"column":1}},"line":139},"6":{"name":"(anonymous_6)","decl":{"start":{"line":164,"column":4},"end":{"line":164,"column":5}},"loc":{"start":{"line":164,"column":17},"end":{"line":164,"column":53}},"line":164},"7":{"name":"(anonymous_7)","decl":{"start":{"line":172,"column":4},"end":{"line":172,"column":5}},"loc":{"start":{"line":172,"column":17},"end":{"line":172,"column":61}},"line":172},"8":{"name":"(anonymous_8)","decl":{"start":{"line":180,"column":4},"end":{"line":180,"column":5}},"loc":{"start":{"line":180,"column":17},"end":{"line":180,"column":66}},"line":180}},"branchMap":{"0":{"loc":{"start":{"line":10,"column":44},"end":{"line":10,"column":54}},"type":"default-arg","locations":[{"start":{"line":10,"column":52},"end":{"line":10,"column":54}}],"line":10},"1":{"loc":{"start":{"line":19,"column":4},"end":{"line":19,"column":27}},"type":"if","locations":[{"start":{"line":19,"column":4},"end":{"line":19,"column":27}},{"start":{},"end":{}}],"line":19},"2":{"loc":{"start":{"line":20,"column":19},"end":{"line":20,"column":29}},"type":"binary-expr","locations":[{"start":{"line":20,"column":19},"end":{"line":20,"column":23}},{"start":{"line":20,"column":27},"end":{"line":20,"column":29}}],"line":20},"3":{"loc":{"start":{"line":35,"column":19},"end":{"line":35,"column":88}},"type":"binary-expr","locations":[{"start":{"line":35,"column":19},"end":{"line":35,"column":47}},{"start":{"line":35,"column":51},"end":{"line":35,"column":88}}],"line":35},"4":{"loc":{"start":{"line":42,"column":4},"end":{"line":44,"column":5}},"type":"if","locations":[{"start":{"line":42,"column":4},"end":{"line":44,"column":5}},{"start":{},"end":{}}],"line":42},"5":{"loc":{"start":{"line":62,"column":56},"end":{"line":62,"column":64}},"type":"default-arg","locations":[{"start":{"line":62,"column":63},"end":{"line":62,"column":64}}],"line":62},"6":{"loc":{"start":{"line":73,"column":4},"end":{"line":73,"column":27}},"type":"if","locations":[{"start":{"line":73,"column":4},"end":{"line":73,"column":27}},{"start":{},"end":{}}],"line":73},"7":{"loc":{"start":{"line":74,"column":20},"end":{"line":74,"column":37}},"type":"binary-expr","locations":[{"start":{"line":74,"column":20},"end":{"line":74,"column":32}},{"start":{"line":74,"column":36},"end":{"line":74,"column":37}}],"line":74},"8":{"loc":{"start":{"line":90,"column":47},"end":{"line":90,"column":98}},"type":"default-arg","locations":[{"start":{"line":90,"column":96},"end":{"line":90,"column":98}}],"line":90},"9":{"loc":{"start":{"line":90,"column":56},"end":{"line":90,"column":71}},"type":"default-arg","locations":[{"start":{"line":90,"column":70},"end":{"line":90,"column":71}}],"line":90},"10":{"loc":{"start":{"line":90,"column":73},"end":{"line":90,"column":91}},"type":"default-arg","locations":[{"start":{"line":90,"column":90},"end":{"line":90,"column":91}}],"line":90},"11":{"loc":{"start":{"line":92,"column":19},"end":{"line":92,"column":88}},"type":"binary-expr","locations":[{"start":{"line":92,"column":19},"end":{"line":92,"column":47}},{"start":{"line":92,"column":51},"end":{"line":92,"column":88}}],"line":92},"12":{"loc":{"start":{"line":95,"column":4},"end":{"line":97,"column":5}},"type":"if","locations":[{"start":{"line":95,"column":4},"end":{"line":97,"column":5}},{"start":{},"end":{}}],"line":95},"13":{"loc":{"start":{"line":95,"column":8},"end":{"line":95,"column":37}},"type":"binary-expr","locations":[{"start":{"line":95,"column":8},"end":{"line":95,"column":13}},{"start":{"line":95,"column":17},"end":{"line":95,"column":37}}],"line":95},"14":{"loc":{"start":{"line":98,"column":4},"end":{"line":100,"column":5}},"type":"if","locations":[{"start":{"line":98,"column":4},"end":{"line":100,"column":5}},{"start":{},"end":{}}],"line":98},"15":{"loc":{"start":{"line":101,"column":4},"end":{"line":103,"column":5}},"type":"if","locations":[{"start":{"line":101,"column":4},"end":{"line":103,"column":5}},{"start":{},"end":{}}],"line":101},"16":{"loc":{"start":{"line":106,"column":60},"end":{"line":106,"column":96}},"type":"cond-expr","locations":[{"start":{"line":106,"column":74},"end":{"line":106,"column":91}},{"start":{"line":106,"column":94},"end":{"line":106,"column":96}}],"line":106},"17":{"loc":{"start":{"line":109,"column":4},"end":{"line":111,"column":5}},"type":"if","locations":[{"start":{"line":109,"column":4},"end":{"line":111,"column":5}},{"start":{},"end":{}}],"line":109},"18":{"loc":{"start":{"line":115,"column":4},"end":{"line":119,"column":5}},"type":"if","locations":[{"start":{"line":115,"column":4},"end":{"line":119,"column":5}},{"start":{},"end":{}}],"line":115},"19":{"loc":{"start":{"line":117,"column":27},"end":{"line":117,"column":93}},"type":"binary-expr","locations":[{"start":{"line":117,"column":27},"end":{"line":117,"column":43}},{"start":{"line":117,"column":47},"end":{"line":117,"column":93}}],"line":117},"20":{"loc":{"start":{"line":127,"column":4},"end":{"line":129,"column":5}},"type":"if","locations":[{"start":{"line":127,"column":4},"end":{"line":129,"column":5}},{"start":{},"end":{}}],"line":127},"21":{"loc":{"start":{"line":140,"column":2},"end":{"line":142,"column":3}},"type":"if","locations":[{"start":{"line":140,"column":2},"end":{"line":142,"column":3}},{"start":{},"end":{}}],"line":140},"22":{"loc":{"start":{"line":140,"column":6},"end":{"line":140,"column":40}},"type":"binary-expr","locations":[{"start":{"line":140,"column":6},"end":{"line":140,"column":15}},{"start":{"line":140,"column":19},"end":{"line":140,"column":40}}],"line":140},"23":{"loc":{"start":{"line":150,"column":26},"end":{"line":150,"column":64}},"type":"binary-expr","locations":[{"start":{"line":150,"column":26},"end":{"line":150,"column":59}},{"start":{"line":150,"column":63},"end":{"line":150,"column":64}}],"line":150},"24":{"loc":{"start":{"line":151,"column":4},"end":{"line":159,"column":5}},"type":"if","locations":[{"start":{"line":151,"column":4},"end":{"line":159,"column":5}},{"start":{"line":157,"column":11},"end":{"line":159,"column":5}}],"line":151},"25":{"loc":{"start":{"line":153,"column":6},"end":{"line":156,"column":7}},"type":"if","locations":[{"start":{"line":153,"column":6},"end":{"line":156,"column":7}},{"start":{},"end":{}}],"line":153},"26":{"loc":{"start":{"line":166,"column":2},"end":{"line":168,"column":3}},"type":"if","locations":[{"start":{"line":166,"column":2},"end":{"line":168,"column":3}},{"start":{},"end":{}}],"line":166},"27":{"loc":{"start":{"line":166,"column":6},"end":{"line":166,"column":60}},"type":"binary-expr","locations":[{"start":{"line":166,"column":6},"end":{"line":166,"column":30}},{"start":{"line":166,"column":34},"end":{"line":166,"column":60}}],"line":166},"28":{"loc":{"start":{"line":172,"column":18},"end":{"line":172,"column":56}},"type":"binary-expr","locations":[{"start":{"line":172,"column":18},"end":{"line":172,"column":51}},{"start":{"line":172,"column":55},"end":{"line":172,"column":56}}],"line":172},"29":{"loc":{"start":{"line":174,"column":2},"end":{"line":176,"column":3}},"type":"if","locations":[{"start":{"line":174,"column":2},"end":{"line":176,"column":3}},{"start":{},"end":{}}],"line":174},"30":{"loc":{"start":{"line":180,"column":18},"end":{"line":180,"column":61}},"type":"binary-expr","locations":[{"start":{"line":180,"column":18},"end":{"line":180,"column":56}},{"start":{"line":180,"column":60},"end":{"line":180,"column":61}}],"line":180},"31":{"loc":{"start":{"line":182,"column":2},"end":{"line":184,"column":3}},"type":"if","locations":[{"start":{"line":182,"column":2},"end":{"line":184,"column":3}},{"start":{},"end":{}}],"line":182},"32":{"loc":{"start":{"line":189,"column":15},"end":{"line":189,"column":84}},"type":"cond-expr","locations":[{"start":{"line":189,"column":37},"end":{"line":189,"column":43}},{"start":{"line":189,"column":46},"end":{"line":189,"column":84}}],"line":189},"33":{"loc":{"start":{"line":189,"column":46},"end":{"line":189,"column":84}},"type":"cond-expr","locations":[{"start":{"line":189,"column":68},"end":{"line":189,"column":76}},{"start":{"line":189,"column":79},"end":{"line":189,"column":84}}],"line":189}},"s":{"0":0,"1":0,"2":0,"3":0,"4":0,"5":0,"6":0,"7":0,"8":0,"9":0,"10":0,"11":0,"12":0,"13":0,"14":0,"15":0,"16":0,"17":0,"18":0,"19":0,"20":0,"21":0,"22":0,"23":0,"24":0,"25":0,"26":0,"27":0,"28":0,"29":0,"30":0,"31":0,"32":0,"33":0,"34":0,"35":0,"36":0,"37":0,"38":0,"39":0,"40":0,"41":0,"42":0,"43":0,"44":0,"45":0,"46":0,"47":0,"48":0,"49":0,"50":0,"51":0,"52":0,"53":0,"54":0,"55":0,"56":0,"57":0,"58":0,"59":0,"60":0,"61":0,"62":0,"63":0,"64":0,"65":0,"66":0,"67":0,"68":0,"69":0,"70":0,"71":0,"72":0,"73":0,"74":0,"75":0,"76":0,"77":0,"78":0,"79":0,"80":0,"81":0},"f":{"0":0,"1":0,"2":0,"3":0,"4":0,"5":0,"6":0,"7":0,"8":0},"b":{"0":[0],"1":[0,0],"2":[0,0],"3":[0,0],"4":[0,0],"5":[0],"6":[0,0],"7":[0,0],"8":[0],"9":[0],"10":[0],"11":[0,0],"12":[0,0],"13":[0,0],"14":[0,0],"15":[0,0],"16":[0,0],"17":[0,0],"18":[0,0],"19":[0,0],"20":[0,0],"21":[0,0],"22":[0,0],"23":[0,0],"24":[0,0],"25":[0,0],"26":[0,0],"27":[0,0],"28":[0,0],"29":[0,0],"30":[0,0],"31":[0,0],"32":[0,0],"33":[0,0]}}
,"/home/runner/work/previso-fe/previso-fe/src/services/notesService.js": {"path":"/home/runner/work/previso-fe/previso-fe/src/services/notesService.js","statementMap":{"0":{"start":{"line":10,"column":34},"end":{"line":25,"column":1}},"1":{"start":{"line":11,"column":2},"end":{"line":24,"column":3}},"2":{"start":{"line":12,"column":28},"end":{"line":17,"column":48}},"3":{"start":{"line":19,"column":4},"end":{"line":19,"column":27}},"4":{"start":{"line":19,"column":15},"end":{"line":19,"column":27}},"5":{"start":{"line":20,"column":4},"end":{"line":20,"column":45}},"6":{"start":{"line":22,"column":4},"end":{"line":22,"column":59}},"7":{"start":{"line":23,"column":4},"end":{"line":23,"column":31}},"8":{"start":{"line":34,"column":34},"end":{"line":55,"column":1}},"9":{"start":{"line":35,"column":2},"end":{"line":54,"column":3}},"10":{"start":{"line":36,"column":28},"end":{"line":47,"column":15}},"11":{"start":{"line":49,"column":4},"end":{"line":49,"column":27}},"12":{"start":{"line":49,"column":15},"end":{"line":49,"column":27}},"13":{"start":{"line":50,"column":4},"end":{"line":50,"column":33}},"14":{"start":{"line":52,"column":4},"end":{"line":52,"column":58}},"15":{"start":{"line":53,"column":4},"end":{"line":53,"column":33}},"16":{"start":{"line":63,"column":34},"end":{"line":77,"column":1}},"17":{"start":{"line":64,"column":2},"end":{"line":76,"column":3}},"18":{"start":{"line":65,"column":22},"end":{"line":69,"column":38}},"19":{"start":{"line":71,"column":4},"end":{"line":71,"column":27}},"20":{"start":{"line":71,"column":15},"end":{"line":71,"column":27}},"21":{"start":{"line":72,"column":4},"end":{"line":72,"column":42}},"22":{"start":{"line":74,"column":4},"end":{"line":74,"column":58}},"23":{"start":{"line":75,"column":4},"end":{"line":75,"column":37}}},"fnMap":{"0":{"name":"(anonymous_0)","decl":{"start":{"line":10,"column":34},"end":{"line":10,"column":35}},"loc":{"start":{"line":10,"column":68},"end":{"line":25,"column":1}},"line":10},"1":{"name":"(anonymous_1)","decl":{"start":{"line":34,"column":34},"end":{"line":34,"column":35}},"loc":{"start":{"line":34,"column":77},"end":{"line":55,"column":1}},"line":34},"2":{"name":"(anonymous_2)","decl":{"start":{"line":63,"column":34},"end":{"line":63,"column":35}},"loc":{"start":{"line":63,"column":65},"end":{"line":77,"column":1}},"line":63}},"branchMap":{"0":{"loc":{"start":{"line":19,"column":4},"end":{"line":19,"column":27}},"type":"if","locations":[{"start":{"line":19,"column":4},"end":{"line":19,"column":27}},{"start":{},"end":{}}],"line":19},"1":{"loc":{"start":{"line":20,"column":19},"end":{"line":20,"column":29}},"type":"binary-expr","locations":[{"start":{"line":20,"column":19},"end":{"line":20,"column":23}},{"start":{"line":20,"column":27},"end":{"line":20,"column":29}}],"line":20},"2":{"loc":{"start":{"line":49,"column":4},"end":{"line":49,"column":27}},"type":"if","locations":[{"start":{"line":49,"column":4},"end":{"line":49,"column":27}},{"start":{},"end":{}}],"line":49},"3":{"loc":{"start":{"line":71,"column":4},"end":{"line":71,"column":27}},"type":"if","locations":[{"start":{"line":71,"column":4},"end":{"line":71,"column":27}},{"start":{},"end":{}}],"line":71}},"s":{"0":0,"1":0,"2":0,"3":0,"4":0,"5":0,"6":0,"7":0,"8":0,"9":0,"10":0,"11":0,"12":0,"13":0,"14":0,"15":0,"16":0,"17":0,"18":0,"19":0,"20":0,"21":0,"22":0,"23":0},"f":{"0":0,"1":0,"2":0},"b":{"0":[0,0],"1":[0,0],"2":[0,0],"3":[0,0]}}
,"/home/runner/work/previso-fe/previso-fe/src/services/patientService.js": {"path":"/home/runner/work/previso-fe/previso-fe/src/services/patientService.js","statementMap":{"0":{"start":{"line":9,"column":38},"end":{"line":40,"column":1}},"1":{"start":{"line":10,"column":2},"end":{"line":39,"column":3}},"2":{"start":{"line":11,"column":28},"end":{"line":23,"column":38}},"3":{"start":{"line":25,"column":4},"end":{"line":25,"column":27}},"4":{"start":{"line":25,"column":15},"end":{"line":25,"column":27}},"5":{"start":{"line":28,"column":25},"end":{"line":33,"column":25}},"6":{"start":{"line":28,"column":51},"end":{"line":33,"column":5}},"7":{"start":{"line":33,"column":20},"end":{"line":33,"column":24}},"8":{"start":{"line":35,"column":4},"end":{"line":35,"column":47}},"9":{"start":{"line":37,"column":4},"end":{"line":37,"column":53}},"10":{"start":{"line":38,"column":4},"end":{"line":38,"column":31}},"11":{"start":{"line":47,"column":35},"end":{"line":61,"column":1}},"12":{"start":{"line":48,"column":2},"end":{"line":60,"column":3}},"13":{"start":{"line":49,"column":28},"end":{"line":53,"column":15}},"14":{"start":{"line":55,"column":4},"end":{"line":55,"column":27}},"15":{"start":{"line":55,"column":15},"end":{"line":55,"column":27}},"16":{"start":{"line":56,"column":4},"end":{"line":56,"column":33}},"17":{"start":{"line":58,"column":4},"end":{"line":58,"column":60}},"18":{"start":{"line":59,"column":4},"end":{"line":59,"column":33}},"19":{"start":{"line":69,"column":50},"end":{"line":87,"column":1}},"20":{"start":{"line":70,"column":2},"end":{"line":86,"column":3}},"21":{"start":{"line":71,"column":28},"end":{"line":76,"column":15}},"22":{"start":{"line":78,"column":4},"end":{"line":80,"column":5}},"23":{"start":{"line":79,"column":6},"end":{"line":79,"column":39}},"24":{"start":{"line":82,"column":4},"end":{"line":82,"column":44}},"25":{"start":{"line":84,"column":4},"end":{"line":84,"column":58}},"26":{"start":{"line":85,"column":4},"end":{"line":85,"column":37}}},"fnMap":{"0":{"name":"(anonymous_0)","decl":{"start":{"line":9,"column":38},"end":{"line":9,"column":39}},"loc":{"start":{"line":9,"column":61},"end":{"line":40,"column":1}},"line":9},"1":{"name":"(anonymous_1)","decl":{"start":{"line":28,"column":42},"end":{"line":28,"column":43}},"loc":{"start":{"line":28,"column":51},"end":{"line":33,"column":5}},"line":28},"2":{"name":"(anonymous_2)","decl":{"start":{"line":33,"column":15},"end":{"line":33,"column":16}},"loc":{"start":{"line":33,"column":20},"end":{"line":33,"column":24}},"line":33},"3":{"name":"(anonymous_3)","decl":{"start":{"line":47,"column":35},"end":{"line":47,"column":36}},"loc":{"start":{"line":47,"column":56},"end":{"line":61,"column":1}},"line":47},"4":{"name":"(anonymous_4)","decl":{"start":{"line":69,"column":50},"end":{"line":69,"column":51}},"loc":{"start":{"line":69,"column":84},"end":{"line":87,"column":1}},"line":69}},"branchMap":{"0":{"loc":{"start":{"line":25,"column":4},"end":{"line":25,"column":27}},"type":"if","locations":[{"start":{"line":25,"column":4},"end":{"line":25,"column":27}},{"start":{},"end":{}}],"line":25},"1":{"loc":{"start":{"line":28,"column":26},"end":{"line":28,"column":36}},"type":"binary-expr","locations":[{"start":{"line":28,"column":26},"end":{"line":28,"column":30}},{"start":{"line":28,"column":34},"end":{"line":28,"column":36}}],"line":28},"2":{"loc":{"start":{"line":29,"column":10},"end":{"line":29,"column":45}},"type":"binary-expr","locations":[{"start":{"line":29,"column":10},"end":{"line":29,"column":26}},{"start":{"line":29,"column":30},"end":{"line":29,"column":45}}],"line":29},"3":{"loc":{"start":{"line":32,"column":18},"end":{"line":32,"column":62}},"type":"binary-expr","locations":[{"start":{"line":32,"column":18},"end":{"line":32,"column":42}},{"start":{"line":32,"column":46},"end":{"line":32,"column":62}}],"line":32},"4":{"loc":{"start":{"line":55,"column":4},"end":{"line":55,"column":27}},"type":"if","locations":[{"start":{"line":55,"column":4},"end":{"line":55,"column":27}},{"start":{},"end":{}}],"line":55},"5":{"loc":{"start":{"line":78,"column":4},"end":{"line":80,"column":5}},"type":"if","locations":[{"start":{"line":78,"column":4},"end":{"line":80,"column":5}},{"start":{},"end":{}}],"line":78}},"s":{"0":0,"1":0,"2":0,"3":0,"4":0,"5":0,"6":0,"7":0,"8":0,"9":0,"10":0,"11":0,"12":0,"13":0,"14":0,"15":0,"16":0,"17":0,"18":0,"19":0,"20":0,"21":0,"22":0,"23":0,"24":0,"25":0,"26":0},"f":{"0":0,"1":0,"2":0,"3":0,"4":0},"b":{"0":[0,0],"1":[0,0],"2":[0,0],"3":[0,0],"4":[0,0],"5":[0,0]}}
,"/home/runner/work/previso-fe/previso-fe/src/utils/probability.js": {"path":"/home/runner/work/previso-fe/previso-fe/src/utils/probability.js","statementMap":{"0":{"start":{"line":8,"column":2},"end":{"line":8,"column":65}},"1":{"start":{"line":8,"column":56},"end":{"line":8,"column":65}},"2":{"start":{"line":9,"column":12},"end":{"line":9,"column":21}},"3":{"start":{"line":10,"column":2},"end":{"line":10,"column":29}},"4":{"start":{"line":10,"column":20},"end":{"line":10,"column":29}},"5":{"start":{"line":11,"column":2},"end":{"line":11,"column":35}},"6":{"start":{"line":11,"column":26},"end":{"line":11,"column":35}},"7":{"start":{"line":12,"column":2},"end":{"line":12,"column":37}},"8":{"start":{"line":22,"column":14},"end":{"line":22,"column":51}},"9":{"start":{"line":23,"column":2},"end":{"line":23,"column":35}}},"fnMap":{"0":{"name":"clampProbability","decl":{"start":{"line":7,"column":16},"end":{"line":7,"column":32}},"loc":{"start":{"line":7,"column":36},"end":{"line":13,"column":1}},"line":7},"1":{"name":"formatProbabilityPct","decl":{"start":{"line":21,"column":16},"end":{"line":21,"column":36}},"loc":{"start":{"line":21,"column":52},"end":{"line":24,"column":1}},"line":21}},"branchMap":{"0":{"loc":{"start":{"line":8,"column":2},"end":{"line":8,"column":65}},"type":"if","locations":[{"start":{"line":8,"column":2},"end":{"line":8,"column":65}},{"start":{},"end":{}}],"line":8},"1":{"loc":{"start":{"line":8,"column":6},"end":{"line":8,"column":54}},"type":"binary-expr","locations":[{"start":{"line":8,"column":6},"end":{"line":8,"column":16}},{"start":{"line":8,"column":20},"end":{"line":8,"column":35}},{"start":{"line":8,"column":39},"end":{"line":8,"column":54}}],"line":8},"2":{"loc":{"start":{"line":10,"column":2},"end":{"line":10,"column":29}},"type":"if","locations":[{"start":{"line":10,"column":2},"end":{"line":10,"column":29}},{"start":{},"end":{}}],"line":10},"3":{"loc":{"start":{"line":11,"column":2},"end":{"line":11,"column":35}},"type":"if","locations":[{"start":{"line":11,"column":2},"end":{"line":11,"column":35}},{"start":{},"end":{}}],"line":11},"4":{"loc":{"start":{"line":21,"column":40},"end":{"line":21,"column":50}},"type":"default-arg","locations":[{"start":{"line":21,"column":49},"end":{"line":21,"column":50}}],"line":21}},"s":{"0":80,"1":7,"2":73,"3":73,"4":2,"5":71,"6":9,"7":62,"8":11,"9":11},"f":{"0":80,"1":11},"b":{"0":[7,73],"1":[80,76,74],"2":[2,71],"3":[9,62],"4":[8]},"_coverageSchema":"1a1c01bbd47fc00a2c39e90264f33305004495a9","hash":"4947aae13dfaad3984e5d6bfe12b8951bea81958"}
}
