TN:
SF:src/App.jsx
FN:29,App
FNF:1
FNH:0
FNDA:0,App
DA:30,0
DA:31,0
DA:33,0
DA:39,0
DA:40,0
DA:41,0
DA:51,0
DA:53,0
LF:8
LH:0
BRDA:34,0,0,0
BRDA:34,0,1,0
BRDA:35,1,0,0
BRDA:35,1,1,0
BRDA:39,2,0,0
BRDA:39,2,1,0
BRDA:58,3,0,0
BRDA:58,3,1,0
BRDA:62,4,0,0
BRDA:62,4,1,0
BRDA:66,5,0,0
BRDA:66,5,1,0
BRDA:79,6,0,0
BRDA:79,6,1,0
BRDA:108,7,0,0
BRDA:108,7,1,0
BRDA:143,8,0,0
BRDA:143,8,1,0
BRF:18
BRH:0
end_of_record
TN:
SF:src/api/apiClient.js
FN:10,(anonymous_0)
FN:27,(anonymous_1)
FN:37,(anonymous_2)
FN:38,(anonymous_3)
FN:52,requestWithRetry
FN:96,(anonymous_5)
FN:103,(anonymous_6)
FN:104,(anonymous_7)
FN:105,(anonymous_8)
FN:106,(anonymous_9)
FNF:10
FNH:4
FNDA:4,(anonymous_0)
FNDA:0,(anonymous_1)
FNDA:0,(anonymous_2)
FNDA:0,(anonymous_3)
FNDA:6,requestWithRetry
FNDA:3,(anonymous_5)
FNDA:6,(anonymous_6)
FNDA:0,(anonymous_7)
FNDA:0,(anonymous_8)
FNDA:0,(anonymous_9)
DA:11,4
DA:12,4
DA:13,4
DA:14,4
DA:18,3
DA:21,3
DA:27,3
DA:28,0
DA:29,0
DA:30,0
DA:32,0
DA:36,3
DA:37,0
DA:39,0
DA:40,0
DA:41,0
DA:43,0
DA:45,0
DA:53,6
DA:54,6
DA:58,6
DA:59,0
DA:62,6
DA:63,9
DA:64,9
DA:71,9
DA:72,2
DA:76,7
DA:78,7
DA:80,4
DA:82,4
DA:86,4
DA:88,4
DA:91,3
DA:92,3
DA:95,3
DA:96,3
DA:102,3
DA:103,6
DA:104,0
DA:105,0
DA:106,0
LF:42
LH:28
BRDA:10,0,0,0
BRDA:29,1,0,0
BRDA:29,1,1,0
BRDA:40,2,0,0
BRDA:40,2,1,0
BRDA:40,3,0,0
BRDA:40,3,1,0
BRDA:52,4,0,0
BRDA:52,5,0,3
BRDA:53,6,0,3
BRDA:58,7,0,0
BRDA:58,7,1,6
BRDA:76,8,0,7
BRDA:76,8,1,6
BRDA:76,8,2,4
BRDA:78,9,0,4
BRDA:78,9,1,3
BRDA:78,10,0,7
BRDA:78,10,1,4
BRDA:80,11,0,4
BRDA:80,11,1,1
BRDA:82,12,0,4
BRDA:82,12,1,1
BRDA:82,12,2,1
BRDA:82,12,3,0
BRDA:86,13,0,4
BRDA:86,13,1,1
BRF:27
BRH:17
end_of_record
TN:
SF:src/api/supabaseClient.js
FNF:0
FNH:0
DA:5,0
DA:6,0
DA:8,0
DA:9,0
DA:10,0
DA:12,0
DA:13,0
DA:33,0
DA:36,0
DA:42,0
DA:43,0
DA:44,0
DA:45,0
DA:46,0
DA:47,0
DA:52,0
DA:54,0
DA:55,0
DA:56,0
DA:57,0
DA:63,0
DA:64,0
DA:65,0
DA:66,0
DA:67,0
DA:71,0
DA:73,0
DA:74,0
DA:75,0
LF:29
LH:0
BRDA:9,0,0,0
BRDA:9,0,1,0
BRDA:10,1,0,0
BRDA:10,1,1,0
BRDA:12,2,0,0
BRDA:12,2,1,0
BRDA:12,3,0,0
BRDA:12,3,1,0
BRDA:16,4,0,0
BRDA:16,4,1,0
BRDA:17,5,0,0
BRDA:17,5,1,0
BRDA:42,6,0,0
BRDA:42,6,1,0
BRDA:45,7,0,0
BRDA:45,7,1,0
BRDA:54,8,0,0
BRDA:54,8,1,0
BRDA:63,9,0,0
BRDA:63,9,1,0
BRDA:63,10,0,0
BRDA:63,10,1,0
BRF:22
BRH:0
end_of_record
TN:
SF:src/components/AccessDenied.jsx
FN:8,(anonymous_0)
FN:35,(anonymous_1)
FN:44,(anonymous_2)
FNF:3
FNH:3
FNDA:8,(anonymous_0)
FNDA:1,(anonymous_1)
FNDA:1,(anonymous_2)
DA:8,1
DA:9,8
DA:12,8
DA:15,8
DA:35,1
DA:44,1
LF:6
LH:6
BRDA:8,0,0,7
BRDA:29,1,0,8
BRDA:29,1,1,7
BRDA:33,2,0,8
BRDA:33,2,1,7
BRF:5
BRH:5
end_of_record
TN:
SF:src/components/AdminRoute.jsx
FN:7,(anonymous_0)
FNF:1
FNH:1
FNDA:6,(anonymous_0)
DA:7,1
DA:8,6
DA:9,6
DA:12,6
DA:13,1
DA:17,5
DA:18,1
DA:23,4
DA:24,1
DA:29,3
DA:30,2
DA:34,1
LF:12
LH:12
BRDA:12,0,0,1
BRDA:12,0,1,5
BRDA:17,1,0,1
BRDA:17,1,1,4
BRDA:23,2,0,1
BRDA:23,2,1,3
BRDA:29,3,0,2
BRDA:29,3,1,1
BRF:8
BRH:8
end_of_record
TN:
SF:src/components/DailyPredictionCard.jsx
FN:5,(anonymous_0)
FN:14,(anonymous_1)
FN:30,(anonymous_2)
FN:46,(anonymous_3)
FNF:4
FNH:0
FNDA:0,(anonymous_0)
FNDA:0,(anonymous_1)
FNDA:0,(anonymous_2)
FNDA:0,(anonymous_3)
DA:5,0
DA:6,0
DA:14,0
DA:15,0
DA:30,0
DA:31,0
DA:46,0
DA:48,0
DA:55,0
DA:58,0
DA:59,0
DA:60,0
DA:61,0
DA:63,0
DA:64,0
DA:65,0
DA:67,0
LF:17
LH:0
BRDA:36,0,0,0
BRDA:36,0,1,0
BRDA:48,1,0,0
BRDA:48,1,1,0
BRDA:49,2,0,0
BRDA:49,2,1,0
BRDA:50,3,0,0
BRDA:50,3,1,0
BRDA:51,4,0,0
BRDA:51,4,1,0
BRDA:52,5,0,0
BRDA:52,5,1,0
BRDA:58,6,0,0
BRDA:58,6,1,0
BRDA:59,7,0,0
BRDA:59,7,1,0
BRDA:60,8,0,0
BRDA:60,8,1,0
BRDA:61,9,0,0
BRDA:61,9,1,0
BRDA:64,10,0,0
BRDA:64,10,1,0
BRDA:65,11,0,0
BRDA:65,11,1,0
BRF:24
BRH:0
end_of_record
TN:
SF:src/components/DataGenerator.jsx
FN:12,(anonymous_0)
FN:40,(anonymous_1)
FN:364,(anonymous_2)
FNF:3
FNH:2
FNDA:52,(anonymous_0)
FNDA:13,(anonymous_1)
FNDA:0,(anonymous_2)
DA:12,1
DA:13,52
DA:14,52
DA:27,52
DA:28,52
DA:29,52
DA:30,52
DA:33,52
DA:36,52
DA:37,2
DA:40,50
DA:41,13
DA:42,13
DA:43,13
DA:44,13
DA:45,13
DA:47,13
DA:52,13
DA:55,13
DA:58,13
DA:62,13
DA:74,13
DA:76,13
DA:77,0
DA:80,13
DA:83,6
DA:84,0
DA:85,0
DA:93,6
DA:96,6
DA:97,6
DA:98,0
DA:99,0
DA:103,6
DA:105,6
DA:106,6
DA:108,6
DA:109,6
DA:112,6
DA:113,0
DA:116,6
DA:119,6
DA:120,0
DA:126,12
DA:130,50
DA:364,0
LF:46
LH:38
BRDA:36,0,0,2
BRDA:36,0,1,50
BRDA:52,1,0,13
BRDA:52,1,1,0
BRDA:52,2,0,13
BRDA:52,2,1,13
BRDA:55,3,0,13
BRDA:55,3,1,0
BRDA:55,4,0,13
BRDA:55,4,1,13
BRDA:58,5,0,13
BRDA:58,5,1,0
BRDA:58,6,0,13
BRDA:58,6,1,13
BRDA:76,7,0,0
BRDA:76,7,1,13
BRDA:83,8,0,0
BRDA:83,8,1,6
BRDA:97,9,0,0
BRDA:97,9,1,6
BRDA:112,10,0,0
BRDA:112,10,1,6
BRDA:112,11,0,6
BRDA:112,11,1,6
BRDA:119,12,0,0
BRDA:119,12,1,6
BRDA:166,13,0,50
BRDA:166,13,1,0
BRDA:175,14,0,50
BRDA:175,14,1,4
BRDA:175,14,2,48
BRDA:190,15,0,48
BRDA:190,15,1,1
BRDA:200,16,0,50
BRDA:200,16,1,48
BRDA:200,16,2,4
BRDA:215,17,0,4
BRDA:215,17,1,0
BRDA:239,18,0,50
BRDA:239,18,1,0
BRDA:261,19,0,50
BRDA:261,19,1,0
BRDA:309,20,0,50
BRDA:309,20,1,7
BRDA:317,21,0,50
BRDA:317,21,1,6
BRDA:321,22,0,6
BRDA:321,22,1,0
BRDA:322,23,0,6
BRDA:322,23,1,6
BRDA:324,24,0,6
BRDA:324,24,1,2
BRDA:325,25,0,6
BRDA:325,25,1,5
BRDA:326,26,0,6
BRDA:326,26,1,1
BRDA:327,27,0,6
BRDA:327,27,1,6
BRDA:327,27,2,2
BRDA:329,28,0,2
BRDA:329,28,1,1
BRDA:345,29,0,2
BRDA:345,29,1,48
BRDA:360,30,0,50
BRDA:360,30,1,0
BRF:65
BRH:51
end_of_record
TN:
SF:src/components/ErrorBoundary.jsx
FN:7,(anonymous_0)
FN:12,(anonymous_1)
FN:17,(anonymous_2)
FN:28,(anonymous_3)
FN:106,(anonymous_4)
FNF:5
FNH:0
FNDA:0,(anonymous_0)
FNDA:0,(anonymous_1)
FNDA:0,(anonymous_2)
FNDA:0,(anonymous_3)
FNDA:0,(anonymous_4)
DA:4,0
DA:8,0
DA:9,0
DA:14,0
DA:19,0
DA:20,0
DA:22,0
DA:29,0
DA:31,0
DA:106,0
DA:126,0
LF:11
LH:0
BRDA:29,0,0,0
BRDA:29,0,1,0
BRDA:75,1,0,0
BRDA:75,1,1,0
BRDA:75,1,2,0
BRF:5
BRH:0
end_of_record
TN:
SF:src/components/Header.jsx
FN:7,(anonymous_0)
FN:12,(anonymous_1)
FN:31,(anonymous_2)
FN:57,(anonymous_3)
FN:111,(anonymous_4)
FNF:5
FNH:0
FNDA:0,(anonymous_0)
FNDA:0,(anonymous_1)
FNDA:0,(anonymous_2)
FNDA:0,(anonymous_3)
FNDA:0,(anonymous_4)
DA:7,0
DA:8,0
DA:9,0
DA:10,0
DA:12,0
DA:13,0
DA:14,0
DA:15,0
DA:17,0
DA:21,0
DA:31,0
DA:57,0
DA:111,0
LF:13
LH:0
BRDA:48,0,0,0
BRDA:48,0,1,0
BRF:2
BRH:0
end_of_record
TN:
SF:src/components/Layout.jsx
FN:7,(anonymous_0)
FN:24,(anonymous_1)
FN:45,(anonymous_2)
FN:84,(anonymous_3)
FNF:4
FNH:0
FNDA:0,(anonymous_0)
FNDA:0,(anonymous_1)
FNDA:0,(anonymous_2)
FNDA:0,(anonymous_3)
DA:7,0
DA:8,0
DA:10,0
DA:24,0
DA:45,0
DA:84,0
LF:6
LH:0
BRDA:41,0,0,0
BRDA:41,0,1,0
BRF:2
BRH:0
end_of_record
TN:
SF:src/components/LogoutButton.jsx
FN:6,(anonymous_0)
FN:10,(anonymous_1)
FNF:2
FNH:0
FNDA:0,(anonymous_0)
FNDA:0,(anonymous_1)
DA:6,0
DA:7,0
DA:8,0
DA:10,0
DA:11,0
DA:12,0
DA:14,0
DA:17,0
DA:22,0
DA:24,0
LF:10
LH:0
BRDA:22,0,0,0
BRDA:22,0,1,0
BRF:2
BRH:0
end_of_record
TN:
SF:src/components/PredictionCard.jsx
FN:56,(anonymous_0)
FN:160,(anonymous_1)
FNF:2
FNH:2
FNDA:24,(anonymous_0)
FNDA:14,(anonymous_1)
DA:9,3
DA:56,3
DA:65,24
DA:83,24
DA:85,24
DA:91,24
DA:92,24
DA:93,24
DA:95,24
DA:161,14
LF:10
LH:10
BRDA:62,0,0,0
BRDA:65,1,0,24
BRDA:65,1,1,13
BRDA:85,2,0,24
BRDA:85,2,1,0
BRDA:91,3,0,24
BRDA:91,3,1,23
BRDA:92,4,0,24
BRDA:92,4,1,13
BRDA:102,5,0,24
BRDA:102,5,1,16
BRDA:111,6,0,23
BRDA:111,6,1,1
BRDA:125,7,0,23
BRDA:125,7,1,23
BRDA:135,8,0,23
BRDA:135,8,1,16
BRDA:139,9,0,11
BRDA:139,9,1,5
BRDA:158,10,0,16
BRDA:158,10,1,7
BRDA:158,10,2,7
BRDA:158,10,3,6
BRDA:172,11,0,0
BRDA:172,11,1,23
BRDA:173,12,0,23
BRDA:173,12,1,23
BRF:27
BRH:24
end_of_record
TN:
SF:src/components/PredictionsGrid.jsx
FN:33,(anonymous_0)
FN:43,(anonymous_1)
FN:47,(anonymous_2)
FN:58,(anonymous_3)
FN:110,(anonymous_4)
FN:113,(anonymous_5)
FN:135,(anonymous_6)
FNF:7
FNH:4
FNDA:6,(anonymous_0)
FNDA:0,(anonymous_1)
FNDA:0,(anonymous_2)
FNDA:5,(anonymous_3)
FNDA:0,(anonymous_4)
FNDA:16,(anonymous_5)
FNDA:2,(anonymous_6)
DA:9,1
DA:19,1
DA:33,1
DA:34,6
DA:41,6
DA:43,6
DA:44,0
DA:47,6
DA:48,0
DA:51,6
DA:52,1
DA:59,5
DA:70,5
DA:71,1
DA:85,4
DA:87,4
DA:110,0
DA:114,16
DA:136,2
LF:19
LH:16
BRDA:51,0,0,1
BRDA:51,0,1,5
BRDA:51,1,0,6
BRDA:51,1,1,1
BRDA:70,2,0,1
BRDA:70,2,1,4
BRDA:70,3,0,5
BRDA:70,3,1,1
BRDA:85,4,0,2
BRDA:85,4,1,2
BRDA:127,5,0,0
BRDA:127,5,1,4
BRDA:133,6,0,1
BRDA:133,6,1,3
BRF:14
BRH:13
end_of_record
TN:
SF:src/components/ProtectedRoute.jsx
FN:7,(anonymous_0)
FNF:1
FNH:0
FNDA:0,(anonymous_0)
DA:7,0
DA:8,0
DA:9,0
DA:11,0
DA:12,0
DA:20,0
DA:21,0
DA:25,0
DA:26,0
DA:30,0
LF:10
LH:0
BRDA:11,0,0,0
BRDA:11,0,1,0
BRDA:20,1,0,0
BRDA:20,1,1,0
BRDA:25,2,0,0
BRDA:25,2,1,0
BRDA:25,3,0,0
BRDA:25,3,1,0
BRF:8
BRH:0
end_of_record
TN:
SF:src/components/Sidebar.jsx
FN:6,(anonymous_0)
FN:22,(anonymous_1)
FN:30,(anonymous_2)
FN:53,(anonymous_3)
FN:69,(anonymous_4)
FN:86,(anonymous_5)
FN:103,(anonymous_6)
FN:119,(anonymous_7)
FN:135,(anonymous_8)
FN:151,(anonymous_9)
FNF:10
FNH:9
FNDA:25,(anonymous_0)
FNDA:25,(anonymous_1)
FNDA:0,(anonymous_2)
FNDA:25,(anonymous_3)
FNDA:8,(anonymous_4)
FNDA:13,(anonymous_5)
FNDA:5,(anonymous_6)
FNDA:25,(anonymous_7)
FNDA:7,(anonymous_8)
FNDA:25,(anonymous_9)
DA:6,2
DA:10,25
DA:11,25
DA:15,25
DA:18,25
DA:22,25
DA:23,25
DA:24,20
DA:25,13
DA:26,8
DA:27,0
DA:30,25
DA:31,0
DA:32,0
DA:34,0
DA:37,0
DA:41,25
DA:54,25
DA:70,8
DA:87,13
DA:104,5
DA:120,25
DA:136,7
DA:152,25
LF:24
LH:19
BRDA:15,0,0,25
BRDA:15,0,1,10
BRDA:15,0,2,5
BRDA:18,1,0,7
BRDA:18,1,1,18
BRDA:19,2,0,5
BRDA:19,2,1,13
BRDA:23,3,0,5
BRDA:23,3,1,20
BRDA:24,4,0,7
BRDA:24,4,1,13
BRDA:25,5,0,5
BRDA:25,5,1,8
BRDA:26,6,0,8
BRDA:26,6,1,0
BRDA:55,7,0,0
BRDA:55,7,1,25
BRDA:65,8,0,25
BRDA:65,8,1,8
BRDA:71,9,0,0
BRDA:71,9,1,8
BRDA:82,10,0,25
BRDA:82,10,1,17
BRDA:82,10,2,13
BRDA:88,11,0,0
BRDA:88,11,1,13
BRDA:99,12,0,25
BRDA:99,12,1,5
BRDA:105,13,0,0
BRDA:105,13,1,5
BRDA:121,14,0,0
BRDA:121,14,1,25
BRDA:131,15,0,25
BRDA:131,15,1,7
BRDA:137,16,0,0
BRDA:137,16,1,7
BRDA:153,17,0,0
BRDA:153,17,1,25
BRDA:174,18,0,25
BRDA:174,18,1,0
BRF:40
BRH:31
end_of_record
TN:
SF:src/components/ThemeToggle.jsx
FN:5,(anonymous_0)
FN:17,(anonymous_1)
FN:20,(anonymous_2)
FNF:3
FNH:0
FNDA:0,(anonymous_0)
FNDA:0,(anonymous_1)
FNDA:0,(anonymous_2)
DA:5,0
DA:6,0
DA:8,0
DA:14,0
DA:18,0
DA:20,0
LF:6
LH:0
BRDA:24,0,0,0
BRDA:24,0,1,0
BRF:2
BRH:0
end_of_record
TN:
SF:src/components/Admin/DangerZone.jsx
FN:10,(anonymous_0)
FN:27,(anonymous_1)
FN:146,(anonymous_2)
FN:167,(anonymous_3)
FN:188,(anonymous_4)
FN:209,(anonymous_5)
FN:225,(anonymous_6)
FN:276,(anonymous_7)
FNF:8
FNH:7
FNDA:34,(anonymous_0)
FNDA:6,(anonymous_1)
FNDA:3,(anonymous_2)
FNDA:1,(anonymous_3)
FNDA:1,(anonymous_4)
FNDA:1,(anonymous_5)
FNDA:7,(anonymous_6)
FNDA:0,(anonymous_7)
DA:10,1
DA:11,34
DA:12,34
DA:13,34
DA:14,34
DA:15,34
DA:16,34
DA:17,34
DA:18,34
DA:19,34
DA:20,34
DA:23,34
DA:24,1
DA:27,33
DA:28,6
DA:30,6
DA:31,0
DA:32,0
DA:33,0
DA:36,6
DA:37,6
DA:38,6
DA:39,6
DA:41,6
DA:43,6
DA:46,6
DA:47,1
DA:48,1
DA:49,1
DA:54,6
DA:55,1
DA:59,6
DA:60,1
DA:63,6
DA:65,5
DA:66,5
DA:69,5
DA:70,5
DA:71,5
DA:72,5
DA:73,5
DA:76,5
DA:77,0
DA:80,1
DA:82,1
DA:83,1
DA:85,1
DA:87,1
DA:88,0
DA:89,0
DA:90,1
DA:91,0
DA:92,1
DA:93,0
DA:95,1
DA:99,1
DA:102,1
DA:103,0
DA:109,6
DA:113,33
DA:114,33
DA:115,33
DA:117,33
DA:146,3
DA:167,1
DA:188,1
DA:209,1
DA:225,7
DA:276,0
LF:69
LH:59
BRDA:23,0,0,1
BRDA:23,0,1,33
BRDA:30,1,0,0
BRDA:30,1,1,6
BRDA:46,2,0,1
BRDA:46,2,1,5
BRDA:46,3,0,6
BRDA:46,3,1,1
BRDA:48,4,0,1
BRDA:48,4,1,0
BRDA:54,5,0,1
BRDA:54,5,1,5
BRDA:54,6,0,6
BRDA:54,6,1,1
BRDA:59,7,0,1
BRDA:59,7,1,5
BRDA:59,8,0,6
BRDA:59,8,1,1
BRDA:65,9,0,5
BRDA:65,9,1,0
BRDA:76,10,0,0
BRDA:76,10,1,5
BRDA:76,11,0,5
BRDA:76,11,1,0
BRDA:85,12,0,1
BRDA:85,12,1,0
BRDA:87,13,0,0
BRDA:87,13,1,1
BRDA:87,14,0,1
BRDA:87,14,1,1
BRDA:90,15,0,0
BRDA:90,15,1,1
BRDA:92,16,0,0
BRDA:92,16,1,1
BRDA:102,17,0,0
BRDA:102,17,1,1
BRDA:158,18,0,33
BRDA:158,18,1,4
BRDA:180,19,0,33
BRDA:180,19,1,4
BRDA:200,20,0,33
BRDA:200,20,1,4
BRDA:235,21,0,33
BRDA:235,21,1,1
BRDA:243,22,0,33
BRDA:243,22,1,5
BRDA:253,23,0,33
BRDA:253,23,1,27
BRDA:257,24,0,6
BRDA:257,24,1,27
BRDA:272,25,0,33
BRDA:272,25,1,0
BRF:52
BRH:41
end_of_record
TN:
SF:src/components/Admin/DataCleanup.jsx
FN:16,(anonymous_0)
FN:29,(anonymous_1)
FN:129,(anonymous_2)
FN:158,(anonymous_3)
FN:171,(anonymous_4)
FN:203,(anonymous_5)
FNF:6
FNH:4
FNDA:45,(anonymous_0)
FNDA:10,(anonymous_1)
FNDA:12,(anonymous_2)
FNDA:0,(anonymous_3)
FNDA:1,(anonymous_4)
FNDA:0,(anonymous_5)
DA:13,1
DA:16,1
DA:17,45
DA:18,45
DA:19,45
DA:20,45
DA:21,45
DA:22,45
DA:25,45
DA:26,1
DA:29,44
DA:30,10
DA:31,10
DA:32,10
DA:33,10
DA:34,10
DA:36,10
DA:38,10
DA:40,10
DA:41,0
DA:44,10
DA:46,5
DA:47,5
DA:50,5
DA:51,5
DA:52,0
DA:56,5
DA:57,1
DA:60,5
DA:61,5
DA:63,5
DA:64,5
DA:67,5
DA:69,0
DA:70,5
DA:71,0
DA:74,5
DA:77,5
DA:78,0
DA:84,10
DA:85,10
DA:89,44
DA:129,12
DA:158,0
DA:171,1
DA:203,0
LF:46
LH:39
BRDA:25,0,0,1
BRDA:25,0,1,44
BRDA:40,1,0,0
BRDA:40,1,1,10
BRDA:46,2,0,5
BRDA:46,2,1,0
BRDA:51,3,0,0
BRDA:51,3,1,5
BRDA:56,4,0,1
BRDA:56,4,1,4
BRDA:56,5,0,5
BRDA:56,5,1,1
BRDA:67,6,0,0
BRDA:67,6,1,5
BRDA:69,7,0,0
BRDA:69,7,1,0
BRDA:70,8,0,0
BRDA:70,8,1,5
BRDA:70,9,0,5
BRDA:70,9,1,2
BRDA:77,10,0,0
BRDA:77,10,1,5
BRDA:112,11,0,44
BRDA:112,11,1,5
BRDA:120,12,0,44
BRDA:120,12,1,3
BRDA:134,13,0,10
BRDA:134,13,1,34
BRDA:149,14,0,44
BRDA:149,14,1,22
BRDA:184,15,0,10
BRDA:184,15,1,12
BRDA:199,16,0,44
BRDA:199,16,1,0
BRF:34
BRH:25
end_of_record
TN:
SF:src/components/Admin/DataStats.jsx
FN:10,(anonymous_0)
FN:15,(anonymous_1)
FNF:2
FNH:2
FNDA:18,(anonymous_0)
FNDA:4,(anonymous_1)
DA:10,2
DA:11,18
DA:12,18
DA:15,18
DA:20,18
DA:21,1
DA:24,17
DA:145,2
LF:8
LH:8
BRDA:20,0,0,1
BRDA:20,0,1,17
BRDA:39,1,0,2
BRDA:39,1,1,15
BRDA:55,2,0,17
BRDA:55,2,1,5
BRDA:57,3,0,1
BRDA:57,3,1,4
BRDA:61,4,0,1
BRDA:61,4,1,4
BRDA:67,5,0,1
BRDA:67,5,1,4
BRDA:76,6,0,2
BRDA:76,6,1,15
BRDA:81,7,0,5
BRDA:81,7,1,10
BRDA:84,8,0,1
BRDA:84,8,1,4
BRDA:90,9,0,1
BRDA:90,9,1,4
BRDA:95,10,0,5
BRDA:95,10,1,4
BRDA:116,11,0,10
BRDA:116,11,1,1
BRDA:132,12,0,10
BRDA:132,12,1,1
BRF:26
BRH:26
end_of_record
TN:
SF:src/components/Admin/EnhancedStats.jsx
FN:23,(anonymous_0)
FN:41,(anonymous_1)
FN:80,(anonymous_2)
FN:84,(anonymous_3)
FN:89,(anonymous_4)
FN:209,(anonymous_5)
FN:246,(anonymous_6)
FNF:7
FNH:7
FNDA:9,(anonymous_0)
FNDA:6,(anonymous_1)
FNDA:5,(anonymous_2)
FNDA:1,(anonymous_3)
FNDA:7,(anonymous_4)
FNDA:2,(anonymous_5)
FNDA:18,(anonymous_6)
DA:23,1
DA:24,9
DA:25,9
DA:26,9
DA:27,9
DA:41,9
DA:42,6
DA:43,6
DA:45,6
DA:46,6
DA:48,4
DA:62,2
DA:64,2
DA:65,0
DA:66,0
DA:67,0
DA:68,0
DA:70,0
DA:73,2
DA:76,5
DA:80,9
DA:81,5
DA:84,9
DA:85,1
DA:89,9
DA:90,7
DA:95,9
DA:96,1
DA:99,8
DA:100,5
DA:108,3
DA:109,1
DA:117,2
DA:210,2
DA:246,1
DA:247,18
DA:260,18
LF:37
LH:32
BRDA:49,0,0,4
BRDA:49,0,1,0
BRDA:50,1,0,3
BRDA:50,1,1,0
BRDA:51,2,0,3
BRDA:51,2,1,0
BRDA:52,3,0,3
BRDA:52,3,1,2
BRDA:53,4,0,3
BRDA:53,4,1,2
BRDA:54,5,0,3
BRDA:54,5,1,2
BRDA:55,6,0,3
BRDA:55,6,1,2
BRDA:56,7,0,3
BRDA:56,7,1,2
BRDA:57,8,0,3
BRDA:57,8,1,2
BRDA:58,9,0,3
BRDA:58,9,1,2
BRDA:59,10,0,3
BRDA:59,10,1,2
BRDA:64,11,0,0
BRDA:64,11,1,2
BRDA:65,12,0,0
BRDA:65,12,1,0
BRDA:67,13,0,0
BRDA:67,13,1,0
BRDA:95,14,0,1
BRDA:95,14,1,8
BRDA:99,15,0,5
BRDA:99,15,1,3
BRDA:108,16,0,1
BRDA:108,16,1,2
BRDA:167,17,0,2
BRDA:167,17,1,0
BRDA:169,18,0,2
BRDA:169,18,1,0
BRDA:208,19,0,1
BRDA:208,19,1,1
BRDA:263,20,0,18
BRDA:263,20,1,0
BRDA:270,21,0,18
BRDA:270,21,1,2
BRDA:271,22,0,2
BRDA:271,22,1,0
BRF:46
BRH:34
end_of_record
TN:
SF:src/components/Admin/ExportData.jsx
FN:10,(anonymous_0)
FN:31,(anonymous_1)
FN:118,(anonymous_2)
FN:136,(anonymous_3)
FN:157,(anonymous_4)
FN:175,(anonymous_5)
FN:197,(anonymous_6)
FN:210,(anonymous_7)
FN:226,(anonymous_8)
FN:238,(anonymous_9)
FN:250,(anonymous_10)
FN:262,(anonymous_11)
FNF:12
FNH:4
FNDA:20,(anonymous_0)
FNDA:3,(anonymous_1)
FNDA:2,(anonymous_2)
FNDA:3,(anonymous_3)
FNDA:0,(anonymous_4)
FNDA:0,(anonymous_5)
FNDA:0,(anonymous_6)
FNDA:0,(anonymous_7)
FNDA:0,(anonymous_8)
FNDA:0,(anonymous_9)
FNDA:0,(anonymous_10)
FNDA:0,(anonymous_11)
DA:10,1
DA:11,20
DA:12,20
DA:13,20
DA:14,20
DA:15,20
DA:16,20
DA:17,20
DA:18,20
DA:19,20
DA:20,20
DA:21,20
DA:22,20
DA:23,20
DA:24,20
DA:27,20
DA:28,1
DA:31,19
DA:32,3
DA:34,3
DA:35,3
DA:36,3
DA:38,3
DA:39,3
DA:40,3
DA:53,3
DA:56,2
DA:57,1
DA:58,1
DA:60,1
DA:61,1
DA:62,1
DA:65,2
DA:67,1
DA:69,1
DA:70,0
DA:71,0
DA:72,0
DA:73,0
DA:75,0
DA:78,1
DA:81,3
DA:85,19
DA:86,19
DA:87,19
DA:89,19
DA:118,2
DA:136,3
DA:157,0
DA:175,0
DA:197,0
DA:210,0
DA:226,0
DA:238,0
DA:250,0
DA:262,0
LF:56
LH:43
BRDA:27,0,0,1
BRDA:27,0,1,19
BRDA:39,1,0,0
BRDA:39,1,1,3
BRDA:43,2,0,0
BRDA:43,2,1,3
BRDA:43,3,0,3
BRDA:43,3,1,0
BRDA:56,4,0,1
BRDA:56,4,1,1
BRDA:58,5,0,1
BRDA:58,5,1,0
BRDA:69,6,0,0
BRDA:69,6,1,1
BRDA:70,7,0,0
BRDA:70,7,1,0
BRDA:72,8,0,0
BRDA:72,8,1,0
BRDA:148,9,0,19
BRDA:148,9,1,1
BRDA:167,10,0,19
BRDA:167,10,1,1
BRDA:187,11,0,19
BRDA:187,11,1,1
BRDA:272,12,0,19
BRDA:272,12,1,1
BRDA:280,13,0,19
BRDA:280,13,1,2
BRDA:294,14,0,3
BRDA:294,14,1,16
BRF:30
BRH:21
end_of_record
TN:
SF:src/components/Admin/TestPatientFlag.jsx
FN:9,(anonymous_0)
FN:22,(anonymous_1)
FN:37,(anonymous_2)
FN:40,(anonymous_3)
FN:49,(anonymous_4)
FN:57,(anonymous_5)
FN:66,(anonymous_6)
FN:141,(anonymous_7)
FN:145,(anonymous_8)
FN:164,(anonymous_9)
FN:168,(anonymous_10)
FN:204,(anonymous_11)
FNF:12
FNH:11
FNDA:32,(anonymous_0)
FNDA:5,(anonymous_1)
FNDA:16,(anonymous_2)
FNDA:6,(anonymous_3)
FNDA:15,(anonymous_4)
FNDA:3,(anonymous_5)
FNDA:2,(anonymous_6)
FNDA:6,(anonymous_7)
FNDA:0,(anonymous_8)
FNDA:5,(anonymous_9)
FNDA:3,(anonymous_10)
FNDA:2,(anonymous_11)
DA:9,1
DA:10,32
DA:11,32
DA:12,32
DA:13,32
DA:14,32
DA:15,32
DA:16,32
DA:17,32
DA:18,32
DA:19,32
DA:22,32
DA:23,5
DA:24,5
DA:25,5
DA:26,5
DA:27,4
DA:29,1
DA:30,1
DA:32,5
DA:37,32
DA:38,16
DA:40,15
DA:41,6
DA:42,5
DA:44,1
DA:45,1
DA:49,15
DA:53,32
DA:54,1
DA:57,31
DA:58,3
DA:59,3
DA:60,3
DA:61,3
DA:62,3
DA:63,3
DA:66,31
DA:67,2
DA:69,2
DA:70,0
DA:71,0
DA:74,2
DA:75,2
DA:76,2
DA:78,2
DA:79,2
DA:84,2
DA:86,1
DA:92,1
DA:94,1
DA:95,0
DA:96,0
DA:97,0
DA:98,0
DA:100,0
DA:103,1
DA:106,2
DA:110,31
DA:142,6
DA:143,6
DA:146,0
DA:165,5
DA:168,3
DA:204,2
LF:65
LH:57
BRDA:26,0,0,5
BRDA:26,0,1,0
BRDA:38,1,0,1
BRDA:38,1,1,15
BRDA:41,2,0,5
BRDA:41,2,1,1
BRDA:53,3,0,1
BRDA:53,3,1,31
BRDA:59,4,0,3
BRDA:59,4,1,2
BRDA:60,5,0,3
BRDA:60,5,1,0
BRDA:69,6,0,0
BRDA:69,6,1,2
BRDA:87,7,0,1
BRDA:87,7,1,0
BRDA:94,8,0,0
BRDA:94,8,1,1
BRDA:95,9,0,0
BRDA:95,9,1,0
BRDA:97,10,0,0
BRDA:97,10,1,0
BRDA:146,11,0,0
BRDA:146,11,1,0
BRDA:153,12,0,5
BRDA:153,12,1,26
BRDA:162,13,0,31
BRDA:162,13,1,4
BRDA:162,13,2,4
BRDA:171,14,0,5
BRDA:171,14,1,0
BRDA:173,15,0,5
BRDA:173,15,1,2
BRDA:189,16,0,31
BRDA:189,16,1,9
BRDA:192,17,0,9
BRDA:192,17,1,0
BRDA:209,18,0,4
BRDA:209,18,1,27
BRDA:214,19,0,31
BRDA:214,19,1,1
BRDA:222,20,0,31
BRDA:222,20,1,1
BRDA:232,21,0,31
BRDA:232,21,1,29
BRDA:236,22,0,2
BRDA:236,22,1,29
BRF:47
BRH:34
end_of_record
TN:
SF:src/components/Admin/BulkGenerators/BulkCheckinsGenerator.jsx
FN:9,(anonymous_0)
FN:11,(anonymous_1)
FN:17,(anonymous_2)
FN:22,(anonymous_3)
FN:23,(anonymous_4)
FN:41,(anonymous_5)
FNF:6
FNH:0
FNDA:0,(anonymous_0)
FNDA:0,(anonymous_1)
FNDA:0,(anonymous_2)
FNDA:0,(anonymous_3)
FNDA:0,(anonymous_4)
FNDA:0,(anonymous_5)
DA:9,0
DA:11,0
DA:12,0
DA:13,0
DA:14,0
DA:17,0
DA:18,0
DA:22,0
DA:23,0
DA:25,0
DA:35,0
DA:36,0
DA:37,0
DA:39,0
DA:41,0
DA:42,0
DA:43,0
DA:44,0
DA:46,0
DA:47,0
DA:56,0
DA:57,0
DA:60,0
DA:62,0
DA:63,0
DA:64,0
DA:66,0
DA:68,0
DA:69,0
DA:71,0
DA:72,0
DA:73,0
DA:74,0
DA:75,0
DA:77,0
DA:79,0
DA:80,0
DA:83,0
DA:85,0
DA:89,0
LF:40
LH:0
BRDA:56,0,0,0
BRDA:56,0,1,0
BRDA:56,1,0,0
BRDA:56,1,1,0
BRDA:62,2,0,0
BRDA:62,2,1,0
BRDA:63,3,0,0
BRDA:63,3,1,0
BRDA:71,4,0,0
BRDA:71,4,1,0
BRDA:71,5,0,0
BRDA:71,5,1,0
BRDA:72,6,0,0
BRDA:72,6,1,0
BRDA:73,7,0,0
BRDA:73,7,1,0
BRDA:74,8,0,0
BRDA:74,8,1,0
BRDA:74,9,0,0
BRDA:74,9,1,0
BRDA:79,10,0,0
BRDA:79,10,1,0
BRDA:117,11,0,0
BRDA:117,11,1,0
BRDA:123,12,0,0
BRDA:123,12,1,0
BRDA:132,13,0,0
BRDA:132,13,1,0
BRDA:138,14,0,0
BRDA:138,14,1,0
BRDA:157,15,0,0
BRDA:157,15,1,0
BRDA:173,16,0,0
BRDA:173,16,1,0
BRDA:213,17,0,0
BRDA:213,17,1,0
BRDA:221,18,0,0
BRDA:221,18,1,0
BRDA:234,19,0,0
BRDA:234,19,1,0
BRF:40
BRH:0
end_of_record
TN:
SF:src/components/Admin/BulkGenerators/BulkUsersGenerator.jsx
FN:9,(anonymous_0)
FN:26,(anonymous_1)
FNF:2
FNH:0
FNDA:0,(anonymous_0)
FNDA:0,(anonymous_1)
DA:9,0
DA:10,0
DA:20,0
DA:21,0
DA:22,0
DA:24,0
DA:26,0
DA:27,0
DA:28,0
DA:29,0
DA:31,0
DA:32,0
DA:40,0
DA:42,0
DA:43,0
DA:45,0
DA:46,0
DA:48,0
DA:49,0
DA:50,0
DA:51,0
DA:52,0
DA:54,0
DA:56,0
DA:57,0
DA:60,0
DA:62,0
DA:66,0
LF:28
LH:0
BRDA:37,0,0,0
BRDA:37,0,1,0
BRDA:42,1,0,0
BRDA:42,1,1,0
BRDA:48,2,0,0
BRDA:48,2,1,0
BRDA:48,3,0,0
BRDA:48,3,1,0
BRDA:49,4,0,0
BRDA:49,4,1,0
BRDA:50,5,0,0
BRDA:50,5,1,0
BRDA:51,6,0,0
BRDA:51,6,1,0
BRDA:51,7,0,0
BRDA:51,7,1,0
BRDA:56,8,0,0
BRDA:56,8,1,0
BRDA:94,9,0,0
BRDA:94,9,1,0
BRDA:115,10,0,0
BRDA:115,10,1,0
BRDA:154,11,0,0
BRDA:154,11,1,0
BRDA:170,12,0,0
BRDA:170,12,1,0
BRDA:178,13,0,0
BRDA:178,13,1,0
BRDA:191,14,0,0
BRDA:191,14,1,0
BRF:30
BRH:0
end_of_record
TN:
SF:src/components/Admin/Users/CreateUserModal.jsx
FN:9,(anonymous_0)
FN:23,(anonymous_1)
FNF:2
FNH:0
FNDA:0,(anonymous_0)
FNDA:0,(anonymous_1)
DA:9,0
DA:10,0
DA:20,0
DA:21,0
DA:23,0
DA:24,0
DA:25,0
DA:27,0
DA:28,0
DA:36,0
DA:37,0
DA:39,0
DA:40,0
DA:42,0
DA:43,0
DA:44,0
DA:45,0
DA:46,0
DA:47,0
DA:48,0
DA:49,0
DA:52,0
DA:54,0
DA:58,0
LF:24
LH:0
BRDA:42,0,0,0
BRDA:42,0,1,0
BRDA:42,1,0,0
BRDA:42,1,1,0
BRDA:43,2,0,0
BRDA:43,2,1,0
BRDA:44,3,0,0
BRDA:44,3,1,0
BRDA:46,4,0,0
BRDA:46,4,1,0
BRDA:48,5,0,0
BRDA:48,5,1,0
BRDA:92,6,0,0
BRDA:92,6,1,0
BRDA:126,7,0,0
BRDA:126,7,1,0
BRDA:163,8,0,0
BRDA:163,8,1,0
BRDA:185,9,0,0
BRDA:185,9,1,0
BRF:20
BRH:0
end_of_record
TN:
SF:src/components/Admin/Users/DeleteUserModal.jsx
FN:8,(anonymous_0)
FN:12,(anonymous_1)
FNF:2
FNH:0
FNDA:0,(anonymous_0)
FNDA:0,(anonymous_1)
DA:8,0
DA:9,0
DA:10,0
DA:12,0
DA:13,0
DA:14,0
DA:16,0
DA:17,0
DA:18,0
DA:20,0
DA:21,0
DA:23,0
DA:24,0
DA:25,0
DA:26,0
DA:27,0
DA:28,0
DA:31,0
DA:33,0
DA:37,0
DA:39,0
LF:21
LH:0
BRDA:23,0,0,0
BRDA:23,0,1,0
BRDA:25,1,0,0
BRDA:25,1,1,0
BRDA:27,2,0,0
BRDA:27,2,1,0
BRDA:65,3,0,0
BRDA:65,3,1,0
BRDA:80,4,0,0
BRDA:80,4,1,0
BRDA:101,5,0,0
BRDA:101,5,1,0
BRF:12
BRH:0
end_of_record
TN:
SF:src/components/Admin/Users/EditUserModal.jsx
FN:9,(anonymous_0)
FN:22,(anonymous_1)
FNF:2
FNH:0
FNDA:0,(anonymous_0)
FNDA:0,(anonymous_1)
DA:9,0
DA:10,0
DA:19,0
DA:20,0
DA:22,0
DA:23,0
DA:24,0
DA:26,0
DA:27,0
DA:34,0
DA:35,0
DA:37,0
DA:38,0
DA:40,0
DA:41,0
DA:42,0
DA:43,0
DA:44,0
DA:45,0
DA:46,0
DA:47,0
DA:50,0
DA:52,0
DA:56,0
LF:24
LH:0
BRDA:12,0,0,0
BRDA:12,0,1,0
BRDA:14,1,0,0
BRDA:14,1,1,0
BRDA:15,2,0,0
BRDA:15,2,1,0
BRDA:40,3,0,0
BRDA:40,3,1,0
BRDA:40,4,0,0
BRDA:40,4,1,0
BRDA:41,5,0,0
BRDA:41,5,1,0
BRDA:42,6,0,0
BRDA:42,6,1,0
BRDA:44,7,0,0
BRDA:44,7,1,0
BRDA:46,8,0,0
BRDA:46,8,1,0
BRDA:115,9,0,0
BRDA:115,9,1,0
BRDA:152,10,0,0
BRDA:152,10,1,0
BRDA:174,11,0,0
BRDA:174,11,1,0
BRF:24
BRH:0
end_of_record
TN:
SF:src/components/Admin/Users/UserDetailsModal.jsx
FN:8,(anonymous_0)
FN:13,(anonymous_1)
FN:14,(anonymous_2)
FNF:3
FNH:0
FNDA:0,(anonymous_0)
FNDA:0,(anonymous_1)
FNDA:0,(anonymous_2)
DA:8,0
DA:9,0
DA:10,0
DA:11,0
DA:13,0
DA:14,0
DA:15,0
DA:16,0
DA:18,0
DA:19,0
DA:20,0
DA:22,0
DA:23,0
DA:25,0
DA:29,0
DA:32,0
LF:16
LH:0
BRDA:23,0,0,0
BRDA:23,0,1,0
BRDA:47,1,0,0
BRDA:47,1,1,0
BRDA:53,2,0,0
BRDA:53,2,1,0
BRDA:53,2,2,0
BRDA:60,3,0,0
BRDA:60,3,1,0
BRDA:60,3,2,0
BRDA:60,3,3,0
BRDA:70,4,0,0
BRDA:70,4,1,0
BRDA:78,5,0,0
BRDA:78,5,1,0
BRDA:82,6,0,0
BRDA:82,6,1,0
BRDA:87,7,0,0
BRDA:87,7,1,0
BRDA:93,8,0,0
BRDA:93,8,1,0
BRDA:99,9,0,0
BRDA:99,9,1,0
BRDA:103,10,0,0
BRDA:103,10,1,0
BRDA:107,11,0,0
BRDA:107,11,1,0
BRDA:109,12,0,0
BRDA:109,12,1,0
BRDA:112,13,0,0
BRDA:112,13,1,0
BRDA:115,14,0,0
BRDA:115,14,1,0
BRDA:118,15,0,0
BRDA:118,15,1,0
BRF:35
BRH:0
end_of_record
TN:
SF:src/components/Admin/Users/UsersList.jsx
FN:10,(anonymous_0)
FN:14,(anonymous_1)
FN:19,(anonymous_2)
FN:24,(anonymous_3)
FN:29,(anonymous_4)
FN:34,(anonymous_5)
FN:86,(anonymous_6)
FN:118,(anonymous_7)
FN:125,(anonymous_8)
FN:132,(anonymous_9)
FN:159,(anonymous_10)
FN:170,(anonymous_11)
FNF:12
FNH:0
FNDA:0,(anonymous_0)
FNDA:0,(anonymous_1)
FNDA:0,(anonymous_2)
FNDA:0,(anonymous_3)
FNDA:0,(anonymous_4)
FNDA:0,(anonymous_5)
FNDA:0,(anonymous_6)
FNDA:0,(anonymous_7)
FNDA:0,(anonymous_8)
FNDA:0,(anonymous_9)
FNDA:0,(anonymous_10)
FNDA:0,(anonymous_11)
DA:10,0
DA:11,0
DA:12,0
DA:14,0
DA:15,0
DA:16,0
DA:19,0
DA:20,0
DA:21,0
DA:24,0
DA:25,0
DA:26,0
DA:29,0
DA:30,0
DA:31,0
DA:34,0
DA:35,0
DA:37,0
DA:39,0
DA:41,0
DA:43,0
DA:47,0
DA:48,0
DA:55,0
DA:87,0
DA:118,0
DA:125,0
DA:132,0
DA:160,0
DA:161,0
DA:171,0
DA:172,0
LF:32
LH:0
BRDA:35,0,0,0
BRDA:35,0,1,0
BRDA:35,0,2,0
BRDA:35,0,3,0
BRDA:47,1,0,0
BRDA:47,1,1,0
BRDA:90,2,0,0
BRDA:90,2,1,0
BRDA:95,3,0,0
BRDA:95,3,1,0
BRDA:103,4,0,0
BRDA:103,4,1,0
BRDA:110,5,0,0
BRDA:110,5,1,0
BRDA:113,6,0,0
BRDA:113,6,1,0
BRDA:148,7,0,0
BRDA:148,7,1,0
BRDA:148,7,2,0
BRDA:155,8,0,0
BRDA:155,8,1,0
BRDA:155,8,2,0
BRDA:166,9,0,0
BRDA:166,9,1,0
BRDA:166,9,2,0
BRF:25
BRH:0
end_of_record
TN:
SF:src/components/Charts/AreaTrendChart.jsx
FN:17,(anonymous_0)
FN:31,(anonymous_1)
FN:39,(anonymous_2)
FN:44,(anonymous_3)
FN:52,(anonymous_4)
FN:52,(anonymous_5)
FN:54,(anonymous_6)
FN:61,(anonymous_7)
FNF:8
FNH:0
FNDA:0,(anonymous_0)
FNDA:0,(anonymous_1)
FNDA:0,(anonymous_2)
FNDA:0,(anonymous_3)
FNDA:0,(anonymous_4)
FNDA:0,(anonymous_5)
FNDA:0,(anonymous_6)
FNDA:0,(anonymous_7)
DA:17,0
DA:18,0
DA:19,0
DA:20,0
DA:31,0
DA:39,0
DA:40,0
DA:42,0
DA:44,0
DA:45,0
DA:52,0
DA:53,0
DA:54,0
DA:57,0
DA:61,0
DA:62,0
DA:63,0
DA:64,0
DA:65,0
DA:79,0
DA:82,0
LF:21
LH:0
BRDA:18,0,0,0
BRDA:18,0,1,0
BRDA:35,1,0,0
BRDA:36,2,0,0
BRDA:40,3,0,0
BRDA:40,3,1,0
BRDA:40,4,0,0
BRDA:40,4,1,0
BRDA:47,5,0,0
BRDA:47,5,1,0
BRDA:53,6,0,0
BRDA:53,6,1,0
BRDA:63,7,0,0
BRDA:63,7,1,0
BRDA:63,8,0,0
BRDA:63,8,1,0
BRDA:63,8,2,0
BRDA:69,9,0,0
BRDA:69,9,1,0
BRDA:71,10,0,0
BRDA:71,10,1,0
BRDA:126,11,0,0
BRDA:126,11,1,0
BRDA:126,11,2,0
BRF:24
BRH:0
end_of_record
TN:
SF:src/components/Charts/BarComparisonChart.jsx
FN:17,(anonymous_0)
FN:30,(anonymous_1)
FN:32,(anonymous_2)
FN:35,(anonymous_3)
FN:42,(anonymous_4)
FN:53,(anonymous_5)
FN:59,(anonymous_6)
FN:116,(anonymous_7)
FNF:8
FNH:0
FNDA:0,(anonymous_0)
FNDA:0,(anonymous_1)
FNDA:0,(anonymous_2)
FNDA:0,(anonymous_3)
FNDA:0,(anonymous_4)
FNDA:0,(anonymous_5)
FNDA:0,(anonymous_6)
FNDA:0,(anonymous_7)
DA:17,0
DA:18,0
DA:19,0
DA:20,0
DA:30,0
DA:32,0
DA:33,0
DA:35,0
DA:36,0
DA:42,0
DA:43,0
DA:44,0
DA:45,0
DA:48,0
DA:53,0
DA:54,0
DA:55,0
DA:56,0
DA:60,0
DA:67,0
DA:70,0
DA:117,0
LF:22
LH:0
BRDA:18,0,0,0
BRDA:18,0,1,0
BRDA:30,1,0,0
BRDA:33,2,0,0
BRDA:33,2,1,0
BRDA:33,3,0,0
BRDA:33,3,1,0
BRDA:33,3,2,0
BRDA:44,4,0,0
BRDA:44,4,1,0
BRDA:45,5,0,0
BRDA:45,5,1,0
BRDA:55,6,0,0
BRDA:55,6,1,0
BRDA:55,7,0,0
BRDA:55,7,1,0
BRDA:55,7,2,0
BRDA:74,8,0,0
BRDA:74,8,1,0
BRF:19
BRH:0
end_of_record
TN:
SF:src/components/Charts/CircadianRhythmChart.jsx
FN:4,(anonymous_0)
FN:9,(anonymous_1)
FN:14,(anonymous_2)
FN:22,(anonymous_3)
FN:41,(anonymous_4)
FN:42,(anonymous_5)
FN:46,(anonymous_6)
FN:51,(anonymous_7)
FN:76,(anonymous_8)
FN:82,(anonymous_9)
FN:94,(anonymous_10)
FNF:11
FNH:0
FNDA:0,(anonymous_0)
FNDA:0,(anonymous_1)
FNDA:0,(anonymous_2)
FNDA:0,(anonymous_3)
FNDA:0,(anonymous_4)
FNDA:0,(anonymous_5)
FNDA:0,(anonymous_6)
FNDA:0,(anonymous_7)
FNDA:0,(anonymous_8)
FNDA:0,(anonymous_9)
FNDA:0,(anonymous_10)
DA:4,0
DA:5,0
DA:6,0
DA:7,0
DA:9,0
DA:10,0
DA:11,0
DA:12,0
DA:14,0
DA:15,0
DA:16,0
DA:17,0
DA:18,0
DA:20,0
DA:22,0
DA:23,0
DA:24,0
DA:26,0
DA:27,0
DA:28,0
DA:31,0
DA:32,0
DA:33,0
DA:34,0
DA:37,0
DA:41,0
DA:42,0
DA:43,0
DA:46,0
DA:47,0
DA:51,0
DA:52,0
DA:53,0
DA:54,0
DA:67,0
DA:68,0
DA:69,0
DA:71,0
DA:77,0
DA:83,0
DA:95,0
DA:96,0
LF:42
LH:0
BRDA:5,0,0,0
BRDA:5,0,1,0
BRDA:10,1,0,0
BRDA:10,1,1,0
BRDA:10,2,0,0
BRDA:10,2,1,0
BRDA:17,3,0,0
BRDA:17,3,1,0
BRDA:23,4,0,0
BRDA:23,4,1,0
BRDA:23,5,0,0
BRDA:23,5,1,0
BRDA:28,6,0,0
BRDA:28,6,1,0
BRDA:34,7,0,0
BRDA:34,7,1,0
BRDA:43,8,0,0
BRDA:43,8,1,0
BRDA:43,9,0,0
BRDA:43,9,1,0
BRDA:47,10,0,0
BRDA:47,10,1,0
BRDA:47,10,2,0
BRDA:47,10,3,0
BRDA:68,11,0,0
BRDA:68,11,1,0
BRF:26
BRH:0
end_of_record
TN:
SF:src/components/Charts/CorrelationScatterChart.jsx
FN:27,(anonymous_0)
FN:37,(anonymous_1)
FN:44,(anonymous_2)
FN:54,(anonymous_3)
FN:60,(anonymous_4)
FN:61,(anonymous_5)
FN:62,(anonymous_6)
FN:63,(anonymous_7)
FN:64,(anonymous_8)
FN:78,(anonymous_9)
FN:87,(anonymous_10)
FNF:11
FNH:0
FNDA:0,(anonymous_0)
FNDA:0,(anonymous_1)
FNDA:0,(anonymous_2)
FNDA:0,(anonymous_3)
FNDA:0,(anonymous_4)
FNDA:0,(anonymous_5)
FNDA:0,(anonymous_6)
FNDA:0,(anonymous_7)
FNDA:0,(anonymous_8)
FNDA:0,(anonymous_9)
FNDA:0,(anonymous_10)
DA:27,0
DA:37,0
DA:38,0
DA:40,0
DA:41,0
DA:43,0
DA:45,0
DA:46,0
DA:48,0
DA:54,0
DA:57,0
DA:58,0
DA:59,0
DA:60,0
DA:61,0
DA:62,0
DA:63,0
DA:64,0
DA:66,0
DA:67,0
DA:69,0
DA:70,0
DA:74,0
DA:78,0
DA:79,0
DA:80,0
DA:81,0
DA:82,0
DA:83,0
DA:84,0
DA:87,0
DA:88,0
DA:89,0
DA:90,0
DA:91,0
DA:105,0
DA:108,0
LF:37
LH:0
BRDA:32,0,0,0
BRDA:33,1,0,0
BRDA:34,2,0,0
BRDA:38,3,0,0
BRDA:38,3,1,0
BRDA:38,4,0,0
BRDA:38,4,1,0
BRDA:45,5,0,0
BRDA:45,5,1,0
BRDA:46,6,0,0
BRDA:46,6,1,0
BRDA:54,7,0,0
BRDA:54,7,1,0
BRDA:58,8,0,0
BRDA:58,8,1,0
BRDA:69,9,0,0
BRDA:69,9,1,0
BRDA:79,10,0,0
BRDA:79,10,1,0
BRDA:80,11,0,0
BRDA:80,11,1,0
BRDA:81,12,0,0
BRDA:81,12,1,0
BRDA:82,13,0,0
BRDA:82,13,1,0
BRDA:83,14,0,0
BRDA:83,14,1,0
BRDA:89,15,0,0
BRDA:89,15,1,0
BRDA:89,16,0,0
BRDA:89,16,1,0
BRDA:89,16,2,0
BRDA:94,17,0,0
BRDA:94,17,1,0
BRDA:112,18,0,0
BRDA:112,18,1,0
BRF:36
BRH:0
end_of_record
TN:
SF:src/components/Charts/HistoryChart.jsx
FN:14,(anonymous_0)
FN:24,(anonymous_1)
FN:26,(anonymous_2)
FN:31,(anonymous_3)
FN:39,(anonymous_4)
FNF:5
FNH:0
FNDA:0,(anonymous_0)
FNDA:0,(anonymous_1)
FNDA:0,(anonymous_2)
FNDA:0,(anonymous_3)
FNDA:0,(anonymous_4)
DA:14,0
DA:15,0
DA:16,0
DA:17,0
DA:24,0
DA:26,0
DA:27,0
DA:31,0
DA:32,0
DA:39,0
DA:43,0
DA:44,0
DA:47,0
LF:13
LH:0
BRDA:15,0,0,0
BRDA:15,0,1,0
BRDA:27,1,0,0
BRDA:27,1,1,0
BRDA:27,2,0,0
BRDA:27,2,1,0
BRDA:36,3,0,0
BRDA:36,3,1,0
BRDA:37,4,0,0
BRDA:37,4,1,0
BRDA:39,5,0,0
BRDA:39,5,1,0
BRDA:43,6,0,0
BRDA:43,6,1,0
BRF:14
BRH:0
end_of_record
TN:
SF:src/components/Charts/MultiMetricChart.jsx
FN:17,(anonymous_0)
FN:30,(anonymous_1)
FN:32,(anonymous_2)
FN:36,(anonymous_3)
FN:43,(anonymous_4)
FN:54,(anonymous_5)
FN:60,(anonymous_6)
FN:119,(anonymous_7)
FNF:8
FNH:0
FNDA:0,(anonymous_0)
FNDA:0,(anonymous_1)
FNDA:0,(anonymous_2)
FNDA:0,(anonymous_3)
FNDA:0,(anonymous_4)
FNDA:0,(anonymous_5)
FNDA:0,(anonymous_6)
FNDA:0,(anonymous_7)
DA:17,0
DA:18,0
DA:19,0
DA:20,0
DA:30,0
DA:32,0
DA:33,0
DA:36,0
DA:37,0
DA:43,0
DA:44,0
DA:45,0
DA:46,0
DA:49,0
DA:54,0
DA:55,0
DA:56,0
DA:57,0
DA:61,0
DA:68,0
DA:71,0
DA:120,0
LF:22
LH:0
BRDA:18,0,0,0
BRDA:18,0,1,0
BRDA:30,1,0,0
BRDA:33,2,0,0
BRDA:33,2,1,0
BRDA:33,3,0,0
BRDA:33,3,1,0
BRDA:33,3,2,0
BRDA:45,4,0,0
BRDA:45,4,1,0
BRDA:56,5,0,0
BRDA:56,5,1,0
BRDA:56,6,0,0
BRDA:56,6,1,0
BRDA:56,6,2,0
BRDA:62,7,0,0
BRDA:62,7,1,0
BRDA:75,8,0,0
BRDA:75,8,1,0
BRF:19
BRH:0
end_of_record
TN:
SF:src/components/Charts/WellnessRadarChart.jsx
FN:21,(anonymous_0)
FN:23,(anonymous_1)
FN:30,(anonymous_2)
FN:32,(anonymous_3)
FN:33,(anonymous_4)
FN:35,(anonymous_5)
FN:56,(anonymous_6)
FN:59,(anonymous_7)
FN:60,(anonymous_8)
FN:64,(anonymous_9)
FN:67,(anonymous_10)
FN:68,(anonymous_11)
FN:76,(anonymous_12)
FN:81,(anonymous_13)
FN:91,(anonymous_14)
FN:97,(anonymous_15)
FN:117,(anonymous_16)
FN:125,(anonymous_17)
FNF:18
FNH:0
FNDA:0,(anonymous_0)
FNDA:0,(anonymous_1)
FNDA:0,(anonymous_2)
FNDA:0,(anonymous_3)
FNDA:0,(anonymous_4)
FNDA:0,(anonymous_5)
FNDA:0,(anonymous_6)
FNDA:0,(anonymous_7)
FNDA:0,(anonymous_8)
FNDA:0,(anonymous_9)
FNDA:0,(anonymous_10)
FNDA:0,(anonymous_11)
FNDA:0,(anonymous_12)
FNDA:0,(anonymous_13)
FNDA:0,(anonymous_14)
FNDA:0,(anonymous_15)
FNDA:0,(anonymous_16)
FNDA:0,(anonymous_17)
DA:21,0
DA:23,0
DA:24,0
DA:27,0
DA:28,0
DA:30,0
DA:31,0
DA:32,0
DA:33,0
DA:34,0
DA:35,0
DA:40,0
DA:57,0
DA:58,0
DA:59,0
DA:60,0
DA:62,0
DA:65,0
DA:66,0
DA:67,0
DA:68,0
DA:69,0
DA:77,0
DA:78,0
DA:79,0
DA:82,0
DA:83,0
DA:84,0
DA:92,0
DA:93,0
DA:95,0
DA:98,0
DA:99,0
DA:100,0
DA:113,0
DA:117,0
DA:118,0
DA:119,0
DA:120,0
DA:126,0
DA:133,0
DA:136,0
LF:42
LH:0
BRDA:24,0,0,0
BRDA:24,0,1,0
BRDA:24,1,0,0
BRDA:24,1,1,0
BRDA:32,2,0,0
BRDA:32,2,1,0
BRDA:34,3,0,0
BRDA:34,3,1,0
BRDA:59,4,0,0
BRDA:59,4,1,0
BRDA:60,5,0,0
BRDA:60,5,1,0
BRDA:67,6,0,0
BRDA:67,6,1,0
BRDA:68,7,0,0
BRDA:68,7,1,0
BRDA:119,8,0,0
BRDA:119,8,1,0
BRDA:119,9,0,0
BRDA:119,9,1,0
BRDA:119,9,2,0
BRDA:127,10,0,0
BRDA:127,10,1,0
BRF:23
BRH:0
end_of_record
TN:
SF:src/components/CheckinForms/AppetiteImpulseForm.jsx
FN:13,(anonymous_0)
FN:17,(anonymous_1)
FN:22,(anonymous_2)
FN:31,(anonymous_3)
FN:35,(anonymous_4)
FN:36,(anonymous_5)
FN:48,(anonymous_6)
FN:58,(anonymous_7)
FN:67,(anonymous_8)
FN:75,(anonymous_9)
FN:87,(anonymous_10)
FNF:11
FNH:0
FNDA:0,(anonymous_0)
FNDA:0,(anonymous_1)
FNDA:0,(anonymous_2)
FNDA:0,(anonymous_3)
FNDA:0,(anonymous_4)
FNDA:0,(anonymous_5)
FNDA:0,(anonymous_6)
FNDA:0,(anonymous_7)
FNDA:0,(anonymous_8)
FNDA:0,(anonymous_9)
FNDA:0,(anonymous_10)
DA:8,0
DA:9,0
DA:13,0
DA:15,0
DA:17,0
DA:22,0
DA:23,0
DA:31,0
DA:32,0
DA:35,0
DA:36,0
DA:39,0
DA:48,0
DA:58,0
DA:67,0
DA:75,0
DA:87,0
LF:17
LH:0
BRDA:24,0,0,0
BRDA:24,0,1,0
BRDA:25,1,0,0
BRDA:25,1,1,0
BRDA:26,2,0,0
BRDA:26,2,1,0
BRDA:27,3,0,0
BRDA:27,3,1,0
BRDA:28,4,0,0
BRDA:28,4,1,0
BRDA:70,5,0,0
BRDA:70,5,1,0
BRF:12
BRH:0
end_of_record
TN:
SF:src/components/CheckinForms/EnergyFocusForm.jsx
FN:15,(anonymous_0)
FN:18,(anonymous_1)
FN:23,(anonymous_2)
FN:34,(anonymous_3)
FN:38,(anonymous_4)
FN:39,(anonymous_5)
FN:42,(anonymous_6)
FN:61,(anonymous_7)
FN:70,(anonymous_8)
FN:79,(anonymous_9)
FN:92,(anonymous_10)
FN:104,(anonymous_11)
FN:109,(anonymous_12)
FN:125,(anonymous_13)
FNF:14
FNH:0
FNDA:0,(anonymous_0)
FNDA:0,(anonymous_1)
FNDA:0,(anonymous_2)
FNDA:0,(anonymous_3)
FNDA:0,(anonymous_4)
FNDA:0,(anonymous_5)
FNDA:0,(anonymous_6)
FNDA:0,(anonymous_7)
FNDA:0,(anonymous_8)
FNDA:0,(anonymous_9)
FNDA:0,(anonymous_10)
FNDA:0,(anonymous_11)
FNDA:0,(anonymous_12)
FNDA:0,(anonymous_13)
DA:8,0
DA:9,0
DA:10,0
DA:11,0
DA:12,0
DA:15,0
DA:16,0
DA:18,0
DA:23,0
DA:24,0
DA:34,0
DA:35,0
DA:38,0
DA:39,0
DA:42,0
DA:43,0
DA:44,0
DA:45,0
DA:46,0
DA:47,0
DA:48,0
DA:51,0
DA:61,0
DA:70,0
DA:79,0
DA:92,0
DA:104,0
DA:109,0
DA:125,0
LF:29
LH:0
BRDA:18,0,0,0
BRDA:18,0,1,0
BRDA:25,1,0,0
BRDA:25,1,1,0
BRDA:26,2,0,0
BRDA:26,2,1,0
BRDA:27,3,0,0
BRDA:27,3,1,0
BRDA:28,4,0,0
BRDA:28,4,1,0
BRDA:29,5,0,0
BRDA:29,5,1,0
BRDA:30,6,0,0
BRDA:30,6,1,0
BRDA:31,7,0,0
BRDA:31,7,1,0
BRDA:45,8,0,0
BRDA:45,8,1,0
BRDA:45,9,0,0
BRDA:45,9,1,0
BRDA:46,10,0,0
BRDA:46,10,1,0
BRDA:46,11,0,0
BRDA:46,11,1,0
BRF:24
BRH:0
end_of_record
TN:
SF:src/components/CheckinForms/HumorActivationForm.jsx
FN:13,(anonymous_0)
FN:21,(anonymous_1)
FN:25,(anonymous_2)
FN:26,(anonymous_3)
FN:37,(anonymous_4)
FN:47,(anonymous_5)
FN:57,(anonymous_6)
FN:67,(anonymous_7)
FNF:8
FNH:0
FNDA:0,(anonymous_0)
FNDA:0,(anonymous_1)
FNDA:0,(anonymous_2)
FNDA:0,(anonymous_3)
FNDA:0,(anonymous_4)
FNDA:0,(anonymous_5)
FNDA:0,(anonymous_6)
FNDA:0,(anonymous_7)
DA:8,0
DA:9,0
DA:10,0
DA:11,0
DA:13,0
DA:14,0
DA:21,0
DA:22,0
DA:25,0
DA:26,0
DA:29,0
DA:37,0
DA:47,0
DA:57,0
DA:67,0
LF:15
LH:0
BRDA:15,0,0,0
BRDA:15,0,1,0
BRDA:16,1,0,0
BRDA:16,1,1,0
BRDA:17,2,0,0
BRDA:17,2,1,0
BRDA:18,3,0,0
BRDA:18,3,1,0
BRF:8
BRH:0
end_of_record
TN:
SF:src/components/CheckinForms/MedsContextForm.jsx
FN:25,(anonymous_0)
FN:31,(anonymous_1)
FN:35,(anonymous_2)
FN:40,(anonymous_3)
FN:52,(anonymous_4)
FN:56,(anonymous_5)
FN:57,(anonymous_6)
FN:60,(anonymous_7)
FN:63,(anonymous_8)
FN:80,(anonymous_9)
FN:83,(anonymous_10)
FN:92,(anonymous_11)
FN:95,(anonymous_12)
FN:109,(anonymous_13)
FN:114,(anonymous_14)
FN:126,(anonymous_15)
FN:132,(anonymous_16)
FN:136,(anonymous_17)
FN:142,(anonymous_18)
FN:156,(anonymous_19)
FN:161,(anonymous_20)
FNF:21
FNH:0
FNDA:0,(anonymous_0)
FNDA:0,(anonymous_1)
FNDA:0,(anonymous_2)
FNDA:0,(anonymous_3)
FNDA:0,(anonymous_4)
FNDA:0,(anonymous_5)
FNDA:0,(anonymous_6)
FNDA:0,(anonymous_7)
FNDA:0,(anonymous_8)
FNDA:0,(anonymous_9)
FNDA:0,(anonymous_10)
FNDA:0,(anonymous_11)
FNDA:0,(anonymous_12)
FNDA:0,(anonymous_13)
FNDA:0,(anonymous_14)
FNDA:0,(anonymous_15)
FNDA:0,(anonymous_16)
FNDA:0,(anonymous_17)
FNDA:0,(anonymous_18)
FNDA:0,(anonymous_19)
FNDA:0,(anonymous_20)
DA:7,0
DA:12,0
DA:16,0
DA:19,0
DA:25,0
DA:26,0
DA:31,0
DA:33,0
DA:35,0
DA:40,0
DA:41,0
DA:52,0
DA:53,0
DA:56,0
DA:57,0
DA:60,0
DA:61,0
DA:62,0
DA:63,0
DA:65,0
DA:68,0
DA:70,0
DA:80,0
DA:84,0
DA:92,0
DA:96,0
DA:109,0
DA:114,0
DA:126,0
DA:132,0
DA:136,0
DA:142,0
DA:157,0
DA:161,0
LF:34
LH:0
BRDA:27,0,0,0
BRDA:27,0,1,0
BRDA:42,1,0,0
BRDA:42,1,1,0
BRDA:43,2,0,0
BRDA:43,2,1,0
BRDA:44,3,0,0
BRDA:44,3,1,0
BRDA:45,4,0,0
BRDA:45,4,1,0
BRDA:46,5,0,0
BRDA:46,5,1,0
BRDA:47,6,0,0
BRDA:47,6,1,0
BRDA:48,7,0,0
BRDA:48,7,1,0
BRDA:49,8,0,0
BRDA:49,8,1,0
BRDA:62,9,0,0
BRDA:62,9,1,0
BRDA:68,10,0,0
BRDA:68,10,1,0
BRDA:87,11,0,0
BRDA:87,11,1,0
BRDA:128,12,0,0
BRDA:128,12,1,0
BRDA:131,13,0,0
BRDA:131,13,1,0
BRDA:142,14,0,0
BRDA:142,14,1,0
BRF:30
BRH:0
end_of_record
TN:
SF:src/components/CheckinForms/RoutineBodyForm.jsx
FN:21,(anonymous_0)
FN:29,(anonymous_1)
FN:41,(anonymous_2)
FN:45,(anonymous_3)
FN:46,(anonymous_4)
FN:49,(anonymous_5)
FN:52,(anonymous_6)
FN:57,(anonymous_7)
FN:60,(anonymous_8)
FN:75,(anonymous_9)
FN:85,(anonymous_10)
FN:96,(anonymous_11)
FN:101,(anonymous_12)
FN:114,(anonymous_13)
FN:118,(anonymous_14)
FN:137,(anonymous_15)
FN:146,(anonymous_16)
FN:157,(anonymous_17)
FN:170,(anonymous_18)
FN:183,(anonymous_19)
FN:196,(anonymous_20)
FN:209,(anonymous_21)
FN:229,(anonymous_22)
FN:234,(anonymous_23)
FNF:24
FNH:0
FNDA:0,(anonymous_0)
FNDA:0,(anonymous_1)
FNDA:0,(anonymous_2)
FNDA:0,(anonymous_3)
FNDA:0,(anonymous_4)
FNDA:0,(anonymous_5)
FNDA:0,(anonymous_6)
FNDA:0,(anonymous_7)
FNDA:0,(anonymous_8)
FNDA:0,(anonymous_9)
FNDA:0,(anonymous_10)
FNDA:0,(anonymous_11)
FNDA:0,(anonymous_12)
FNDA:0,(anonymous_13)
FNDA:0,(anonymous_14)
FNDA:0,(anonymous_15)
FNDA:0,(anonymous_16)
FNDA:0,(anonymous_17)
FNDA:0,(anonymous_18)
FNDA:0,(anonymous_19)
FNDA:0,(anonymous_20)
FNDA:0,(anonymous_21)
FNDA:0,(anonymous_22)
FNDA:0,(anonymous_23)
DA:8,0
DA:9,0
DA:10,0
DA:13,0
DA:17,0
DA:21,0
DA:22,0
DA:29,0
DA:30,0
DA:41,0
DA:42,0
DA:45,0
DA:46,0
DA:49,0
DA:50,0
DA:51,0
DA:52,0
DA:54,0
DA:57,0
DA:58,0
DA:59,0
DA:60,0
DA:62,0
DA:65,0
DA:75,0
DA:85,0
DA:97,0
DA:101,0
DA:115,0
DA:118,0
DA:137,0
DA:146,0
DA:157,0
DA:170,0
DA:183,0
DA:196,0
DA:209,0
DA:230,0
DA:234,0
LF:39
LH:0
BRDA:23,0,0,0
BRDA:23,0,1,0
BRDA:31,1,0,0
BRDA:31,1,1,0
BRDA:32,2,0,0
BRDA:32,2,1,0
BRDA:33,3,0,0
BRDA:33,3,1,0
BRDA:34,4,0,0
BRDA:34,4,1,0
BRDA:35,5,0,0
BRDA:35,5,1,0
BRDA:36,6,0,0
BRDA:36,6,1,0
BRDA:37,7,0,0
BRDA:37,7,1,0
BRDA:38,8,0,0
BRDA:38,8,1,0
BRDA:51,9,0,0
BRDA:51,9,1,0
BRDA:59,10,0,0
BRDA:59,10,1,0
BRDA:121,11,0,0
BRDA:121,11,1,0
BRDA:127,12,0,0
BRDA:127,12,1,0
BRDA:137,13,0,0
BRDA:137,13,1,0
BRDA:142,14,0,0
BRDA:142,14,1,0
BRDA:173,15,0,0
BRDA:173,15,1,0
BRDA:186,16,0,0
BRDA:186,16,1,0
BRDA:199,17,0,0
BRDA:199,17,1,0
BRDA:212,18,0,0
BRDA:212,18,1,0
BRF:38
BRH:0
end_of_record
TN:
SF:src/components/CheckinForms/SleepForm.jsx
FN:17,(anonymous_0)
FN:20,(anonymous_1)
FN:24,(anonymous_2)
FN:27,(anonymous_3)
FN:31,(anonymous_4)
FN:34,(anonymous_5)
FN:40,(anonymous_6)
FN:52,(anonymous_7)
FN:56,(anonymous_8)
FN:57,(anonymous_9)
FN:60,(anonymous_10)
FN:74,(anonymous_11)
FN:79,(anonymous_12)
FN:92,(anonymous_13)
FN:103,(anonymous_14)
FN:113,(anonymous_15)
FN:123,(anonymous_16)
FN:131,(anonymous_17)
FN:142,(anonymous_18)
FNF:19
FNH:0
FNDA:0,(anonymous_0)
FNDA:0,(anonymous_1)
FNDA:0,(anonymous_2)
FNDA:0,(anonymous_3)
FNDA:0,(anonymous_4)
FNDA:0,(anonymous_5)
FNDA:0,(anonymous_6)
FNDA:0,(anonymous_7)
FNDA:0,(anonymous_8)
FNDA:0,(anonymous_9)
FNDA:0,(anonymous_10)
FNDA:0,(anonymous_11)
FNDA:0,(anonymous_12)
FNDA:0,(anonymous_13)
FNDA:0,(anonymous_14)
FNDA:0,(anonymous_15)
FNDA:0,(anonymous_16)
FNDA:0,(anonymous_17)
FNDA:0,(anonymous_18)
DA:8,0
DA:13,0
DA:14,0
DA:17,0
DA:18,0
DA:20,0
DA:24,0
DA:25,0
DA:27,0
DA:31,0
DA:32,0
DA:34,0
DA:40,0
DA:41,0
DA:52,0
DA:53,0
DA:56,0
DA:57,0
DA:60,0
DA:62,0
DA:74,0
DA:79,0
DA:92,0
DA:103,0
DA:113,0
DA:123,0
DA:131,0
DA:142,0
LF:28
LH:0
BRDA:27,0,0,0
BRDA:27,0,1,0
BRDA:42,1,0,0
BRDA:42,1,1,0
BRDA:43,2,0,0
BRDA:43,2,1,0
BRDA:44,3,0,0
BRDA:44,3,1,0
BRDA:45,4,0,0
BRDA:45,4,1,0
BRDA:46,5,0,0
BRDA:46,5,1,0
BRDA:47,6,0,0
BRDA:47,6,1,0
BRDA:48,7,0,0
BRDA:48,7,1,0
BRDA:49,8,0,0
BRDA:49,8,1,0
BRDA:126,9,0,0
BRDA:126,9,1,0
BRF:20
BRH:0
end_of_record
TN:
SF:src/components/Dashboard/DashboardViewer.jsx
FN:23,(anonymous_0)
FN:41,(anonymous_1)
FN:69,(anonymous_2)
FN:105,(anonymous_3)
FN:148,(anonymous_4)
FN:175,(anonymous_5)
FN:204,(anonymous_6)
FN:262,(anonymous_7)
FN:265,(anonymous_8)
FNF:9
FNH:0
FNDA:0,(anonymous_0)
FNDA:0,(anonymous_1)
FNDA:0,(anonymous_2)
FNDA:0,(anonymous_3)
FNDA:0,(anonymous_4)
FNDA:0,(anonymous_5)
FNDA:0,(anonymous_6)
FNDA:0,(anonymous_7)
FNDA:0,(anonymous_8)
DA:23,0
DA:30,0
DA:38,0
DA:41,0
DA:42,0
DA:69,0
DA:70,0
DA:105,0
DA:106,0
DA:148,0
DA:149,0
DA:175,0
DA:176,0
DA:204,0
DA:205,0
DA:207,0
DA:241,0
DA:244,0
DA:247,0
DA:250,0
DA:253,0
DA:257,0
DA:263,0
DA:265,0
LF:24
LH:0
BRDA:24,0,0,0
BRDA:25,1,0,0
BRDA:38,2,0,0
BRDA:38,2,1,0
BRDA:205,3,0,0
BRDA:205,3,1,0
BRDA:205,3,2,0
BRDA:205,3,3,0
BRDA:205,3,4,0
BRDA:205,3,5,0
BRDA:209,4,0,0
BRDA:209,4,1,0
BRDA:268,5,0,0
BRDA:268,5,1,0
BRDA:281,6,0,0
BRDA:281,6,1,0
BRF:16
BRH:0
end_of_record
TN:
SF:src/components/Settings/SettingsSection.jsx
FN:6,(anonymous_0)
FNF:1
FNH:0
FNDA:0,(anonymous_0)
DA:6,0
DA:7,0
LF:2
LH:0
BRDA:11,0,0,0
BRDA:11,0,1,0
BRDA:14,1,0,0
BRDA:14,1,1,0
BRF:4
BRH:0
end_of_record
TN:
SF:src/components/Settings/SettingsTabs.jsx
FN:6,(anonymous_0)
FN:9,(anonymous_1)
FN:14,(anonymous_2)
FNF:3
FNH:0
FNDA:0,(anonymous_0)
FNDA:0,(anonymous_1)
FNDA:0,(anonymous_2)
DA:6,0
DA:7,0
DA:10,0
DA:11,0
DA:14,0
LF:5
LH:0
BRDA:17,0,0,0
BRDA:17,0,1,0
BRDA:24,1,0,0
BRDA:24,1,1,0
BRF:4
BRH:0
end_of_record
TN:
SF:src/components/Settings/ToggleSwitch.jsx
FN:6,(anonymous_0)
FN:23,(anonymous_1)
FNF:2
FNH:0
FNDA:0,(anonymous_0)
FNDA:0,(anonymous_1)
DA:6,0
DA:7,0
DA:23,0
LF:3
LH:0
BRDA:6,0,0,0
BRDA:6,1,0,0
BRDA:13,2,0,0
BRDA:13,2,1,0
BRDA:27,3,0,0
BRDA:27,3,1,0
BRDA:28,4,0,0
BRDA:28,4,1,0
BRDA:34,5,0,0
BRDA:34,5,1,0
BRF:10
BRH:0
end_of_record
TN:
SF:src/components/Settings/Patient/AppearanceSection.jsx
FN:10,(anonymous_0)
FN:20,(anonymous_1)
FN:55,(anonymous_2)
FN:58,(anonymous_3)
FNF:4
FNH:0
FNDA:0,(anonymous_0)
FNDA:0,(anonymous_1)
FNDA:0,(anonymous_2)
FNDA:0,(anonymous_3)
DA:10,0
DA:11,0
DA:12,0
DA:14,0
DA:20,0
DA:21,0
DA:22,0
DA:23,0
DA:26,0
DA:31,0
DA:56,0
DA:58,0
LF:12
LH:0
BRDA:12,0,0,0
BRDA:12,0,1,0
BRDA:22,1,0,0
BRDA:22,1,1,0
BRDA:27,2,0,0
BRDA:27,2,1,0
BRDA:27,3,0,0
BRDA:27,3,1,0
BRDA:45,4,0,0
BRDA:45,4,1,0
BRDA:45,5,0,0
BRDA:45,5,1,0
BRDA:61,6,0,0
BRDA:61,6,1,0
BRF:14
BRH:0
end_of_record
TN:
SF:src/components/Settings/Patient/DataExportSection.jsx
FN:9,(anonymous_0)
FN:17,(anonymous_1)
FN:32,(anonymous_2)
FN:36,(anonymous_3)
FN:41,(anonymous_4)
FN:60,(anonymous_5)
FN:162,(anonymous_6)
FN:194,(anonymous_7)
FN:208,(anonymous_8)
FNF:9
FNH:0
FNDA:0,(anonymous_0)
FNDA:0,(anonymous_1)
FNDA:0,(anonymous_2)
FNDA:0,(anonymous_3)
FNDA:0,(anonymous_4)
FNDA:0,(anonymous_5)
FNDA:0,(anonymous_6)
FNDA:0,(anonymous_7)
FNDA:0,(anonymous_8)
DA:9,0
DA:10,0
DA:11,0
DA:12,0
DA:13,0
DA:14,0
DA:15,0
DA:17,0
DA:18,0
DA:19,0
DA:20,0
DA:22,0
DA:23,0
DA:25,0
DA:26,0
DA:28,0
DA:32,0
DA:33,0
DA:36,0
DA:37,0
DA:38,0
DA:41,0
DA:42,0
DA:43,0
DA:44,0
DA:47,0
DA:49,0
DA:50,0
DA:51,0
DA:52,0
DA:53,0
DA:55,0
DA:56,0
DA:60,0
DA:61,0
DA:63,0
DA:64,0
DA:65,0
DA:66,0
DA:68,0
DA:69,0
DA:73,0
DA:162,0
DA:194,0
DA:209,0
DA:210,0
LF:46
LH:0
BRDA:42,0,0,0
BRDA:42,0,1,0
BRDA:93,1,0,0
BRDA:93,1,1,0
BRDA:104,2,0,0
BRDA:104,2,1,0
BRDA:137,3,0,0
BRDA:137,3,1,0
BRDA:173,4,0,0
BRDA:173,4,1,0
BRF:10
BRH:0
end_of_record
TN:
SF:src/components/Settings/Patient/NotificationsSection.jsx
FN:9,(anonymous_0)
FN:19,(anonymous_1)
FN:27,(anonymous_2)
FN:50,(anonymous_3)
FN:66,(anonymous_4)
FN:73,(anonymous_5)
FN:85,(anonymous_6)
FN:92,(anonymous_7)
FN:99,(anonymous_8)
FNF:9
FNH:0
FNDA:0,(anonymous_0)
FNDA:0,(anonymous_1)
FNDA:0,(anonymous_2)
FNDA:0,(anonymous_3)
FNDA:0,(anonymous_4)
FNDA:0,(anonymous_5)
FNDA:0,(anonymous_6)
FNDA:0,(anonymous_7)
FNDA:0,(anonymous_8)
DA:9,0
DA:10,0
DA:19,0
DA:20,0
DA:21,0
DA:22,0
DA:23,0
DA:27,0
DA:28,0
DA:29,0
DA:30,0
DA:31,0
DA:35,0
DA:50,0
DA:66,0
DA:73,0
DA:85,0
DA:92,0
DA:99,0
LF:19
LH:0
BRDA:11,0,0,0
BRDA:11,0,1,0
BRDA:12,1,0,0
BRDA:12,1,1,0
BRDA:13,2,0,0
BRDA:13,2,1,0
BRDA:14,3,0,0
BRDA:14,3,1,0
BRDA:15,4,0,0
BRDA:15,4,1,0
BRDA:16,5,0,0
BRDA:16,5,1,0
BRDA:22,6,0,0
BRDA:22,6,1,0
BRDA:30,7,0,0
BRDA:30,7,1,0
BRF:16
BRH:0
end_of_record
TN:
SF:src/components/Settings/Patient/PrivacySection.jsx
FN:9,(anonymous_0)
FN:16,(anonymous_1)
FN:36,(anonymous_2)
FN:43,(anonymous_3)
FN:50,(anonymous_4)
FNF:5
FNH:0
FNDA:0,(anonymous_0)
FNDA:0,(anonymous_1)
FNDA:0,(anonymous_2)
FNDA:0,(anonymous_3)
FNDA:0,(anonymous_4)
DA:9,0
DA:10,0
DA:16,0
DA:17,0
DA:18,0
DA:19,0
DA:20,0
DA:24,0
DA:36,0
DA:43,0
DA:50,0
LF:11
LH:0
BRDA:11,0,0,0
BRDA:11,0,1,0
BRDA:12,1,0,0
BRDA:12,1,1,0
BRDA:13,2,0,0
BRDA:13,2,1,0
BRDA:19,3,0,0
BRDA:19,3,1,0
BRF:8
BRH:0
end_of_record
TN:
SF:src/components/Settings/Patient/ProfileSection.jsx
FN:8,(anonymous_0)
FN:23,(anonymous_1)
FN:27,(anonymous_2)
FN:34,(anonymous_3)
FN:57,(anonymous_4)
FN:87,(anonymous_5)
FN:103,(anonymous_6)
FN:133,(anonymous_7)
FN:147,(anonymous_8)
FN:160,(anonymous_9)
FN:176,(anonymous_10)
FN:183,(anonymous_11)
FN:190,(anonymous_12)
FN:201,(anonymous_13)
FNF:14
FNH:0
FNDA:0,(anonymous_0)
FNDA:0,(anonymous_1)
FNDA:0,(anonymous_2)
FNDA:0,(anonymous_3)
FNDA:0,(anonymous_4)
FNDA:0,(anonymous_5)
FNDA:0,(anonymous_6)
FNDA:0,(anonymous_7)
FNDA:0,(anonymous_8)
FNDA:0,(anonymous_9)
FNDA:0,(anonymous_10)
FNDA:0,(anonymous_11)
FNDA:0,(anonymous_12)
FNDA:0,(anonymous_13)
DA:8,0
DA:9,0
DA:10,0
DA:16,0
DA:17,0
DA:23,0
DA:24,0
DA:27,0
DA:28,0
DA:29,0
DA:31,0
DA:34,0
DA:35,0
DA:36,0
DA:37,0
DA:40,0
DA:41,0
DA:42,0
DA:45,0
DA:57,0
DA:87,0
DA:103,0
DA:133,0
DA:147,0
DA:160,0
DA:176,0
DA:183,0
DA:190,0
DA:202,0
DA:203,0
LF:30
LH:0
BRDA:11,0,0,0
BRDA:11,0,1,0
BRDA:12,1,0,0
BRDA:12,1,1,0
BRDA:13,2,0,0
BRDA:13,2,1,0
BRDA:14,3,0,0
BRDA:14,3,1,0
BRDA:28,4,0,0
BRDA:28,4,1,0
BRDA:35,5,0,0
BRDA:35,5,1,0
BRDA:131,6,0,0
BRDA:131,6,1,0
BRDA:158,7,0,0
BRDA:158,7,1,0
BRF:16
BRH:0
end_of_record
TN:
SF:src/components/Settings/Therapist/AppearancePreferencesSection.jsx
FN:10,(anonymous_0)
FN:18,(anonymous_1)
FN:66,(anonymous_2)
FN:69,(anonymous_3)
FN:91,(anonymous_4)
FN:94,(anonymous_5)
FN:108,(anonymous_6)
FN:111,(anonymous_7)
FNF:8
FNH:0
FNDA:0,(anonymous_0)
FNDA:0,(anonymous_1)
FNDA:0,(anonymous_2)
FNDA:0,(anonymous_3)
FNDA:0,(anonymous_4)
FNDA:0,(anonymous_5)
FNDA:0,(anonymous_6)
FNDA:0,(anonymous_7)
DA:10,0
DA:11,0
DA:12,0
DA:18,0
DA:19,0
DA:20,0
DA:21,0
DA:22,0
DA:26,0
DA:31,0
DA:37,0
DA:42,0
DA:67,0
DA:69,0
DA:91,0
DA:95,0
DA:109,0
DA:111,0
LF:18
LH:0
BRDA:13,0,0,0
BRDA:13,0,1,0
BRDA:14,1,0,0
BRDA:14,1,1,0
BRDA:15,2,0,0
BRDA:15,2,1,0
BRDA:21,3,0,0
BRDA:21,3,1,0
BRDA:56,4,0,0
BRDA:56,4,1,0
BRDA:56,5,0,0
BRDA:56,5,1,0
BRDA:72,6,0,0
BRDA:72,6,1,0
BRDA:114,7,0,0
BRDA:114,7,1,0
BRF:16
BRH:0
end_of_record
TN:
SF:src/components/Settings/Therapist/ClinicPatientsSection.jsx
FN:9,(anonymous_0)
FN:21,(anonymous_1)
FN:23,(anonymous_2)
FN:35,(anonymous_3)
FN:40,(anonymous_4)
FN:47,(anonymous_5)
FN:50,(anonymous_6)
FN:53,(anonymous_7)
FN:89,(anonymous_8)
FN:101,(anonymous_9)
FN:131,(anonymous_10)
FN:138,(anonymous_11)
FN:145,(anonymous_12)
FN:184,(anonymous_13)
FNF:14
FNH:0
FNDA:0,(anonymous_0)
FNDA:0,(anonymous_1)
FNDA:0,(anonymous_2)
FNDA:0,(anonymous_3)
FNDA:0,(anonymous_4)
FNDA:0,(anonymous_5)
FNDA:0,(anonymous_6)
FNDA:0,(anonymous_7)
FNDA:0,(anonymous_8)
FNDA:0,(anonymous_9)
FNDA:0,(anonymous_10)
FNDA:0,(anonymous_11)
FNDA:0,(anonymous_12)
FNDA:0,(anonymous_13)
DA:9,0
DA:10,0
DA:11,0
DA:12,0
DA:13,0
DA:14,0
DA:15,0
DA:21,0
DA:23,0
DA:25,0
DA:29,0
DA:32,0
DA:35,0
DA:36,0
DA:40,0
DA:42,0
DA:43,0
DA:44,0
DA:47,0
DA:48,0
DA:49,0
DA:50,0
DA:53,0
DA:54,0
DA:58,0
DA:89,0
DA:102,0
DA:131,0
DA:138,0
DA:145,0
DA:184,0
LF:31
LH:0
BRDA:36,0,0,0
BRDA:36,0,1,0
BRDA:96,1,0,0
BRDA:96,1,1,0
BRDA:98,2,0,0
BRDA:98,2,1,0
BRDA:152,3,0,0
BRDA:152,3,1,0
BRDA:171,4,0,0
BRDA:171,4,1,0
BRF:10
BRH:0
end_of_record
TN:
SF:src/components/Settings/Therapist/DataExportSection.jsx
FN:10,(anonymous_0)
FN:21,(anonymous_1)
FN:36,(anonymous_2)
FN:41,(anonymous_3)
FN:46,(anonymous_4)
FN:65,(anonymous_5)
FN:188,(anonymous_6)
FN:220,(anonymous_7)
FN:234,(anonymous_8)
FNF:9
FNH:0
FNDA:0,(anonymous_0)
FNDA:0,(anonymous_1)
FNDA:0,(anonymous_2)
FNDA:0,(anonymous_3)
FNDA:0,(anonymous_4)
FNDA:0,(anonymous_5)
FNDA:0,(anonymous_6)
FNDA:0,(anonymous_7)
FNDA:0,(anonymous_8)
DA:10,0
DA:11,0
DA:12,0
DA:13,0
DA:14,0
DA:15,0
DA:16,0
DA:17,0
DA:19,0
DA:21,0
DA:22,0
DA:23,0
DA:24,0
DA:26,0
DA:27,0
DA:29,0
DA:30,0
DA:32,0
DA:36,0
DA:37,0
DA:38,0
DA:41,0
DA:42,0
DA:43,0
DA:46,0
DA:47,0
DA:48,0
DA:49,0
DA:52,0
DA:54,0
DA:55,0
DA:56,0
DA:57,0
DA:58,0
DA:60,0
DA:61,0
DA:65,0
DA:66,0
DA:68,0
DA:69,0
DA:70,0
DA:71,0
DA:73,0
DA:74,0
DA:78,0
DA:188,0
DA:220,0
DA:235,0
DA:236,0
LF:49
LH:0
BRDA:10,0,0,0
BRDA:37,1,0,0
BRDA:37,1,1,0
BRDA:47,2,0,0
BRDA:47,2,1,0
BRDA:107,3,0,0
BRDA:107,3,1,0
BRDA:118,4,0,0
BRDA:118,4,1,0
BRDA:120,5,0,0
BRDA:120,5,1,0
BRDA:123,6,0,0
BRDA:123,6,1,0
BRDA:123,7,0,0
BRDA:123,7,1,0
BRDA:163,8,0,0
BRDA:163,8,1,0
BRDA:199,9,0,0
BRDA:199,9,1,0
BRF:19
BRH:0
end_of_record
TN:
SF:src/components/Settings/Therapist/NotificationsSection.jsx
FN:9,(anonymous_0)
FN:21,(anonymous_1)
FN:44,(anonymous_2)
FN:51,(anonymous_3)
FN:58,(anonymous_4)
FN:65,(anonymous_5)
FN:72,(anonymous_6)
FN:84,(anonymous_7)
FN:91,(anonymous_8)
FN:98,(anonymous_9)
FNF:10
FNH:0
FNDA:0,(anonymous_0)
FNDA:0,(anonymous_1)
FNDA:0,(anonymous_2)
FNDA:0,(anonymous_3)
FNDA:0,(anonymous_4)
FNDA:0,(anonymous_5)
FNDA:0,(anonymous_6)
FNDA:0,(anonymous_7)
FNDA:0,(anonymous_8)
FNDA:0,(anonymous_9)
DA:9,0
DA:10,0
DA:21,0
DA:22,0
DA:23,0
DA:24,0
DA:25,0
DA:29,0
DA:44,0
DA:51,0
DA:58,0
DA:65,0
DA:72,0
DA:84,0
DA:91,0
DA:98,0
LF:16
LH:0
BRDA:11,0,0,0
BRDA:11,0,1,0
BRDA:12,1,0,0
BRDA:12,1,1,0
BRDA:13,2,0,0
BRDA:13,2,1,0
BRDA:14,3,0,0
BRDA:14,3,1,0
BRDA:15,4,0,0
BRDA:15,4,1,0
BRDA:16,5,0,0
BRDA:16,5,1,0
BRDA:17,6,0,0
BRDA:17,6,1,0
BRDA:18,7,0,0
BRDA:18,7,1,0
BRDA:24,8,0,0
BRDA:24,8,1,0
BRF:18
BRH:0
end_of_record
TN:
SF:src/components/Settings/Therapist/ProfessionalProfileSection.jsx
FN:8,(anonymous_0)
FN:25,(anonymous_1)
FN:29,(anonymous_2)
FN:36,(anonymous_3)
FN:63,(anonymous_4)
FN:77,(anonymous_5)
FN:92,(anonymous_6)
FN:108,(anonymous_7)
FN:123,(anonymous_8)
FN:138,(anonymous_9)
FN:170,(anonymous_10)
FN:184,(anonymous_11)
FN:197,(anonymous_12)
FN:213,(anonymous_13)
FN:220,(anonymous_14)
FN:227,(anonymous_15)
FN:238,(anonymous_16)
FNF:17
FNH:0
FNDA:0,(anonymous_0)
FNDA:0,(anonymous_1)
FNDA:0,(anonymous_2)
FNDA:0,(anonymous_3)
FNDA:0,(anonymous_4)
FNDA:0,(anonymous_5)
FNDA:0,(anonymous_6)
FNDA:0,(anonymous_7)
FNDA:0,(anonymous_8)
FNDA:0,(anonymous_9)
FNDA:0,(anonymous_10)
FNDA:0,(anonymous_11)
FNDA:0,(anonymous_12)
FNDA:0,(anonymous_13)
FNDA:0,(anonymous_14)
FNDA:0,(anonymous_15)
FNDA:0,(anonymous_16)
DA:8,0
DA:9,0
DA:10,0
DA:18,0
DA:19,0
DA:25,0
DA:26,0
DA:29,0
DA:30,0
DA:31,0
DA:33,0
DA:36,0
DA:37,0
DA:38,0
DA:39,0
DA:42,0
DA:43,0
DA:44,0
DA:47,0
DA:63,0
DA:77,0
DA:92,0
DA:108,0
DA:123,0
DA:138,0
DA:170,0
DA:184,0
DA:197,0
DA:213,0
DA:220,0
DA:227,0
DA:239,0
DA:240,0
LF:33
LH:0
BRDA:11,0,0,0
BRDA:11,0,1,0
BRDA:12,1,0,0
BRDA:12,1,1,0
BRDA:13,2,0,0
BRDA:13,2,1,0
BRDA:14,3,0,0
BRDA:14,3,1,0
BRDA:14,3,2,0
BRDA:15,4,0,0
BRDA:15,4,1,0
BRDA:16,5,0,0
BRDA:16,5,1,0
BRDA:30,6,0,0
BRDA:30,6,1,0
BRDA:37,7,0,0
BRDA:37,7,1,0
BRDA:168,8,0,0
BRDA:168,8,1,0
BRDA:195,9,0,0
BRDA:195,9,1,0
BRF:21
BRH:0
end_of_record
TN:
SF:src/components/Settings/Therapist/SubscriptionSection.jsx
FN:8,(anonymous_0)
FNF:1
FNH:0
FNDA:0,(anonymous_0)
DA:8,0
DA:9,0
LF:2
LH:0
BRF:0
BRH:0
end_of_record
TN:
SF:src/components/UI/AdherenceCalendar.jsx
FN:5,(anonymous_0)
FN:19,(anonymous_1)
FN:20,(anonymous_2)
FN:30,(anonymous_3)
FN:71,(anonymous_4)
FN:74,(anonymous_5)
FNF:6
FNH:0
FNDA:0,(anonymous_0)
FNDA:0,(anonymous_1)
FNDA:0,(anonymous_2)
FNDA:0,(anonymous_3)
FNDA:0,(anonymous_4)
FNDA:0,(anonymous_5)
DA:5,0
DA:6,0
DA:7,0
DA:8,0
DA:10,0
DA:12,0
DA:19,0
DA:20,0
DA:21,0
DA:23,0
DA:24,0
DA:27,0
DA:28,0
DA:30,0
DA:32,0
DA:33,0
DA:34,0
DA:35,0
DA:39,0
DA:40,0
DA:41,0
DA:42,0
DA:43,0
DA:51,0
DA:53,0
DA:57,0
DA:59,0
DA:71,0
DA:75,0
LF:29
LH:0
BRDA:7,0,0,0
BRDA:7,0,1,0
BRDA:8,1,0,0
BRDA:8,1,1,0
BRDA:10,2,0,0
BRDA:10,2,1,0
BRDA:21,3,0,0
BRDA:21,3,1,0
BRDA:33,4,0,0
BRDA:33,4,1,0
BRF:10
BRH:0
end_of_record
TN:
SF:src/components/UI/EventList.jsx
FN:13,(anonymous_0)
FN:46,(anonymous_1)
FN:49,(anonymous_2)
FN:54,(anonymous_3)
FN:114,(anonymous_4)
FNF:5
FNH:0
FNDA:0,(anonymous_0)
FNDA:0,(anonymous_1)
FNDA:0,(anonymous_2)
FNDA:0,(anonymous_3)
FNDA:0,(anonymous_4)
DA:13,0
DA:14,0
DA:15,0
DA:16,0
DA:20,0
DA:46,0
DA:49,0
DA:50,0
DA:52,0
DA:54,0
DA:55,0
DA:56,0
DA:59,0
DA:60,0
DA:69,0
DA:70,0
DA:79,0
DA:80,0
DA:89,0
DA:90,0
DA:99,0
DA:102,0
DA:115,0
LF:23
LH:0
BRDA:14,0,0,0
BRDA:14,0,1,0
BRDA:50,1,0,0
BRDA:50,1,1,0
BRDA:50,2,0,0
BRDA:50,2,1,0
BRDA:56,3,0,0
BRDA:56,3,1,0
BRDA:59,4,0,0
BRDA:59,4,1,0
BRDA:59,5,0,0
BRDA:59,5,1,0
BRDA:59,5,2,0
BRDA:69,6,0,0
BRDA:69,6,1,0
BRDA:74,7,0,0
BRDA:74,7,1,0
BRDA:79,8,0,0
BRDA:79,8,1,0
BRDA:89,9,0,0
BRDA:89,9,1,0
BRDA:110,10,0,0
BRDA:110,10,1,0
BRF:23
BRH:0
end_of_record
TN:
SF:src/components/UI/LoadingSpinner.jsx
FN:9,(anonymous_0)
FNF:1
FNH:1
FNDA:7,(anonymous_0)
DA:9,2
DA:10,7
DA:17,7
DA:20,7
DA:21,3
DA:28,4
LF:6
LH:6
BRDA:9,0,0,4
BRDA:9,1,0,5
BRDA:20,2,0,3
BRDA:20,2,1,4
BRF:4
BRH:4
end_of_record
TN:
SF:src/components/UI/ProgressBar.jsx
FN:17,(anonymous_0)
FNF:1
FNH:1
FNDA:33,(anonymous_0)
DA:17,4
DA:27,33
DA:28,33
DA:29,33
DA:31,33
LF:5
LH:5
BRDA:18,0,0,0
BRDA:19,1,0,9
BRDA:20,2,0,9
BRDA:22,3,0,33
BRDA:23,4,0,0
BRDA:29,5,0,33
BRDA:29,5,1,33
BRDA:43,6,0,33
BRDA:43,6,1,9
BRDA:55,7,0,33
BRDA:55,7,1,24
BRF:11
BRH:9
end_of_record
TN:
SF:src/components/UI/SegmentedScale.jsx
FN:15,(anonymous_0)
FN:28,(anonymous_1)
FN:39,(anonymous_2)
FNF:3
FNH:0
FNDA:0,(anonymous_0)
FNDA:0,(anonymous_1)
FNDA:0,(anonymous_2)
DA:6,0
DA:15,0
DA:17,0
DA:18,0
DA:20,0
DA:29,0
DA:31,0
DA:32,0
DA:33,0
DA:35,0
DA:39,0
LF:11
LH:0
BRDA:17,0,0,0
BRDA:17,0,1,0
BRDA:17,1,0,0
BRDA:17,1,1,0
BRDA:18,2,0,0
BRDA:18,2,1,0
BRDA:32,3,0,0
BRDA:32,3,1,0
BRDA:33,4,0,0
BRDA:33,4,1,0
BRDA:46,5,0,0
BRDA:46,5,1,0
BRDA:48,6,0,0
BRDA:48,6,1,0
BRDA:62,7,0,0
BRDA:62,7,1,0
BRF:16
BRH:0
end_of_record
TN:
SF:src/components/UI/StatisticsCard.jsx
FN:13,(anonymous_0)
FN:15,(anonymous_1)
FN:31,(anonymous_2)
FN:32,(anonymous_3)
FN:47,(anonymous_4)
FN:56,(anonymous_5)
FN:58,(anonymous_6)
FN:80,(anonymous_7)
FN:86,(anonymous_8)
FNF:9
FNH:0
FNDA:0,(anonymous_0)
FNDA:0,(anonymous_1)
FNDA:0,(anonymous_2)
FNDA:0,(anonymous_3)
FNDA:0,(anonymous_4)
FNDA:0,(anonymous_5)
FNDA:0,(anonymous_6)
FNDA:0,(anonymous_7)
FNDA:0,(anonymous_8)
DA:13,0
DA:15,0
DA:16,0
DA:17,0
DA:27,0
DA:30,0
DA:31,0
DA:32,0
DA:34,0
DA:35,0
DA:46,0
DA:47,0
DA:48,0
DA:49,0
DA:52,0
DA:53,0
DA:55,0
DA:56,0
DA:57,0
DA:58,0
DA:61,0
DA:62,0
DA:64,0
DA:65,0
DA:69,0
DA:80,0
DA:81,0
DA:82,0
DA:83,0
DA:86,0
DA:87,0
DA:88,0
DA:89,0
DA:92,0
LF:34
LH:0
BRDA:16,0,0,0
BRDA:16,0,1,0
BRDA:16,1,0,0
BRDA:16,1,1,0
BRDA:31,2,0,0
BRDA:31,2,1,0
BRDA:34,3,0,0
BRDA:34,3,1,0
BRDA:55,4,0,0
BRDA:55,4,1,0
BRDA:57,5,0,0
BRDA:57,5,1,0
BRDA:62,6,0,0
BRDA:62,6,1,0
BRDA:64,7,0,0
BRDA:64,7,1,0
BRDA:65,8,0,0
BRDA:65,8,1,0
BRDA:81,9,0,0
BRDA:81,9,1,0
BRDA:82,10,0,0
BRDA:82,10,1,0
BRDA:87,11,0,0
BRDA:87,11,1,0
BRDA:88,12,0,0
BRDA:88,12,1,0
BRDA:100,13,0,0
BRDA:100,13,1,0
BRDA:106,14,0,0
BRDA:106,14,1,0
BRDA:115,15,0,0
BRDA:115,15,1,0
BRDA:123,16,0,0
BRDA:123,16,1,0
BRDA:123,17,0,0
BRDA:123,17,1,0
BRF:36
BRH:0
end_of_record
TN:
SF:src/components/UI/Toast.jsx
FN:15,(anonymous_0)
FN:16,(anonymous_1)
FN:18,(anonymous_2)
FN:21,(anonymous_3)
FNF:4
FNH:4
FNDA:6,(anonymous_0)
FNDA:6,(anonymous_1)
FNDA:1,(anonymous_2)
FNDA:5,(anonymous_3)
DA:15,4
DA:16,6
DA:17,6
DA:18,5
DA:19,1
DA:21,5
DA:25,6
DA:26,6
DA:29,6
DA:32,6
DA:36,6
DA:38,6
LF:12
LH:12
BRDA:15,0,0,0
BRDA:15,1,0,3
BRDA:17,2,0,5
BRDA:17,2,1,1
BRDA:26,3,0,5
BRDA:26,3,1,1
BRDA:29,4,0,5
BRDA:29,4,1,1
BRDA:32,5,0,5
BRDA:32,5,1,1
BRDA:36,6,0,5
BRDA:36,6,1,1
BRF:12
BRH:11
end_of_record
TN:
SF:src/components/admin/DataManagement.jsx
FN:10,(anonymous_0)
FN:13,(anonymous_1)
FNF:2
FNH:0
FNDA:0,(anonymous_0)
FNDA:0,(anonymous_1)
DA:10,0
DA:11,0
DA:13,0
DA:15,0
DA:16,0
DA:20,0
LF:6
LH:0
BRDA:15,0,0,0
BRDA:15,0,1,0
BRDA:15,1,0,0
BRDA:15,1,1,0
BRF:4
BRH:0
end_of_record
TN:
SF:src/components/admin/SystemStats.jsx
FN:7,(anonymous_0)
FNF:1
FNH:1
FNDA:4,(anonymous_0)
DA:7,1
DA:8,4
DA:10,4
LF:3
LH:3
BRF:0
BRH:0
end_of_record
TN:
SF:src/contexts/AuthContext.jsx
FN:8,AuthProvider
FN:14,(anonymous_1)
FN:19,(anonymous_2)
FN:144,(anonymous_3)
FN:174,(anonymous_4)
FN:191,(anonymous_5)
FN:198,(anonymous_6)
FN:273,(anonymous_7)
FN:297,(anonymous_8)
FNF:9
FNH:5
FNDA:12,AuthProvider
FNDA:6,(anonymous_1)
FNDA:6,(anonymous_2)
FNDA:6,(anonymous_3)
FNDA:0,(anonymous_4)
FNDA:6,(anonymous_5)
FNDA:0,(anonymous_6)
FNDA:0,(anonymous_7)
FNDA:0,(anonymous_8)
DA:6,6
DA:9,12
DA:10,12
DA:11,12
DA:12,12
DA:14,12
DA:15,6
DA:16,0
DA:19,6
DA:20,6
DA:21,0
DA:22,0
DA:23,0
DA:28,6
DA:29,6
DA:30,0
DA:34,6
DA:36,6
DA:37,0
DA:38,0
DA:39,0
DA:40,0
DA:44,6
DA:45,6
DA:47,5
DA:48,0
DA:49,0
DA:55,5
DA:61,5
DA:62,0
DA:66,5
DA:67,2
DA:69,2
DA:75,2
DA:76,1
DA:78,1
DA:79,1
DA:80,1
DA:83,1
DA:84,0
DA:88,1
DA:89,1
DA:90,1
DA:94,3
DA:95,3
DA:96,3
DA:98,1
DA:102,1
DA:103,0
DA:106,1
DA:112,1
DA:114,0
DA:115,0
DA:118,1
DA:119,0
DA:120,0
DA:123,1
DA:124,1
DA:125,1
DA:128,0
DA:129,0
DA:130,0
DA:131,0
DA:132,0
DA:133,0
DA:134,0
DA:137,0
DA:138,0
DA:142,6
DA:144,6
DA:145,6
DA:146,0
DA:147,0
DA:151,6
DA:153,6
DA:154,0
DA:157,6
DA:161,6
DA:163,6
DA:164,0
DA:169,6
DA:170,6
DA:173,6
DA:175,0
DA:176,0
DA:178,0
DA:180,0
DA:181,0
DA:186,6
DA:189,6
DA:191,6
DA:192,6
DA:193,6
DA:198,12
DA:199,0
DA:200,0
DA:205,0
DA:206,0
DA:209,0
DA:210,0
DA:213,0
DA:223,0
DA:224,0
DA:226,0
DA:227,0
DA:231,0
DA:239,0
DA:240,0
DA:246,0
DA:247,0
DA:248,0
DA:251,0
DA:256,0
DA:257,0
DA:263,0
DA:268,0
DA:269,0
DA:273,12
DA:274,0
DA:276,0
DA:277,0
DA:278,0
DA:281,0
DA:282,0
DA:283,0
DA:287,0
DA:292,12
DA:297,0
DA:303,12
LF:129
LH:61
BRDA:15,0,0,0
BRDA:15,0,1,6
BRDA:20,1,0,0
BRDA:20,1,1,6
BRDA:29,2,0,0
BRDA:29,2,1,6
BRDA:36,3,0,0
BRDA:36,3,1,6
BRDA:36,4,0,6
BRDA:36,4,1,6
BRDA:47,5,0,0
BRDA:47,5,1,5
BRDA:55,6,0,5
BRDA:55,6,1,4
BRDA:55,6,2,3
BRDA:55,6,3,2
BRDA:55,6,4,2
BRDA:61,7,0,0
BRDA:61,7,1,5
BRDA:66,8,0,2
BRDA:66,8,1,3
BRDA:75,9,0,1
BRDA:75,9,1,1
BRDA:83,10,0,0
BRDA:83,10,1,1
BRDA:89,11,0,1
BRDA:89,11,1,0
BRDA:102,12,0,0
BRDA:102,12,1,1
BRDA:112,13,0,0
BRDA:112,13,1,1
BRDA:118,14,0,0
BRDA:118,14,1,1
BRDA:124,15,0,1
BRDA:124,15,1,0
BRDA:128,16,0,0
BRDA:128,16,1,0
BRDA:145,17,0,0
BRDA:145,17,1,6
BRDA:153,18,0,0
BRDA:153,18,1,6
BRDA:157,19,0,6
BRDA:157,19,1,0
BRDA:163,20,0,0
BRDA:163,20,1,6
BRDA:169,21,0,6
BRDA:169,21,1,0
BRDA:175,22,0,0
BRDA:175,22,1,0
BRDA:178,23,0,0
BRDA:178,23,1,0
BRDA:180,24,0,0
BRDA:180,24,1,0
BRDA:192,25,0,6
BRDA:192,25,1,0
BRDA:198,26,0,0
BRDA:205,27,0,0
BRDA:205,27,1,0
BRDA:209,28,0,0
BRDA:209,28,1,0
BRDA:223,29,0,0
BRDA:223,29,1,0
BRDA:226,30,0,0
BRDA:226,30,1,0
BRDA:226,31,0,0
BRDA:226,31,1,0
BRDA:246,32,0,0
BRDA:246,32,1,0
BRDA:246,33,0,0
BRDA:246,33,1,0
BRDA:282,34,0,0
BRDA:282,34,1,0
BRDA:305,35,0,12
BRDA:305,35,1,6
BRF:74
BRH:31
end_of_record
TN:
SF:src/contexts/ThemeContext.jsx
FN:6,ThemeProvider
FN:7,(anonymous_1)
FN:13,(anonymous_2)
FN:35,(anonymous_3)
FN:39,(anonymous_4)
FN:46,(anonymous_5)
FN:61,useTheme
FNF:7
FNH:0
FNDA:0,ThemeProvider
FNDA:0,(anonymous_1)
FNDA:0,(anonymous_2)
FNDA:0,(anonymous_3)
FNDA:0,(anonymous_4)
FNDA:0,(anonymous_5)
FNDA:0,useTheme
DA:4,0
DA:7,0
DA:9,0
DA:10,0
DA:13,0
DA:14,0
DA:17,0
DA:19,0
DA:21,0
DA:24,0
DA:27,0
DA:31,0
DA:35,0
DA:36,0
DA:38,0
DA:39,0
DA:40,0
DA:41,0
DA:42,0
DA:45,0
DA:46,0
DA:49,0
DA:54,0
DA:62,0
DA:63,0
DA:64,0
DA:66,0
LF:27
LH:0
BRDA:10,0,0,0
BRDA:10,0,1,0
BRDA:19,1,0,0
BRDA:19,1,1,0
BRDA:21,2,0,0
BRDA:21,2,1,0
BRDA:36,3,0,0
BRDA:36,3,1,0
BRDA:42,4,0,0
BRDA:42,4,1,0
BRDA:63,5,0,0
BRDA:63,5,1,0
BRF:12
BRH:0
end_of_record
TN:
SF:src/hooks/useAdminStats.js
FN:17,useAdminStats
FN:28,(anonymous_1)
FN:99,(anonymous_2)
FN:106,(anonymous_3)
FNF:4
FNH:3
FNDA:29,useAdminStats
FNDA:14,(anonymous_1)
FNDA:14,(anonymous_2)
FNDA:0,(anonymous_3)
DA:18,29
DA:20,29
DA:21,29
DA:22,29
DA:23,29
DA:24,29
DA:26,29
DA:28,29
DA:30,14
DA:31,4
DA:32,0
DA:34,4
DA:37,10
DA:38,10
DA:39,10
DA:40,10
DA:42,10
DA:44,10
DA:46,10
DA:47,1
DA:48,1
DA:50,1
DA:51,1
DA:52,1
DA:56,9
DA:58,4
DA:62,4
DA:63,4
DA:64,4
DA:67,4
DA:68,4
DA:69,0
DA:73,5
DA:74,5
DA:77,5
DA:85,5
DA:86,5
DA:89,5
DA:90,1
DA:91,1
DA:94,10
DA:99,29
DA:100,14
DA:101,13
DA:106,29
DA:107,0
DA:108,0
DA:111,29
LF:48
LH:44
BRDA:17,0,0,25
BRDA:18,1,0,28
BRDA:18,2,0,26
BRDA:30,3,0,4
BRDA:30,3,1,10
BRDA:30,4,0,14
BRDA:30,4,1,4
BRDA:31,5,0,0
BRDA:31,5,1,4
BRDA:46,6,0,1
BRDA:46,6,1,9
BRDA:46,7,0,10
BRDA:46,7,1,10
BRDA:59,8,0,4
BRDA:59,8,1,1
BRDA:60,9,0,4
BRDA:60,9,1,1
BRDA:68,10,0,0
BRDA:68,10,1,4
BRDA:85,11,0,5
BRDA:85,11,1,0
BRDA:89,12,0,1
BRDA:89,12,1,4
BRDA:100,13,0,13
BRDA:100,13,1,1
BRF:25
BRH:22
end_of_record
TN:
SF:src/hooks/useAuth.jsx
FN:6,(anonymous_0)
FNF:1
FNH:1
FNDA:25,(anonymous_0)
DA:6,10
DA:7,25
DA:9,25
DA:10,0
DA:13,25
LF:5
LH:4
BRDA:9,0,0,0
BRDA:9,0,1,25
BRF:2
BRH:1
end_of_record
TN:
SF:src/hooks/useDailyPrediction.js
FN:29,useDailyPrediction
FN:36,(anonymous_1)
FN:93,(anonymous_2)
FN:99,(anonymous_3)
FNF:4
FNH:4
FNDA:19,useDailyPrediction
FNDA:10,(anonymous_1)
FNDA:10,(anonymous_2)
FNDA:1,(anonymous_3)
DA:30,19
DA:32,19
DA:33,19
DA:34,19
DA:36,19
DA:37,10
DA:38,2
DA:39,2
DA:40,2
DA:41,2
DA:44,8
DA:45,8
DA:46,8
DA:48,8
DA:49,8
DA:54,8
DA:55,0
DA:59,8
DA:62,4
DA:63,1
DA:64,1
DA:65,1
DA:67,1
DA:68,0
DA:70,1
DA:73,3
DA:74,3
DA:75,3
DA:78,3
DA:79,3
DA:80,0
DA:84,4
DA:85,4
DA:87,4
DA:88,4
DA:89,4
DA:93,19
DA:94,10
DA:95,9
DA:99,19
DA:100,1
DA:103,19
LF:42
LH:39
BRDA:29,0,0,18
BRDA:30,1,0,18
BRDA:37,2,0,2
BRDA:37,2,1,8
BRDA:37,3,0,10
BRDA:37,3,1,9
BRDA:54,4,0,0
BRDA:54,4,1,8
BRDA:62,5,0,1
BRDA:62,5,1,3
BRDA:62,6,0,4
BRDA:62,6,1,4
BRDA:67,7,0,0
BRDA:67,7,1,1
BRDA:79,8,0,0
BRDA:79,8,1,3
BRDA:94,9,0,9
BRDA:94,9,1,1
BRF:18
BRH:15
end_of_record
TN:
SF:src/hooks/useLatestCheckin.js
FN:9,useLatestCheckin
FN:15,(anonymous_1)
FN:63,(anonymous_2)
FN:67,(anonymous_3)
FN:68,(anonymous_4)
FNF:5
FNH:0
FNDA:0,useLatestCheckin
FNDA:0,(anonymous_1)
FNDA:0,(anonymous_2)
FNDA:0,(anonymous_3)
FNDA:0,(anonymous_4)
DA:10,0
DA:11,0
DA:12,0
DA:13,0
DA:15,0
DA:16,0
DA:17,0
DA:18,0
DA:19,0
DA:20,0
DA:23,0
DA:24,0
DA:25,0
DA:27,0
DA:29,0
DA:32,0
DA:33,0
DA:34,0
DA:36,0
DA:37,0
DA:41,0
DA:42,0
DA:43,0
DA:48,0
DA:49,0
DA:50,0
DA:51,0
DA:53,0
DA:54,0
DA:56,0
DA:57,0
DA:58,0
DA:63,0
DA:64,0
DA:67,0
DA:68,0
DA:71,0
LF:37
LH:0
BRDA:16,0,0,0
BRDA:16,0,1,0
BRDA:32,1,0,0
BRDA:32,1,1,0
BRDA:32,2,0,0
BRDA:32,2,1,0
BRDA:42,3,0,0
BRDA:42,3,1,0
BRDA:48,4,0,0
BRDA:48,4,1,0
BRF:10
BRH:0
end_of_record
TN:
SF:src/hooks/usePredictions.js
FN:9,usePredictions
FN:16,(anonymous_1)
FN:18,(anonymous_2)
FN:80,(anonymous_3)
FN:81,(anonymous_4)
FN:94,(anonymous_5)
FN:98,(anonymous_6)
FNF:7
FNH:6
FNDA:18,usePredictions
FNDA:18,(anonymous_1)
FNDA:8,(anonymous_2)
FNDA:4,(anonymous_3)
FNDA:4,(anonymous_4)
FNDA:8,(anonymous_5)
FNDA:0,(anonymous_6)
DA:10,18
DA:11,18
DA:12,18
DA:13,18
DA:16,18
DA:18,18
DA:19,8
DA:20,1
DA:21,1
DA:22,1
DA:23,1
DA:26,7
DA:27,7
DA:28,7
DA:30,7
DA:31,7
DA:35,7
DA:36,1
DA:39,7
DA:42,2
DA:43,2
DA:44,2
DA:45,0
DA:46,0
DA:50,2
DA:51,0
DA:52,0
DA:54,2
DA:55,2
DA:59,2
DA:60,2
DA:61,0
DA:65,5
DA:66,5
DA:68,5
DA:71,5
DA:73,5
DA:74,4
DA:75,4
DA:76,0
DA:80,4
DA:81,4
DA:85,4
DA:89,1
DA:90,1
DA:94,18
DA:95,8
DA:98,18
DA:99,0
DA:100,0
DA:103,18
LF:51
LH:43
BRDA:9,0,0,16
BRDA:9,1,0,18
BRDA:16,2,0,18
BRDA:16,2,1,0
BRDA:19,3,0,1
BRDA:19,3,1,7
BRDA:35,4,0,1
BRDA:35,4,1,6
BRDA:43,5,0,2
BRDA:43,5,1,0
BRDA:45,6,0,0
BRDA:45,6,1,0
BRDA:45,7,0,0
BRDA:45,7,1,0
BRDA:50,8,0,0
BRDA:50,8,1,2
BRDA:60,9,0,0
BRDA:60,9,1,2
BRDA:71,10,0,5
BRDA:71,10,1,5
BRDA:73,11,0,4
BRDA:73,11,1,1
BRDA:75,12,0,0
BRDA:75,12,1,4
BRF:24
BRH:15
end_of_record
TN:
SF:src/layouts/SettingsLayout.jsx
FN:9,(anonymous_0)
FN:24,(anonymous_1)
FNF:2
FNH:0
FNDA:0,(anonymous_0)
FNDA:0,(anonymous_1)
DA:9,0
DA:10,0
DA:13,0
DA:15,0
DA:25,0
LF:5
LH:0
BRDA:20,0,0,0
BRDA:20,0,1,0
BRDA:26,1,0,0
BRDA:26,1,1,0
BRF:4
BRH:0
end_of_record
TN:
SF:src/pages/Admin/AdminConsolePage.jsx
FN:16,(anonymous_0)
FN:37,(anonymous_1)
FN:42,(anonymous_2)
FNF:3
FNH:3
FNDA:9,(anonymous_0)
FNDA:27,(anonymous_1)
FNDA:3,(anonymous_2)
DA:10,1
DA:16,1
DA:17,9
DA:19,9
DA:25,9
DA:38,27
DA:39,27
DA:42,3
LF:8
LH:8
BRDA:44,0,0,9
BRDA:44,0,1,18
BRDA:59,1,0,9
BRDA:59,1,1,6
BRDA:60,2,0,9
BRDA:60,2,1,2
BRDA:61,3,0,9
BRDA:61,3,1,1
BRF:8
BRH:8
end_of_record
TN:
SF:src/pages/Admin/BulkGeneratorsSection.jsx
FN:8,(anonymous_0)
FNF:1
FNH:0
FNDA:0,(anonymous_0)
DA:8,0
DA:9,0
LF:2
LH:0
BRF:0
BRH:0
end_of_record
TN:
SF:src/pages/Admin/TestDataSection.jsx
FN:9,(anonymous_0)
FN:27,(anonymous_1)
FN:35,(anonymous_2)
FN:41,(anonymous_3)
FN:107,(anonymous_4)
FN:135,(anonymous_5)
FN:149,(anonymous_6)
FN:178,(anonymous_7)
FN:187,(anonymous_8)
FN:272,(anonymous_9)
FN:300,(anonymous_10)
FN:325,(anonymous_11)
FN:345,(anonymous_12)
FNF:13
FNH:0
FNDA:0,(anonymous_0)
FNDA:0,(anonymous_1)
FNDA:0,(anonymous_2)
FNDA:0,(anonymous_3)
FNDA:0,(anonymous_4)
FNDA:0,(anonymous_5)
FNDA:0,(anonymous_6)
FNDA:0,(anonymous_7)
FNDA:0,(anonymous_8)
FNDA:0,(anonymous_9)
FNDA:0,(anonymous_10)
FNDA:0,(anonymous_11)
FNDA:0,(anonymous_12)
DA:9,0
DA:10,0
DA:12,0
DA:27,0
DA:35,0
DA:36,0
DA:37,0
DA:38,0
DA:39,0
DA:41,0
DA:42,0
DA:43,0
DA:44,0
DA:46,0
DA:47,0
DA:49,0
DA:50,0
DA:53,0
DA:54,0
DA:60,0
DA:61,0
DA:63,0
DA:64,0
DA:65,0
DA:66,0
DA:67,0
DA:68,0
DA:71,0
DA:73,0
DA:77,0
DA:107,0
DA:135,0
DA:149,0
DA:178,0
DA:179,0
DA:180,0
DA:181,0
DA:182,0
DA:183,0
DA:185,0
DA:187,0
DA:188,0
DA:189,0
DA:190,0
DA:193,0
DA:194,0
DA:195,0
DA:197,0
DA:198,0
DA:200,0
DA:201,0
DA:202,0
DA:205,0
DA:210,0
DA:211,0
DA:213,0
DA:215,0
DA:216,0
DA:218,0
DA:220,0
DA:221,0
DA:222,0
DA:223,0
DA:226,0
DA:228,0
DA:232,0
DA:272,0
DA:301,0
DA:302,0
DA:303,0
DA:326,0
DA:327,0
DA:346,0
DA:347,0
DA:348,0
LF:75
LH:0
BRDA:23,0,0,0
BRDA:23,0,1,0
BRDA:49,1,0,0
BRDA:49,1,1,0
BRDA:53,2,0,0
BRDA:53,2,1,0
BRDA:63,3,0,0
BRDA:63,3,1,0
BRDA:65,4,0,0
BRDA:65,4,1,0
BRDA:67,5,0,0
BRDA:67,5,1,0
BRDA:92,6,0,0
BRDA:92,6,1,0
BRDA:99,7,0,0
BRDA:99,7,1,0
BRDA:111,8,0,0
BRDA:111,8,1,0
BRDA:126,9,0,0
BRDA:126,9,1,0
BRDA:160,10,0,0
BRDA:160,10,1,0
BRDA:188,11,0,0
BRDA:188,11,1,0
BRDA:200,12,0,0
BRDA:200,12,1,0
BRDA:213,13,0,0
BRDA:213,13,1,0
BRDA:215,14,0,0
BRDA:215,14,1,0
BRDA:215,15,0,0
BRDA:215,15,1,0
BRDA:220,16,0,0
BRDA:220,16,1,0
BRDA:222,17,0,0
BRDA:222,17,1,0
BRDA:257,18,0,0
BRDA:257,18,1,0
BRDA:264,19,0,0
BRDA:264,19,1,0
BRDA:276,20,0,0
BRDA:276,20,1,0
BRDA:291,21,0,0
BRDA:291,21,1,0
BRDA:335,22,0,0
BRDA:335,22,1,0
BRDA:357,23,0,0
BRDA:357,23,1,0
BRDA:360,24,0,0
BRDA:360,24,1,0
BRF:50
BRH:0
end_of_record
TN:
SF:src/pages/Admin/UsersSection.jsx
FN:10,(anonymous_0)
FN:22,(anonymous_1)
FN:47,(anonymous_2)
FN:51,(anonymous_3)
FN:56,(anonymous_4)
FN:60,(anonymous_5)
FN:75,(anonymous_6)
FN:82,(anonymous_7)
FN:99,(anonymous_8)
FN:116,(anonymous_9)
FN:132,(anonymous_10)
FN:170,(anonymous_11)
FNF:12
FNH:0
FNDA:0,(anonymous_0)
FNDA:0,(anonymous_1)
FNDA:0,(anonymous_2)
FNDA:0,(anonymous_3)
FNDA:0,(anonymous_4)
FNDA:0,(anonymous_5)
FNDA:0,(anonymous_6)
FNDA:0,(anonymous_7)
FNDA:0,(anonymous_8)
FNDA:0,(anonymous_9)
FNDA:0,(anonymous_10)
FNDA:0,(anonymous_11)
DA:10,0
DA:11,0
DA:12,0
DA:13,0
DA:14,0
DA:15,0
DA:16,0
DA:22,0
DA:23,0
DA:24,0
DA:26,0
DA:28,0
DA:29,0
DA:30,0
DA:31,0
DA:32,0
DA:34,0
DA:35,0
DA:37,0
DA:38,0
DA:40,0
DA:41,0
DA:43,0
DA:47,0
DA:48,0
DA:51,0
DA:52,0
DA:53,0
DA:56,0
DA:57,0
DA:60,0
DA:61,0
DA:64,0
DA:75,0
DA:82,0
DA:99,0
DA:116,0
DA:132,0
DA:170,0
LF:39
LH:0
BRDA:29,0,0,0
BRDA:29,0,1,0
BRDA:30,1,0,0
BRDA:30,1,1,0
BRDA:31,2,0,0
BRDA:31,2,1,0
BRDA:32,3,0,0
BRDA:32,3,1,0
BRDA:35,4,0,0
BRDA:35,4,1,0
BRDA:38,5,0,0
BRDA:38,5,1,0
BRDA:41,6,0,0
BRDA:41,6,1,0
BRDA:144,7,0,0
BRDA:144,7,1,0
BRDA:151,8,0,0
BRDA:151,8,1,0
BRDA:151,8,2,0
BRDA:159,9,0,0
BRDA:159,9,1,0
BRDA:159,9,2,0
BRDA:168,10,0,0
BRDA:168,10,1,0
BRF:24
BRH:0
end_of_record
TN:
SF:src/pages/Analyses/AnalysesPage.jsx
FN:14,(anonymous_0)
FN:19,(anonymous_1)
FN:25,(anonymous_2)
FNF:3
FNH:0
FNDA:0,(anonymous_0)
FNDA:0,(anonymous_1)
FNDA:0,(anonymous_2)
DA:14,0
DA:15,0
DA:16,0
DA:17,0
DA:19,0
DA:20,0
DA:21,0
DA:22,0
DA:25,0
DA:26,0
DA:27,0
DA:28,0
DA:30,0
DA:31,0
DA:33,0
DA:34,0
DA:37,0
DA:40,0
DA:44,0
DA:47,0
DA:48,0
DA:55,0
LF:22
LH:0
BRDA:20,0,0,0
BRDA:20,0,1,0
BRDA:30,1,0,0
BRDA:30,1,1,0
BRDA:33,2,0,0
BRDA:33,2,1,0
BRDA:47,3,0,0
BRDA:47,3,1,0
BRDA:74,4,0,0
BRDA:74,4,1,0
BRDA:80,5,0,0
BRDA:80,5,1,0
BRF:12
BRH:0
end_of_record
TN:
SF:src/pages/Auth/Auth.jsx
FN:4,(anonymous_0)
FNF:1
FNH:0
FNDA:0,(anonymous_0)
DA:4,0
DA:5,0
LF:2
LH:0
BRF:0
BRH:0
end_of_record
TN:
SF:src/pages/Auth/ForgotPasswordPage.jsx
FN:6,(anonymous_0)
FN:11,(anonymous_1)
FN:60,(anonymous_2)
FNF:3
FNH:0
FNDA:0,(anonymous_0)
FNDA:0,(anonymous_1)
FNDA:0,(anonymous_2)
DA:6,0
DA:7,0
DA:8,0
DA:9,0
DA:11,0
DA:12,0
DA:13,0
DA:14,0
DA:16,0
DA:17,0
DA:21,0
DA:22,0
DA:23,0
DA:25,0
DA:31,0
DA:32,0
DA:34,0
DA:38,0
DA:60,0
LF:19
LH:0
BRDA:21,0,0,0
BRDA:21,0,1,0
BRDA:66,1,0,0
BRDA:66,1,1,0
BRDA:71,2,0,0
BRDA:71,2,1,0
BRDA:82,3,0,0
BRDA:82,3,1,0
BRF:8
BRH:0
end_of_record
TN:
SF:src/pages/Auth/LoginPage.jsx
FN:5,(anonymous_0)
FN:14,(anonymous_1)
FN:53,(anonymous_2)
FN:73,(anonymous_3)
FNF:4
FNH:0
FNDA:0,(anonymous_0)
FNDA:0,(anonymous_1)
FNDA:0,(anonymous_2)
FNDA:0,(anonymous_3)
DA:5,0
DA:6,0
DA:7,0
DA:8,0
DA:9,0
DA:11,0
DA:12,0
DA:14,0
DA:15,0
DA:16,0
DA:17,0
DA:19,0
DA:20,0
DA:21,0
DA:22,0
DA:24,0
DA:25,0
DA:27,0
DA:31,0
DA:53,0
DA:73,0
LF:21
LH:0
BRDA:21,0,0,0
BRDA:21,0,1,0
BRDA:79,1,0,0
BRDA:79,1,1,0
BRDA:88,2,0,0
BRDA:88,2,1,0
BRF:6
BRH:0
end_of_record
TN:
SF:src/pages/Auth/SignupPage.jsx
FN:6,(anonymous_0)
FN:16,(anonymous_1)
FN:67,(anonymous_2)
FN:87,(anonymous_3)
FN:107,(anonymous_4)
FN:119,(anonymous_5)
FNF:6
FNH:0
FNDA:0,(anonymous_0)
FNDA:0,(anonymous_1)
FNDA:0,(anonymous_2)
FNDA:0,(anonymous_3)
FNDA:0,(anonymous_4)
FNDA:0,(anonymous_5)
DA:6,0
DA:7,0
DA:8,0
DA:9,0
DA:10,0
DA:11,0
DA:12,0
DA:13,0
DA:14,0
DA:16,0
DA:17,0
DA:18,0
DA:19,0
DA:21,0
DA:22,0
DA:23,0
DA:26,0
DA:28,0
DA:29,0
DA:30,0
DA:32,0
DA:33,0
DA:35,0
DA:41,0
DA:45,0
DA:67,0
DA:87,0
DA:107,0
DA:119,0
LF:29
LH:0
BRDA:21,0,0,0
BRDA:21,0,1,0
BRDA:29,1,0,0
BRDA:29,1,1,0
BRDA:32,2,0,0
BRDA:32,2,1,0
BRDA:36,3,0,0
BRDA:36,3,1,0
BRDA:130,4,0,0
BRDA:130,4,1,0
BRDA:133,5,0,0
BRDA:133,5,1,0
BRDA:142,6,0,0
BRDA:142,6,1,0
BRF:14
BRH:0
end_of_record
TN:
SF:src/pages/Auth/TherapistSignupPage.jsx
FN:6,(anonymous_0)
FN:15,(anonymous_1)
FN:68,(anonymous_2)
FN:88,(anonymous_3)
FN:108,(anonymous_4)
FNF:5
FNH:0
FNDA:0,(anonymous_0)
FNDA:0,(anonymous_1)
FNDA:0,(anonymous_2)
FNDA:0,(anonymous_3)
FNDA:0,(anonymous_4)
DA:6,0
DA:7,0
DA:8,0
DA:9,0
DA:10,0
DA:11,0
DA:12,0
DA:13,0
DA:15,0
DA:16,0
DA:17,0
DA:18,0
DA:20,0
DA:21,0
DA:22,0
DA:25,0
DA:27,0
DA:28,0
DA:30,0
DA:31,0
DA:33,0
DA:39,0
DA:43,0
DA:68,0
DA:88,0
DA:108,0
LF:26
LH:0
BRDA:20,0,0,0
BRDA:20,0,1,0
BRDA:30,1,0,0
BRDA:30,1,1,0
BRDA:34,2,0,0
BRDA:34,2,1,0
BRDA:114,3,0,0
BRDA:114,3,1,0
BRDA:117,4,0,0
BRDA:117,4,1,0
BRDA:126,5,0,0
BRDA:126,5,1,0
BRF:12
BRH:0
end_of_record
TN:
SF:src/pages/Checkin/AITestingPage.jsx
FN:13,(anonymous_0)
FN:19,(anonymous_1)
FN:21,(anonymous_2)
FN:27,(anonymous_3)
FN:60,(anonymous_4)
FNF:5
FNH:0
FNDA:0,(anonymous_0)
FNDA:0,(anonymous_1)
FNDA:0,(anonymous_2)
FNDA:0,(anonymous_3)
FNDA:0,(anonymous_4)
DA:7,0
DA:13,0
DA:14,0
DA:15,0
DA:16,0
DA:17,0
DA:19,0
DA:20,0
DA:21,0
DA:27,0
DA:28,0
DA:29,0
DA:30,0
DA:31,0
DA:33,0
DA:35,0
DA:45,0
DA:47,0
DA:48,0
DA:50,0
DA:53,0
DA:54,0
DA:56,0
DA:60,0
DA:61,0
DA:64,0
DA:65,0
DA:66,0
DA:67,0
DA:68,0
DA:72,0
LF:31
LH:0
BRDA:23,0,0,0
BRDA:23,0,1,0
BRDA:47,1,0,0
BRDA:47,1,1,0
BRDA:48,2,0,0
BRDA:48,2,1,0
BRDA:61,3,0,0
BRDA:61,3,1,0
BRDA:64,4,0,0
BRDA:64,4,1,0
BRDA:64,4,2,0
BRDA:64,4,3,0
BRDA:111,5,0,0
BRDA:111,5,1,0
BRDA:117,6,0,0
BRDA:117,6,1,0
BRDA:119,7,0,0
BRDA:119,7,1,0
BRDA:122,8,0,0
BRDA:122,8,1,0
BRDA:130,9,0,0
BRDA:130,9,1,0
BRDA:130,10,0,0
BRDA:130,10,1,0
BRF:24
BRH:0
end_of_record
TN:
SF:src/pages/Checkin/CheckinWizard.jsx
FN:27,(anonymous_0)
FN:71,(anonymous_1)
FN:72,(anonymous_2)
FN:82,(anonymous_3)
FN:84,(anonymous_4)
FN:85,(anonymous_5)
FN:91,(anonymous_6)
FN:124,(anonymous_7)
FN:127,(anonymous_8)
FN:133,(anonymous_9)
FN:136,(anonymous_10)
FN:155,(anonymous_11)
FN:159,(anonymous_12)
FNF:13
FNH:0
FNDA:0,(anonymous_0)
FNDA:0,(anonymous_1)
FNDA:0,(anonymous_2)
FNDA:0,(anonymous_3)
FNDA:0,(anonymous_4)
FNDA:0,(anonymous_5)
FNDA:0,(anonymous_6)
FNDA:0,(anonymous_7)
FNDA:0,(anonymous_8)
FNDA:0,(anonymous_9)
FNDA:0,(anonymous_10)
FNDA:0,(anonymous_11)
FNDA:0,(anonymous_12)
DA:17,0
DA:27,0
DA:28,0
DA:29,0
DA:32,0
DA:33,0
DA:34,0
DA:35,0
DA:36,0
DA:43,0
DA:44,0
DA:45,0
DA:46,0
DA:47,0
DA:48,0
DA:55,0
DA:56,0
DA:57,0
DA:58,0
DA:59,0
DA:60,0
DA:66,0
DA:71,0
DA:72,0
DA:74,0
DA:75,0
DA:76,0
DA:77,0
DA:78,0
DA:79,0
DA:80,0
DA:82,0
DA:84,0
DA:85,0
DA:91,0
DA:92,0
DA:93,0
DA:94,0
DA:96,0
DA:97,0
DA:99,0
DA:106,0
DA:110,0
DA:112,0
DA:113,0
DA:114,0
DA:116,0
DA:124,0
DA:125,0
DA:126,0
DA:127,0
DA:129,0
DA:133,0
DA:134,0
DA:135,0
DA:136,0
DA:140,0
DA:142,0
DA:156,0
DA:159,0
LF:60
LH:0
BRDA:92,0,0,0
BRDA:92,0,1,0
BRDA:112,1,0,0
BRDA:112,1,1,0
BRDA:126,2,0,0
BRDA:126,2,1,0
BRDA:135,3,0,0
BRDA:135,3,1,0
BRDA:146,4,0,0
BRDA:146,4,1,0
BRDA:162,5,0,0
BRDA:162,5,1,0
BRDA:195,6,0,0
BRDA:195,6,1,0
BRDA:200,7,0,0
BRDA:200,7,1,0
BRDA:209,8,0,0
BRDA:209,8,1,0
BRDA:213,9,0,0
BRDA:213,9,1,0
BRDA:225,10,0,0
BRDA:225,10,1,0
BRDA:231,11,0,0
BRDA:231,11,1,0
BRDA:232,12,0,0
BRDA:232,12,1,0
BRDA:234,13,0,0
BRDA:234,13,1,0
BRF:28
BRH:0
end_of_record
TN:
SF:src/pages/Dashboard/Dashboard.jsx
FN:10,(anonymous_0)
FN:24,(anonymous_1)
FN:30,(anonymous_2)
FN:48,(anonymous_3)
FN:52,(anonymous_4)
FN:59,(anonymous_5)
FNF:6
FNH:0
FNDA:0,(anonymous_0)
FNDA:0,(anonymous_1)
FNDA:0,(anonymous_2)
FNDA:0,(anonymous_3)
FNDA:0,(anonymous_4)
FNDA:0,(anonymous_5)
DA:10,0
DA:11,0
DA:12,0
DA:13,0
DA:14,0
DA:15,0
DA:22,0
DA:24,0
DA:25,0
DA:26,0
DA:27,0
DA:29,0
DA:30,0
DA:31,0
DA:33,0
DA:35,0
DA:37,0
DA:39,0
DA:41,0
DA:42,0
DA:44,0
DA:47,0
DA:48,0
DA:52,0
DA:53,0
DA:56,0
DA:57,0
DA:59,0
DA:60,0
DA:61,0
DA:64,0
DA:65,0
DA:66,0
DA:67,0
DA:68,0
DA:71,0
DA:72,0
DA:74,0
DA:77,0
DA:80,0
DA:81,0
DA:83,0
LF:42
LH:0
BRDA:25,0,0,0
BRDA:25,0,1,0
BRDA:35,1,0,0
BRDA:35,1,1,0
BRDA:37,2,0,0
BRDA:37,2,1,0
BRDA:42,3,0,0
BRDA:42,3,1,0
BRDA:44,4,0,0
BRDA:44,4,1,0
BRDA:53,5,0,0
BRDA:53,5,1,0
BRDA:53,6,0,0
BRDA:53,6,1,0
BRDA:57,7,0,0
BRDA:57,7,1,0
BRDA:60,8,0,0
BRDA:60,8,1,0
BRDA:61,9,0,0
BRDA:61,9,1,0
BRDA:65,10,0,0
BRDA:65,10,1,0
BRDA:65,11,0,0
BRDA:65,11,1,0
BRDA:68,12,0,0
BRDA:68,12,1,0
BRDA:71,13,0,0
BRDA:71,13,1,0
BRDA:72,14,0,0
BRDA:72,14,1,0
BRDA:74,15,0,0
BRDA:74,15,1,0
BRDA:74,15,2,0
BRDA:80,16,0,0
BRDA:80,16,1,0
BRDA:81,17,0,0
BRDA:81,17,1,0
BRDA:96,18,0,0
BRDA:96,18,1,0
BRDA:118,19,0,0
BRDA:118,19,1,0
BRDA:120,20,0,0
BRDA:120,20,1,0
BRDA:120,20,2,0
BRDA:123,21,0,0
BRDA:123,21,1,0
BRDA:126,22,0,0
BRDA:126,22,1,0
BRDA:135,23,0,0
BRDA:135,23,1,0
BRF:50
BRH:0
end_of_record
TN:
SF:src/pages/Settings/SettingsPage.jsx
FN:24,(anonymous_0)
FN:49,(anonymous_1)
FN:56,(anonymous_2)
FNF:3
FNH:0
FNDA:0,(anonymous_0)
FNDA:0,(anonymous_1)
FNDA:0,(anonymous_2)
DA:24,0
DA:25,0
DA:26,0
DA:27,0
DA:30,0
DA:38,0
DA:47,0
DA:49,0
DA:50,0
DA:52,0
DA:56,0
DA:57,0
DA:58,0
DA:60,0
DA:62,0
DA:64,0
DA:66,0
DA:68,0
DA:70,0
DA:72,0
DA:73,0
DA:75,0
DA:77,0
DA:79,0
DA:81,0
DA:83,0
DA:85,0
DA:87,0
DA:90,0
DA:93,0
LF:30
LH:0
BRDA:47,0,0,0
BRDA:47,0,1,0
BRDA:57,1,0,0
BRDA:57,1,1,0
BRDA:58,2,0,0
BRDA:58,2,1,0
BRDA:58,2,2,0
BRDA:58,2,3,0
BRDA:58,2,4,0
BRDA:58,2,5,0
BRDA:72,3,0,0
BRDA:72,3,1,0
BRDA:73,4,0,0
BRDA:73,4,1,0
BRDA:73,4,2,0
BRDA:73,4,3,0
BRDA:73,4,4,0
BRDA:73,4,5,0
BRDA:73,4,6,0
BRF:19
BRH:0
end_of_record
TN:
SF:src/pages/Therapist/ClinicalReports.jsx
FN:9,(anonymous_0)
FN:14,(anonymous_1)
FN:15,(anonymous_2)
FN:26,(anonymous_3)
FN:57,(anonymous_4)
FN:93,(anonymous_5)
FN:104,(anonymous_6)
FN:140,(anonymous_7)
FN:147,(anonymous_8)
FN:185,(anonymous_9)
FNF:10
FNH:0
FNDA:0,(anonymous_0)
FNDA:0,(anonymous_1)
FNDA:0,(anonymous_2)
FNDA:0,(anonymous_3)
FNDA:0,(anonymous_4)
FNDA:0,(anonymous_5)
FNDA:0,(anonymous_6)
FNDA:0,(anonymous_7)
FNDA:0,(anonymous_8)
FNDA:0,(anonymous_9)
DA:9,0
DA:10,0
DA:11,0
DA:12,0
DA:14,0
DA:15,0
DA:16,0
DA:17,0
DA:18,0
DA:21,0
DA:23,0
DA:26,0
DA:27,0
DA:28,0
DA:35,0
DA:36,0
DA:38,0
DA:40,0
DA:44,0
DA:47,0
DA:48,0
DA:57,0
DA:58,0
DA:59,0
DA:60,0
DA:63,0
DA:93,0
DA:104,0
DA:141,0
DA:142,0
DA:148,0
DA:186,0
LF:32
LH:0
BRDA:16,0,0,0
BRDA:16,0,1,0
BRDA:29,1,0,0
BRDA:29,1,1,0
BRDA:29,1,2,0
BRDA:47,2,0,0
BRDA:47,2,1,0
BRDA:58,3,0,0
BRDA:58,3,1,0
BRDA:59,4,0,0
BRDA:59,4,1,0
BRDA:91,5,0,0
BRDA:91,5,1,0
BRDA:115,6,0,0
BRDA:115,6,1,0
BRDA:141,7,0,0
BRDA:141,7,1,0
BRDA:161,8,0,0
BRDA:161,8,1,0
BRDA:199,9,0,0
BRDA:199,9,1,0
BRDA:201,10,0,0
BRDA:201,10,1,0
BRDA:206,11,0,0
BRDA:206,11,1,0
BRDA:208,12,0,0
BRDA:208,12,1,0
BRF:27
BRH:0
end_of_record
TN:
SF:src/pages/Therapist/PatientView.jsx
FN:11,(anonymous_0)
FN:24,(anonymous_1)
FN:25,(anonymous_2)
FN:71,(anonymous_3)
FN:75,(anonymous_4)
FN:132,(anonymous_5)
FN:143,(anonymous_6)
FN:170,(anonymous_7)
FNF:8
FNH:0
FNDA:0,(anonymous_0)
FNDA:0,(anonymous_1)
FNDA:0,(anonymous_2)
FNDA:0,(anonymous_3)
FNDA:0,(anonymous_4)
FNDA:0,(anonymous_5)
FNDA:0,(anonymous_6)
FNDA:0,(anonymous_7)
DA:11,0
DA:12,0
DA:13,0
DA:14,0
DA:15,0
DA:16,0
DA:17,0
DA:18,0
DA:19,0
DA:20,0
DA:21,0
DA:22,0
DA:24,0
DA:25,0
DA:26,0
DA:27,0
DA:28,0
DA:29,0
DA:32,0
DA:34,0
DA:36,0
DA:37,0
DA:38,0
DA:39,0
DA:43,0
DA:45,0
DA:47,0
DA:50,0
DA:52,0
DA:53,0
DA:56,0
DA:57,0
DA:58,0
DA:61,0
DA:62,0
DA:64,0
DA:68,0
DA:71,0
DA:72,0
DA:75,0
DA:76,0
DA:78,0
DA:79,0
DA:80,0
DA:81,0
DA:84,0
DA:85,0
DA:87,0
DA:88,0
DA:90,0
DA:94,0
DA:95,0
DA:103,0
DA:104,0
DA:120,0
DA:123,0
DA:132,0
DA:133,0
DA:143,0
DA:171,0
DA:198,0
LF:61
LH:0
BRDA:26,0,0,0
BRDA:26,0,1,0
BRDA:26,1,0,0
BRDA:26,1,1,0
BRDA:36,2,0,0
BRDA:36,2,1,0
BRDA:36,3,0,0
BRDA:36,3,1,0
BRDA:45,4,0,0
BRDA:45,4,1,0
BRDA:52,5,0,0
BRDA:52,5,1,0
BRDA:57,6,0,0
BRDA:57,6,1,0
BRDA:76,7,0,0
BRDA:76,7,1,0
BRDA:76,8,0,0
BRDA:76,8,1,0
BRDA:81,9,0,0
BRDA:81,9,1,0
BRDA:94,10,0,0
BRDA:94,10,1,0
BRDA:103,11,0,0
BRDA:103,11,1,0
BRDA:120,12,0,0
BRDA:120,12,1,0
BRDA:120,12,2,0
BRDA:150,13,0,0
BRDA:150,13,1,0
BRDA:154,14,0,0
BRDA:154,14,1,0
BRDA:164,15,0,0
BRDA:164,15,1,0
BRDA:225,16,0,0
BRDA:225,16,1,0
BRF:35
BRH:0
end_of_record
TN:
SF:src/pages/Therapist/TherapistDashboard.jsx
FN:9,(anonymous_0)
FN:21,(anonymous_1)
FN:22,(anonymous_2)
FN:35,(anonymous_3)
FN:47,(anonymous_4)
FN:60,(anonymous_5)
FN:69,(anonymous_6)
FN:104,(anonymous_7)
FN:131,(anonymous_8)
FN:140,(anonymous_9)
FN:172,(anonymous_10)
FN:194,(anonymous_11)
FNF:12
FNH:0
FNDA:0,(anonymous_0)
FNDA:0,(anonymous_1)
FNDA:0,(anonymous_2)
FNDA:0,(anonymous_3)
FNDA:0,(anonymous_4)
FNDA:0,(anonymous_5)
FNDA:0,(anonymous_6)
FNDA:0,(anonymous_7)
FNDA:0,(anonymous_8)
FNDA:0,(anonymous_9)
FNDA:0,(anonymous_10)
FNDA:0,(anonymous_11)
DA:9,0
DA:10,0
DA:11,0
DA:12,0
DA:13,0
DA:14,0
DA:15,0
DA:18,0
DA:21,0
DA:22,0
DA:23,0
DA:24,0
DA:25,0
DA:28,0
DA:29,0
DA:30,0
DA:31,0
DA:34,0
DA:36,0
DA:37,0
DA:38,0
DA:47,0
DA:48,0
DA:50,0
DA:51,0
DA:53,0
DA:57,0
DA:60,0
DA:61,0
DA:64,0
DA:65,0
DA:70,0
DA:77,0
DA:105,0
DA:132,0
DA:140,0
DA:173,0
DA:194,0
LF:38
LH:0
BRDA:18,0,0,0
BRDA:18,0,1,0
BRDA:19,1,0,0
BRDA:19,1,1,0
BRDA:23,2,0,0
BRDA:23,2,1,0
BRDA:30,3,0,0
BRDA:30,3,1,0
BRDA:64,4,0,0
BRDA:64,4,1,0
BRDA:88,5,0,0
BRDA:88,5,1,0
BRDA:95,6,0,0
BRDA:95,6,1,0
BRDA:112,7,0,0
BRDA:112,7,1,0
BRDA:112,7,2,0
BRDA:119,8,0,0
BRDA:119,8,1,0
BRDA:121,9,0,0
BRDA:121,9,1,0
BRDA:125,10,0,0
BRDA:125,10,1,0
BRDA:125,11,0,0
BRDA:125,11,1,0
BRDA:160,12,0,0
BRDA:160,12,1,0
BRDA:180,13,0,0
BRDA:180,13,1,0
BRDA:180,13,2,0
BRF:30
BRH:0
end_of_record
TN:
SF:src/pages/Trends/TrendsPage.jsx
FN:9,(anonymous_0)
FN:15,(anonymous_1)
FN:23,(anonymous_2)
FN:46,(anonymous_3)
FNF:4
FNH:0
FNDA:0,(anonymous_0)
FNDA:0,(anonymous_1)
FNDA:0,(anonymous_2)
FNDA:0,(anonymous_3)
DA:9,0
DA:10,0
DA:11,0
DA:12,0
DA:13,0
DA:15,0
DA:16,0
DA:17,0
DA:18,0
DA:21,0
DA:23,0
DA:24,0
DA:25,0
DA:32,0
DA:34,0
DA:36,0
DA:38,0
DA:40,0
DA:44,0
DA:46,0
DA:47,0
DA:51,0
DA:52,0
DA:60,0
DA:61,0
DA:68,0
LF:26
LH:0
BRDA:16,0,0,0
BRDA:16,0,1,0
BRDA:32,1,0,0
BRDA:32,1,1,0
BRDA:34,2,0,0
BRDA:34,2,1,0
BRDA:36,3,0,0
BRDA:36,3,1,0
BRDA:38,4,0,0
BRDA:38,4,1,0
BRDA:40,5,0,0
BRDA:40,5,1,0
BRDA:51,6,0,0
BRDA:51,6,1,0
BRDA:60,7,0,0
BRDA:60,7,1,0
BRDA:81,8,0,0
BRDA:81,8,1,0
BRF:18
BRH:0
end_of_record
TN:
SF:src/services/aiService.js
FN:12,(anonymous_0)
FN:75,getAIDailyPrediction
FNF:2
FNH:0
FNDA:0,(anonymous_0)
FNDA:0,getAIDailyPrediction
DA:6,0
DA:12,0
DA:13,0
DA:15,0
DA:22,0
DA:25,0
DA:27,0
DA:28,0
DA:31,0
DA:39,0
DA:41,0
DA:42,0
DA:43,0
DA:44,0
DA:46,0
DA:48,0
DA:50,0
DA:54,0
DA:55,0
DA:56,0
DA:58,0
DA:59,0
DA:63,0
DA:65,0
DA:76,0
DA:81,0
DA:83,0
DA:85,0
DA:86,0
DA:87,0
DA:89,0
DA:90,0
LF:32
LH:0
BRDA:6,0,0,0
BRDA:6,0,1,0
BRDA:6,0,2,0
BRDA:22,1,0,0
BRDA:22,1,1,0
BRDA:23,2,0,0
BRDA:23,2,1,0
BRDA:25,3,0,0
BRDA:25,3,1,0
BRDA:39,4,0,0
BRDA:39,4,1,0
BRDA:44,5,0,0
BRDA:44,5,1,0
BRF:13
BRH:0
end_of_record
TN:
SF:src/services/checkinService.js
FN:10,(anonymous_0)
FN:32,(anonymous_1)
FN:56,(anonymous_2)
FN:84,(anonymous_3)
FN:130,(anonymous_4)
FN:155,(anonymous_5)
FN:163,(anonymous_6)
FN:171,(anonymous_7)
FNF:8
FNH:0
FNDA:0,(anonymous_0)
FNDA:0,(anonymous_1)
FNDA:0,(anonymous_2)
FNDA:0,(anonymous_3)
FNDA:0,(anonymous_4)
FNDA:0,(anonymous_5)
FNDA:0,(anonymous_6)
FNDA:0,(anonymous_7)
DA:10,0
DA:11,0
DA:12,0
DA:19,0
DA:20,0
DA:22,0
DA:23,0
DA:32,0
DA:33,0
DA:34,0
DA:38,0
DA:40,0
DA:43,0
DA:44,0
DA:46,0
DA:56,0
DA:57,0
DA:58,0
DA:59,0
DA:61,0
DA:67,0
DA:68,0
DA:70,0
DA:71,0
DA:84,0
DA:85,0
DA:87,0
DA:88,0
DA:91,0
DA:92,0
DA:93,0
DA:95,0
DA:96,0
DA:99,0
DA:100,0
DA:104,0
DA:107,0
DA:108,0
DA:109,0
DA:110,0
DA:111,0
DA:113,0
DA:114,0
DA:118,0
DA:120,0
DA:121,0
DA:130,0
DA:131,0
DA:132,0
DA:135,0
DA:136,0
DA:139,0
DA:140,0
DA:141,0
DA:142,0
DA:143,0
DA:144,0
DA:145,0
DA:146,0
DA:149,0
DA:154,0
DA:155,0
DA:157,0
DA:158,0
DA:162,0
DA:163,0
DA:165,0
DA:166,0
DA:170,0
DA:171,0
DA:173,0
DA:174,0
DA:177,0
LF:73
LH:0
BRDA:10,0,0,0
BRDA:19,1,0,0
BRDA:19,1,1,0
BRDA:20,2,0,0
BRDA:20,2,1,0
BRDA:43,3,0,0
BRDA:43,3,1,0
BRDA:56,4,0,0
BRDA:67,5,0,0
BRDA:67,5,1,0
BRDA:68,6,0,0
BRDA:68,6,1,0
BRDA:84,7,0,0
BRDA:84,8,0,0
BRDA:84,9,0,0
BRDA:87,10,0,0
BRDA:87,10,1,0
BRDA:87,11,0,0
BRDA:87,11,1,0
BRDA:92,12,0,0
BRDA:92,12,1,0
BRDA:92,13,0,0
BRDA:92,13,1,0
BRDA:95,14,0,0
BRDA:95,14,1,0
BRDA:99,15,0,0
BRDA:99,15,1,0
BRDA:107,16,0,0
BRDA:107,16,1,0
BRDA:107,17,0,0
BRDA:107,17,1,0
BRDA:108,18,0,0
BRDA:108,18,1,0
BRDA:110,19,0,0
BRDA:110,19,1,0
BRDA:110,20,0,0
BRDA:110,20,1,0
BRDA:131,21,0,0
BRDA:131,21,1,0
BRDA:131,22,0,0
BRDA:131,22,1,0
BRDA:141,23,0,0
BRDA:141,23,1,0
BRDA:142,24,0,0
BRDA:142,24,1,0
BRDA:144,25,0,0
BRDA:144,25,1,0
BRDA:157,26,0,0
BRDA:157,26,1,0
BRDA:157,27,0,0
BRDA:157,27,1,0
BRDA:163,28,0,0
BRDA:163,28,1,0
BRDA:165,29,0,0
BRDA:165,29,1,0
BRDA:171,30,0,0
BRDA:171,30,1,0
BRDA:173,31,0,0
BRDA:173,31,1,0
BRDA:180,32,0,0
BRDA:180,32,1,0
BRDA:180,33,0,0
BRDA:180,33,1,0
BRF:63
BRH:0
end_of_record
TN:
SF:src/services/notesService.js
FN:10,(anonymous_0)
FN:34,(anonymous_1)
FN:63,(anonymous_2)
FNF:3
FNH:0
FNDA:0,(anonymous_0)
FNDA:0,(anonymous_1)
FNDA:0,(anonymous_2)
DA:10,0
DA:11,0
DA:12,0
DA:19,0
DA:20,0
DA:22,0
DA:23,0
DA:34,0
DA:35,0
DA:36,0
DA:49,0
DA:50,0
DA:52,0
DA:53,0
DA:63,0
DA:64,0
DA:65,0
DA:71,0
DA:72,0
DA:74,0
DA:75,0
LF:21
LH:0
BRDA:19,0,0,0
BRDA:19,0,1,0
BRDA:20,1,0,0
BRDA:20,1,1,0
BRDA:49,2,0,0
BRDA:49,2,1,0
BRDA:71,3,0,0
BRDA:71,3,1,0
BRF:8
BRH:0
end_of_record
TN:
SF:src/services/patientService.js
FN:9,(anonymous_0)
FN:28,(anonymous_1)
FN:33,(anonymous_2)
FN:47,(anonymous_3)
FN:69,(anonymous_4)
FNF:5
FNH:0
FNDA:0,(anonymous_0)
FNDA:0,(anonymous_1)
FNDA:0,(anonymous_2)
FNDA:0,(anonymous_3)
FNDA:0,(anonymous_4)
DA:9,0
DA:10,0
DA:11,0
DA:25,0
DA:28,0
DA:33,0
DA:35,0
DA:37,0
DA:38,0
DA:47,0
DA:48,0
DA:49,0
DA:55,0
DA:56,0
DA:58,0
DA:59,0
DA:69,0
DA:70,0
DA:71,0
DA:78,0
DA:79,0
DA:82,0
DA:84,0
DA:85,0
LF:24
LH:0
BRDA:25,0,0,0
BRDA:25,0,1,0
BRDA:28,1,0,0
BRDA:28,1,1,0
BRDA:29,2,0,0
BRDA:29,2,1,0
BRDA:32,3,0,0
BRDA:32,3,1,0
BRDA:55,4,0,0
BRDA:55,4,1,0
BRDA:78,5,0,0
BRDA:78,5,1,0
BRF:12
BRH:0
end_of_record
TN:
SF:src/utils/apiConfig.js
FN:4,(anonymous_0)
FNF:1
FNH:0
FNDA:0,(anonymous_0)
DA:4,0
DA:5,0
LF:2
LH:0
BRDA:5,0,0,0
BRDA:5,0,1,0
BRF:2
BRH:0
end_of_record
TN:
SF:src/utils/apiErrorClassifier.js
FN:30,classifyApiError
FN:136,getUserMessage
FN:157,isRetryable
FN:169,logError
FNF:4
FNH:4
FNDA:38,classifyApiError
FNDA:7,getUserMessage
FNDA:11,isRetryable
FNDA:26,logError
DA:32,38
DA:41,38
DA:48,8
DA:49,4
DA:50,4
DA:51,4
DA:53,4
DA:54,0
DA:57,4
DA:58,4
DA:59,4
DA:62,8
DA:66,30
DA:67,30
DA:70,30
DA:76,30
DA:79,30
DA:81,4
DA:82,4
DA:83,4
DA:86,3
DA:87,3
DA:88,3
DA:91,1
DA:92,1
DA:93,1
DA:96,2
DA:97,2
DA:98,2
DA:104,15
DA:107,15
DA:108,1
DA:109,14
DA:110,2
DA:112,12
DA:114,15
DA:118,4
DA:119,4
DA:120,4
DA:123,1
DA:124,1
DA:127,30
DA:137,7
DA:148,7
DA:158,11
DA:170,26
DA:172,26
DA:173,0
DA:174,0
DA:175,0
DA:176,0
DA:177,0
DA:178,0
DA:179,0
DA:181,0
DA:183,26
LF:56
LH:47
BRDA:41,0,0,8
BRDA:41,0,1,30
BRDA:41,1,0,38
BRDA:41,1,1,36
BRDA:41,1,2,30
BRDA:41,1,3,30
BRDA:48,2,0,4
BRDA:48,2,1,4
BRDA:48,3,0,8
BRDA:48,3,1,8
BRDA:53,4,0,0
BRDA:53,4,1,4
BRDA:66,5,0,30
BRDA:66,5,1,29
BRDA:66,5,2,4
BRDA:70,6,0,30
BRDA:70,6,1,28
BRDA:70,6,2,28
BRDA:70,6,3,28
BRDA:70,6,4,0
BRDA:79,7,0,4
BRDA:79,7,1,3
BRDA:79,7,2,1
BRDA:79,7,3,2
BRDA:79,7,4,15
BRDA:79,7,5,15
BRDA:79,7,6,15
BRDA:79,7,7,15
BRDA:79,7,8,4
BRDA:79,7,9,1
BRDA:97,8,0,2
BRDA:97,8,1,0
BRDA:107,9,0,1
BRDA:107,9,1,14
BRDA:109,10,0,2
BRDA:109,10,1,12
BRDA:124,11,0,1
BRDA:124,11,1,0
BRDA:148,12,0,7
BRDA:148,12,1,1
BRDA:158,13,0,11
BRDA:158,13,1,6
BRDA:158,13,2,5
BRDA:172,14,0,0
BRDA:172,14,1,26
BRDA:178,15,0,0
BRDA:178,15,1,0
BRF:47
BRH:40
end_of_record
TN:
SF:src/utils/downloadHelper.js
FN:10,(anonymous_0)
FN:27,(anonymous_1)
FNF:2
FNH:0
FNDA:0,(anonymous_0)
FNDA:0,(anonymous_1)
DA:10,0
DA:11,0
DA:12,0
DA:13,0
DA:14,0
DA:15,0
DA:16,0
DA:17,0
DA:18,0
DA:19,0
DA:27,0
DA:28,0
DA:38,0
LF:13
LH:0
BRDA:11,0,0,0
BRDA:11,0,1,0
BRDA:38,1,0,0
BRDA:38,1,1,0
BRF:4
BRH:0
end_of_record
TN:
SF:src/utils/errorUtils.js
FN:7,classifyError
FN:26,getErrorMessage
FNF:2
FNH:0
FNDA:0,classifyError
FNDA:0,getErrorMessage
DA:8,0
DA:9,0
DA:12,0
DA:14,0
DA:15,0
DA:17,0
DA:27,0
DA:29,0
DA:31,0
DA:33,0
DA:36,0
LF:11
LH:0
BRDA:8,0,0,0
BRDA:8,0,1,0
BRDA:8,1,0,0
BRDA:8,1,1,0
BRDA:8,1,2,0
BRDA:12,2,0,0
BRDA:12,2,1,0
BRDA:14,3,0,0
BRDA:14,3,1,0
BRDA:15,4,0,0
BRDA:15,4,1,0
BRDA:27,5,0,0
BRDA:27,5,1,0
BRDA:27,5,2,0
BRDA:27,5,3,0
BRDA:27,5,4,0
BRF:16
BRH:0
end_of_record
TN:
SF:src/utils/probability.js
FN:7,clampProbability
FN:21,formatProbabilityPct
FNF:2
FNH:2
FNDA:84,clampProbability
FNDA:11,formatProbabilityPct
DA:8,84
DA:9,77
DA:10,77
DA:11,75
DA:12,66
DA:22,11
DA:23,11
LF:7
LH:7
BRDA:8,0,0,7
BRDA:8,0,1,77
BRDA:8,1,0,84
BRDA:8,1,1,80
BRDA:8,1,2,78
BRDA:10,2,0,2
BRDA:10,2,1,75
BRDA:11,3,0,9
BRDA:11,3,1,66
BRDA:21,4,0,8
BRF:10
BRH:10
end_of_record
